mode: set
cogni-cash/internal/adapter/email/smtp/adapter.go:19.85,24.2 1 0
cogni-cash/internal/adapter/email/smtp/adapter.go:26.95,33.16 6 0
cogni-cash/internal/adapter/email/smtp/adapter.go:33.16,36.3 2 0
cogni-cash/internal/adapter/email/smtp/adapter.go:38.2,49.27 10 0
cogni-cash/internal/adapter/email/smtp/adapter.go:49.27,51.3 1 0
cogni-cash/internal/adapter/email/smtp/adapter.go:52.2,56.16 4 0
cogni-cash/internal/adapter/email/smtp/adapter.go:56.16,58.3 1 0
cogni-cash/internal/adapter/email/smtp/adapter.go:60.2,61.12 2 0
cogni-cash/internal/adapter/bank/enablebanking/adapter.go:39.89,47.2 1 0
cogni-cash/internal/adapter/bank/enablebanking/adapter.go:49.44,60.2 3 0
cogni-cash/internal/adapter/bank/enablebanking/adapter.go:62.107,64.16 2 0
cogni-cash/internal/adapter/bank/enablebanking/adapter.go:64.16,66.3 1 0
cogni-cash/internal/adapter/bank/enablebanking/adapter.go:68.2,73.16 5 0
cogni-cash/internal/adapter/bank/enablebanking/adapter.go:73.16,75.3 1 0
cogni-cash/internal/adapter/bank/enablebanking/adapter.go:76.2,79.53 3 0
cogni-cash/internal/adapter/bank/enablebanking/adapter.go:79.53,81.3 1 0
cogni-cash/internal/adapter/bank/enablebanking/adapter.go:83.2,83.22 1 0
cogni-cash/internal/adapter/bank/enablebanking/adapter.go:88.144,91.15 2 0
cogni-cash/internal/adapter/bank/enablebanking/adapter.go:91.15,93.3 1 0
cogni-cash/internal/adapter/bank/enablebanking/adapter.go:95.2,96.16 2 0
cogni-cash/internal/adapter/bank/enablebanking/adapter.go:96.16,98.3 1 0
cogni-cash/internal/adapter/bank/enablebanking/adapter.go:100.2,109.51 2 0
cogni-cash/internal/adapter/bank/enablebanking/adapter.go:109.51,111.3 1 0
cogni-cash/internal/adapter/bank/enablebanking/adapter.go:113.2,114.31 2 0
cogni-cash/internal/adapter/bank/enablebanking/adapter.go:114.31,122.3 1 0
cogni-cash/internal/adapter/bank/enablebanking/adapter.go:123.2,123.26 1 0
cogni-cash/internal/adapter/bank/enablebanking/adapter.go:126.198,142.16 3 0
cogni-cash/internal/adapter/bank/enablebanking/adapter.go:142.16,144.3 1 0
cogni-cash/internal/adapter/bank/enablebanking/adapter.go:146.2,149.51 2 0
cogni-cash/internal/adapter/bank/enablebanking/adapter.go:149.51,151.3 1 0
cogni-cash/internal/adapter/bank/enablebanking/adapter.go:153.2,163.8 2 0
cogni-cash/internal/adapter/bank/enablebanking/adapter.go:166.110,172.16 3 0
cogni-cash/internal/adapter/bank/enablebanking/adapter.go:172.16,174.3 1 0
cogni-cash/internal/adapter/bank/enablebanking/adapter.go:176.2,189.51 2 0
cogni-cash/internal/adapter/bank/enablebanking/adapter.go:189.51,191.3 1 0
cogni-cash/internal/adapter/bank/enablebanking/adapter.go:194.2,195.33 2 0
cogni-cash/internal/adapter/bank/enablebanking/adapter.go:195.33,198.17 2 0
cogni-cash/internal/adapter/bank/enablebanking/adapter.go:198.17,200.4 1 0
cogni-cash/internal/adapter/bank/enablebanking/adapter.go:204.3,205.28 2 0
cogni-cash/internal/adapter/bank/enablebanking/adapter.go:206.15,207.44 1 0
cogni-cash/internal/adapter/bank/enablebanking/adapter.go:208.23,209.46 1 0
cogni-cash/internal/adapter/bank/enablebanking/adapter.go:212.3,218.4 1 0
cogni-cash/internal/adapter/bank/enablebanking/adapter.go:222.2,226.27 4 0
cogni-cash/internal/adapter/bank/enablebanking/adapter.go:229.134,231.16 2 0
cogni-cash/internal/adapter/bank/enablebanking/adapter.go:231.16,233.3 1 0
cogni-cash/internal/adapter/bank/enablebanking/adapter.go:235.2,238.51 2 0
cogni-cash/internal/adapter/bank/enablebanking/adapter.go:238.51,240.3 1 0
cogni-cash/internal/adapter/bank/enablebanking/adapter.go:242.2,242.20 1 0
cogni-cash/internal/adapter/bank/enablebanking/adapter.go:243.12,244.34 1 0
cogni-cash/internal/adapter/bank/enablebanking/adapter.go:245.12,246.34 1 0
cogni-cash/internal/adapter/bank/enablebanking/adapter.go:247.10,248.39 1 0
cogni-cash/internal/adapter/bank/enablebanking/adapter.go:252.124,255.12 3 0
cogni-cash/internal/adapter/bank/enablebanking/adapter.go:255.12,258.3 1 0
cogni-cash/internal/adapter/bank/enablebanking/adapter.go:259.2,261.13 2 0
cogni-cash/internal/adapter/bank/enablebanking/adapter.go:261.13,263.3 1 0
cogni-cash/internal/adapter/bank/enablebanking/adapter.go:265.2,265.22 1 0
cogni-cash/internal/adapter/bank/enablebanking/adapter.go:268.101,271.60 2 0
cogni-cash/internal/adapter/bank/enablebanking/adapter.go:271.60,274.35 2 0
cogni-cash/internal/adapter/bank/enablebanking/adapter.go:274.35,277.41 3 0
cogni-cash/internal/adapter/bank/enablebanking/adapter.go:277.41,279.26 1 0
cogni-cash/internal/adapter/bank/enablebanking/adapter.go:279.31,281.26 1 0
cogni-cash/internal/adapter/bank/enablebanking/adapter.go:285.17,286.34 2 0
cogni-cash/internal/adapter/bank/enablebanking/adapter.go:286.34,289.40 3 0
cogni-cash/internal/adapter/bank/enablebanking/adapter.go:289.40,291.26 1 0
cogni-cash/internal/adapter/bank/enablebanking/adapter.go:291.31,293.26 1 0
cogni-cash/internal/adapter/bank/enablebanking/adapter.go:297.17,298.35 2 0
cogni-cash/internal/adapter/bank/enablebanking/adapter.go:298.35,306.45 4 0
cogni-cash/internal/adapter/bank/enablebanking/adapter.go:306.45,308.26 1 0
cogni-cash/internal/adapter/bank/enablebanking/adapter.go:312.9,312.124 1 0
cogni-cash/internal/adapter/bank/enablebanking/adapter.go:314.181,315.90 1 0
cogni-cash/internal/adapter/bank/enablebanking/adapter.go:315.90,317.3 1 0
cogni-cash/internal/adapter/bank/enablebanking/adapter.go:319.2,323.21 4 0
cogni-cash/internal/adapter/bank/enablebanking/adapter.go:323.21,325.3 1 0
cogni-cash/internal/adapter/bank/enablebanking/adapter.go:326.2,326.19 1 0
cogni-cash/internal/adapter/bank/enablebanking/adapter.go:326.19,328.3 1 0
cogni-cash/internal/adapter/bank/enablebanking/adapter.go:329.2,329.20 1 0
cogni-cash/internal/adapter/bank/enablebanking/adapter.go:329.20,331.3 1 0
cogni-cash/internal/adapter/bank/enablebanking/adapter.go:333.2,334.16 2 0
cogni-cash/internal/adapter/bank/enablebanking/adapter.go:334.16,337.3 2 0
cogni-cash/internal/adapter/bank/enablebanking/adapter.go:338.2,364.51 3 0
cogni-cash/internal/adapter/bank/enablebanking/adapter.go:364.51,366.3 1 0
cogni-cash/internal/adapter/bank/enablebanking/adapter.go:369.2,371.16 3 0
cogni-cash/internal/adapter/bank/enablebanking/adapter.go:371.16,380.86 2 0
cogni-cash/internal/adapter/bank/enablebanking/adapter.go:380.86,382.4 1 0
cogni-cash/internal/adapter/bank/enablebanking/adapter.go:383.8,385.3 1 0
cogni-cash/internal/adapter/bank/enablebanking/adapter.go:387.2,388.37 2 0
cogni-cash/internal/adapter/bank/enablebanking/adapter.go:388.37,390.25 1 0
cogni-cash/internal/adapter/bank/enablebanking/adapter.go:390.25,391.12 1 0
cogni-cash/internal/adapter/bank/enablebanking/adapter.go:395.3,398.39 3 0
cogni-cash/internal/adapter/bank/enablebanking/adapter.go:398.39,401.4 2 0
cogni-cash/internal/adapter/bank/enablebanking/adapter.go:401.9,401.53 1 0
cogni-cash/internal/adapter/bank/enablebanking/adapter.go:401.53,403.4 1 0
cogni-cash/internal/adapter/bank/enablebanking/adapter.go:405.3,407.26 3 0
cogni-cash/internal/adapter/bank/enablebanking/adapter.go:407.26,409.4 1 0
cogni-cash/internal/adapter/bank/enablebanking/adapter.go:412.3,413.56 2 0
cogni-cash/internal/adapter/bank/enablebanking/adapter.go:413.56,415.4 1 0
cogni-cash/internal/adapter/bank/enablebanking/adapter.go:417.3,420.18 3 0
cogni-cash/internal/adapter/bank/enablebanking/adapter.go:420.18,422.4 1 0
cogni-cash/internal/adapter/bank/enablebanking/adapter.go:423.3,424.18 2 0
cogni-cash/internal/adapter/bank/enablebanking/adapter.go:424.18,426.4 1 0
cogni-cash/internal/adapter/bank/enablebanking/adapter.go:428.3,429.17 2 0
cogni-cash/internal/adapter/bank/enablebanking/adapter.go:429.17,430.26 1 0
cogni-cash/internal/adapter/bank/enablebanking/adapter.go:430.26,432.5 1 0
cogni-cash/internal/adapter/bank/enablebanking/adapter.go:432.10,434.5 1 0
cogni-cash/internal/adapter/bank/enablebanking/adapter.go:438.3,439.26 2 0
cogni-cash/internal/adapter/bank/enablebanking/adapter.go:439.26,441.4 1 0
cogni-cash/internal/adapter/bank/enablebanking/adapter.go:444.3,445.16 2 0
cogni-cash/internal/adapter/bank/enablebanking/adapter.go:445.16,447.17 2 0
cogni-cash/internal/adapter/bank/enablebanking/adapter.go:447.17,449.5 1 0
cogni-cash/internal/adapter/bank/enablebanking/adapter.go:452.3,463.5 1 0
cogni-cash/internal/adapter/bank/enablebanking/adapter.go:466.2,466.35 1 0
cogni-cash/internal/adapter/bank/mock/provider.go:16.46,18.2 1 0
cogni-cash/internal/adapter/bank/mock/provider.go:20.153,25.2 1 0
cogni-cash/internal/adapter/bank/mock/provider.go:27.207,39.2 1 0
cogni-cash/internal/adapter/bank/mock/provider.go:41.119,43.2 1 0
cogni-cash/internal/adapter/bank/mock/provider.go:45.143,47.2 1 0
cogni-cash/internal/adapter/bank/mock/provider.go:49.133,61.2 1 0
cogni-cash/internal/adapter/bank/mock/provider.go:63.190,80.2 3 0
cogni-cash/internal/adapter/bank/dynamic/adapter.go:34.115,41.2 1 0
cogni-cash/internal/adapter/bank/dynamic/adapter.go:43.97,49.24 4 0
cogni-cash/internal/adapter/bank/dynamic/adapter.go:49.24,51.4 1 0
cogni-cash/internal/adapter/bank/dynamic/adapter.go:53.2,53.37 1 0
cogni-cash/internal/adapter/bank/dynamic/adapter.go:53.37,56.18 2 0
cogni-cash/internal/adapter/bank/dynamic/adapter.go:56.18,58.4 1 0
cogni-cash/internal/adapter/bank/dynamic/adapter.go:61.3,61.28 1 0
cogni-cash/internal/adapter/bank/dynamic/adapter.go:61.28,63.4 1 0
cogni-cash/internal/adapter/bank/dynamic/adapter.go:65.3,65.46 1 0
cogni-cash/internal/adapter/bank/dynamic/adapter.go:65.46,68.4 2 0
cogni-cash/internal/adapter/bank/dynamic/adapter.go:69.3,69.25 1 0
cogni-cash/internal/adapter/bank/dynamic/adapter.go:72.2,72.71 1 0
cogni-cash/internal/adapter/bank/dynamic/adapter.go:75.144,77.16 2 0
cogni-cash/internal/adapter/bank/dynamic/adapter.go:77.16,79.3 1 0
cogni-cash/internal/adapter/bank/dynamic/adapter.go:80.2,80.63 1 0
cogni-cash/internal/adapter/bank/dynamic/adapter.go:83.198,85.16 2 0
cogni-cash/internal/adapter/bank/dynamic/adapter.go:85.16,87.3 1 0
cogni-cash/internal/adapter/bank/dynamic/adapter.go:88.2,88.119 1 0
cogni-cash/internal/adapter/bank/dynamic/adapter.go:91.110,93.16 2 0
cogni-cash/internal/adapter/bank/dynamic/adapter.go:93.16,95.3 1 0
cogni-cash/internal/adapter/bank/dynamic/adapter.go:96.2,96.52 1 0
cogni-cash/internal/adapter/bank/dynamic/adapter.go:99.134,100.63 1 0
cogni-cash/internal/adapter/bank/dynamic/adapter.go:100.63,102.3 1 0
cogni-cash/internal/adapter/bank/dynamic/adapter.go:104.2,105.16 2 0
cogni-cash/internal/adapter/bank/dynamic/adapter.go:105.16,107.3 1 0
cogni-cash/internal/adapter/bank/dynamic/adapter.go:108.2,108.59 1 0
cogni-cash/internal/adapter/bank/dynamic/adapter.go:111.124,112.63 1 0
cogni-cash/internal/adapter/bank/dynamic/adapter.go:112.63,114.3 1 0
cogni-cash/internal/adapter/bank/dynamic/adapter.go:116.2,117.16 2 0
cogni-cash/internal/adapter/bank/dynamic/adapter.go:117.16,119.3 1 0
cogni-cash/internal/adapter/bank/dynamic/adapter.go:120.2,120.52 1 0
cogni-cash/internal/adapter/bank/dynamic/adapter.go:123.181,124.108 1 0
cogni-cash/internal/adapter/bank/dynamic/adapter.go:124.108,126.3 1 0
cogni-cash/internal/adapter/bank/dynamic/adapter.go:128.2,129.16 2 0
cogni-cash/internal/adapter/bank/dynamic/adapter.go:129.16,131.3 1 0
cogni-cash/internal/adapter/bank/dynamic/adapter.go:132.2,132.78 1 0
cogni-cash/internal/adapter/ollama/adapter.go:164.85,165.19 1 0
cogni-cash/internal/adapter/ollama/adapter.go:165.19,167.3 1 0
cogni-cash/internal/adapter/ollama/adapter.go:168.2,174.3 1 0
cogni-cash/internal/adapter/ollama/adapter.go:177.113,179.16 2 0
cogni-cash/internal/adapter/ollama/adapter.go:179.16,181.3 1 0
cogni-cash/internal/adapter/ollama/adapter.go:182.2,182.19 1 0
cogni-cash/internal/adapter/ollama/adapter.go:182.19,184.3 1 0
cogni-cash/internal/adapter/ollama/adapter.go:186.2,187.16 2 0
cogni-cash/internal/adapter/ollama/adapter.go:187.16,189.3 1 0
cogni-cash/internal/adapter/ollama/adapter.go:191.2,192.17 2 0
cogni-cash/internal/adapter/ollama/adapter.go:192.17,194.3 1 0
cogni-cash/internal/adapter/ollama/adapter.go:196.2,196.59 1 0
cogni-cash/internal/adapter/ollama/adapter.go:199.124,202.45 3 0
cogni-cash/internal/adapter/ollama/adapter.go:202.45,204.3 1 0
cogni-cash/internal/adapter/ollama/adapter.go:206.2,210.16 4 0
cogni-cash/internal/adapter/ollama/adapter.go:210.16,213.3 2 0
cogni-cash/internal/adapter/ollama/adapter.go:215.2,240.62 5 0
cogni-cash/internal/adapter/ollama/adapter.go:240.62,243.3 2 0
cogni-cash/internal/adapter/ollama/adapter.go:246.2,247.23 2 0
cogni-cash/internal/adapter/ollama/adapter.go:247.23,249.3 1 0
cogni-cash/internal/adapter/ollama/adapter.go:251.2,260.38 2 0
cogni-cash/internal/adapter/ollama/adapter.go:260.38,262.21 2 0
cogni-cash/internal/adapter/ollama/adapter.go:262.21,264.4 1 0
cogni-cash/internal/adapter/ollama/adapter.go:265.3,274.5 1 0
cogni-cash/internal/adapter/ollama/adapter.go:277.2,278.18 2 0
cogni-cash/internal/adapter/ollama/adapter.go:281.136,284.45 3 0
cogni-cash/internal/adapter/ollama/adapter.go:284.45,286.3 1 0
cogni-cash/internal/adapter/ollama/adapter.go:288.2,293.16 5 0
cogni-cash/internal/adapter/ollama/adapter.go:293.16,296.3 2 0
cogni-cash/internal/adapter/ollama/adapter.go:298.2,302.62 4 0
cogni-cash/internal/adapter/ollama/adapter.go:302.62,305.3 2 0
cogni-cash/internal/adapter/ollama/adapter.go:307.2,314.8 1 0
cogni-cash/internal/adapter/ollama/adapter.go:317.212,320.45 3 0
cogni-cash/internal/adapter/ollama/adapter.go:320.45,322.3 1 0
cogni-cash/internal/adapter/ollama/adapter.go:324.2,334.16 8 0
cogni-cash/internal/adapter/ollama/adapter.go:334.16,337.3 2 0
cogni-cash/internal/adapter/ollama/adapter.go:339.2,343.66 4 0
cogni-cash/internal/adapter/ollama/adapter.go:343.66,350.67 2 0
cogni-cash/internal/adapter/ollama/adapter.go:350.67,353.4 2 0
cogni-cash/internal/adapter/ollama/adapter.go:355.3,355.36 1 0
cogni-cash/internal/adapter/ollama/adapter.go:355.36,357.4 1 0
cogni-cash/internal/adapter/ollama/adapter.go:357.9,357.35 1 0
cogni-cash/internal/adapter/ollama/adapter.go:357.35,359.4 1 0
cogni-cash/internal/adapter/ollama/adapter.go:359.9,359.38 1 0
cogni-cash/internal/adapter/ollama/adapter.go:359.38,361.4 1 0
cogni-cash/internal/adapter/ollama/adapter.go:361.9,363.4 1 0
cogni-cash/internal/adapter/ollama/adapter.go:366.2,366.25 1 0
cogni-cash/internal/adapter/ollama/adapter.go:366.25,368.3 1 0
cogni-cash/internal/adapter/ollama/adapter.go:370.2,370.21 1 0
cogni-cash/internal/adapter/ollama/adapter.go:373.99,375.16 2 0
cogni-cash/internal/adapter/ollama/adapter.go:375.16,377.3 1 0
cogni-cash/internal/adapter/ollama/adapter.go:379.2,379.49 1 0
cogni-cash/internal/adapter/ollama/adapter.go:379.49,381.3 1 0
cogni-cash/internal/adapter/ollama/adapter.go:382.2,382.62 1 0
cogni-cash/internal/adapter/ollama/adapter.go:385.102,399.16 8 0
cogni-cash/internal/adapter/ollama/adapter.go:399.16,402.3 2 0
cogni-cash/internal/adapter/ollama/adapter.go:403.2,408.38 4 0
cogni-cash/internal/adapter/ollama/adapter.go:408.38,410.3 1 0
cogni-cash/internal/adapter/ollama/adapter.go:412.2,413.58 2 0
cogni-cash/internal/adapter/ollama/adapter.go:413.58,415.3 1 0
cogni-cash/internal/adapter/ollama/adapter.go:417.2,417.77 1 0
cogni-cash/internal/adapter/ollama/adapter.go:417.77,421.3 3 0
cogni-cash/internal/adapter/ollama/adapter.go:422.2,422.53 1 0
cogni-cash/internal/adapter/ollama/adapter.go:425.112,428.45 3 0
cogni-cash/internal/adapter/ollama/adapter.go:428.45,430.3 1 0
cogni-cash/internal/adapter/ollama/adapter.go:432.2,436.16 4 0
cogni-cash/internal/adapter/ollama/adapter.go:436.16,439.3 2 0
cogni-cash/internal/adapter/ollama/adapter.go:441.2,442.36 2 0
cogni-cash/internal/adapter/ollama/adapter.go:448.133,451.16 3 0
cogni-cash/internal/adapter/ollama/adapter.go:451.16,453.3 1 0
cogni-cash/internal/adapter/ollama/adapter.go:455.2,456.45 2 0
cogni-cash/internal/adapter/ollama/adapter.go:456.45,458.3 1 0
cogni-cash/internal/adapter/ollama/adapter.go:460.2,463.49 3 0
cogni-cash/internal/adapter/ollama/adapter.go:463.49,483.17 7 0
cogni-cash/internal/adapter/ollama/adapter.go:483.17,486.4 2 0
cogni-cash/internal/adapter/ollama/adapter.go:487.3,492.39 4 0
cogni-cash/internal/adapter/ollama/adapter.go:492.39,494.4 1 0
cogni-cash/internal/adapter/ollama/adapter.go:496.3,497.59 2 0
cogni-cash/internal/adapter/ollama/adapter.go:497.59,499.4 1 0
cogni-cash/internal/adapter/ollama/adapter.go:500.3,500.78 1 0
cogni-cash/internal/adapter/ollama/adapter.go:500.78,503.4 2 0
cogni-cash/internal/adapter/ollama/adapter.go:503.9,505.4 1 0
cogni-cash/internal/adapter/ollama/adapter.go:506.8,512.17 3 0
cogni-cash/internal/adapter/ollama/adapter.go:512.17,514.4 1 0
cogni-cash/internal/adapter/ollama/adapter.go:515.3,515.110 1 0
cogni-cash/internal/adapter/ollama/adapter.go:518.2,518.36 1 0
cogni-cash/internal/adapter/ollama/adapter.go:522.76,541.62 3 0
cogni-cash/internal/adapter/ollama/adapter.go:541.62,544.3 2 0
cogni-cash/internal/adapter/ollama/adapter.go:546.2,558.32 2 0
cogni-cash/internal/adapter/ollama/adapter.go:558.32,563.3 1 0
cogni-cash/internal/adapter/ollama/adapter.go:565.2,566.21 2 0
cogni-cash/internal/adapter/ollama/adapter.go:569.106,583.17 7 0
cogni-cash/internal/adapter/ollama/adapter.go:583.17,585.3 1 0
cogni-cash/internal/adapter/ollama/adapter.go:587.2,588.16 2 0
cogni-cash/internal/adapter/ollama/adapter.go:588.16,591.3 2 0
cogni-cash/internal/adapter/ollama/adapter.go:592.2,597.38 4 0
cogni-cash/internal/adapter/ollama/adapter.go:597.38,599.3 1 0
cogni-cash/internal/adapter/ollama/adapter.go:601.2,602.58 2 0
cogni-cash/internal/adapter/ollama/adapter.go:602.58,604.3 1 0
cogni-cash/internal/adapter/ollama/adapter.go:606.2,607.28 2 0
cogni-cash/internal/adapter/ollama/adapter.go:610.45,616.2 5 0
cogni-cash/internal/adapter/parser/bank_statement/amazonvisa/parser.go:57.45,57.79 1 1
cogni-cash/internal/adapter/parser/bank_statement/amazonvisa/parser.go:60.104,65.16 4 1
cogni-cash/internal/adapter/parser/bank_statement/amazonvisa/parser.go:65.16,69.3 2 1
cogni-cash/internal/adapter/parser/bank_statement/amazonvisa/parser.go:71.2,72.18 2 1
cogni-cash/internal/adapter/parser/bank_statement/amazonvisa/parser.go:72.18,74.3 1 0
cogni-cash/internal/adapter/parser/bank_statement/amazonvisa/parser.go:78.2,80.84 3 1
cogni-cash/internal/adapter/parser/bank_statement/amazonvisa/parser.go:80.84,82.3 1 0
cogni-cash/internal/adapter/parser/bank_statement/amazonvisa/parser.go:84.2,90.41 2 1
cogni-cash/internal/adapter/parser/bank_statement/amazonvisa/parser.go:90.41,92.17 2 1
cogni-cash/internal/adapter/parser/bank_statement/amazonvisa/parser.go:92.17,93.12 1 0
cogni-cash/internal/adapter/parser/bank_statement/amazonvisa/parser.go:95.3,98.10 3 1
cogni-cash/internal/adapter/parser/bank_statement/amazonvisa/parser.go:99.48,100.38 1 1
cogni-cash/internal/adapter/parser/bank_statement/amazonvisa/parser.go:101.48,102.58 1 1
cogni-cash/internal/adapter/parser/bank_statement/amazonvisa/parser.go:103.43,107.23 2 1
cogni-cash/internal/adapter/parser/bank_statement/amazonvisa/parser.go:107.23,108.84 1 1
cogni-cash/internal/adapter/parser/bank_statement/amazonvisa/parser.go:108.84,110.6 1 1
cogni-cash/internal/adapter/parser/bank_statement/amazonvisa/parser.go:112.45,114.62 1 1
cogni-cash/internal/adapter/parser/bank_statement/amazonvisa/parser.go:114.62,116.5 1 1
cogni-cash/internal/adapter/parser/bank_statement/amazonvisa/parser.go:120.2,125.47 3 1
cogni-cash/internal/adapter/parser/bank_statement/amazonvisa/parser.go:125.47,127.17 2 1
cogni-cash/internal/adapter/parser/bank_statement/amazonvisa/parser.go:127.17,128.12 1 0
cogni-cash/internal/adapter/parser/bank_statement/amazonvisa/parser.go:131.3,132.20 2 1
cogni-cash/internal/adapter/parser/bank_statement/amazonvisa/parser.go:132.20,133.12 1 0
cogni-cash/internal/adapter/parser/bank_statement/amazonvisa/parser.go:137.3,138.17 2 1
cogni-cash/internal/adapter/parser/bank_statement/amazonvisa/parser.go:138.17,139.12 1 0
cogni-cash/internal/adapter/parser/bank_statement/amazonvisa/parser.go:141.3,144.39 2 1
cogni-cash/internal/adapter/parser/bank_statement/amazonvisa/parser.go:144.39,146.4 1 1
cogni-cash/internal/adapter/parser/bank_statement/amazonvisa/parser.go:150.2,150.57 1 1
cogni-cash/internal/adapter/parser/bank_statement/amazonvisa/parser.go:150.57,152.3 1 0
cogni-cash/internal/adapter/parser/bank_statement/amazonvisa/parser.go:156.2,157.39 2 1
cogni-cash/internal/adapter/parser/bank_statement/amazonvisa/parser.go:157.39,159.3 1 1
cogni-cash/internal/adapter/parser/bank_statement/amazonvisa/parser.go:160.2,164.18 3 1
cogni-cash/internal/adapter/parser/bank_statement/amazonvisa/parser.go:167.99,170.16 3 1
cogni-cash/internal/adapter/parser/bank_statement/amazonvisa/parser.go:170.16,172.3 1 0
cogni-cash/internal/adapter/parser/bank_statement/amazonvisa/parser.go:174.2,179.16 5 1
cogni-cash/internal/adapter/parser/bank_statement/amazonvisa/parser.go:179.16,181.3 1 0
cogni-cash/internal/adapter/parser/bank_statement/amazonvisa/parser.go:183.2,184.16 2 1
cogni-cash/internal/adapter/parser/bank_statement/amazonvisa/parser.go:184.16,186.3 1 1
cogni-cash/internal/adapter/parser/bank_statement/amazonvisa/parser.go:188.2,198.8 1 1
cogni-cash/internal/adapter/parser/bank_statement/amazonvisa/parser.go:203.44,204.16 1 1
cogni-cash/internal/adapter/parser/bank_statement/amazonvisa/parser.go:204.16,206.3 1 0
cogni-cash/internal/adapter/parser/bank_statement/amazonvisa/parser.go:207.2,207.21 1 1
cogni-cash/internal/adapter/parser/bank_statement/amazonvisa/parser.go:212.49,222.2 6 1
cogni-cash/internal/adapter/parser/bank_statement/amazonvisa/parser.go:227.32,230.2 2 1
cogni-cash/internal/adapter/parser/bank_statement/amazonvisa/parser.go:243.43,244.50 1 0
cogni-cash/internal/adapter/parser/bank_statement/amazonvisa/parser.go:244.50,246.3 1 0
cogni-cash/internal/adapter/parser/bank_statement/amazonvisa/parser.go:247.2,247.12 1 0
cogni-cash/internal/adapter/parser/bank_statement/ai/parser.go:25.69,30.2 1 0
cogni-cash/internal/adapter/parser/bank_statement/ai/parser.go:32.111,35.16 2 0
cogni-cash/internal/adapter/parser/bank_statement/ai/parser.go:35.16,38.3 1 0
cogni-cash/internal/adapter/parser/bank_statement/ai/parser.go:41.2,41.26 1 0
cogni-cash/internal/adapter/parser/bank_statement/ai/parser.go:41.26,43.3 1 0
cogni-cash/internal/adapter/parser/bank_statement/ai/parser.go:45.2,46.59 2 0
cogni-cash/internal/adapter/parser/bank_statement/ai/parser.go:49.55,52.16 3 0
cogni-cash/internal/adapter/parser/bank_statement/ai/parser.go:52.16,54.3 1 0
cogni-cash/internal/adapter/parser/bank_statement/ai/parser.go:56.2,58.16 3 0
cogni-cash/internal/adapter/parser/bank_statement/ai/parser.go:58.16,60.3 1 0
cogni-cash/internal/adapter/parser/bank_statement/ai/parser.go:61.2,62.26 2 0
cogni-cash/internal/adapter/parser/payslip/cariad/parser.go:32.45,34.2 1 0
cogni-cash/internal/adapter/parser/payslip/cariad/parser.go:36.98,39.16 3 0
cogni-cash/internal/adapter/parser/payslip/cariad/parser.go:39.16,42.3 2 0
cogni-cash/internal/adapter/parser/payslip/cariad/parser.go:44.2,49.56 2 0
cogni-cash/internal/adapter/parser/payslip/cariad/parser.go:49.56,52.3 2 0
cogni-cash/internal/adapter/parser/payslip/cariad/parser.go:53.2,53.58 1 0
cogni-cash/internal/adapter/parser/payslip/cariad/parser.go:53.58,55.3 1 0
cogni-cash/internal/adapter/parser/payslip/cariad/parser.go:59.2,77.21 7 0
cogni-cash/internal/adapter/parser/payslip/cariad/parser.go:82.55,85.16 3 0
cogni-cash/internal/adapter/parser/payslip/cariad/parser.go:85.16,87.3 1 0
cogni-cash/internal/adapter/parser/payslip/cariad/parser.go:89.2,90.36 2 0
cogni-cash/internal/adapter/parser/payslip/cariad/parser.go:90.36,92.22 2 0
cogni-cash/internal/adapter/parser/payslip/cariad/parser.go:92.22,93.12 1 0
cogni-cash/internal/adapter/parser/payslip/cariad/parser.go:95.3,96.17 2 0
cogni-cash/internal/adapter/parser/payslip/cariad/parser.go:96.17,97.12 1 0
cogni-cash/internal/adapter/parser/payslip/cariad/parser.go:99.3,100.31 2 0
cogni-cash/internal/adapter/parser/payslip/cariad/parser.go:102.2,102.33 1 0
cogni-cash/internal/adapter/parser/payslip/cariad/parser.go:107.73,112.32 4 0
cogni-cash/internal/adapter/parser/payslip/cariad/parser.go:112.32,115.21 3 0
cogni-cash/internal/adapter/parser/payslip/cariad/parser.go:115.21,117.4 1 0
cogni-cash/internal/adapter/parser/payslip/cariad/parser.go:118.3,120.66 2 0
cogni-cash/internal/adapter/parser/payslip/cariad/parser.go:120.66,122.20 2 0
cogni-cash/internal/adapter/parser/payslip/cariad/parser.go:122.20,124.5 1 0
cogni-cash/internal/adapter/parser/payslip/cariad/parser.go:127.2,127.15 1 0
cogni-cash/internal/adapter/parser/payslip/cariad/parser.go:130.51,132.15 2 0
cogni-cash/internal/adapter/parser/payslip/cariad/parser.go:132.15,134.3 1 0
cogni-cash/internal/adapter/parser/payslip/cariad/parser.go:137.2,141.18 4 0
cogni-cash/internal/adapter/parser/payslip/cariad/parser.go:141.18,143.3 1 0
cogni-cash/internal/adapter/parser/payslip/cariad/parser.go:143.8,145.23 2 0
cogni-cash/internal/adapter/parser/payslip/cariad/parser.go:145.23,147.4 1 0
cogni-cash/internal/adapter/parser/payslip/cariad/parser.go:150.2,151.65 2 0
cogni-cash/internal/adapter/parser/payslip/cariad/parser.go:151.65,153.14 2 0
cogni-cash/internal/adapter/parser/payslip/cariad/parser.go:153.14,155.4 1 0
cogni-cash/internal/adapter/parser/payslip/cariad/parser.go:157.2,157.16 1 0
cogni-cash/internal/adapter/parser/payslip/cariad/parser.go:160.79,162.15 2 0
cogni-cash/internal/adapter/parser/payslip/cariad/parser.go:162.15,164.3 1 0
cogni-cash/internal/adapter/parser/payslip/cariad/parser.go:166.2,167.20 2 0
cogni-cash/internal/adapter/parser/payslip/cariad/parser.go:167.20,169.3 1 0
cogni-cash/internal/adapter/parser/payslip/cariad/parser.go:170.2,172.65 2 0
cogni-cash/internal/adapter/parser/payslip/cariad/parser.go:172.65,174.14 2 0
cogni-cash/internal/adapter/parser/payslip/cariad/parser.go:174.14,176.4 1 0
cogni-cash/internal/adapter/parser/payslip/cariad/parser.go:178.2,178.10 1 0
cogni-cash/internal/adapter/parser/payslip/cariad/parser.go:181.56,193.30 4 0
cogni-cash/internal/adapter/parser/payslip/cariad/parser.go:193.30,197.33 3 0
cogni-cash/internal/adapter/parser/payslip/cariad/parser.go:197.33,200.17 2 0
cogni-cash/internal/adapter/parser/payslip/cariad/parser.go:200.17,202.5 1 0
cogni-cash/internal/adapter/parser/payslip/cariad/parser.go:203.4,204.22 2 0
cogni-cash/internal/adapter/parser/payslip/cariad/parser.go:204.22,206.5 1 0
cogni-cash/internal/adapter/parser/payslip/cariad/parser.go:208.4,209.67 2 0
cogni-cash/internal/adapter/parser/payslip/cariad/parser.go:209.67,213.34 2 0
cogni-cash/internal/adapter/parser/payslip/cariad/parser.go:213.34,215.60 2 0
cogni-cash/internal/adapter/parser/payslip/cariad/parser.go:215.60,217.7 1 0
cogni-cash/internal/adapter/parser/payslip/cariad/parser.go:218.6,222.22 2 0
cogni-cash/internal/adapter/parser/payslip/cariad/parser.go:227.2,227.11 1 0
cogni-cash/internal/adapter/parser/payslip/cariad/parser.go:232.50,242.16 8 0
cogni-cash/internal/adapter/parser/payslip/cariad/parser.go:242.16,244.3 1 0
cogni-cash/internal/adapter/parser/payslip/cariad/parser.go:245.2,245.16 1 0
cogni-cash/internal/adapter/parser/payslip/cariad/parser.go:245.16,247.3 1 0
cogni-cash/internal/adapter/parser/payslip/cariad/parser.go:248.2,248.17 1 0
cogni-cash/internal/adapter/parser/payslip/cariad/parser.go:251.47,253.18 2 0
cogni-cash/internal/adapter/parser/payslip/cariad/parser.go:254.34,255.11 1 0
cogni-cash/internal/adapter/parser/payslip/cariad/parser.go:256.36,257.11 1 0
cogni-cash/internal/adapter/parser/payslip/cariad/parser.go:258.40,259.11 1 0
cogni-cash/internal/adapter/parser/payslip/cariad/parser.go:260.22,261.11 1 0
cogni-cash/internal/adapter/parser/payslip/cariad/parser.go:262.20,263.11 1 0
cogni-cash/internal/adapter/parser/payslip/cariad/parser.go:264.29,265.11 1 0
cogni-cash/internal/adapter/parser/payslip/cariad/parser.go:266.29,267.11 1 0
cogni-cash/internal/adapter/parser/payslip/cariad/parser.go:268.23,269.11 1 0
cogni-cash/internal/adapter/parser/payslip/cariad/parser.go:270.26,271.11 1 0
cogni-cash/internal/adapter/parser/payslip/cariad/parser.go:272.42,273.12 1 0
cogni-cash/internal/adapter/parser/payslip/cariad/parser.go:274.25,275.12 1 0
cogni-cash/internal/adapter/parser/payslip/cariad/parser.go:276.44,277.12 1 0
cogni-cash/internal/adapter/parser/payslip/cariad/parser.go:278.10,279.11 1 0
cogni-cash/internal/adapter/parser/payslip/ai/parser.go:24.81,29.2 1 0
cogni-cash/internal/adapter/parser/payslip/ai/parser.go:31.112,43.16 4 0
cogni-cash/internal/adapter/parser/payslip/ai/parser.go:43.16,45.3 1 0
cogni-cash/internal/adapter/parser/payslip/ai/parser.go:47.2,47.21 1 0
cogni-cash/internal/adapter/parser/bank_statement/vw/parser.go:23.26,25.2 1 0
cogni-cash/internal/adapter/parser/bank_statement/vw/parser.go:27.106,29.16 2 0
cogni-cash/internal/adapter/parser/bank_statement/vw/parser.go:29.16,31.3 1 0
cogni-cash/internal/adapter/parser/bank_statement/vw/parser.go:33.2,34.91 2 0
cogni-cash/internal/adapter/parser/bank_statement/vw/parser.go:34.91,36.3 1 0
cogni-cash/internal/adapter/parser/bank_statement/vw/parser.go:38.2,42.52 2 0
cogni-cash/internal/adapter/parser/bank_statement/vw/parser.go:42.52,44.3 1 0
cogni-cash/internal/adapter/parser/bank_statement/vw/parser.go:46.2,47.68 2 0
cogni-cash/internal/adapter/parser/bank_statement/vw/parser.go:47.68,49.3 1 0
cogni-cash/internal/adapter/parser/bank_statement/vw/parser.go:51.2,52.68 2 0
cogni-cash/internal/adapter/parser/bank_statement/vw/parser.go:52.68,54.3 1 0
cogni-cash/internal/adapter/parser/bank_statement/vw/parser.go:56.2,57.74 2 0
cogni-cash/internal/adapter/parser/bank_statement/vw/parser.go:57.74,59.3 1 0
cogni-cash/internal/adapter/parser/bank_statement/vw/parser.go:61.2,63.18 2 0
cogni-cash/internal/adapter/parser/bank_statement/vw/parser.go:66.58,68.17 2 0
cogni-cash/internal/adapter/parser/bank_statement/vw/parser.go:68.17,70.3 1 0
cogni-cash/internal/adapter/parser/bank_statement/vw/parser.go:72.2,73.15 2 0
cogni-cash/internal/adapter/parser/bank_statement/vw/parser.go:73.15,75.3 1 0
cogni-cash/internal/adapter/parser/bank_statement/vw/parser.go:76.2,76.15 1 0
cogni-cash/internal/adapter/parser/bank_statement/vw/parser.go:76.15,78.3 1 0
cogni-cash/internal/adapter/parser/bank_statement/vw/parser.go:80.2,90.29 8 0
cogni-cash/internal/adapter/parser/bank_statement/vw/parser.go:90.29,91.33 1 0
cogni-cash/internal/adapter/parser/bank_statement/vw/parser.go:91.33,95.4 3 0
cogni-cash/internal/adapter/parser/bank_statement/vw/parser.go:95.9,95.42 1 0
cogni-cash/internal/adapter/parser/bank_statement/vw/parser.go:95.42,98.55 2 0
cogni-cash/internal/adapter/parser/bank_statement/vw/parser.go:98.55,100.39 2 0
cogni-cash/internal/adapter/parser/bank_statement/vw/parser.go:100.39,102.6 1 0
cogni-cash/internal/adapter/parser/bank_statement/vw/parser.go:105.4,105.18 1 0
cogni-cash/internal/adapter/parser/bank_statement/vw/parser.go:105.18,125.5 8 0
cogni-cash/internal/adapter/parser/bank_statement/vw/parser.go:125.10,128.5 1 0
cogni-cash/internal/adapter/parser/bank_statement/vw/parser.go:129.9,131.4 1 0
cogni-cash/internal/adapter/parser/bank_statement/vw/parser.go:134.2,134.13 1 0
cogni-cash/internal/adapter/parser/bank_statement/vw/parser.go:138.46,153.30 3 0
cogni-cash/internal/adapter/parser/bank_statement/vw/parser.go:153.30,154.33 1 0
cogni-cash/internal/adapter/parser/bank_statement/vw/parser.go:154.33,156.4 1 0
cogni-cash/internal/adapter/parser/bank_statement/vw/parser.go:160.2,162.27 3 0
cogni-cash/internal/adapter/parser/bank_statement/vw/parser.go:162.27,163.51 1 0
cogni-cash/internal/adapter/parser/bank_statement/vw/parser.go:163.51,165.4 1 0
cogni-cash/internal/adapter/parser/bank_statement/vw/parser.go:167.2,167.52 1 0
cogni-cash/internal/adapter/parser/bank_statement/vw/parser.go:170.33,173.2 2 0
cogni-cash/internal/adapter/parser/bank_statement/vw/parser.go:175.50,179.2 3 0
cogni-cash/internal/adapter/parser/bank_statement/vw/parser.go:181.55,184.16 3 0
cogni-cash/internal/adapter/parser/bank_statement/vw/parser.go:184.16,186.3 1 0
cogni-cash/internal/adapter/parser/bank_statement/vw/parser.go:188.2,190.16 3 0
cogni-cash/internal/adapter/parser/bank_statement/vw/parser.go:190.16,192.3 1 0
cogni-cash/internal/adapter/parser/bank_statement/vw/parser.go:193.2,194.26 2 0
cogni-cash/internal/adapter/parser/invoice/parser.go:21.26,21.46 1 0
cogni-cash/internal/adapter/parser/invoice/parser.go:25.109,27.68 1 0
cogni-cash/internal/adapter/parser/invoice/parser.go:27.68,29.3 1 0
cogni-cash/internal/adapter/parser/invoice/parser.go:31.2,31.77 1 0
cogni-cash/internal/adapter/parser/invoice/parser.go:35.51,38.16 3 0
cogni-cash/internal/adapter/parser/invoice/parser.go:38.16,40.3 1 0
cogni-cash/internal/adapter/parser/invoice/parser.go:42.2,44.58 3 0
cogni-cash/internal/adapter/parser/invoice/parser.go:44.58,46.19 2 0
cogni-cash/internal/adapter/parser/invoice/parser.go:46.19,47.12 1 0
cogni-cash/internal/adapter/parser/invoice/parser.go:49.3,50.17 2 0
cogni-cash/internal/adapter/parser/invoice/parser.go:50.17,51.12 1 0
cogni-cash/internal/adapter/parser/invoice/parser.go:53.3,53.28 1 0
cogni-cash/internal/adapter/parser/invoice/parser.go:53.28,54.37 1 0
cogni-cash/internal/adapter/parser/invoice/parser.go:54.37,57.5 2 0
cogni-cash/internal/adapter/parser/invoice/parser.go:58.4,58.23 1 0
cogni-cash/internal/adapter/parser/invoice/parser.go:61.2,61.45 1 0
cogni-cash/internal/adapter/parser/bank_statement/ingcsv/parser.go:63.45,63.79 1 1
cogni-cash/internal/adapter/parser/bank_statement/ingcsv/parser.go:66.104,80.16 9 1
cogni-cash/internal/adapter/parser/bank_statement/ingcsv/parser.go:80.16,82.3 1 0
cogni-cash/internal/adapter/parser/bank_statement/ingcsv/parser.go:86.2,86.100 1 1
cogni-cash/internal/adapter/parser/bank_statement/ingcsv/parser.go:86.100,88.3 1 0
cogni-cash/internal/adapter/parser/bank_statement/ingcsv/parser.go:90.2,95.30 2 1
cogni-cash/internal/adapter/parser/bank_statement/ingcsv/parser.go:95.30,96.19 1 1
cogni-cash/internal/adapter/parser/bank_statement/ingcsv/parser.go:96.19,97.12 1 1
cogni-cash/internal/adapter/parser/bank_statement/ingcsv/parser.go:99.3,102.14 3 1
cogni-cash/internal/adapter/parser/bank_statement/ingcsv/parser.go:103.15,104.48 1 1
cogni-cash/internal/adapter/parser/bank_statement/ingcsv/parser.go:105.16,108.52 2 1
cogni-cash/internal/adapter/parser/bank_statement/ingcsv/parser.go:109.19,109.19 0 1
cogni-cash/internal/adapter/parser/bank_statement/ingcsv/parser.go:112.16,113.21 1 1
cogni-cash/internal/adapter/parser/bank_statement/ingcsv/parser.go:113.21,116.5 2 1
cogni-cash/internal/adapter/parser/bank_statement/ingcsv/parser.go:117.18,119.9 1 1
cogni-cash/internal/adapter/parser/bank_statement/ingcsv/parser.go:124.2,129.30 3 1
cogni-cash/internal/adapter/parser/bank_statement/ingcsv/parser.go:129.30,130.62 1 1
cogni-cash/internal/adapter/parser/bank_statement/ingcsv/parser.go:130.62,132.9 2 1
cogni-cash/internal/adapter/parser/bank_statement/ingcsv/parser.go:136.2,136.19 1 1
cogni-cash/internal/adapter/parser/bank_statement/ingcsv/parser.go:136.19,137.41 1 1
cogni-cash/internal/adapter/parser/bank_statement/ingcsv/parser.go:137.41,138.20 1 1
cogni-cash/internal/adapter/parser/bank_statement/ingcsv/parser.go:138.20,139.13 1 0
cogni-cash/internal/adapter/parser/bank_statement/ingcsv/parser.go:141.4,142.18 2 1
cogni-cash/internal/adapter/parser/bank_statement/ingcsv/parser.go:142.18,143.13 1 0
cogni-cash/internal/adapter/parser/bank_statement/ingcsv/parser.go:145.4,148.40 2 1
cogni-cash/internal/adapter/parser/bank_statement/ingcsv/parser.go:148.40,150.5 1 1
cogni-cash/internal/adapter/parser/bank_statement/ingcsv/parser.go:155.2,155.26 1 1
cogni-cash/internal/adapter/parser/bank_statement/ingcsv/parser.go:155.26,157.3 1 1
cogni-cash/internal/adapter/parser/bank_statement/ingcsv/parser.go:160.2,161.39 2 1
cogni-cash/internal/adapter/parser/bank_statement/ingcsv/parser.go:161.39,163.3 1 1
cogni-cash/internal/adapter/parser/bank_statement/ingcsv/parser.go:164.2,168.18 3 1
cogni-cash/internal/adapter/parser/bank_statement/ingcsv/parser.go:182.57,184.16 2 1
cogni-cash/internal/adapter/parser/bank_statement/ingcsv/parser.go:184.16,186.3 1 0
cogni-cash/internal/adapter/parser/bank_statement/ingcsv/parser.go:187.2,188.16 2 1
cogni-cash/internal/adapter/parser/bank_statement/ingcsv/parser.go:188.16,190.3 1 0
cogni-cash/internal/adapter/parser/bank_statement/ingcsv/parser.go:192.2,196.20 5 1
cogni-cash/internal/adapter/parser/bank_statement/ingcsv/parser.go:196.20,198.3 1 0
cogni-cash/internal/adapter/parser/bank_statement/ingcsv/parser.go:200.2,201.16 2 1
cogni-cash/internal/adapter/parser/bank_statement/ingcsv/parser.go:201.16,203.3 1 0
cogni-cash/internal/adapter/parser/bank_statement/ingcsv/parser.go:209.2,210.54 2 1
cogni-cash/internal/adapter/parser/bank_statement/ingcsv/parser.go:210.54,212.3 1 1
cogni-cash/internal/adapter/parser/bank_statement/ingcsv/parser.go:213.2,216.16 3 1
cogni-cash/internal/adapter/parser/bank_statement/ingcsv/parser.go:216.16,218.3 1 1
cogni-cash/internal/adapter/parser/bank_statement/ingcsv/parser.go:220.2,231.8 1 1
cogni-cash/internal/adapter/parser/bank_statement/ingcsv/parser.go:236.50,241.2 4 1
cogni-cash/internal/adapter/parser/bank_statement/ingcsv/parser.go:243.51,245.2 1 1
cogni-cash/internal/adapter/parser/bank_statement/ing/parser.go:42.45,42.79 1 1
cogni-cash/internal/adapter/parser/bank_statement/ing/parser.go:44.104,47.16 3 1
cogni-cash/internal/adapter/parser/bank_statement/ing/parser.go:47.16,49.3 1 0
cogni-cash/internal/adapter/parser/bank_statement/ing/parser.go:53.2,56.12 2 1
cogni-cash/internal/adapter/parser/bank_statement/ing/parser.go:56.12,58.3 1 0
cogni-cash/internal/adapter/parser/bank_statement/ing/parser.go:60.2,64.60 2 1
cogni-cash/internal/adapter/parser/bank_statement/ing/parser.go:64.60,66.3 1 1
cogni-cash/internal/adapter/parser/bank_statement/ing/parser.go:67.2,67.60 1 1
cogni-cash/internal/adapter/parser/bank_statement/ing/parser.go:67.60,69.3 1 1
cogni-cash/internal/adapter/parser/bank_statement/ing/parser.go:70.2,70.63 1 1
cogni-cash/internal/adapter/parser/bank_statement/ing/parser.go:70.63,72.3 1 1
cogni-cash/internal/adapter/parser/bank_statement/ing/parser.go:73.2,73.61 1 1
cogni-cash/internal/adapter/parser/bank_statement/ing/parser.go:73.61,75.3 1 1
cogni-cash/internal/adapter/parser/bank_statement/ing/parser.go:76.2,78.61 2 1
cogni-cash/internal/adapter/parser/bank_statement/ing/parser.go:78.61,80.3 1 1
cogni-cash/internal/adapter/parser/bank_statement/ing/parser.go:80.8,80.49 1 0
cogni-cash/internal/adapter/parser/bank_statement/ing/parser.go:80.49,82.3 1 0
cogni-cash/internal/adapter/parser/bank_statement/ing/parser.go:84.2,87.18 3 1
cogni-cash/internal/adapter/parser/bank_statement/ing/parser.go:90.64,93.16 3 1
cogni-cash/internal/adapter/parser/bank_statement/ing/parser.go:93.16,95.3 1 0
cogni-cash/internal/adapter/parser/bank_statement/ing/parser.go:97.2,98.36 2 1
cogni-cash/internal/adapter/parser/bank_statement/ing/parser.go:98.36,100.22 2 1
cogni-cash/internal/adapter/parser/bank_statement/ing/parser.go:100.22,101.12 1 0
cogni-cash/internal/adapter/parser/bank_statement/ing/parser.go:103.3,104.17 2 1
cogni-cash/internal/adapter/parser/bank_statement/ing/parser.go:104.17,105.12 1 0
cogni-cash/internal/adapter/parser/bank_statement/ing/parser.go:107.3,107.47 1 1
cogni-cash/internal/adapter/parser/bank_statement/ing/parser.go:107.47,109.15 2 1
cogni-cash/internal/adapter/parser/bank_statement/ing/parser.go:109.15,111.5 1 1
cogni-cash/internal/adapter/parser/bank_statement/ing/parser.go:114.2,114.48 1 1
cogni-cash/internal/adapter/parser/bank_statement/ing/parser.go:117.51,118.27 1 1
cogni-cash/internal/adapter/parser/bank_statement/ing/parser.go:118.27,119.43 1 1
cogni-cash/internal/adapter/parser/bank_statement/ing/parser.go:119.43,120.12 1 1
cogni-cash/internal/adapter/parser/bank_statement/ing/parser.go:122.3,122.50 1 1
cogni-cash/internal/adapter/parser/bank_statement/ing/parser.go:122.50,124.15 2 1
cogni-cash/internal/adapter/parser/bank_statement/ing/parser.go:124.15,125.13 1 0
cogni-cash/internal/adapter/parser/bank_statement/ing/parser.go:127.4,127.56 1 1
cogni-cash/internal/adapter/parser/bank_statement/ing/parser.go:127.56,128.10 1 0
cogni-cash/internal/adapter/parser/bank_statement/ing/parser.go:130.4,130.51 1 1
cogni-cash/internal/adapter/parser/bank_statement/ing/parser.go:130.51,131.13 1 1
cogni-cash/internal/adapter/parser/bank_statement/ing/parser.go:133.4,133.34 1 1
cogni-cash/internal/adapter/parser/bank_statement/ing/parser.go:133.34,134.13 1 0
cogni-cash/internal/adapter/parser/bank_statement/ing/parser.go:136.4,137.97 2 1
cogni-cash/internal/adapter/parser/bank_statement/ing/parser.go:137.97,138.32 1 1
cogni-cash/internal/adapter/parser/bank_statement/ing/parser.go:138.32,140.11 2 0
cogni-cash/internal/adapter/parser/bank_statement/ing/parser.go:143.4,143.12 1 1
cogni-cash/internal/adapter/parser/bank_statement/ing/parser.go:143.12,144.13 1 0
cogni-cash/internal/adapter/parser/bank_statement/ing/parser.go:146.4,146.12 1 1
cogni-cash/internal/adapter/parser/bank_statement/ing/parser.go:148.3,148.8 1 0
cogni-cash/internal/adapter/parser/bank_statement/ing/parser.go:150.2,150.11 1 0
cogni-cash/internal/adapter/parser/bank_statement/ing/parser.go:153.64,154.27 1 1
cogni-cash/internal/adapter/parser/bank_statement/ing/parser.go:154.27,155.38 1 1
cogni-cash/internal/adapter/parser/bank_statement/ing/parser.go:155.38,157.4 1 1
cogni-cash/internal/adapter/parser/bank_statement/ing/parser.go:159.2,159.11 1 0
cogni-cash/internal/adapter/parser/bank_statement/ing/parser.go:162.62,178.27 7 1
cogni-cash/internal/adapter/parser/bank_statement/ing/parser.go:178.27,179.23 1 1
cogni-cash/internal/adapter/parser/bank_statement/ing/parser.go:179.23,180.12 1 0
cogni-cash/internal/adapter/parser/bank_statement/ing/parser.go:182.3,185.16 3 1
cogni-cash/internal/adapter/parser/bank_statement/ing/parser.go:186.10,187.14 1 1
cogni-cash/internal/adapter/parser/bank_statement/ing/parser.go:187.14,189.19 2 1
cogni-cash/internal/adapter/parser/bank_statement/ing/parser.go:189.19,192.6 2 1
cogni-cash/internal/adapter/parser/bank_statement/ing/parser.go:194.10,195.13 1 1
cogni-cash/internal/adapter/parser/bank_statement/ing/parser.go:195.13,198.5 2 1
cogni-cash/internal/adapter/parser/bank_statement/ing/parser.go:198.10,198.21 1 1
cogni-cash/internal/adapter/parser/bank_statement/ing/parser.go:198.21,200.19 2 0
cogni-cash/internal/adapter/parser/bank_statement/ing/parser.go:200.19,202.6 1 0
cogni-cash/internal/adapter/parser/bank_statement/ing/parser.go:203.10,205.5 1 1
cogni-cash/internal/adapter/parser/bank_statement/ing/parser.go:206.10,207.14 1 1
cogni-cash/internal/adapter/parser/bank_statement/ing/parser.go:207.14,211.5 3 1
cogni-cash/internal/adapter/parser/bank_statement/ing/parser.go:211.10,214.5 2 0
cogni-cash/internal/adapter/parser/bank_statement/ing/parser.go:215.10,216.14 1 1
cogni-cash/internal/adapter/parser/bank_statement/ing/parser.go:216.14,217.42 1 1
cogni-cash/internal/adapter/parser/bank_statement/ing/parser.go:217.42,219.6 1 1
cogni-cash/internal/adapter/parser/bank_statement/ing/parser.go:220.5,221.19 2 1
cogni-cash/internal/adapter/parser/bank_statement/ing/parser.go:221.19,224.6 2 1
cogni-cash/internal/adapter/parser/bank_statement/ing/parser.go:224.11,227.6 2 0
cogni-cash/internal/adapter/parser/bank_statement/ing/parser.go:228.10,230.5 1 1
cogni-cash/internal/adapter/parser/bank_statement/ing/parser.go:234.2,234.39 1 1
cogni-cash/internal/adapter/parser/bank_statement/ing/parser.go:234.39,236.3 1 1
cogni-cash/internal/adapter/parser/bank_statement/ing/parser.go:238.2,239.30 2 1
cogni-cash/internal/adapter/parser/bank_statement/ing/parser.go:239.30,241.17 2 1
cogni-cash/internal/adapter/parser/bank_statement/ing/parser.go:241.17,242.12 1 0
cogni-cash/internal/adapter/parser/bank_statement/ing/parser.go:244.3,250.30 4 1
cogni-cash/internal/adapter/parser/bank_statement/ing/parser.go:250.30,252.4 1 1
cogni-cash/internal/adapter/parser/bank_statement/ing/parser.go:253.3,253.30 1 1
cogni-cash/internal/adapter/parser/bank_statement/ing/parser.go:253.30,255.4 1 1
cogni-cash/internal/adapter/parser/bank_statement/ing/parser.go:257.3,258.17 2 1
cogni-cash/internal/adapter/parser/bank_statement/ing/parser.go:258.17,260.4 1 1
cogni-cash/internal/adapter/parser/bank_statement/ing/parser.go:261.3,271.5 1 1
cogni-cash/internal/adapter/parser/bank_statement/ing/parser.go:273.2,273.13 1 1
cogni-cash/internal/adapter/parser/bank_statement/ing/parser.go:276.52,278.27 2 1
cogni-cash/internal/adapter/parser/bank_statement/ing/parser.go:278.27,279.42 1 1
cogni-cash/internal/adapter/parser/bank_statement/ing/parser.go:279.42,280.46 1 1
cogni-cash/internal/adapter/parser/bank_statement/ing/parser.go:280.46,281.73 1 1
cogni-cash/internal/adapter/parser/bank_statement/ing/parser.go:281.73,282.11 1 0
cogni-cash/internal/adapter/parser/bank_statement/ing/parser.go:284.5,284.21 1 1
cogni-cash/internal/adapter/parser/bank_statement/ing/parser.go:286.4,286.37 1 1
cogni-cash/internal/adapter/parser/bank_statement/ing/parser.go:286.37,288.30 2 1
cogni-cash/internal/adapter/parser/bank_statement/ing/parser.go:288.30,289.11 1 1
cogni-cash/internal/adapter/parser/bank_statement/ing/parser.go:293.3,293.47 1 1
cogni-cash/internal/adapter/parser/bank_statement/ing/parser.go:293.47,294.37 1 1
cogni-cash/internal/adapter/parser/bank_statement/ing/parser.go:294.37,296.30 2 1
cogni-cash/internal/adapter/parser/bank_statement/ing/parser.go:296.30,297.11 1 1
cogni-cash/internal/adapter/parser/bank_statement/ing/parser.go:302.2,303.27 2 1
cogni-cash/internal/adapter/parser/bank_statement/ing/parser.go:303.27,304.17 1 1
cogni-cash/internal/adapter/parser/bank_statement/ing/parser.go:304.17,306.4 1 1
cogni-cash/internal/adapter/parser/bank_statement/ing/parser.go:308.2,308.12 1 1
cogni-cash/internal/adapter/parser/bank_statement/ing/parser.go:311.44,317.27 2 1
cogni-cash/internal/adapter/parser/bank_statement/ing/parser.go:317.27,318.31 1 1
cogni-cash/internal/adapter/parser/bank_statement/ing/parser.go:318.31,319.30 1 1
cogni-cash/internal/adapter/parser/bank_statement/ing/parser.go:319.30,321.5 1 1
cogni-cash/internal/adapter/parser/bank_statement/ing/parser.go:324.2,324.15 1 0
cogni-cash/internal/adapter/parser/bank_statement/ing/parser.go:327.35,333.14 2 1
cogni-cash/internal/adapter/parser/bank_statement/ing/parser.go:333.14,335.3 1 0
cogni-cash/internal/adapter/parser/bank_statement/ing/parser.go:336.2,336.34 1 1
cogni-cash/internal/adapter/parser/bank_statement/ing/parser.go:336.34,338.3 1 0
cogni-cash/internal/adapter/parser/bank_statement/ing/parser.go:339.2,344.29 2 1
cogni-cash/internal/adapter/parser/bank_statement/ing/parser.go:344.29,345.30 1 1
cogni-cash/internal/adapter/parser/bank_statement/ing/parser.go:345.30,347.4 1 0
cogni-cash/internal/adapter/parser/bank_statement/ing/parser.go:349.2,349.14 1 1
cogni-cash/internal/adapter/parser/bank_statement/ing/parser.go:352.50,356.2 3 1
cogni-cash/internal/adapter/parser/bank_statement/ing/parser.go:358.51,360.2 1 1
cogni-cash/internal/adapter/http/auth_handler.go:37.65,39.61 2 0
cogni-cash/internal/adapter/http/auth_handler.go:39.61,43.3 3 0
cogni-cash/internal/adapter/http/auth_handler.go:45.2,45.54 1 0
cogni-cash/internal/adapter/http/auth_handler.go:45.54,48.3 2 0
cogni-cash/internal/adapter/http/auth_handler.go:49.2,49.72 1 0
cogni-cash/internal/adapter/http/auth_handler.go:49.72,52.3 2 0
cogni-cash/internal/adapter/http/auth_handler.go:54.2,55.16 2 0
cogni-cash/internal/adapter/http/auth_handler.go:55.16,58.3 2 0
cogni-cash/internal/adapter/http/auth_handler.go:61.2,83.64 4 0
cogni-cash/internal/adapter/http/auth_handler.go:86.66,108.2 3 0
cogni-cash/internal/adapter/http/auth_handler.go:110.74,112.61 2 1
cogni-cash/internal/adapter/http/auth_handler.go:112.61,115.3 2 0
cogni-cash/internal/adapter/http/auth_handler.go:117.2,117.60 1 1
cogni-cash/internal/adapter/http/auth_handler.go:117.60,120.3 2 0
cogni-cash/internal/adapter/http/auth_handler.go:121.2,121.78 1 1
cogni-cash/internal/adapter/http/auth_handler.go:121.78,124.3 2 0
cogni-cash/internal/adapter/http/auth_handler.go:126.2,127.9 2 1
cogni-cash/internal/adapter/http/auth_handler.go:127.9,130.3 2 0
cogni-cash/internal/adapter/http/auth_handler.go:132.2,132.104 1 1
cogni-cash/internal/adapter/http/auth_handler.go:132.104,135.3 2 1
cogni-cash/internal/adapter/http/auth_handler.go:137.2,137.37 1 1
cogni-cash/internal/adapter/http/auth_handler.go:140.74,142.61 2 0
cogni-cash/internal/adapter/http/auth_handler.go:142.61,145.3 2 0
cogni-cash/internal/adapter/http/auth_handler.go:147.2,147.25 1 0
cogni-cash/internal/adapter/http/auth_handler.go:147.25,150.3 2 0
cogni-cash/internal/adapter/http/auth_handler.go:152.2,152.79 1 0
cogni-cash/internal/adapter/http/auth_handler.go:152.79,155.3 1 0
cogni-cash/internal/adapter/http/auth_handler.go:157.2,157.128 1 0
cogni-cash/internal/adapter/http/auth_handler.go:160.78,162.17 2 0
cogni-cash/internal/adapter/http/auth_handler.go:162.17,165.3 2 0
cogni-cash/internal/adapter/http/auth_handler.go:167.2,168.16 2 0
cogni-cash/internal/adapter/http/auth_handler.go:168.16,171.3 2 0
cogni-cash/internal/adapter/http/auth_handler.go:173.2,173.64 1 0
cogni-cash/internal/adapter/http/auth_handler.go:176.80,178.61 2 0
cogni-cash/internal/adapter/http/auth_handler.go:178.61,181.3 2 0
cogni-cash/internal/adapter/http/auth_handler.go:183.2,183.54 1 0
cogni-cash/internal/adapter/http/auth_handler.go:183.54,186.3 2 0
cogni-cash/internal/adapter/http/auth_handler.go:188.2,188.96 1 0
cogni-cash/internal/adapter/http/auth_handler.go:188.96,191.3 2 0
cogni-cash/internal/adapter/http/auth_handler.go:193.2,193.92 1 0
cogni-cash/internal/adapter/http/auth_handler.go:196.66,197.71 1 1
cogni-cash/internal/adapter/http/auth_handler.go:197.71,201.47 3 1
cogni-cash/internal/adapter/http/auth_handler.go:201.47,203.4 1 1
cogni-cash/internal/adapter/http/auth_handler.go:203.9,206.18 2 0
cogni-cash/internal/adapter/http/auth_handler.go:206.18,208.5 1 0
cogni-cash/internal/adapter/http/auth_handler.go:211.3,211.21 1 1
cogni-cash/internal/adapter/http/auth_handler.go:211.21,214.4 2 0
cogni-cash/internal/adapter/http/auth_handler.go:216.3,217.17 2 1
cogni-cash/internal/adapter/http/auth_handler.go:217.17,220.4 2 0
cogni-cash/internal/adapter/http/auth_handler.go:222.3,223.40 2 1
cogni-cash/internal/adapter/http/auth_handler.go:227.67,228.71 1 1
cogni-cash/internal/adapter/http/auth_handler.go:228.71,230.10 2 1
cogni-cash/internal/adapter/http/auth_handler.go:230.10,233.4 2 0
cogni-cash/internal/adapter/http/auth_handler.go:235.3,236.17 2 1
cogni-cash/internal/adapter/http/auth_handler.go:236.17,239.4 2 0
cogni-cash/internal/adapter/http/auth_handler.go:241.3,241.27 1 1
cogni-cash/internal/adapter/http/auth_handler.go:241.27,245.4 3 1
cogni-cash/internal/adapter/http/auth_handler.go:247.3,247.23 1 1
cogni-cash/internal/adapter/http/bank_handler.go:13.80,15.19 2 0
cogni-cash/internal/adapter/http/bank_handler.go:15.19,17.3 1 0
cogni-cash/internal/adapter/http/bank_handler.go:19.2,23.16 4 0
cogni-cash/internal/adapter/http/bank_handler.go:23.16,27.3 3 0
cogni-cash/internal/adapter/http/bank_handler.go:29.2,29.36 1 0
cogni-cash/internal/adapter/http/bank_handler.go:32.80,40.61 2 0
cogni-cash/internal/adapter/http/bank_handler.go:40.61,43.3 2 0
cogni-cash/internal/adapter/http/bank_handler.go:45.2,47.16 3 0
cogni-cash/internal/adapter/http/bank_handler.go:47.16,51.3 3 0
cogni-cash/internal/adapter/http/bank_handler.go:53.2,53.40 1 0
cogni-cash/internal/adapter/http/bank_handler.go:56.80,61.61 2 0
cogni-cash/internal/adapter/http/bank_handler.go:61.61,64.3 2 0
cogni-cash/internal/adapter/http/bank_handler.go:66.2,67.101 2 0
cogni-cash/internal/adapter/http/bank_handler.go:67.101,71.3 3 0
cogni-cash/internal/adapter/http/bank_handler.go:73.2,73.69 1 0
cogni-cash/internal/adapter/http/bank_handler.go:76.79,79.16 3 0
cogni-cash/internal/adapter/http/bank_handler.go:79.16,83.3 3 0
cogni-cash/internal/adapter/http/bank_handler.go:85.2,85.36 1 0
cogni-cash/internal/adapter/http/bank_handler.go:88.80,91.16 3 0
cogni-cash/internal/adapter/http/bank_handler.go:91.16,94.3 2 0
cogni-cash/internal/adapter/http/bank_handler.go:96.2,97.76 2 0
cogni-cash/internal/adapter/http/bank_handler.go:97.76,101.3 3 0
cogni-cash/internal/adapter/http/bank_handler.go:103.2,103.37 1 0
cogni-cash/internal/adapter/http/bank_handler.go:106.79,109.12 2 0
cogni-cash/internal/adapter/http/bank_handler.go:109.12,111.64 2 0
cogni-cash/internal/adapter/http/bank_handler.go:111.64,113.4 1 0
cogni-cash/internal/adapter/http/bank_handler.go:116.2,116.95 1 0
cogni-cash/internal/adapter/http/bank_handler.go:119.81,122.16 3 0
cogni-cash/internal/adapter/http/bank_handler.go:122.16,125.3 2 0
cogni-cash/internal/adapter/http/bank_handler.go:127.2,130.61 2 0
cogni-cash/internal/adapter/http/bank_handler.go:130.61,133.3 2 0
cogni-cash/internal/adapter/http/bank_handler.go:135.2,136.116 2 0
cogni-cash/internal/adapter/http/bank_handler.go:136.116,140.3 3 0
cogni-cash/internal/adapter/http/bank_handler.go:142.2,142.69 1 0
cogni-cash/internal/adapter/http/bank_statement_handler.go:22.78,23.27 1 0
cogni-cash/internal/adapter/http/bank_statement_handler.go:23.27,26.3 2 0
cogni-cash/internal/adapter/http/bank_statement_handler.go:27.2,29.16 3 0
cogni-cash/internal/adapter/http/bank_statement_handler.go:29.16,32.3 2 0
cogni-cash/internal/adapter/http/bank_statement_handler.go:33.2,33.22 1 0
cogni-cash/internal/adapter/http/bank_statement_handler.go:33.22,36.3 2 0
cogni-cash/internal/adapter/http/bank_statement_handler.go:37.2,37.40 1 0
cogni-cash/internal/adapter/http/bank_statement_handler.go:40.76,41.27 1 0
cogni-cash/internal/adapter/http/bank_statement_handler.go:41.27,44.3 2 0
cogni-cash/internal/adapter/http/bank_statement_handler.go:45.2,47.16 3 0
cogni-cash/internal/adapter/http/bank_statement_handler.go:47.16,50.3 2 0
cogni-cash/internal/adapter/http/bank_statement_handler.go:51.2,53.16 3 0
cogni-cash/internal/adapter/http/bank_statement_handler.go:53.16,56.3 2 0
cogni-cash/internal/adapter/http/bank_statement_handler.go:57.2,57.35 1 0
cogni-cash/internal/adapter/http/bank_statement_handler.go:60.79,63.56 3 0
cogni-cash/internal/adapter/http/bank_statement_handler.go:63.56,66.3 2 0
cogni-cash/internal/adapter/http/bank_statement_handler.go:68.2,69.21 2 0
cogni-cash/internal/adapter/http/bank_statement_handler.go:69.21,71.3 1 0
cogni-cash/internal/adapter/http/bank_statement_handler.go:73.2,73.21 1 0
cogni-cash/internal/adapter/http/bank_statement_handler.go:73.21,76.3 2 0
cogni-cash/internal/adapter/http/bank_statement_handler.go:78.2,94.35 7 0
cogni-cash/internal/adapter/http/bank_statement_handler.go:94.35,96.17 2 0
cogni-cash/internal/adapter/http/bank_statement_handler.go:96.17,98.12 2 0
cogni-cash/internal/adapter/http/bank_statement_handler.go:101.3,103.17 3 0
cogni-cash/internal/adapter/http/bank_statement_handler.go:103.17,105.12 2 0
cogni-cash/internal/adapter/http/bank_statement_handler.go:109.3,111.17 2 0
cogni-cash/internal/adapter/http/bank_statement_handler.go:111.17,112.43 1 0
cogni-cash/internal/adapter/http/bank_statement_handler.go:112.43,114.5 1 0
cogni-cash/internal/adapter/http/bank_statement_handler.go:114.10,116.5 1 0
cogni-cash/internal/adapter/http/bank_statement_handler.go:117.4,117.12 1 0
cogni-cash/internal/adapter/http/bank_statement_handler.go:120.3,121.115 2 0
cogni-cash/internal/adapter/http/bank_statement_handler.go:124.2,125.24 2 0
cogni-cash/internal/adapter/http/bank_statement_handler.go:125.24,127.31 2 0
cogni-cash/internal/adapter/http/bank_statement_handler.go:127.31,128.33 1 0
cogni-cash/internal/adapter/http/bank_statement_handler.go:128.33,130.10 2 0
cogni-cash/internal/adapter/http/bank_statement_handler.go:133.3,133.20 1 0
cogni-cash/internal/adapter/http/bank_statement_handler.go:133.20,135.4 1 0
cogni-cash/internal/adapter/http/bank_statement_handler.go:135.9,137.4 1 0
cogni-cash/internal/adapter/http/bank_statement_handler.go:138.8,138.39 1 0
cogni-cash/internal/adapter/http/bank_statement_handler.go:138.39,140.3 1 0
cogni-cash/internal/adapter/http/bank_statement_handler.go:142.2,148.4 1 0
cogni-cash/internal/adapter/http/bank_statement_handler.go:151.79,152.31 1 1
cogni-cash/internal/adapter/http/bank_statement_handler.go:152.31,155.3 2 0
cogni-cash/internal/adapter/http/bank_statement_handler.go:157.2,159.16 3 1
cogni-cash/internal/adapter/http/bank_statement_handler.go:159.16,162.3 2 0
cogni-cash/internal/adapter/http/bank_statement_handler.go:164.2,165.84 2 1
cogni-cash/internal/adapter/http/bank_statement_handler.go:165.84,169.3 3 0
cogni-cash/internal/adapter/http/bank_statement_handler.go:171.2,171.37 1 1
cogni-cash/internal/adapter/http/bank_statement_handler.go:174.85,175.27 1 0
cogni-cash/internal/adapter/http/bank_statement_handler.go:175.27,178.3 2 0
cogni-cash/internal/adapter/http/bank_statement_handler.go:180.2,182.16 3 0
cogni-cash/internal/adapter/http/bank_statement_handler.go:182.16,185.3 2 0
cogni-cash/internal/adapter/http/bank_statement_handler.go:187.2,189.16 3 0
cogni-cash/internal/adapter/http/bank_statement_handler.go:189.16,192.3 2 0
cogni-cash/internal/adapter/http/bank_statement_handler.go:194.2,194.33 1 0
cogni-cash/internal/adapter/http/bank_statement_handler.go:194.33,197.3 2 0
cogni-cash/internal/adapter/http/bank_statement_handler.go:199.2,206.54 6 0
cogni-cash/internal/adapter/http/bank_statement_handler.go:206.54,208.3 1 0
cogni-cash/internal/adapter/http/bank_statement_handler.go:211.83,212.29 1 1
cogni-cash/internal/adapter/http/bank_statement_handler.go:212.29,215.3 2 0
cogni-cash/internal/adapter/http/bank_statement_handler.go:217.2,219.16 3 1
cogni-cash/internal/adapter/http/bank_statement_handler.go:219.16,222.3 2 0
cogni-cash/internal/adapter/http/bank_statement_handler.go:224.2,224.40 1 1
cogni-cash/internal/adapter/http/bank_statement_handler.go:227.76,228.29 1 0
cogni-cash/internal/adapter/http/bank_statement_handler.go:228.29,231.3 2 0
cogni-cash/internal/adapter/http/bank_statement_handler.go:233.2,235.16 3 0
cogni-cash/internal/adapter/http/bank_statement_handler.go:235.16,239.3 3 0
cogni-cash/internal/adapter/http/bank_statement_handler.go:241.2,241.17 1 0
cogni-cash/internal/adapter/http/bank_statement_handler.go:241.17,244.3 2 0
cogni-cash/internal/adapter/http/bank_statement_handler.go:245.2,245.35 1 0
cogni-cash/internal/adapter/http/bank_statement_handler.go:248.85,249.29 1 0
cogni-cash/internal/adapter/http/bank_statement_handler.go:249.29,252.3 2 0
cogni-cash/internal/adapter/http/bank_statement_handler.go:254.2,255.23 2 0
cogni-cash/internal/adapter/http/bank_statement_handler.go:255.23,258.3 2 0
cogni-cash/internal/adapter/http/bank_statement_handler.go:260.2,261.61 2 0
cogni-cash/internal/adapter/http/bank_statement_handler.go:261.61,264.3 2 0
cogni-cash/internal/adapter/http/bank_statement_handler.go:266.2,267.26 2 0
cogni-cash/internal/adapter/http/bank_statement_handler.go:267.26,269.17 2 0
cogni-cash/internal/adapter/http/bank_statement_handler.go:269.17,272.4 2 0
cogni-cash/internal/adapter/http/bank_statement_handler.go:273.3,273.23 1 0
cogni-cash/internal/adapter/http/bank_statement_handler.go:276.2,277.100 2 0
cogni-cash/internal/adapter/http/bank_statement_handler.go:277.100,280.3 2 0
cogni-cash/internal/adapter/http/bank_statement_handler.go:282.2,282.37 1 0
cogni-cash/internal/adapter/http/bank_statement_handler.go:285.83,286.29 1 0
cogni-cash/internal/adapter/http/bank_statement_handler.go:286.29,289.3 2 0
cogni-cash/internal/adapter/http/bank_statement_handler.go:291.2,292.23 2 0
cogni-cash/internal/adapter/http/bank_statement_handler.go:292.23,295.3 2 0
cogni-cash/internal/adapter/http/bank_statement_handler.go:297.2,298.90 2 0
cogni-cash/internal/adapter/http/bank_statement_handler.go:298.90,301.3 2 0
cogni-cash/internal/adapter/http/bank_statement_handler.go:303.2,303.37 1 0
cogni-cash/internal/adapter/http/bank_statement_handler.go:306.79,307.29 1 0
cogni-cash/internal/adapter/http/bank_statement_handler.go:307.29,310.3 2 0
cogni-cash/internal/adapter/http/bank_statement_handler.go:312.2,313.9 2 0
cogni-cash/internal/adapter/http/bank_statement_handler.go:313.9,316.3 2 0
cogni-cash/internal/adapter/http/bank_statement_handler.go:317.2,320.26 3 0
cogni-cash/internal/adapter/http/bank_statement_handler.go:320.26,321.95 1 0
cogni-cash/internal/adapter/http/bank_statement_handler.go:321.95,322.67 1 0
cogni-cash/internal/adapter/http/bank_statement_handler.go:322.67,323.61 1 0
cogni-cash/internal/adapter/http/bank_statement_handler.go:323.61,325.6 1 0
cogni-cash/internal/adapter/http/bank_statement_handler.go:330.2,331.16 2 0
cogni-cash/internal/adapter/http/bank_statement_handler.go:331.16,332.50 1 0
cogni-cash/internal/adapter/http/bank_statement_handler.go:332.50,335.4 2 0
cogni-cash/internal/adapter/http/bank_statement_handler.go:336.3,336.52 1 0
cogni-cash/internal/adapter/http/bank_statement_handler.go:336.52,339.4 2 0
cogni-cash/internal/adapter/http/bank_statement_handler.go:340.3,342.9 3 0
cogni-cash/internal/adapter/http/bank_statement_handler.go:345.2,345.97 1 0
cogni-cash/internal/adapter/http/bank_statement_handler.go:348.83,349.29 1 0
cogni-cash/internal/adapter/http/bank_statement_handler.go:349.29,352.3 2 0
cogni-cash/internal/adapter/http/bank_statement_handler.go:353.2,354.37 2 0
cogni-cash/internal/adapter/http/bank_statement_handler.go:357.80,358.29 1 0
cogni-cash/internal/adapter/http/bank_statement_handler.go:358.29,361.3 2 0
cogni-cash/internal/adapter/http/bank_statement_handler.go:362.2,363.85 2 0
cogni-cash/internal/adapter/http/bank_statement_handler.go:366.84,373.64 3 1
cogni-cash/internal/adapter/http/bank_statement_handler.go:373.64,374.52 1 1
cogni-cash/internal/adapter/http/bank_statement_handler.go:374.52,376.4 1 1
cogni-cash/internal/adapter/http/bank_statement_handler.go:379.2,379.64 1 1
cogni-cash/internal/adapter/http/bank_statement_handler.go:379.64,381.3 1 0
cogni-cash/internal/adapter/http/bank_statement_handler.go:382.2,382.63 1 1
cogni-cash/internal/adapter/http/bank_statement_handler.go:382.63,384.3 1 0
cogni-cash/internal/adapter/http/bank_statement_handler.go:385.2,385.70 1 1
cogni-cash/internal/adapter/http/bank_statement_handler.go:385.70,387.3 1 1
cogni-cash/internal/adapter/http/bank_statement_handler.go:388.2,388.66 1 1
cogni-cash/internal/adapter/http/bank_statement_handler.go:388.66,390.3 1 1
cogni-cash/internal/adapter/http/bank_statement_handler.go:391.2,391.76 1 1
cogni-cash/internal/adapter/http/bank_statement_handler.go:391.76,393.3 1 0
cogni-cash/internal/adapter/http/bank_statement_handler.go:394.2,394.76 1 1
cogni-cash/internal/adapter/http/bank_statement_handler.go:394.76,396.3 1 0
cogni-cash/internal/adapter/http/bank_statement_handler.go:397.2,397.40 1 1
cogni-cash/internal/adapter/http/bank_statement_handler.go:397.40,400.3 2 0
cogni-cash/internal/adapter/http/bank_statement_handler.go:400.8,400.48 1 1
cogni-cash/internal/adapter/http/bank_statement_handler.go:400.48,404.3 1 0
cogni-cash/internal/adapter/http/bank_statement_handler.go:406.2,406.33 1 1
cogni-cash/internal/adapter/http/bank_statement_handler.go:406.33,409.3 2 0
cogni-cash/internal/adapter/http/bank_statement_handler.go:409.8,409.41 1 1
cogni-cash/internal/adapter/http/bank_statement_handler.go:409.41,412.3 2 0
cogni-cash/internal/adapter/http/bank_statement_handler.go:415.2,415.45 1 1
cogni-cash/internal/adapter/http/bank_statement_handler.go:415.45,418.3 2 0
cogni-cash/internal/adapter/http/bank_statement_handler.go:420.2,420.10 1 1
cogni-cash/internal/adapter/http/category_handler.go:18.74,19.27 1 1
cogni-cash/internal/adapter/http/category_handler.go:19.27,22.3 2 0
cogni-cash/internal/adapter/http/category_handler.go:23.2,24.9 2 1
cogni-cash/internal/adapter/http/category_handler.go:24.9,27.3 2 0
cogni-cash/internal/adapter/http/category_handler.go:28.2,31.16 3 1
cogni-cash/internal/adapter/http/category_handler.go:31.16,34.3 2 0
cogni-cash/internal/adapter/http/category_handler.go:35.2,35.17 1 1
cogni-cash/internal/adapter/http/category_handler.go:35.17,37.3 1 1
cogni-cash/internal/adapter/http/category_handler.go:38.2,38.35 1 1
cogni-cash/internal/adapter/http/category_handler.go:41.74,42.27 1 1
cogni-cash/internal/adapter/http/category_handler.go:42.27,45.3 2 0
cogni-cash/internal/adapter/http/category_handler.go:46.2,47.9 2 1
cogni-cash/internal/adapter/http/category_handler.go:47.9,50.3 2 0
cogni-cash/internal/adapter/http/category_handler.go:51.2,54.79 3 1
cogni-cash/internal/adapter/http/category_handler.go:54.79,57.3 2 0
cogni-cash/internal/adapter/http/category_handler.go:58.2,58.21 1 1
cogni-cash/internal/adapter/http/category_handler.go:58.21,60.3 1 0
cogni-cash/internal/adapter/http/category_handler.go:61.2,66.16 2 1
cogni-cash/internal/adapter/http/category_handler.go:66.16,69.3 2 0
cogni-cash/internal/adapter/http/category_handler.go:70.2,70.39 1 1
cogni-cash/internal/adapter/http/category_handler.go:73.74,74.27 1 0
cogni-cash/internal/adapter/http/category_handler.go:74.27,77.3 2 0
cogni-cash/internal/adapter/http/category_handler.go:78.2,79.9 2 0
cogni-cash/internal/adapter/http/category_handler.go:79.9,82.3 2 0
cogni-cash/internal/adapter/http/category_handler.go:83.2,86.16 3 0
cogni-cash/internal/adapter/http/category_handler.go:86.16,89.3 2 0
cogni-cash/internal/adapter/http/category_handler.go:90.2,91.79 2 0
cogni-cash/internal/adapter/http/category_handler.go:91.79,94.3 2 0
cogni-cash/internal/adapter/http/category_handler.go:95.2,95.21 1 0
cogni-cash/internal/adapter/http/category_handler.go:95.21,97.3 1 0
cogni-cash/internal/adapter/http/category_handler.go:98.2,104.16 2 0
cogni-cash/internal/adapter/http/category_handler.go:104.16,107.3 2 0
cogni-cash/internal/adapter/http/category_handler.go:108.2,108.34 1 0
cogni-cash/internal/adapter/http/category_handler.go:111.74,112.27 1 0
cogni-cash/internal/adapter/http/category_handler.go:112.27,115.3 2 0
cogni-cash/internal/adapter/http/category_handler.go:116.2,117.9 2 0
cogni-cash/internal/adapter/http/category_handler.go:117.9,120.3 2 0
cogni-cash/internal/adapter/http/category_handler.go:121.2,124.16 3 0
cogni-cash/internal/adapter/http/category_handler.go:124.16,127.3 2 0
cogni-cash/internal/adapter/http/category_handler.go:128.2,128.71 1 0
cogni-cash/internal/adapter/http/category_handler.go:128.71,131.3 2 0
cogni-cash/internal/adapter/http/category_handler.go:132.2,132.37 1 0
cogni-cash/internal/adapter/http/handler.go:40.60,42.16 2 1
cogni-cash/internal/adapter/http/handler.go:42.16,44.3 1 0
cogni-cash/internal/adapter/http/handler.go:46.2,46.35 1 1
cogni-cash/internal/adapter/http/handler.go:46.35,48.3 1 0
cogni-cash/internal/adapter/http/handler.go:50.2,50.35 1 1
cogni-cash/internal/adapter/http/handler.go:50.35,52.17 2 1
cogni-cash/internal/adapter/http/handler.go:52.17,54.4 1 0
cogni-cash/internal/adapter/http/handler.go:55.3,55.12 1 1
cogni-cash/internal/adapter/http/handler.go:58.2,58.17 1 0
cogni-cash/internal/adapter/http/handler.go:71.12,72.19 1 1
cogni-cash/internal/adapter/http/handler.go:72.19,74.3 1 0
cogni-cash/internal/adapter/http/handler.go:75.2,85.3 1 1
cogni-cash/internal/adapter/http/handler.go:88.66,91.2 2 0
cogni-cash/internal/adapter/http/handler.go:93.66,96.2 2 1
cogni-cash/internal/adapter/http/handler.go:98.80,101.2 2 1
cogni-cash/internal/adapter/http/handler.go:103.86,106.2 2 0
cogni-cash/internal/adapter/http/handler.go:108.91,111.2 2 1
cogni-cash/internal/adapter/http/handler.go:113.81,116.2 2 1
cogni-cash/internal/adapter/http/handler.go:118.93,121.2 2 0
cogni-cash/internal/adapter/http/handler.go:123.72,126.2 2 1
cogni-cash/internal/adapter/http/handler.go:128.79,131.2 2 1
cogni-cash/internal/adapter/http/handler.go:133.82,136.2 2 0
cogni-cash/internal/adapter/http/handler.go:138.48,146.29 7 1
cogni-cash/internal/adapter/http/handler.go:146.29,149.41 2 1
cogni-cash/internal/adapter/http/handler.go:149.41,155.41 4 1
cogni-cash/internal/adapter/http/handler.go:155.41,162.5 6 1
cogni-cash/internal/adapter/http/handler.go:164.4,164.31 1 1
cogni-cash/internal/adapter/http/handler.go:164.31,166.45 2 1
cogni-cash/internal/adapter/http/handler.go:166.45,170.6 3 1
cogni-cash/internal/adapter/http/handler.go:173.4,173.44 1 1
cogni-cash/internal/adapter/http/handler.go:173.44,180.5 6 1
cogni-cash/internal/adapter/http/handler.go:182.4,182.51 1 1
cogni-cash/internal/adapter/http/handler.go:182.51,188.5 5 1
cogni-cash/internal/adapter/http/handler.go:190.4,190.48 1 1
cogni-cash/internal/adapter/http/handler.go:190.48,198.5 7 1
cogni-cash/internal/adapter/http/handler.go:200.4,200.46 1 1
cogni-cash/internal/adapter/http/handler.go:200.46,205.5 4 1
cogni-cash/internal/adapter/http/handler.go:207.4,207.51 1 1
cogni-cash/internal/adapter/http/handler.go:207.51,212.5 4 1
cogni-cash/internal/adapter/http/handler.go:214.4,214.44 1 1
cogni-cash/internal/adapter/http/handler.go:214.44,223.5 8 1
cogni-cash/internal/adapter/http/handler.go:225.4,225.40 1 1
cogni-cash/internal/adapter/http/handler.go:225.40,229.45 3 1
cogni-cash/internal/adapter/http/handler.go:229.45,231.6 1 1
cogni-cash/internal/adapter/http/handler.go:233.5,233.48 1 1
cogni-cash/internal/adapter/http/handler.go:233.48,238.6 4 1
cogni-cash/internal/adapter/http/handler.go:244.58,248.2 3 1
cogni-cash/internal/adapter/http/handler.go:250.64,252.2 1 1
cogni-cash/internal/adapter/http/invoice_handler.go:31.72,33.9 2 0
cogni-cash/internal/adapter/http/invoice_handler.go:33.9,36.3 2 0
cogni-cash/internal/adapter/http/invoice_handler.go:37.2,40.16 3 0
cogni-cash/internal/adapter/http/invoice_handler.go:40.16,44.3 3 0
cogni-cash/internal/adapter/http/invoice_handler.go:45.2,45.21 1 0
cogni-cash/internal/adapter/http/invoice_handler.go:45.21,47.3 1 0
cogni-cash/internal/adapter/http/invoice_handler.go:48.2,48.39 1 0
cogni-cash/internal/adapter/http/invoice_handler.go:52.70,54.9 2 0
cogni-cash/internal/adapter/http/invoice_handler.go:54.9,57.3 2 0
cogni-cash/internal/adapter/http/invoice_handler.go:58.2,61.16 3 0
cogni-cash/internal/adapter/http/invoice_handler.go:61.16,64.3 2 0
cogni-cash/internal/adapter/http/invoice_handler.go:65.2,66.16 2 0
cogni-cash/internal/adapter/http/invoice_handler.go:66.16,67.48 1 0
cogni-cash/internal/adapter/http/invoice_handler.go:67.48,70.4 2 0
cogni-cash/internal/adapter/http/invoice_handler.go:71.3,72.9 2 0
cogni-cash/internal/adapter/http/invoice_handler.go:74.2,74.38 1 0
cogni-cash/internal/adapter/http/invoice_handler.go:78.73,80.9 2 0
cogni-cash/internal/adapter/http/invoice_handler.go:80.9,83.3 2 0
cogni-cash/internal/adapter/http/invoice_handler.go:84.2,88.56 4 0
cogni-cash/internal/adapter/http/invoice_handler.go:88.56,91.3 2 0
cogni-cash/internal/adapter/http/invoice_handler.go:93.2,94.16 2 0
cogni-cash/internal/adapter/http/invoice_handler.go:94.16,97.3 2 0
cogni-cash/internal/adapter/http/invoice_handler.go:98.2,101.16 3 0
cogni-cash/internal/adapter/http/invoice_handler.go:101.16,104.3 2 0
cogni-cash/internal/adapter/http/invoice_handler.go:106.2,107.20 2 0
cogni-cash/internal/adapter/http/invoice_handler.go:107.20,109.3 1 0
cogni-cash/internal/adapter/http/invoice_handler.go:112.2,113.56 2 0
cogni-cash/internal/adapter/http/invoice_handler.go:113.56,115.17 2 0
cogni-cash/internal/adapter/http/invoice_handler.go:115.17,118.4 2 0
cogni-cash/internal/adapter/http/invoice_handler.go:119.3,119.23 1 0
cogni-cash/internal/adapter/http/invoice_handler.go:122.2,123.16 2 0
cogni-cash/internal/adapter/http/invoice_handler.go:123.16,124.49 1 0
cogni-cash/internal/adapter/http/invoice_handler.go:124.49,127.4 2 0
cogni-cash/internal/adapter/http/invoice_handler.go:128.3,130.9 3 0
cogni-cash/internal/adapter/http/invoice_handler.go:132.2,132.43 1 0
cogni-cash/internal/adapter/http/invoice_handler.go:136.73,138.9 2 0
cogni-cash/internal/adapter/http/invoice_handler.go:138.9,141.3 2 0
cogni-cash/internal/adapter/http/invoice_handler.go:142.2,145.16 3 0
cogni-cash/internal/adapter/http/invoice_handler.go:145.16,148.3 2 0
cogni-cash/internal/adapter/http/invoice_handler.go:150.2,151.61 2 0
cogni-cash/internal/adapter/http/invoice_handler.go:151.61,154.3 2 0
cogni-cash/internal/adapter/http/invoice_handler.go:157.2,158.16 2 0
cogni-cash/internal/adapter/http/invoice_handler.go:158.16,159.48 1 0
cogni-cash/internal/adapter/http/invoice_handler.go:159.48,162.4 2 0
cogni-cash/internal/adapter/http/invoice_handler.go:163.3,164.9 2 0
cogni-cash/internal/adapter/http/invoice_handler.go:167.2,168.26 2 0
cogni-cash/internal/adapter/http/invoice_handler.go:168.26,170.3 1 0
cogni-cash/internal/adapter/http/invoice_handler.go:173.2,174.21 2 0
cogni-cash/internal/adapter/http/invoice_handler.go:174.21,176.3 1 0
cogni-cash/internal/adapter/http/invoice_handler.go:177.2,177.24 1 0
cogni-cash/internal/adapter/http/invoice_handler.go:177.24,179.3 1 0
cogni-cash/internal/adapter/http/invoice_handler.go:180.2,180.25 1 0
cogni-cash/internal/adapter/http/invoice_handler.go:180.25,182.3 1 0
cogni-cash/internal/adapter/http/invoice_handler.go:185.2,185.28 1 0
cogni-cash/internal/adapter/http/invoice_handler.go:185.28,187.3 1 0
cogni-cash/internal/adapter/http/invoice_handler.go:189.2,190.16 2 0
cogni-cash/internal/adapter/http/invoice_handler.go:190.16,193.3 2 0
cogni-cash/internal/adapter/http/invoice_handler.go:194.2,194.36 1 0
cogni-cash/internal/adapter/http/invoice_handler.go:198.73,200.9 2 0
cogni-cash/internal/adapter/http/invoice_handler.go:200.9,203.3 2 0
cogni-cash/internal/adapter/http/invoice_handler.go:204.2,207.16 3 0
cogni-cash/internal/adapter/http/invoice_handler.go:207.16,210.3 2 0
cogni-cash/internal/adapter/http/invoice_handler.go:211.2,211.69 1 0
cogni-cash/internal/adapter/http/invoice_handler.go:211.69,212.48 1 0
cogni-cash/internal/adapter/http/invoice_handler.go:212.48,215.4 2 0
cogni-cash/internal/adapter/http/invoice_handler.go:216.3,217.9 2 0
cogni-cash/internal/adapter/http/invoice_handler.go:219.2,219.37 1 0
cogni-cash/internal/adapter/http/invoice_handler.go:223.79,225.9 2 0
cogni-cash/internal/adapter/http/invoice_handler.go:225.9,228.3 2 0
cogni-cash/internal/adapter/http/invoice_handler.go:229.2,232.16 3 0
cogni-cash/internal/adapter/http/invoice_handler.go:232.16,235.3 2 0
cogni-cash/internal/adapter/http/invoice_handler.go:236.2,237.16 2 0
cogni-cash/internal/adapter/http/invoice_handler.go:237.16,238.48 1 0
cogni-cash/internal/adapter/http/invoice_handler.go:238.48,241.4 2 0
cogni-cash/internal/adapter/http/invoice_handler.go:242.3,243.9 2 0
cogni-cash/internal/adapter/http/invoice_handler.go:245.2,245.20 1 0
cogni-cash/internal/adapter/http/invoice_handler.go:245.20,247.3 1 0
cogni-cash/internal/adapter/http/invoice_handler.go:248.2,248.20 1 0
cogni-cash/internal/adapter/http/invoice_handler.go:248.20,250.3 1 0
cogni-cash/internal/adapter/http/invoice_handler.go:251.2,255.25 5 0
cogni-cash/internal/adapter/http/invoice_handler.go:260.66,262.2 1 0
cogni-cash/internal/adapter/http/payslip_handler.go:18.72,20.9 2 0
cogni-cash/internal/adapter/http/payslip_handler.go:20.9,23.3 2 0
cogni-cash/internal/adapter/http/payslip_handler.go:24.2,32.16 4 0
cogni-cash/internal/adapter/http/payslip_handler.go:32.16,36.3 3 0
cogni-cash/internal/adapter/http/payslip_handler.go:38.2,38.21 1 0
cogni-cash/internal/adapter/http/payslip_handler.go:38.21,40.3 1 0
cogni-cash/internal/adapter/http/payslip_handler.go:41.2,41.39 1 0
cogni-cash/internal/adapter/http/payslip_handler.go:45.70,47.9 2 1
cogni-cash/internal/adapter/http/payslip_handler.go:47.9,50.3 2 0
cogni-cash/internal/adapter/http/payslip_handler.go:51.2,54.14 3 1
cogni-cash/internal/adapter/http/payslip_handler.go:54.14,57.3 2 0
cogni-cash/internal/adapter/http/payslip_handler.go:59.2,60.16 2 1
cogni-cash/internal/adapter/http/payslip_handler.go:60.16,64.3 3 0
cogni-cash/internal/adapter/http/payslip_handler.go:66.2,66.38 1 1
cogni-cash/internal/adapter/http/payslip_handler.go:70.73,72.9 2 0
cogni-cash/internal/adapter/http/payslip_handler.go:72.9,75.3 2 0
cogni-cash/internal/adapter/http/payslip_handler.go:76.2,80.56 4 0
cogni-cash/internal/adapter/http/payslip_handler.go:80.56,83.3 2 0
cogni-cash/internal/adapter/http/payslip_handler.go:85.2,86.16 2 0
cogni-cash/internal/adapter/http/payslip_handler.go:86.16,89.3 2 0
cogni-cash/internal/adapter/http/payslip_handler.go:90.2,93.16 3 0
cogni-cash/internal/adapter/http/payslip_handler.go:93.16,96.3 2 0
cogni-cash/internal/adapter/http/payslip_handler.go:98.2,99.20 2 0
cogni-cash/internal/adapter/http/payslip_handler.go:99.20,101.3 1 0
cogni-cash/internal/adapter/http/payslip_handler.go:104.2,110.55 3 0
cogni-cash/internal/adapter/http/payslip_handler.go:110.55,111.51 1 0
cogni-cash/internal/adapter/http/payslip_handler.go:111.51,113.4 1 0
cogni-cash/internal/adapter/http/payslip_handler.go:115.2,115.50 1 0
cogni-cash/internal/adapter/http/payslip_handler.go:115.50,116.51 1 0
cogni-cash/internal/adapter/http/payslip_handler.go:116.51,118.4 1 0
cogni-cash/internal/adapter/http/payslip_handler.go:120.2,120.48 1 0
cogni-cash/internal/adapter/http/payslip_handler.go:120.48,122.3 1 0
cogni-cash/internal/adapter/http/payslip_handler.go:123.2,123.45 1 0
cogni-cash/internal/adapter/http/payslip_handler.go:123.45,125.3 1 0
cogni-cash/internal/adapter/http/payslip_handler.go:128.2,128.48 1 0
cogni-cash/internal/adapter/http/payslip_handler.go:128.48,129.61 1 0
cogni-cash/internal/adapter/http/payslip_handler.go:129.61,131.4 1 0
cogni-cash/internal/adapter/http/payslip_handler.go:133.2,133.46 1 0
cogni-cash/internal/adapter/http/payslip_handler.go:133.46,134.61 1 0
cogni-cash/internal/adapter/http/payslip_handler.go:134.61,136.4 1 0
cogni-cash/internal/adapter/http/payslip_handler.go:138.2,138.52 1 0
cogni-cash/internal/adapter/http/payslip_handler.go:138.52,139.61 1 0
cogni-cash/internal/adapter/http/payslip_handler.go:139.61,141.4 1 0
cogni-cash/internal/adapter/http/payslip_handler.go:143.2,143.56 1 0
cogni-cash/internal/adapter/http/payslip_handler.go:143.56,144.61 1 0
cogni-cash/internal/adapter/http/payslip_handler.go:144.61,146.4 1 0
cogni-cash/internal/adapter/http/payslip_handler.go:149.2,149.46 1 0
cogni-cash/internal/adapter/http/payslip_handler.go:149.46,151.57 2 0
cogni-cash/internal/adapter/http/payslip_handler.go:151.57,153.4 1 0
cogni-cash/internal/adapter/http/payslip_handler.go:153.9,155.4 1 0
cogni-cash/internal/adapter/http/payslip_handler.go:160.2,161.16 2 0
cogni-cash/internal/adapter/http/payslip_handler.go:161.16,163.49 2 0
cogni-cash/internal/adapter/http/payslip_handler.go:163.49,166.4 2 0
cogni-cash/internal/adapter/http/payslip_handler.go:167.3,168.9 2 0
cogni-cash/internal/adapter/http/payslip_handler.go:171.2,171.43 1 0
cogni-cash/internal/adapter/http/payslip_handler.go:175.73,177.9 2 1
cogni-cash/internal/adapter/http/payslip_handler.go:177.9,180.3 2 0
cogni-cash/internal/adapter/http/payslip_handler.go:181.2,184.14 3 1
cogni-cash/internal/adapter/http/payslip_handler.go:184.14,187.3 2 0
cogni-cash/internal/adapter/http/payslip_handler.go:189.2,193.73 3 1
cogni-cash/internal/adapter/http/payslip_handler.go:193.73,196.57 3 0
cogni-cash/internal/adapter/http/payslip_handler.go:196.57,199.4 2 0
cogni-cash/internal/adapter/http/payslip_handler.go:202.3,203.61 2 0
cogni-cash/internal/adapter/http/payslip_handler.go:203.61,206.4 2 0
cogni-cash/internal/adapter/http/payslip_handler.go:209.3,210.17 2 0
cogni-cash/internal/adapter/http/payslip_handler.go:210.17,213.18 3 0
cogni-cash/internal/adapter/http/payslip_handler.go:213.18,216.5 2 0
cogni-cash/internal/adapter/http/payslip_handler.go:217.4,218.40 2 0
cogni-cash/internal/adapter/http/payslip_handler.go:220.8,222.60 1 1
cogni-cash/internal/adapter/http/payslip_handler.go:222.60,225.4 2 0
cogni-cash/internal/adapter/http/payslip_handler.go:228.2,231.61 3 1
cogni-cash/internal/adapter/http/payslip_handler.go:231.61,233.49 2 0
cogni-cash/internal/adapter/http/payslip_handler.go:233.49,236.4 2 0
cogni-cash/internal/adapter/http/payslip_handler.go:237.3,238.9 2 0
cogni-cash/internal/adapter/http/payslip_handler.go:242.2,243.16 2 1
cogni-cash/internal/adapter/http/payslip_handler.go:243.16,247.3 3 0
cogni-cash/internal/adapter/http/payslip_handler.go:249.2,249.38 1 1
[...]
cogni-cash/internal/adapter/repository/postgres/category_repository.go:106.2,106.12 1 1
cogni-cash/internal/adapter/repository/postgres/invoice_repository.go:25.87,27.2 1 1
cogni-cash/internal/adapter/repository/postgres/invoice_repository.go:30.81,32.28 2 1
cogni-cash/internal/adapter/repository/postgres/invoice_repository.go:32.28,34.3 1 1
cogni-cash/internal/adapter/repository/postgres/invoice_repository.go:35.2,36.27 2 1
cogni-cash/internal/adapter/repository/postgres/invoice_repository.go:36.27,38.3 1 1
cogni-cash/internal/adapter/repository/postgres/invoice_repository.go:39.2,40.32 2 1
cogni-cash/internal/adapter/repository/postgres/invoice_repository.go:40.32,42.3 1 1
cogni-cash/internal/adapter/repository/postgres/invoice_repository.go:43.2,44.38 2 1
cogni-cash/internal/adapter/repository/postgres/invoice_repository.go:44.38,46.3 1 1
cogni-cash/internal/adapter/repository/postgres/invoice_repository.go:48.2,70.16 3 1
cogni-cash/internal/adapter/repository/postgres/invoice_repository.go:70.16,73.3 2 0
cogni-cash/internal/adapter/repository/postgres/invoice_repository.go:74.2,75.12 2 1
cogni-cash/internal/adapter/repository/postgres/invoice_repository.go:80.83,82.28 2 1
cogni-cash/internal/adapter/repository/postgres/invoice_repository.go:82.28,84.3 1 0
cogni-cash/internal/adapter/repository/postgres/invoice_repository.go:85.2,97.16 3 1
cogni-cash/internal/adapter/repository/postgres/invoice_repository.go:97.16,99.3 1 0
cogni-cash/internal/adapter/repository/postgres/invoice_repository.go:100.2,100.29 1 1
cogni-cash/internal/adapter/repository/postgres/invoice_repository.go:100.29,102.3 1 1
cogni-cash/internal/adapter/repository/postgres/invoice_repository.go:103.2,103.12 1 1
cogni-cash/internal/adapter/repository/postgres/invoice_repository.go:107.115,115.16 4 1
cogni-cash/internal/adapter/repository/postgres/invoice_repository.go:115.16,116.36 1 1
cogni-cash/internal/adapter/repository/postgres/invoice_repository.go:116.36,118.4 1 1
cogni-cash/internal/adapter/repository/postgres/invoice_repository.go:119.3,119.75 1 0
cogni-cash/internal/adapter/repository/postgres/invoice_repository.go:121.2,121.17 1 1
cogni-cash/internal/adapter/repository/postgres/invoice_repository.go:125.102,134.16 3 1
cogni-cash/internal/adapter/repository/postgres/invoice_repository.go:134.16,136.3 1 0
cogni-cash/internal/adapter/repository/postgres/invoice_repository.go:137.2,140.18 3 1
cogni-cash/internal/adapter/repository/postgres/invoice_repository.go:140.18,142.17 2 1
cogni-cash/internal/adapter/repository/postgres/invoice_repository.go:142.17,144.4 1 0
cogni-cash/internal/adapter/repository/postgres/invoice_repository.go:145.3,145.35 1 1
cogni-cash/internal/adapter/repository/postgres/invoice_repository.go:147.2,147.29 1 1
cogni-cash/internal/adapter/repository/postgres/invoice_repository.go:151.95,154.16 3 1
cogni-cash/internal/adapter/repository/postgres/invoice_repository.go:154.16,156.3 1 0
cogni-cash/internal/adapter/repository/postgres/invoice_repository.go:157.2,157.29 1 1
cogni-cash/internal/adapter/repository/postgres/invoice_repository.go:157.29,159.3 1 1
cogni-cash/internal/adapter/repository/postgres/invoice_repository.go:160.2,160.12 1 1
cogni-cash/internal/adapter/repository/postgres/invoice_repository.go:165.115,169.16 3 1
cogni-cash/internal/adapter/repository/postgres/invoice_repository.go:169.16,171.3 1 0
cogni-cash/internal/adapter/repository/postgres/invoice_repository.go:172.2,172.20 1 1
cogni-cash/internal/adapter/repository/postgres/invoice_repository.go:177.130,183.16 4 1
cogni-cash/internal/adapter/repository/postgres/invoice_repository.go:183.16,184.36 1 1
cogni-cash/internal/adapter/repository/postgres/invoice_repository.go:184.36,186.4 1 1
cogni-cash/internal/adapter/repository/postgres/invoice_repository.go:187.3,187.77 1 0
cogni-cash/internal/adapter/repository/postgres/invoice_repository.go:189.2,189.23 1 1
cogni-cash/internal/adapter/repository/postgres/invoice_repository.go:189.23,191.3 1 0
cogni-cash/internal/adapter/repository/postgres/invoice_repository.go:192.2,193.17 2 1
cogni-cash/internal/adapter/repository/postgres/invoice_repository.go:193.17,195.3 1 1
cogni-cash/internal/adapter/repository/postgres/invoice_repository.go:196.2,196.49 1 1
cogni-cash/internal/adapter/repository/postgres/invoice_repository.go:201.55,223.16 3 1
cogni-cash/internal/adapter/repository/postgres/invoice_repository.go:223.16,225.3 1 1
cogni-cash/internal/adapter/repository/postgres/invoice_repository.go:227.2,230.21 4 1
cogni-cash/internal/adapter/repository/postgres/invoice_repository.go:230.21,232.3 1 1
cogni-cash/internal/adapter/repository/postgres/invoice_repository.go:233.2,233.24 1 1
cogni-cash/internal/adapter/repository/postgres/invoice_repository.go:233.24,235.3 1 0
cogni-cash/internal/adapter/repository/postgres/invoice_repository.go:236.2,236.21 1 1
cogni-cash/internal/adapter/repository/postgres/invoice_repository.go:236.21,238.3 1 0
cogni-cash/internal/adapter/repository/postgres/invoice_repository.go:239.2,239.17 1 1
cogni-cash/internal/adapter/repository/postgres/password_reset_repository.go:19.99,24.2 1 0
cogni-cash/internal/adapter/repository/postgres/password_reset_repository.go:26.102,33.2 3 0
cogni-cash/internal/adapter/repository/postgres/password_reset_repository.go:35.120,43.16 4 0
cogni-cash/internal/adapter/repository/postgres/password_reset_repository.go:43.16,44.36 1 0
cogni-cash/internal/adapter/repository/postgres/password_reset_repository.go:44.36,46.4 1 0
cogni-cash/internal/adapter/repository/postgres/password_reset_repository.go:47.3,47.42 1 0
cogni-cash/internal/adapter/repository/postgres/password_reset_repository.go:49.2,49.15 1 0
cogni-cash/internal/adapter/repository/postgres/password_reset_repository.go:52.95,56.2 3 0
cogni-cash/internal/adapter/repository/postgres/password_reset_repository.go:58.83,62.2 3 0
cogni-cash/internal/adapter/repository/postgres/password_reset_repository.go:64.77,68.2 3 0
cogni-cash/internal/adapter/repository/postgres/payslip_repository.go:16.64,18.2 1 1
cogni-cash/internal/adapter/repository/postgres/payslip_repository.go:21.80,23.16 2 1
cogni-cash/internal/adapter/repository/postgres/payslip_repository.go:23.16,25.3 1 0
cogni-cash/internal/adapter/repository/postgres/payslip_repository.go:26.2,42.36 4 1
cogni-cash/internal/adapter/repository/postgres/payslip_repository.go:42.36,44.3 1 1
cogni-cash/internal/adapter/repository/postgres/payslip_repository.go:46.2,53.16 3 1
cogni-cash/internal/adapter/repository/postgres/payslip_repository.go:53.16,55.3 1 0
cogni-cash/internal/adapter/repository/postgres/payslip_repository.go:56.2,59.24 2 1
cogni-cash/internal/adapter/repository/postgres/payslip_repository.go:59.24,64.31 2 1
cogni-cash/internal/adapter/repository/postgres/payslip_repository.go:64.31,66.18 2 1
cogni-cash/internal/adapter/repository/postgres/payslip_repository.go:66.18,68.5 1 0
cogni-cash/internal/adapter/repository/postgres/payslip_repository.go:72.2,72.23 1 1
cogni-cash/internal/adapter/repository/postgres/payslip_repository.go:75.108,80.2 4 1
cogni-cash/internal/adapter/repository/postgres/payslip_repository.go:82.132,87.2 4 0
cogni-cash/internal/adapter/repository/postgres/payslip_repository.go:89.113,99.27 3 1
cogni-cash/internal/adapter/repository/postgres/payslip_repository.go:99.27,102.3 2 1
cogni-cash/internal/adapter/repository/postgres/payslip_repository.go:104.2,107.16 3 1
cogni-cash/internal/adapter/repository/postgres/payslip_repository.go:107.16,109.3 1 0
cogni-cash/internal/adapter/repository/postgres/payslip_repository.go:110.2,113.18 3 1
cogni-cash/internal/adapter/repository/postgres/payslip_repository.go:113.18,120.17 3 1
cogni-cash/internal/adapter/repository/postgres/payslip_repository.go:120.17,122.4 1 0
cogni-cash/internal/adapter/repository/postgres/payslip_repository.go:123.3,124.17 2 1
cogni-cash/internal/adapter/repository/postgres/payslip_repository.go:124.17,126.4 1 0
cogni-cash/internal/adapter/repository/postgres/payslip_repository.go:127.3,127.33 1 1
cogni-cash/internal/adapter/repository/postgres/payslip_repository.go:129.2,129.22 1 1
cogni-cash/internal/adapter/repository/postgres/payslip_repository.go:132.104,137.16 2 1
cogni-cash/internal/adapter/repository/postgres/payslip_repository.go:137.16,139.3 1 0
cogni-cash/internal/adapter/repository/postgres/payslip_repository.go:140.2,143.18 3 1
cogni-cash/internal/adapter/repository/postgres/payslip_repository.go:143.18,145.62 2 1
cogni-cash/internal/adapter/repository/postgres/payslip_repository.go:145.62,147.4 1 0
cogni-cash/internal/adapter/repository/postgres/payslip_repository.go:148.3,148.29 1 1
cogni-cash/internal/adapter/repository/postgres/payslip_repository.go:150.2,150.20 1 1
cogni-cash/internal/adapter/repository/postgres/payslip_repository.go:153.112,166.16 4 1
cogni-cash/internal/adapter/repository/postgres/payslip_repository.go:166.16,168.3 1 1
cogni-cash/internal/adapter/repository/postgres/payslip_repository.go:170.2,171.15 2 1
cogni-cash/internal/adapter/repository/postgres/payslip_repository.go:174.82,176.16 2 1
cogni-cash/internal/adapter/repository/postgres/payslip_repository.go:176.16,178.3 1 0
cogni-cash/internal/adapter/repository/postgres/payslip_repository.go:179.2,190.16 3 1
cogni-cash/internal/adapter/repository/postgres/payslip_repository.go:190.16,192.3 1 0
cogni-cash/internal/adapter/repository/postgres/payslip_repository.go:194.2,194.36 1 1
cogni-cash/internal/adapter/repository/postgres/payslip_repository.go:194.36,202.17 2 0
cogni-cash/internal/adapter/repository/postgres/payslip_repository.go:202.17,204.4 1 0
cogni-cash/internal/adapter/repository/postgres/payslip_repository.go:207.2,207.98 1 1
cogni-cash/internal/adapter/repository/postgres/payslip_repository.go:207.98,209.3 1 0
cogni-cash/internal/adapter/repository/postgres/payslip_repository.go:210.2,210.30 1 1
cogni-cash/internal/adapter/repository/postgres/payslip_repository.go:210.30,215.17 2 1
cogni-cash/internal/adapter/repository/postgres/payslip_repository.go:215.17,217.4 1 0
cogni-cash/internal/adapter/repository/postgres/payslip_repository.go:220.2,220.23 1 1
cogni-cash/internal/adapter/repository/postgres/payslip_repository.go:223.92,226.2 2 1
cogni-cash/internal/adapter/repository/postgres/payslip_repository.go:228.127,235.2 5 1
cogni-cash/internal/adapter/repository/postgres/pool.go:15.70,18.16 3 1
cogni-cash/internal/adapter/repository/postgres/pool.go:18.16,21.3 2 0
cogni-cash/internal/adapter/repository/postgres/pool.go:22.2,22.39 1 1
cogni-cash/internal/adapter/repository/postgres/pool.go:22.39,26.3 3 0
cogni-cash/internal/adapter/repository/postgres/pool.go:27.2,28.18 2 1
cogni-cash/internal/adapter/repository/postgres/reconciliation_repository.go:23.140,25.2 1 1
cogni-cash/internal/adapter/repository/postgres/reconciliation_repository.go:27.120,30.24 2 1
cogni-cash/internal/adapter/repository/postgres/reconciliation_repository.go:30.24,32.3 1 1
cogni-cash/internal/adapter/repository/postgres/reconciliation_repository.go:33.2,33.31 1 1
cogni-cash/internal/adapter/repository/postgres/reconciliation_repository.go:33.31,35.3 1 1
cogni-cash/internal/adapter/repository/postgres/reconciliation_repository.go:37.2,38.16 2 1
cogni-cash/internal/adapter/repository/postgres/reconciliation_repository.go:38.16,40.3 1 0
cogni-cash/internal/adapter/repository/postgres/reconciliation_repository.go:41.2,54.16 3 1
cogni-cash/internal/adapter/repository/postgres/reconciliation_repository.go:54.16,56.3 1 0
cogni-cash/internal/adapter/repository/postgres/reconciliation_repository.go:58.2,64.16 2 1
cogni-cash/internal/adapter/repository/postgres/reconciliation_repository.go:64.16,66.3 1 0
cogni-cash/internal/adapter/repository/postgres/reconciliation_repository.go:68.2,68.39 1 1
cogni-cash/internal/adapter/repository/postgres/reconciliation_repository.go:68.39,70.3 1 0
cogni-cash/internal/adapter/repository/postgres/reconciliation_repository.go:72.2,72.17 1 1
cogni-cash/internal/adapter/repository/postgres/reconciliation_repository.go:75.138,82.2 2 1
cogni-cash/internal/adapter/repository/postgres/reconciliation_repository.go:84.134,91.2 2 0
cogni-cash/internal/adapter/repository/postgres/reconciliation_repository.go:93.116,115.16 2 1
cogni-cash/internal/adapter/repository/postgres/reconciliation_repository.go:115.16,117.3 1 0
cogni-cash/internal/adapter/repository/postgres/reconciliation_repository.go:118.2,121.18 3 1
cogni-cash/internal/adapter/repository/postgres/reconciliation_repository.go:121.18,140.17 5 1
cogni-cash/internal/adapter/repository/postgres/reconciliation_repository.go:140.17,142.4 1 0
cogni-cash/internal/adapter/repository/postgres/reconciliation_repository.go:144.3,144.24 1 1
cogni-cash/internal/adapter/repository/postgres/reconciliation_repository.go:144.24,146.4 1 1
cogni-cash/internal/adapter/repository/postgres/reconciliation_repository.go:147.3,147.24 1 1
cogni-cash/internal/adapter/repository/postgres/reconciliation_repository.go:147.24,149.4 1 1
cogni-cash/internal/adapter/repository/postgres/reconciliation_repository.go:150.3,150.24 1 1
cogni-cash/internal/adapter/repository/postgres/reconciliation_repository.go:150.24,152.4 1 1
cogni-cash/internal/adapter/repository/postgres/reconciliation_repository.go:153.3,153.24 1 1
cogni-cash/internal/adapter/repository/postgres/reconciliation_repository.go:153.24,155.4 1 1
cogni-cash/internal/adapter/repository/postgres/reconciliation_repository.go:156.3,156.28 1 1
cogni-cash/internal/adapter/repository/postgres/reconciliation_repository.go:156.28,158.4 1 1
cogni-cash/internal/adapter/repository/postgres/reconciliation_repository.go:159.3,159.28 1 1
cogni-cash/internal/adapter/repository/postgres/reconciliation_repository.go:159.28,161.4 1 1
cogni-cash/internal/adapter/repository/postgres/reconciliation_repository.go:163.3,163.33 1 1
cogni-cash/internal/adapter/repository/postgres/reconciliation_repository.go:165.2,165.28 1 1
cogni-cash/internal/adapter/repository/postgres/reconciliation_repository.go:172.83,183.2 3 1
cogni-cash/internal/adapter/repository/postgres/reconciliation_repository.go:185.102,187.16 2 1
cogni-cash/internal/adapter/repository/postgres/reconciliation_repository.go:187.16,189.3 1 0
cogni-cash/internal/adapter/repository/postgres/reconciliation_repository.go:190.2,197.16 3 1
cogni-cash/internal/adapter/repository/postgres/reconciliation_repository.go:197.16,199.3 1 0
cogni-cash/internal/adapter/repository/postgres/reconciliation_repository.go:202.2,203.16 2 1
cogni-cash/internal/adapter/repository/postgres/reconciliation_repository.go:203.16,205.3 1 0
cogni-cash/internal/adapter/repository/postgres/reconciliation_repository.go:206.2,206.29 1 1
cogni-cash/internal/adapter/repository/postgres/reconciliation_repository.go:206.29,208.3 1 0
cogni-cash/internal/adapter/repository/postgres/reconciliation_repository.go:210.2,210.23 1 1
cogni-cash/internal/adapter/repository/postgres/settings_repository.go:21.119,27.2 1 1
cogni-cash/internal/adapter/repository/postgres/settings_repository.go:29.101,32.16 3 1
cogni-cash/internal/adapter/repository/postgres/settings_repository.go:32.16,33.36 1 1
cogni-cash/internal/adapter/repository/postgres/settings_repository.go:33.36,36.39 2 1
cogni-cash/internal/adapter/repository/postgres/settings_repository.go:36.39,38.5 1 0
cogni-cash/internal/adapter/repository/postgres/settings_repository.go:39.4,40.18 2 1
cogni-cash/internal/adapter/repository/postgres/settings_repository.go:40.18,42.5 1 0
cogni-cash/internal/adapter/repository/postgres/settings_repository.go:43.4,43.21 1 1
cogni-cash/internal/adapter/repository/postgres/settings_repository.go:45.3,45.17 1 0
cogni-cash/internal/adapter/repository/postgres/settings_repository.go:47.2,47.19 1 1
cogni-cash/internal/adapter/repository/postgres/settings_repository.go:50.103,52.16 2 0
cogni-cash/internal/adapter/repository/postgres/settings_repository.go:52.16,54.3 1 0
cogni-cash/internal/adapter/repository/postgres/settings_repository.go:55.2,58.18 3 0
cogni-cash/internal/adapter/repository/postgres/settings_repository.go:58.18,60.49 2 0
cogni-cash/internal/adapter/repository/postgres/settings_repository.go:60.49,62.4 1 0
cogni-cash/internal/adapter/repository/postgres/settings_repository.go:63.3,63.24 1 0
cogni-cash/internal/adapter/repository/postgres/settings_repository.go:65.2,65.29 1 0
cogni-cash/internal/adapter/repository/postgres/settings_repository.go:68.105,76.2 3 1
cogni-cash/internal/adapter/repository/postgres/user_repository.go:20.81,22.2 1 1
cogni-cash/internal/adapter/repository/postgres/user_repository.go:24.100,30.16 4 1
cogni-cash/internal/adapter/repository/postgres/user_repository.go:30.16,31.36 1 0
cogni-cash/internal/adapter/repository/postgres/user_repository.go:31.36,33.4 1 0
cogni-cash/internal/adapter/repository/postgres/user_repository.go:34.3,34.28 1 0
cogni-cash/internal/adapter/repository/postgres/user_repository.go:36.2,36.18 1 1
cogni-cash/internal/adapter/repository/postgres/user_repository.go:39.91,45.16 4 1
cogni-cash/internal/adapter/repository/postgres/user_repository.go:45.16,46.36 1 0
cogni-cash/internal/adapter/repository/postgres/user_repository.go:46.36,48.4 1 0
cogni-cash/internal/adapter/repository/postgres/user_repository.go:49.3,49.28 1 0
cogni-cash/internal/adapter/repository/postgres/user_repository.go:51.2,51.18 1 1
cogni-cash/internal/adapter/repository/postgres/user_repository.go:54.77,57.16 3 1
cogni-cash/internal/adapter/repository/postgres/user_repository.go:57.16,58.36 1 0
cogni-cash/internal/adapter/repository/postgres/user_repository.go:58.36,60.4 1 0
cogni-cash/internal/adapter/repository/postgres/user_repository.go:61.3,61.23 1 0
cogni-cash/internal/adapter/repository/postgres/user_repository.go:63.2,63.16 1 1
cogni-cash/internal/adapter/repository/postgres/user_repository.go:66.93,70.18 3 0
cogni-cash/internal/adapter/repository/postgres/user_repository.go:70.18,77.3 2 0
cogni-cash/internal/adapter/repository/postgres/user_repository.go:77.8,80.3 2 0
cogni-cash/internal/adapter/repository/postgres/user_repository.go:82.2,82.16 1 0
cogni-cash/internal/adapter/repository/postgres/user_repository.go:82.16,84.3 1 0
cogni-cash/internal/adapter/repository/postgres/user_repository.go:85.2,88.18 3 0
cogni-cash/internal/adapter/repository/postgres/user_repository.go:88.18,90.117 2 0
cogni-cash/internal/adapter/repository/postgres/user_repository.go:90.117,92.4 1 0
cogni-cash/internal/adapter/repository/postgres/user_repository.go:93.3,93.30 1 0
cogni-cash/internal/adapter/repository/postgres/user_repository.go:95.2,95.26 1 0
cogni-cash/internal/adapter/repository/postgres/user_repository.go:98.78,106.2 3 0
cogni-cash/internal/adapter/repository/postgres/user_repository.go:108.78,116.16 3 0
cogni-cash/internal/adapter/repository/postgres/user_repository.go:116.16,118.3 1 0
cogni-cash/internal/adapter/repository/postgres/user_repository.go:119.2,119.32 1 0
cogni-cash/internal/adapter/repository/postgres/user_repository.go:119.32,121.3 1 0
cogni-cash/internal/adapter/repository/postgres/user_repository.go:122.2,122.12 1 0
cogni-cash/internal/adapter/repository/postgres/user_repository.go:125.78,142.2 3 1
cogni-cash/internal/adapter/repository/postgres/user_repository.go:144.102,147.16 3 1
cogni-cash/internal/adapter/repository/postgres/user_repository.go:147.16,149.3 1 0
cogni-cash/internal/adapter/repository/postgres/user_repository.go:150.2,150.32 1 1
cogni-cash/internal/adapter/repository/postgres/user_repository.go:150.32,152.3 1 0
cogni-cash/internal/adapter/repository/postgres/user_repository.go:153.2,153.12 1 1
cogni-cash/internal/adapter/repository/postgres/user_repository.go:156.74,159.16 3 0
cogni-cash/internal/adapter/repository/postgres/user_repository.go:159.16,161.3 1 0
cogni-cash/internal/adapter/repository/postgres/user_repository.go:162.2,162.32 1 0
cogni-cash/internal/adapter/repository/postgres/user_repository.go:162.32,164.3 1 0
cogni-cash/internal/adapter/repository/postgres/user_repository.go:165.2,165.12 1 0
