mode: set
cogni-cash/internal/domain/service/auth_service.go:26.96,32.2 1 1
cogni-cash/internal/domain/service/auth_service.go:35.93,36.19 1 1
cogni-cash/internal/domain/service/auth_service.go:36.19,38.3 1 1
cogni-cash/internal/domain/service/auth_service.go:40.2,41.16 2 1
cogni-cash/internal/domain/service/auth_service.go:41.16,44.3 2 1
cogni-cash/internal/domain/service/auth_service.go:46.2,46.99 1 1
cogni-cash/internal/domain/service/auth_service.go:46.99,49.3 2 1
cogni-cash/internal/domain/service/auth_service.go:51.2,57.16 3 1
cogni-cash/internal/domain/service/auth_service.go:57.16,60.3 2 0
cogni-cash/internal/domain/service/auth_service.go:62.2,62.25 1 1
cogni-cash/internal/domain/service/auth_service.go:66.73,67.83 1 1
cogni-cash/internal/domain/service/auth_service.go:67.83,68.58 1 1
cogni-cash/internal/domain/service/auth_service.go:68.58,70.4 1 0
cogni-cash/internal/domain/service/auth_service.go:71.3,71.26 1 1
cogni-cash/internal/domain/service/auth_service.go:74.2,74.32 1 1
cogni-cash/internal/domain/service/auth_service.go:74.32,76.3 1 1
cogni-cash/internal/domain/service/auth_service.go:78.2,79.9 2 1
cogni-cash/internal/domain/service/auth_service.go:79.9,81.3 1 0
cogni-cash/internal/domain/service/auth_service.go:83.2,84.16 2 1
cogni-cash/internal/domain/service/auth_service.go:84.16,86.3 1 0
cogni-cash/internal/domain/service/auth_service.go:88.2,88.17 1 1
cogni-cash/internal/domain/service/auth_service.go:92.116,94.16 2 1
cogni-cash/internal/domain/service/auth_service.go:94.16,96.3 1 1
cogni-cash/internal/domain/service/auth_service.go:99.2,100.16 2 1
cogni-cash/internal/domain/service/auth_service.go:100.16,102.3 1 1
cogni-cash/internal/domain/service/auth_service.go:105.2,105.102 1 1
cogni-cash/internal/domain/service/auth_service.go:105.102,108.3 2 1
cogni-cash/internal/domain/service/auth_service.go:111.2,112.16 2 1
cogni-cash/internal/domain/service/auth_service.go:112.16,115.3 2 0
cogni-cash/internal/domain/service/auth_service.go:118.2,118.76 1 1
cogni-cash/internal/domain/service/auth_service.go:118.76,120.3 1 0
cogni-cash/internal/domain/service/auth_service.go:122.2,123.12 2 1
cogni-cash/internal/domain/service/auth_service.go:130.98,131.43 1 1
cogni-cash/internal/domain/service/auth_service.go:131.43,134.3 2 1
cogni-cash/internal/domain/service/auth_service.go:138.2,139.16 2 1
cogni-cash/internal/domain/service/auth_service.go:139.16,140.97 1 1
cogni-cash/internal/domain/service/auth_service.go:140.97,143.4 2 1
cogni-cash/internal/domain/service/auth_service.go:145.3,146.21 2 1
cogni-cash/internal/domain/service/auth_service.go:146.21,148.4 1 0
cogni-cash/internal/domain/service/auth_service.go:149.3,149.94 1 1
cogni-cash/internal/domain/service/auth_service.go:149.94,151.4 1 0
cogni-cash/internal/domain/service/auth_service.go:152.3,153.13 2 1
cogni-cash/internal/domain/service/auth_service.go:157.2,158.16 2 1
cogni-cash/internal/domain/service/auth_service.go:158.16,160.3 1 0
cogni-cash/internal/domain/service/auth_service.go:162.2,172.49 2 1
cogni-cash/internal/domain/service/auth_service.go:172.49,174.3 1 0
cogni-cash/internal/domain/service/auth_service.go:176.2,177.12 2 1
cogni-cash/internal/domain/service/bank_statement_service.go:36.108,37.19 1 1
cogni-cash/internal/domain/service/bank_statement_service.go:37.19,39.3 1 0
cogni-cash/internal/domain/service/bank_statement_service.go:40.2,44.3 1 1
cogni-cash/internal/domain/service/bank_statement_service.go:47.106,50.2 2 0
cogni-cash/internal/domain/service/bank_statement_service.go:52.92,55.2 2 1
cogni-cash/internal/domain/service/bank_statement_service.go:57.104,58.19 1 1
cogni-cash/internal/domain/service/bank_statement_service.go:58.19,60.3 1 0
cogni-cash/internal/domain/service/bank_statement_service.go:62.2,63.16 2 1
cogni-cash/internal/domain/service/bank_statement_service.go:63.16,65.3 1 0
cogni-cash/internal/domain/service/bank_statement_service.go:67.2,70.32 3 1
cogni-cash/internal/domain/service/bank_statement_service.go:70.32,71.20 1 1
cogni-cash/internal/domain/service/bank_statement_service.go:71.20,72.12 1 0
cogni-cash/internal/domain/service/bank_statement_service.go:75.3,76.35 2 1
cogni-cash/internal/domain/service/bank_statement_service.go:76.35,77.12 1 1
cogni-cash/internal/domain/service/bank_statement_service.go:80.3,82.17 3 1
cogni-cash/internal/domain/service/bank_statement_service.go:82.17,83.36 1 0
cogni-cash/internal/domain/service/bank_statement_service.go:83.36,85.13 2 0
cogni-cash/internal/domain/service/bank_statement_service.go:87.4,88.12 2 0
cogni-cash/internal/domain/service/bank_statement_service.go:90.3,90.18 1 1
cogni-cash/internal/domain/service/bank_statement_service.go:93.2,93.28 1 1
cogni-cash/internal/domain/service/bank_statement_service.go:96.162,98.20 2 1
cogni-cash/internal/domain/service/bank_statement_service.go:98.20,100.3 1 0
cogni-cash/internal/domain/service/bank_statement_service.go:102.2,107.11 5 1
cogni-cash/internal/domain/service/bank_statement_service.go:107.11,108.30 1 0
cogni-cash/internal/domain/service/bank_statement_service.go:108.30,111.23 3 0
cogni-cash/internal/domain/service/bank_statement_service.go:111.23,112.42 1 0
cogni-cash/internal/domain/service/bank_statement_service.go:112.42,114.6 1 0
cogni-cash/internal/domain/service/bank_statement_service.go:114.11,117.6 2 0
cogni-cash/internal/domain/service/bank_statement_service.go:118.10,120.5 1 0
cogni-cash/internal/domain/service/bank_statement_service.go:121.9,123.4 1 0
cogni-cash/internal/domain/service/bank_statement_service.go:124.8,125.43 1 1
cogni-cash/internal/domain/service/bank_statement_service.go:125.43,127.38 2 1
cogni-cash/internal/domain/service/bank_statement_service.go:127.38,129.24 2 1
cogni-cash/internal/domain/service/bank_statement_service.go:129.24,130.43 1 1
cogni-cash/internal/domain/service/bank_statement_service.go:130.43,132.15 2 0
cogni-cash/internal/domain/service/bank_statement_service.go:134.6,135.11 2 1
cogni-cash/internal/domain/service/bank_statement_service.go:138.5,138.159 1 0
cogni-cash/internal/domain/service/bank_statement_service.go:138.159,139.14 1 0
cogni-cash/internal/domain/service/bank_statement_service.go:142.5,143.10 2 0
cogni-cash/internal/domain/service/bank_statement_service.go:146.4,146.27 1 1
cogni-cash/internal/domain/service/bank_statement_service.go:146.27,147.23 1 0
cogni-cash/internal/domain/service/bank_statement_service.go:147.23,149.6 1 0
cogni-cash/internal/domain/service/bank_statement_service.go:149.11,151.6 1 0
cogni-cash/internal/domain/service/bank_statement_service.go:153.9,155.4 1 0
cogni-cash/internal/domain/service/bank_statement_service.go:158.2,158.25 1 1
cogni-cash/internal/domain/service/bank_statement_service.go:158.25,160.3 1 0
cogni-cash/internal/domain/service/bank_statement_service.go:162.2,162.24 1 1
cogni-cash/internal/domain/service/bank_statement_service.go:162.24,164.36 2 0
cogni-cash/internal/domain/service/bank_statement_service.go:164.36,166.4 1 0
cogni-cash/internal/domain/service/bank_statement_service.go:167.8,167.37 1 1
cogni-cash/internal/domain/service/bank_statement_service.go:167.37,169.36 2 1
cogni-cash/internal/domain/service/bank_statement_service.go:169.36,171.4 1 1
cogni-cash/internal/domain/service/bank_statement_service.go:174.2,175.16 2 1
cogni-cash/internal/domain/service/bank_statement_service.go:175.16,177.3 1 0
cogni-cash/internal/domain/service/bank_statement_service.go:178.2,180.27 2 1
cogni-cash/internal/domain/service/bank_statement_service.go:180.27,182.3 1 1
cogni-cash/internal/domain/service/bank_statement_service.go:184.2,184.28 1 1
cogni-cash/internal/domain/service/bank_statement_service.go:184.28,188.3 3 1
cogni-cash/internal/domain/service/bank_statement_service.go:190.2,191.35 2 1
cogni-cash/internal/domain/service/bank_statement_service.go:191.35,192.45 1 1
cogni-cash/internal/domain/service/bank_statement_service.go:192.45,200.4 6 1
cogni-cash/internal/domain/service/bank_statement_service.go:203.2,203.49 1 1
cogni-cash/internal/domain/service/bank_statement_service.go:203.49,205.40 2 1
cogni-cash/internal/domain/service/bank_statement_service.go:205.40,206.48 1 1
cogni-cash/internal/domain/service/bank_statement_service.go:206.48,208.5 1 1
cogni-cash/internal/domain/service/bank_statement_service.go:209.4,209.47 1 1
cogni-cash/internal/domain/service/bank_statement_service.go:209.47,211.5 1 1
cogni-cash/internal/domain/service/bank_statement_service.go:214.3,220.42 3 1
cogni-cash/internal/domain/service/bank_statement_service.go:220.42,227.41 5 1
cogni-cash/internal/domain/service/bank_statement_service.go:227.41,229.20 2 1
cogni-cash/internal/domain/service/bank_statement_service.go:229.20,231.34 2 1
cogni-cash/internal/domain/service/bank_statement_service.go:231.34,233.7 1 1
cogni-cash/internal/domain/service/bank_statement_service.go:234.6,237.81 3 1
cogni-cash/internal/domain/service/bank_statement_service.go:238.11,240.6 1 1
cogni-cash/internal/domain/service/bank_statement_service.go:243.4,246.35 3 1
cogni-cash/internal/domain/service/bank_statement_service.go:246.35,249.5 2 0
cogni-cash/internal/domain/service/bank_statement_service.go:250.9,250.24 1 1
cogni-cash/internal/domain/service/bank_statement_service.go:250.24,252.4 1 0
cogni-cash/internal/domain/service/bank_statement_service.go:255.2,255.19 1 1
cogni-cash/internal/domain/service/bank_statement_service.go:255.19,256.48 1 1
cogni-cash/internal/domain/service/bank_statement_service.go:256.48,257.36 1 0
cogni-cash/internal/domain/service/bank_statement_service.go:257.36,260.5 2 0
cogni-cash/internal/domain/service/bank_statement_service.go:261.4,262.89 2 0
cogni-cash/internal/domain/service/bank_statement_service.go:266.2,267.18 2 1
cogni-cash/internal/domain/service/bank_statement_service.go:270.116,274.34 3 1
cogni-cash/internal/domain/service/bank_statement_service.go:274.34,277.39 3 1
cogni-cash/internal/domain/service/bank_statement_service.go:277.39,278.12 1 0
cogni-cash/internal/domain/service/bank_statement_service.go:281.3,281.46 1 1
cogni-cash/internal/domain/service/bank_statement_service.go:281.46,282.12 1 0
cogni-cash/internal/domain/service/bank_statement_service.go:285.3,288.61 3 1
cogni-cash/internal/domain/service/bank_statement_service.go:288.61,290.4 1 1
cogni-cash/internal/domain/service/bank_statement_service.go:292.2,292.11 1 1
cogni-cash/internal/domain/service/bank_statement_service.go:295.48,297.13 2 1
cogni-cash/internal/domain/service/bank_statement_service.go:297.13,299.3 1 1
cogni-cash/internal/domain/service/bank_statement_service.go:300.2,300.51 1 1
cogni-cash/internal/domain/service/bank_statement_service.go:303.73,304.52 1 1
cogni-cash/internal/domain/service/bank_statement_service.go:304.52,306.3 1 0
cogni-cash/internal/domain/service/bank_statement_service.go:308.2,308.56 1 1
cogni-cash/internal/domain/service/bank_statement_service.go:308.56,310.3 1 1
cogni-cash/internal/domain/service/bank_statement_service.go:313.2,313.38 1 1
cogni-cash/internal/domain/service/bank_statement_service.go:313.38,315.3 1 0
cogni-cash/internal/domain/service/bank_statement_service.go:316.2,316.39 1 1
cogni-cash/internal/domain/service/bank_statement_service.go:316.39,318.3 1 0
cogni-cash/internal/domain/service/bank_statement_service.go:320.2,320.14 1 1
cogni-cash/internal/domain/service/bank_statement_service.go:323.89,324.19 1 1
cogni-cash/internal/domain/service/bank_statement_service.go:324.19,326.3 1 0
cogni-cash/internal/domain/service/bank_statement_service.go:327.2,327.31 1 1
cogni-cash/internal/domain/service/categorization_service.go:28.161,35.2 1 1
cogni-cash/internal/domain/service/categorization_service.go:39.113,40.19 1 1
cogni-cash/internal/domain/service/categorization_service.go:40.19,43.3 2 1
cogni-cash/internal/domain/service/categorization_service.go:45.2,46.33 2 1
cogni-cash/internal/domain/service/categorization_service.go:46.33,48.3 1 1
cogni-cash/internal/domain/service/categorization_service.go:50.2,55.16 3 1
cogni-cash/internal/domain/service/categorization_service.go:55.16,58.3 2 1
cogni-cash/internal/domain/service/categorization_service.go:61.2,76.57 5 1
cogni-cash/internal/domain/service/categorization_service.go:76.57,79.3 2 1
cogni-cash/internal/domain/service/categorization_service.go:81.2,82.21 2 1
cogni-cash/internal/domain/service/categorization_service.go:87.78,88.33 1 1
cogni-cash/internal/domain/service/categorization_service.go:88.33,89.21 1 1
cogni-cash/internal/domain/service/categorization_service.go:89.21,91.4 1 1
cogni-cash/internal/domain/service/categorization_service.go:93.2,93.63 1 1
cogni-cash/internal/domain/service/job_manager.go:26.34,33.2 1 1
cogni-cash/internal/domain/service/job_manager.go:35.73,39.24 3 1
cogni-cash/internal/domain/service/job_manager.go:39.24,41.3 1 1
cogni-cash/internal/domain/service/job_manager.go:43.2,50.12 7 1
cogni-cash/internal/domain/service/job_manager.go:53.84,59.2 4 1
cogni-cash/internal/domain/service/job_manager.go:61.45,68.2 5 1
cogni-cash/internal/domain/service/job_manager.go:70.32,74.26 3 1
cogni-cash/internal/domain/service/job_manager.go:74.26,77.3 2 1
cogni-cash/internal/domain/service/job_manager.go:80.48,94.2 5 1
cogni-cash/internal/domain/service/payslip_service.go:27.152,34.2 1 1
cogni-cash/internal/domain/service/payslip_service.go:36.173,42.16 5 1
cogni-cash/internal/domain/service/payslip_service.go:42.16,44.3 1 0
cogni-cash/internal/domain/service/payslip_service.go:45.2,45.12 1 1
cogni-cash/internal/domain/service/payslip_service.go:45.12,47.3 1 1
cogni-cash/internal/domain/service/payslip_service.go:49.2,52.11 3 1
cogni-cash/internal/domain/service/payslip_service.go:52.11,55.22 3 1
cogni-cash/internal/domain/service/payslip_service.go:55.22,57.4 1 0
cogni-cash/internal/domain/service/payslip_service.go:58.8,61.108 2 1
cogni-cash/internal/domain/service/payslip_service.go:61.108,65.18 2 1
cogni-cash/internal/domain/service/payslip_service.go:65.18,70.21 4 1
cogni-cash/internal/domain/service/payslip_service.go:70.21,72.6 1 1
cogni-cash/internal/domain/service/payslip_service.go:73.5,73.24 1 1
cogni-cash/internal/domain/service/payslip_service.go:74.10,76.5 1 0
cogni-cash/internal/domain/service/payslip_service.go:80.2,80.22 1 1
cogni-cash/internal/domain/service/payslip_service.go:80.22,81.36 1 1
cogni-cash/internal/domain/service/payslip_service.go:81.36,83.4 1 1
cogni-cash/internal/domain/service/payslip_service.go:84.3,84.32 1 1
cogni-cash/internal/domain/service/payslip_service.go:84.32,86.4 1 0
cogni-cash/internal/domain/service/payslip_service.go:87.3,87.35 1 1
cogni-cash/internal/domain/service/payslip_service.go:87.35,89.4 1 1
cogni-cash/internal/domain/service/payslip_service.go:90.3,90.31 1 1
cogni-cash/internal/domain/service/payslip_service.go:90.31,92.4 1 0
cogni-cash/internal/domain/service/payslip_service.go:93.3,93.28 1 1
cogni-cash/internal/domain/service/payslip_service.go:93.28,95.4 1 0
cogni-cash/internal/domain/service/payslip_service.go:96.3,96.30 1 1
cogni-cash/internal/domain/service/payslip_service.go:96.30,98.4 1 1
cogni-cash/internal/domain/service/payslip_service.go:99.3,99.28 1 1
cogni-cash/internal/domain/service/payslip_service.go:99.28,101.4 1 0
cogni-cash/internal/domain/service/payslip_service.go:102.3,102.34 1 1
cogni-cash/internal/domain/service/payslip_service.go:102.34,104.4 1 0
cogni-cash/internal/domain/service/payslip_service.go:105.3,105.38 1 1
cogni-cash/internal/domain/service/payslip_service.go:105.38,107.4 1 0
cogni-cash/internal/domain/service/payslip_service.go:108.3,108.33 1 1
cogni-cash/internal/domain/service/payslip_service.go:108.33,110.4 1 0
cogni-cash/internal/domain/service/payslip_service.go:113.2,119.51 6 1
cogni-cash/internal/domain/service/payslip_service.go:119.51,121.3 1 0
cogni-cash/internal/domain/service/payslip_service.go:123.2,124.22 2 1
cogni-cash/internal/domain/service/payslip_service.go:127.85,128.42 1 1
cogni-cash/internal/domain/service/payslip_service.go:128.42,134.17 5 1
cogni-cash/internal/domain/service/payslip_service.go:134.17,136.4 1 0
cogni-cash/internal/domain/service/payslip_service.go:137.3,137.13 1 1
cogni-cash/internal/domain/service/payslip_service.go:137.13,139.4 1 1
cogni-cash/internal/domain/service/payslip_service.go:142.2,142.36 1 1
cogni-cash/internal/domain/service/payslip_service.go:145.71,147.2 1 1
cogni-cash/internal/domain/service/payslip_service.go:164.145,166.16 2 1
cogni-cash/internal/domain/service/payslip_service.go:166.16,167.25 1 1
cogni-cash/internal/domain/service/payslip_service.go:167.25,169.4 1 1
cogni-cash/internal/domain/service/payslip_service.go:170.3,170.74 1 0
cogni-cash/internal/domain/service/payslip_service.go:173.2,174.55 2 1
cogni-cash/internal/domain/service/payslip_service.go:174.55,176.3 1 0
cogni-cash/internal/domain/service/payslip_service.go:178.2,182.32 3 1
cogni-cash/internal/domain/service/payslip_service.go:182.32,183.10 1 1
cogni-cash/internal/domain/service/payslip_service.go:184.21,185.45 1 0
cogni-cash/internal/domain/service/payslip_service.go:186.11,186.11 0 1
cogni-cash/internal/domain/service/payslip_service.go:189.3,189.35 1 1
cogni-cash/internal/domain/service/payslip_service.go:189.35,191.12 2 1
cogni-cash/internal/domain/service/payslip_service.go:194.3,195.22 2 1
cogni-cash/internal/domain/service/payslip_service.go:195.22,197.12 2 0
cogni-cash/internal/domain/service/payslip_service.go:199.3,199.13 1 1
cogni-cash/internal/domain/service/payslip_service.go:199.13,202.12 3 1
cogni-cash/internal/domain/service/payslip_service.go:205.3,212.21 6 1
cogni-cash/internal/domain/service/payslip_service.go:212.21,217.4 4 1
cogni-cash/internal/domain/service/payslip_service.go:217.9,221.4 3 0
cogni-cash/internal/domain/service/payslip_service.go:223.3,224.22 2 1
cogni-cash/internal/domain/service/payslip_service.go:224.22,226.12 2 0
cogni-cash/internal/domain/service/payslip_service.go:228.3,228.17 1 1
cogni-cash/internal/domain/service/payslip_service.go:228.17,230.12 2 0
cogni-cash/internal/domain/service/payslip_service.go:233.3,249.36 2 1
cogni-cash/internal/domain/service/payslip_service.go:249.36,251.4 1 0
cogni-cash/internal/domain/service/payslip_service.go:253.3,253.54 1 1
cogni-cash/internal/domain/service/payslip_service.go:253.54,255.12 2 0
cogni-cash/internal/domain/service/payslip_service.go:258.3,266.25 3 1
cogni-cash/internal/domain/service/payslip_service.go:266.25,267.86 1 1
cogni-cash/internal/domain/service/payslip_service.go:267.86,270.5 1 0
cogni-cash/internal/domain/service/payslip_service.go:270.10,270.31 1 1
cogni-cash/internal/domain/service/payslip_service.go:270.31,272.5 1 1
cogni-cash/internal/domain/service/payslip_service.go:276.2,279.37 2 1
cogni-cash/internal/domain/service/reconciliation_service.go:27.151,28.19 1 1
cogni-cash/internal/domain/service/reconciliation_service.go:28.19,30.3 1 1
cogni-cash/internal/domain/service/reconciliation_service.go:31.2,35.3 1 1
cogni-cash/internal/domain/service/reconciliation_service.go:42.34,43.33 1 1
cogni-cash/internal/domain/service/reconciliation_service.go:43.33,45.3 1 1
cogni-cash/internal/domain/service/reconciliation_service.go:47.2,49.16 3 1
cogni-cash/internal/domain/service/reconciliation_service.go:49.16,51.3 1 0
cogni-cash/internal/domain/service/reconciliation_service.go:53.2,54.22 2 1
cogni-cash/internal/domain/service/reconciliation_service.go:54.22,55.46 1 1
cogni-cash/internal/domain/service/reconciliation_service.go:55.46,57.4 1 1
cogni-cash/internal/domain/service/reconciliation_service.go:58.3,58.42 1 1
cogni-cash/internal/domain/service/reconciliation_service.go:58.42,60.4 1 1
cogni-cash/internal/domain/service/reconciliation_service.go:63.2,63.25 1 1
cogni-cash/internal/domain/service/reconciliation_service.go:63.25,65.3 1 1
cogni-cash/internal/domain/service/reconciliation_service.go:66.2,66.21 1 1
cogni-cash/internal/domain/service/reconciliation_service.go:66.21,68.3 1 1
cogni-cash/internal/domain/service/reconciliation_service.go:71.2,71.58 1 1
cogni-cash/internal/domain/service/reconciliation_service.go:71.58,73.3 1 1
cogni-cash/internal/domain/service/reconciliation_service.go:75.2,84.16 3 1
cogni-cash/internal/domain/service/reconciliation_service.go:84.16,86.3 1 0
cogni-cash/internal/domain/service/reconciliation_service.go:88.2,93.19 2 1
cogni-cash/internal/domain/service/reconciliation_service.go:96.145,97.26 1 1
cogni-cash/internal/domain/service/reconciliation_service.go:97.26,99.3 1 1
cogni-cash/internal/domain/service/reconciliation_service.go:101.2,105.16 3 1
cogni-cash/internal/domain/service/reconciliation_service.go:105.16,107.3 1 0
cogni-cash/internal/domain/service/reconciliation_service.go:109.2,113.29 4 1
cogni-cash/internal/domain/service/reconciliation_service.go:113.29,114.20 1 1
cogni-cash/internal/domain/service/reconciliation_service.go:114.20,116.4 1 1
cogni-cash/internal/domain/service/reconciliation_service.go:116.9,116.27 1 1
cogni-cash/internal/domain/service/reconciliation_service.go:116.27,118.4 1 1
cogni-cash/internal/domain/service/reconciliation_service.go:121.2,121.31 1 1
cogni-cash/internal/domain/service/reconciliation_service.go:121.31,122.36 1 1
cogni-cash/internal/domain/service/reconciliation_service.go:122.36,123.12 1 0
cogni-cash/internal/domain/service/reconciliation_service.go:126.3,126.34 1 1
cogni-cash/internal/domain/service/reconciliation_service.go:126.34,127.38 1 1
cogni-cash/internal/domain/service/reconciliation_service.go:127.38,128.13 1 0
cogni-cash/internal/domain/service/reconciliation_service.go:132.4,132.51 1 1
cogni-cash/internal/domain/service/reconciliation_service.go:132.51,133.13 1 1
cogni-cash/internal/domain/service/reconciliation_service.go:138.4,138.52 1 1
cogni-cash/internal/domain/service/reconciliation_service.go:138.52,139.13 1 0
cogni-cash/internal/domain/service/reconciliation_service.go:142.4,142.51 1 1
cogni-cash/internal/domain/service/reconciliation_service.go:142.51,145.49 2 1
cogni-cash/internal/domain/service/reconciliation_service.go:145.49,154.11 4 1
cogni-cash/internal/domain/service/reconciliation_service.go:160.2,160.25 1 1
cogni-cash/internal/domain/service/reconciliation_service.go:163.95,164.33 1 1
cogni-cash/internal/domain/service/reconciliation_service.go:164.33,166.3 1 1
cogni-cash/internal/domain/service/reconciliation_service.go:168.2,169.16 2 1
cogni-cash/internal/domain/service/reconciliation_service.go:169.16,171.3 1 1
cogni-cash/internal/domain/service/reconciliation_service.go:173.2,174.12 2 1
cogni-cash/internal/domain/service/settings_service.go:15.93,16.19 1 1
cogni-cash/internal/domain/service/settings_service.go:16.19,18.3 1 1
cogni-cash/internal/domain/service/settings_service.go:19.2,22.3 1 1
cogni-cash/internal/domain/service/settings_service.go:25.82,27.2 1 1
cogni-cash/internal/domain/service/settings_service.go:29.97,30.35 1 1
cogni-cash/internal/domain/service/settings_service.go:30.35,31.53 1 1
cogni-cash/internal/domain/service/settings_service.go:31.53,34.4 2 1
cogni-cash/internal/domain/service/settings_service.go:36.2,36.12 1 1
cogni-cash/internal/domain/service/transaction_service.go:28.170,29.19 1 1
cogni-cash/internal/domain/service/transaction_service.go:29.19,31.3 1 0
cogni-cash/internal/domain/service/transaction_service.go:32.2,38.3 1 1
cogni-cash/internal/domain/service/transaction_service.go:41.145,42.19 1 1
cogni-cash/internal/domain/service/transaction_service.go:42.19,44.3 1 0
cogni-cash/internal/domain/service/transaction_service.go:46.2,47.16 2 1
cogni-cash/internal/domain/service/transaction_service.go:47.16,49.3 1 0
cogni-cash/internal/domain/service/transaction_service.go:51.2,52.27 2 1
cogni-cash/internal/domain/service/transaction_service.go:52.27,54.3 1 1
cogni-cash/internal/domain/service/transaction_service.go:55.2,56.25 2 1
cogni-cash/internal/domain/service/transaction_service.go:56.25,58.3 1 1
cogni-cash/internal/domain/service/transaction_service.go:60.2,66.20 2 1
cogni-cash/internal/domain/service/transaction_service.go:66.20,68.3 1 0
cogni-cash/internal/domain/service/transaction_service.go:70.2,77.26 6 1
cogni-cash/internal/domain/service/transaction_service.go:77.26,78.22 1 1
cogni-cash/internal/domain/service/transaction_service.go:78.22,79.12 1 0
cogni-cash/internal/domain/service/transaction_service.go:82.3,83.43 2 1
cogni-cash/internal/domain/service/transaction_service.go:83.43,85.4 1 1
cogni-cash/internal/domain/service/transaction_service.go:87.3,88.27 2 1
cogni-cash/internal/domain/service/transaction_service.go:88.27,89.27 1 1
cogni-cash/internal/domain/service/transaction_service.go:89.27,90.31 1 1
cogni-cash/internal/domain/service/transaction_service.go:90.31,92.11 2 1
cogni-cash/internal/domain/service/transaction_service.go:97.3,97.21 1 1
cogni-cash/internal/domain/service/transaction_service.go:97.21,101.4 3 1
cogni-cash/internal/domain/service/transaction_service.go:101.9,108.22 6 1
cogni-cash/internal/domain/service/transaction_service.go:108.22,110.5 1 0
cogni-cash/internal/domain/service/transaction_service.go:111.4,111.22 1 1
cogni-cash/internal/domain/service/transaction_service.go:111.22,113.5 1 0
cogni-cash/internal/domain/service/transaction_service.go:113.10,113.33 1 1
cogni-cash/internal/domain/service/transaction_service.go:113.33,115.5 1 0
cogni-cash/internal/domain/service/transaction_service.go:116.4,116.45 1 1
cogni-cash/internal/domain/service/transaction_service.go:120.2,122.41 2 1
cogni-cash/internal/domain/service/transaction_service.go:122.41,124.18 2 1
cogni-cash/internal/domain/service/transaction_service.go:124.18,126.4 1 0
cogni-cash/internal/domain/service/transaction_service.go:127.3,132.5 1 1
cogni-cash/internal/domain/service/transaction_service.go:135.2,135.40 1 1
cogni-cash/internal/domain/service/transaction_service.go:135.40,137.18 2 1
cogni-cash/internal/domain/service/transaction_service.go:137.18,139.4 1 0
cogni-cash/internal/domain/service/transaction_service.go:140.3,145.5 1 1
cogni-cash/internal/domain/service/transaction_service.go:148.2,148.56 1 1
cogni-cash/internal/domain/service/transaction_service.go:148.56,150.3 1 1
cogni-cash/internal/domain/service/transaction_service.go:152.2,152.35 1 1
cogni-cash/internal/domain/service/transaction_service.go:152.35,154.3 1 1
cogni-cash/internal/domain/service/transaction_service.go:156.2,156.52 1 1
cogni-cash/internal/domain/service/transaction_service.go:156.52,158.3 1 0
cogni-cash/internal/domain/service/transaction_service.go:160.2,160.51 1 1
cogni-cash/internal/domain/service/transaction_service.go:160.51,165.3 1 1
cogni-cash/internal/domain/service/transaction_service.go:167.2,167.54 1 1
cogni-cash/internal/domain/service/transaction_service.go:167.54,169.3 1 0
cogni-cash/internal/domain/service/transaction_service.go:170.2,170.34 1 1
cogni-cash/internal/domain/service/transaction_service.go:170.34,172.3 1 0
cogni-cash/internal/domain/service/transaction_service.go:174.2,174.20 1 1
cogni-cash/internal/domain/service/transaction_service.go:177.97,178.18 1 1
cogni-cash/internal/domain/service/transaction_service.go:178.18,180.3 1 0
cogni-cash/internal/domain/service/transaction_service.go:182.2,183.16 2 1
cogni-cash/internal/domain/service/transaction_service.go:183.16,185.3 1 0
cogni-cash/internal/domain/service/transaction_service.go:187.2,188.29 2 1
cogni-cash/internal/domain/service/transaction_service.go:188.29,189.27 1 1
cogni-cash/internal/domain/service/transaction_service.go:189.27,195.4 1 1
cogni-cash/internal/domain/service/transaction_service.go:198.2,198.28 1 1
cogni-cash/internal/domain/service/transaction_service.go:198.28,200.3 1 0
cogni-cash/internal/domain/service/transaction_service.go:202.2,203.16 2 1
cogni-cash/internal/domain/service/transaction_service.go:203.16,205.3 1 0
cogni-cash/internal/domain/service/transaction_service.go:207.2,209.74 2 1
cogni-cash/internal/domain/service/transaction_service.go:209.74,212.3 2 0
cogni-cash/internal/domain/service/transaction_service.go:214.2,216.12 2 1
cogni-cash/internal/domain/service/transaction_service.go:219.151,221.15 2 1
cogni-cash/internal/domain/service/transaction_service.go:221.15,222.50 1 1
cogni-cash/internal/domain/service/transaction_service.go:222.50,224.4 1 1
cogni-cash/internal/domain/service/transaction_service.go:227.2,228.31 2 1
cogni-cash/internal/domain/service/transaction_service.go:228.31,230.3 1 1
cogni-cash/internal/domain/service/transaction_service.go:232.2,232.20 1 1
cogni-cash/internal/domain/service/transaction_service.go:232.20,234.3 1 0
cogni-cash/internal/domain/service/transaction_service.go:236.2,236.44 1 1
cogni-cash/internal/domain/service/transaction_service.go:236.44,237.10 1 1
cogni-cash/internal/domain/service/transaction_service.go:238.21,240.10 2 0
cogni-cash/internal/domain/service/transaction_service.go:241.11,241.11 0 1
cogni-cash/internal/domain/service/transaction_service.go:244.3,245.22 2 1
cogni-cash/internal/domain/service/transaction_service.go:245.22,247.4 1 1
cogni-cash/internal/domain/service/transaction_service.go:248.3,251.17 3 1
cogni-cash/internal/domain/service/transaction_service.go:251.17,252.24 1 0
cogni-cash/internal/domain/service/transaction_service.go:252.24,254.5 1 0
cogni-cash/internal/domain/service/transaction_service.go:254.10,256.13 2 0
cogni-cash/internal/domain/service/transaction_service.go:258.4,258.10 1 0
cogni-cash/internal/domain/service/transaction_service.go:261.3,262.31 2 1
cogni-cash/internal/domain/service/transaction_service.go:262.31,264.40 2 1
cogni-cash/internal/domain/service/transaction_service.go:264.40,265.38 1 1
cogni-cash/internal/domain/service/transaction_service.go:265.38,267.11 2 1
cogni-cash/internal/domain/service/transaction_service.go:271.4,271.30 1 1
cogni-cash/internal/domain/service/transaction_service.go:271.30,272.92 1 1
cogni-cash/internal/domain/service/transaction_service.go:272.92,274.6 1 0
cogni-cash/internal/domain/service/transaction_service.go:274.11,276.6 1 1
cogni-cash/internal/domain/service/transaction_service.go:280.3,280.57 1 1
cogni-cash/internal/domain/service/transaction_service.go:284.59,286.2 1 1
cogni-cash/internal/domain/service/transaction_service.go:288.42,290.2 1 1
cogni-cash/internal/domain/service/user_service.go:18.60,20.2 1 1
cogni-cash/internal/domain/service/user_service.go:22.92,24.2 1 1
cogni-cash/internal/domain/service/user_service.go:26.87,28.16 2 1
cogni-cash/internal/domain/service/user_service.go:28.16,30.3 1 1
cogni-cash/internal/domain/service/user_service.go:31.2,31.33 1 1
cogni-cash/internal/domain/service/user_service.go:34.115,35.25 1 1
cogni-cash/internal/domain/service/user_service.go:35.25,37.3 1 1
cogni-cash/internal/domain/service/user_service.go:39.2,40.16 2 1
cogni-cash/internal/domain/service/user_service.go:40.16,42.3 1 0
cogni-cash/internal/domain/service/user_service.go:44.2,48.20 3 1
cogni-cash/internal/domain/service/user_service.go:48.20,50.3 1 1
cogni-cash/internal/domain/service/user_service.go:52.2,52.48 1 1
cogni-cash/internal/domain/service/user_service.go:52.48,54.3 1 0
cogni-cash/internal/domain/service/user_service.go:56.2,56.17 1 1
cogni-cash/internal/domain/service/user_service.go:60.111,62.16 2 1
cogni-cash/internal/domain/service/user_service.go:62.16,64.3 1 1
cogni-cash/internal/domain/service/user_service.go:66.2,67.16 2 1
cogni-cash/internal/domain/service/user_service.go:67.16,69.3 1 1
cogni-cash/internal/domain/service/user_service.go:72.2,78.57 6 1
cogni-cash/internal/domain/service/user_service.go:78.57,80.3 1 0
cogni-cash/internal/domain/service/user_service.go:82.2,82.26 1 1
cogni-cash/internal/domain/service/user_service.go:85.75,87.16 2 1
cogni-cash/internal/domain/service/user_service.go:87.16,89.3 1 1
cogni-cash/internal/domain/service/user_service.go:90.2,90.31 1 1
