mode: set
cogni-cash/internal/adapter/bank/enablebanking/adapter.go:40.89,49.2 1 1
cogni-cash/internal/adapter/bank/enablebanking/adapter.go:51.44,62.2 3 1
cogni-cash/internal/adapter/bank/enablebanking/adapter.go:64.107,66.16 2 1
cogni-cash/internal/adapter/bank/enablebanking/adapter.go:66.16,68.3 1 0
cogni-cash/internal/adapter/bank/enablebanking/adapter.go:70.2,75.16 5 1
cogni-cash/internal/adapter/bank/enablebanking/adapter.go:75.16,77.3 1 0
cogni-cash/internal/adapter/bank/enablebanking/adapter.go:78.2,81.53 3 1
cogni-cash/internal/adapter/bank/enablebanking/adapter.go:81.53,83.3 1 0
cogni-cash/internal/adapter/bank/enablebanking/adapter.go:85.2,85.22 1 1
cogni-cash/internal/adapter/bank/enablebanking/adapter.go:90.144,93.15 2 0
cogni-cash/internal/adapter/bank/enablebanking/adapter.go:93.15,95.3 1 0
cogni-cash/internal/adapter/bank/enablebanking/adapter.go:97.2,98.16 2 0
cogni-cash/internal/adapter/bank/enablebanking/adapter.go:98.16,100.3 1 0
cogni-cash/internal/adapter/bank/enablebanking/adapter.go:102.2,111.51 2 0
cogni-cash/internal/adapter/bank/enablebanking/adapter.go:111.51,113.3 1 0
cogni-cash/internal/adapter/bank/enablebanking/adapter.go:115.2,116.31 2 0
cogni-cash/internal/adapter/bank/enablebanking/adapter.go:116.31,124.3 1 0
cogni-cash/internal/adapter/bank/enablebanking/adapter.go:125.2,125.26 1 0
cogni-cash/internal/adapter/bank/enablebanking/adapter.go:128.198,144.16 3 0
cogni-cash/internal/adapter/bank/enablebanking/adapter.go:144.16,146.3 1 0
cogni-cash/internal/adapter/bank/enablebanking/adapter.go:148.2,151.51 2 0
cogni-cash/internal/adapter/bank/enablebanking/adapter.go:151.51,153.3 1 0
cogni-cash/internal/adapter/bank/enablebanking/adapter.go:155.2,165.8 2 0
cogni-cash/internal/adapter/bank/enablebanking/adapter.go:168.110,174.16 3 0
cogni-cash/internal/adapter/bank/enablebanking/adapter.go:174.16,176.3 1 0
cogni-cash/internal/adapter/bank/enablebanking/adapter.go:178.2,191.51 2 0
cogni-cash/internal/adapter/bank/enablebanking/adapter.go:191.51,194.3 2 0
cogni-cash/internal/adapter/bank/enablebanking/adapter.go:196.2,200.33 3 0
cogni-cash/internal/adapter/bank/enablebanking/adapter.go:200.33,204.17 3 0
cogni-cash/internal/adapter/bank/enablebanking/adapter.go:204.17,206.4 1 0
cogni-cash/internal/adapter/bank/enablebanking/adapter.go:210.3,211.28 2 0
cogni-cash/internal/adapter/bank/enablebanking/adapter.go:212.15,213.44 1 0
cogni-cash/internal/adapter/bank/enablebanking/adapter.go:214.23,215.46 1 0
cogni-cash/internal/adapter/bank/enablebanking/adapter.go:218.3,224.4 1 0
cogni-cash/internal/adapter/bank/enablebanking/adapter.go:228.2,233.27 5 0
cogni-cash/internal/adapter/bank/enablebanking/adapter.go:236.134,238.16 2 0
cogni-cash/internal/adapter/bank/enablebanking/adapter.go:238.16,240.3 1 0
cogni-cash/internal/adapter/bank/enablebanking/adapter.go:242.2,245.51 2 0
cogni-cash/internal/adapter/bank/enablebanking/adapter.go:245.51,247.3 1 0
cogni-cash/internal/adapter/bank/enablebanking/adapter.go:249.2,249.20 1 0
cogni-cash/internal/adapter/bank/enablebanking/adapter.go:250.12,251.34 1 0
cogni-cash/internal/adapter/bank/enablebanking/adapter.go:252.12,253.34 1 0
cogni-cash/internal/adapter/bank/enablebanking/adapter.go:254.10,255.39 1 0
cogni-cash/internal/adapter/bank/enablebanking/adapter.go:259.124,262.12 3 1
cogni-cash/internal/adapter/bank/enablebanking/adapter.go:262.12,265.3 1 1
cogni-cash/internal/adapter/bank/enablebanking/adapter.go:266.2,268.12 2 1
cogni-cash/internal/adapter/bank/enablebanking/adapter.go:268.12,271.3 2 1
cogni-cash/internal/adapter/bank/enablebanking/adapter.go:274.2,276.16 3 1
cogni-cash/internal/adapter/bank/enablebanking/adapter.go:276.16,278.3 1 0
cogni-cash/internal/adapter/bank/enablebanking/adapter.go:280.2,292.51 2 1
cogni-cash/internal/adapter/bank/enablebanking/adapter.go:292.51,294.3 1 0
cogni-cash/internal/adapter/bank/enablebanking/adapter.go:296.2,297.33 2 1
cogni-cash/internal/adapter/bank/enablebanking/adapter.go:297.33,299.17 2 1
cogni-cash/internal/adapter/bank/enablebanking/adapter.go:299.17,301.4 1 0
cogni-cash/internal/adapter/bank/enablebanking/adapter.go:303.3,304.28 2 1
cogni-cash/internal/adapter/bank/enablebanking/adapter.go:305.15,306.44 1 1
cogni-cash/internal/adapter/bank/enablebanking/adapter.go:307.23,308.46 1 0
cogni-cash/internal/adapter/bank/enablebanking/adapter.go:311.3,317.4 1 1
cogni-cash/internal/adapter/bank/enablebanking/adapter.go:320.2,321.26 2 1
cogni-cash/internal/adapter/bank/enablebanking/adapter.go:324.101,327.53 2 1
cogni-cash/internal/adapter/bank/enablebanking/adapter.go:327.53,330.21 2 0
cogni-cash/internal/adapter/bank/enablebanking/adapter.go:330.21,333.20 3 0
cogni-cash/internal/adapter/bank/enablebanking/adapter.go:333.20,335.5 1 0
cogni-cash/internal/adapter/bank/enablebanking/adapter.go:335.10,337.5 1 0
cogni-cash/internal/adapter/bank/enablebanking/adapter.go:341.3,342.20 2 0
cogni-cash/internal/adapter/bank/enablebanking/adapter.go:342.20,345.19 3 0
cogni-cash/internal/adapter/bank/enablebanking/adapter.go:345.19,347.5 1 0
cogni-cash/internal/adapter/bank/enablebanking/adapter.go:347.10,349.5 1 0
cogni-cash/internal/adapter/bank/enablebanking/adapter.go:353.3,354.21 2 0
cogni-cash/internal/adapter/bank/enablebanking/adapter.go:354.21,362.24 4 0
cogni-cash/internal/adapter/bank/enablebanking/adapter.go:362.24,364.5 1 0
cogni-cash/internal/adapter/bank/enablebanking/adapter.go:368.2,368.117 1 1
cogni-cash/internal/adapter/bank/enablebanking/adapter.go:370.181,371.90 1 1
cogni-cash/internal/adapter/bank/enablebanking/adapter.go:371.90,373.3 1 0
cogni-cash/internal/adapter/bank/enablebanking/adapter.go:375.2,379.21 4 1
cogni-cash/internal/adapter/bank/enablebanking/adapter.go:379.21,381.3 1 1
cogni-cash/internal/adapter/bank/enablebanking/adapter.go:382.2,382.19 1 1
cogni-cash/internal/adapter/bank/enablebanking/adapter.go:382.19,384.3 1 0
cogni-cash/internal/adapter/bank/enablebanking/adapter.go:385.2,385.20 1 1
cogni-cash/internal/adapter/bank/enablebanking/adapter.go:385.20,387.3 1 1
cogni-cash/internal/adapter/bank/enablebanking/adapter.go:389.2,390.16 2 1
cogni-cash/internal/adapter/bank/enablebanking/adapter.go:390.16,393.3 2 0
cogni-cash/internal/adapter/bank/enablebanking/adapter.go:394.2,420.51 3 1
cogni-cash/internal/adapter/bank/enablebanking/adapter.go:420.51,422.3 1 0
cogni-cash/internal/adapter/bank/enablebanking/adapter.go:425.2,427.16 3 1
cogni-cash/internal/adapter/bank/enablebanking/adapter.go:427.16,436.86 2 1
cogni-cash/internal/adapter/bank/enablebanking/adapter.go:436.86,438.4 1 1
cogni-cash/internal/adapter/bank/enablebanking/adapter.go:439.8,441.3 1 0
cogni-cash/internal/adapter/bank/enablebanking/adapter.go:443.2,444.37 2 1
cogni-cash/internal/adapter/bank/enablebanking/adapter.go:444.37,446.25 1 1
cogni-cash/internal/adapter/bank/enablebanking/adapter.go:446.25,447.12 1 1
cogni-cash/internal/adapter/bank/enablebanking/adapter.go:451.3,454.39 3 1
cogni-cash/internal/adapter/bank/enablebanking/adapter.go:454.39,457.4 2 1
cogni-cash/internal/adapter/bank/enablebanking/adapter.go:457.9,457.53 1 0
cogni-cash/internal/adapter/bank/enablebanking/adapter.go:457.53,459.4 1 0
cogni-cash/internal/adapter/bank/enablebanking/adapter.go:461.3,463.26 3 1
cogni-cash/internal/adapter/bank/enablebanking/adapter.go:463.26,465.4 1 1
cogni-cash/internal/adapter/bank/enablebanking/adapter.go:468.3,469.56 2 1
cogni-cash/internal/adapter/bank/enablebanking/adapter.go:469.56,471.4 1 0
cogni-cash/internal/adapter/bank/enablebanking/adapter.go:473.3,476.18 3 1
cogni-cash/internal/adapter/bank/enablebanking/adapter.go:476.18,478.4 1 0
cogni-cash/internal/adapter/bank/enablebanking/adapter.go:479.3,480.18 2 1
cogni-cash/internal/adapter/bank/enablebanking/adapter.go:480.18,482.4 1 1
cogni-cash/internal/adapter/bank/enablebanking/adapter.go:484.3,485.17 2 1
cogni-cash/internal/adapter/bank/enablebanking/adapter.go:485.17,486.26 1 0
cogni-cash/internal/adapter/bank/enablebanking/adapter.go:486.26,488.5 1 0
cogni-cash/internal/adapter/bank/enablebanking/adapter.go:488.10,490.5 1 0
cogni-cash/internal/adapter/bank/enablebanking/adapter.go:494.3,495.26 2 1
cogni-cash/internal/adapter/bank/enablebanking/adapter.go:495.26,497.4 1 0
cogni-cash/internal/adapter/bank/enablebanking/adapter.go:500.3,501.16 2 1
cogni-cash/internal/adapter/bank/enablebanking/adapter.go:501.16,503.17 2 1
cogni-cash/internal/adapter/bank/enablebanking/adapter.go:503.17,505.5 1 0
cogni-cash/internal/adapter/bank/enablebanking/adapter.go:508.3,519.5 1 1
cogni-cash/internal/adapter/bank/enablebanking/adapter.go:522.2,522.35 1 1
