mode: set
cogni-cash/internal/adapter/bank/enablebanking/adapter.go:40.89,49.2 1 1
cogni-cash/internal/adapter/bank/enablebanking/adapter.go:51.44,62.2 3 1
cogni-cash/internal/adapter/bank/enablebanking/adapter.go:64.134,66.16 2 1
cogni-cash/internal/adapter/bank/enablebanking/adapter.go:66.16,68.3 1 0
cogni-cash/internal/adapter/bank/enablebanking/adapter.go:70.2,74.28 4 1
cogni-cash/internal/adapter/bank/enablebanking/adapter.go:74.28,76.3 1 0
cogni-cash/internal/adapter/bank/enablebanking/adapter.go:78.2,79.16 2 1
cogni-cash/internal/adapter/bank/enablebanking/adapter.go:79.16,81.3 1 0
cogni-cash/internal/adapter/bank/enablebanking/adapter.go:82.2,85.53 3 1
cogni-cash/internal/adapter/bank/enablebanking/adapter.go:85.53,87.3 1 1
cogni-cash/internal/adapter/bank/enablebanking/adapter.go:89.2,90.25 2 1
cogni-cash/internal/adapter/bank/enablebanking/adapter.go:90.25,92.3 1 0
cogni-cash/internal/adapter/bank/enablebanking/adapter.go:93.2,94.22 2 1
cogni-cash/internal/adapter/bank/enablebanking/adapter.go:99.144,102.15 2 0
cogni-cash/internal/adapter/bank/enablebanking/adapter.go:102.15,104.3 1 0
cogni-cash/internal/adapter/bank/enablebanking/adapter.go:106.2,108.16 2 0
cogni-cash/internal/adapter/bank/enablebanking/adapter.go:108.16,110.3 1 0
cogni-cash/internal/adapter/bank/enablebanking/adapter.go:112.2,121.51 2 0
cogni-cash/internal/adapter/bank/enablebanking/adapter.go:121.51,123.3 1 0
cogni-cash/internal/adapter/bank/enablebanking/adapter.go:125.2,126.31 2 0
cogni-cash/internal/adapter/bank/enablebanking/adapter.go:126.31,134.3 1 0
cogni-cash/internal/adapter/bank/enablebanking/adapter.go:135.2,135.26 1 0
cogni-cash/internal/adapter/bank/enablebanking/adapter.go:138.227,141.14 2 0
cogni-cash/internal/adapter/bank/enablebanking/adapter.go:141.14,143.3 1 0
cogni-cash/internal/adapter/bank/enablebanking/adapter.go:144.2,144.21 1 0
cogni-cash/internal/adapter/bank/enablebanking/adapter.go:144.21,146.3 1 0
cogni-cash/internal/adapter/bank/enablebanking/adapter.go:148.2,159.15 2 0
cogni-cash/internal/adapter/bank/enablebanking/adapter.go:159.15,161.3 1 0
cogni-cash/internal/adapter/bank/enablebanking/adapter.go:163.2,174.16 3 0
cogni-cash/internal/adapter/bank/enablebanking/adapter.go:174.16,176.3 1 0
cogni-cash/internal/adapter/bank/enablebanking/adapter.go:178.2,179.25 2 0
cogni-cash/internal/adapter/bank/enablebanking/adapter.go:179.25,181.3 1 0
cogni-cash/internal/adapter/bank/enablebanking/adapter.go:182.2,187.51 3 0
cogni-cash/internal/adapter/bank/enablebanking/adapter.go:187.51,189.3 1 0
cogni-cash/internal/adapter/bank/enablebanking/adapter.go:191.2,201.8 2 0
cogni-cash/internal/adapter/bank/enablebanking/adapter.go:204.110,210.16 3 0
cogni-cash/internal/adapter/bank/enablebanking/adapter.go:210.16,212.3 1 0
cogni-cash/internal/adapter/bank/enablebanking/adapter.go:214.2,215.25 2 0
cogni-cash/internal/adapter/bank/enablebanking/adapter.go:215.25,217.3 1 0
cogni-cash/internal/adapter/bank/enablebanking/adapter.go:218.2,233.51 3 0
cogni-cash/internal/adapter/bank/enablebanking/adapter.go:233.51,236.3 2 0
cogni-cash/internal/adapter/bank/enablebanking/adapter.go:238.2,242.33 3 0
cogni-cash/internal/adapter/bank/enablebanking/adapter.go:242.33,246.17 3 0
cogni-cash/internal/adapter/bank/enablebanking/adapter.go:246.17,248.4 1 0
cogni-cash/internal/adapter/bank/enablebanking/adapter.go:252.3,253.28 2 0
cogni-cash/internal/adapter/bank/enablebanking/adapter.go:254.15,255.44 1 0
cogni-cash/internal/adapter/bank/enablebanking/adapter.go:256.23,257.46 1 0
cogni-cash/internal/adapter/bank/enablebanking/adapter.go:260.3,266.4 1 0
cogni-cash/internal/adapter/bank/enablebanking/adapter.go:270.2,275.27 5 0
cogni-cash/internal/adapter/bank/enablebanking/adapter.go:278.134,280.16 2 0
cogni-cash/internal/adapter/bank/enablebanking/adapter.go:280.16,282.3 1 0
cogni-cash/internal/adapter/bank/enablebanking/adapter.go:284.2,285.25 2 0
cogni-cash/internal/adapter/bank/enablebanking/adapter.go:285.25,287.3 1 0
cogni-cash/internal/adapter/bank/enablebanking/adapter.go:288.2,293.51 3 0
cogni-cash/internal/adapter/bank/enablebanking/adapter.go:293.51,295.3 1 0
cogni-cash/internal/adapter/bank/enablebanking/adapter.go:297.2,297.20 1 0
cogni-cash/internal/adapter/bank/enablebanking/adapter.go:298.12,299.34 1 0
cogni-cash/internal/adapter/bank/enablebanking/adapter.go:300.12,301.34 1 0
cogni-cash/internal/adapter/bank/enablebanking/adapter.go:302.10,303.39 1 0
cogni-cash/internal/adapter/bank/enablebanking/adapter.go:307.124,310.12 3 1
cogni-cash/internal/adapter/bank/enablebanking/adapter.go:310.12,313.3 1 1
cogni-cash/internal/adapter/bank/enablebanking/adapter.go:314.2,316.12 2 1
cogni-cash/internal/adapter/bank/enablebanking/adapter.go:316.12,319.3 2 1
cogni-cash/internal/adapter/bank/enablebanking/adapter.go:322.2,324.16 3 1
cogni-cash/internal/adapter/bank/enablebanking/adapter.go:324.16,326.3 1 0
cogni-cash/internal/adapter/bank/enablebanking/adapter.go:328.2,329.25 2 1
cogni-cash/internal/adapter/bank/enablebanking/adapter.go:329.25,331.3 1 0
cogni-cash/internal/adapter/bank/enablebanking/adapter.go:332.2,346.51 3 1
cogni-cash/internal/adapter/bank/enablebanking/adapter.go:346.51,348.3 1 0
cogni-cash/internal/adapter/bank/enablebanking/adapter.go:350.2,351.33 2 1
cogni-cash/internal/adapter/bank/enablebanking/adapter.go:351.33,354.17 3 1
cogni-cash/internal/adapter/bank/enablebanking/adapter.go:354.17,356.4 1 0
cogni-cash/internal/adapter/bank/enablebanking/adapter.go:358.3,359.28 2 1
cogni-cash/internal/adapter/bank/enablebanking/adapter.go:360.15,361.44 1 1
cogni-cash/internal/adapter/bank/enablebanking/adapter.go:362.23,363.46 1 0
cogni-cash/internal/adapter/bank/enablebanking/adapter.go:366.3,372.4 1 1
cogni-cash/internal/adapter/bank/enablebanking/adapter.go:375.2,376.26 2 1
cogni-cash/internal/adapter/bank/enablebanking/adapter.go:379.101,382.53 2 1
cogni-cash/internal/adapter/bank/enablebanking/adapter.go:382.53,385.21 2 0
cogni-cash/internal/adapter/bank/enablebanking/adapter.go:385.21,388.20 3 0
cogni-cash/internal/adapter/bank/enablebanking/adapter.go:388.20,390.5 1 0
cogni-cash/internal/adapter/bank/enablebanking/adapter.go:390.10,392.5 1 0
cogni-cash/internal/adapter/bank/enablebanking/adapter.go:396.3,397.20 2 0
cogni-cash/internal/adapter/bank/enablebanking/adapter.go:397.20,400.19 3 0
cogni-cash/internal/adapter/bank/enablebanking/adapter.go:400.19,402.5 1 0
cogni-cash/internal/adapter/bank/enablebanking/adapter.go:402.10,404.5 1 0
cogni-cash/internal/adapter/bank/enablebanking/adapter.go:408.3,409.21 2 0
cogni-cash/internal/adapter/bank/enablebanking/adapter.go:409.21,417.24 4 0
cogni-cash/internal/adapter/bank/enablebanking/adapter.go:417.24,419.5 1 0
cogni-cash/internal/adapter/bank/enablebanking/adapter.go:423.2,423.117 1 1
cogni-cash/internal/adapter/bank/enablebanking/adapter.go:425.181,426.90 1 1
cogni-cash/internal/adapter/bank/enablebanking/adapter.go:426.90,428.3 1 0
cogni-cash/internal/adapter/bank/enablebanking/adapter.go:430.2,434.21 4 1
cogni-cash/internal/adapter/bank/enablebanking/adapter.go:434.21,436.3 1 1
cogni-cash/internal/adapter/bank/enablebanking/adapter.go:437.2,437.19 1 1
cogni-cash/internal/adapter/bank/enablebanking/adapter.go:437.19,439.3 1 0
cogni-cash/internal/adapter/bank/enablebanking/adapter.go:440.2,440.20 1 1
cogni-cash/internal/adapter/bank/enablebanking/adapter.go:440.20,442.3 1 1
cogni-cash/internal/adapter/bank/enablebanking/adapter.go:444.2,446.16 2 1
cogni-cash/internal/adapter/bank/enablebanking/adapter.go:446.16,449.3 2 0
cogni-cash/internal/adapter/bank/enablebanking/adapter.go:450.2,451.25 2 1
cogni-cash/internal/adapter/bank/enablebanking/adapter.go:451.25,453.3 1 0
cogni-cash/internal/adapter/bank/enablebanking/adapter.go:454.2,492.51 4 1
cogni-cash/internal/adapter/bank/enablebanking/adapter.go:492.51,494.3 1 0
cogni-cash/internal/adapter/bank/enablebanking/adapter.go:497.2,499.16 3 1
cogni-cash/internal/adapter/bank/enablebanking/adapter.go:499.16,501.29 2 1
cogni-cash/internal/adapter/bank/enablebanking/adapter.go:501.29,503.4 1 0
cogni-cash/internal/adapter/bank/enablebanking/adapter.go:504.3,513.86 3 1
cogni-cash/internal/adapter/bank/enablebanking/adapter.go:513.86,515.4 1 1
cogni-cash/internal/adapter/bank/enablebanking/adapter.go:516.8,518.3 1 1
cogni-cash/internal/adapter/bank/enablebanking/adapter.go:520.2,521.37 2 1
cogni-cash/internal/adapter/bank/enablebanking/adapter.go:521.37,523.25 1 1
cogni-cash/internal/adapter/bank/enablebanking/adapter.go:523.25,524.12 1 1
cogni-cash/internal/adapter/bank/enablebanking/adapter.go:528.3,531.39 3 1
cogni-cash/internal/adapter/bank/enablebanking/adapter.go:531.39,534.4 2 1
cogni-cash/internal/adapter/bank/enablebanking/adapter.go:534.9,534.53 1 1
cogni-cash/internal/adapter/bank/enablebanking/adapter.go:534.53,536.4 1 0
cogni-cash/internal/adapter/bank/enablebanking/adapter.go:538.3,540.26 3 1
cogni-cash/internal/adapter/bank/enablebanking/adapter.go:540.26,542.4 1 1
cogni-cash/internal/adapter/bank/enablebanking/adapter.go:545.3,546.56 2 1
cogni-cash/internal/adapter/bank/enablebanking/adapter.go:546.56,548.4 1 0
cogni-cash/internal/adapter/bank/enablebanking/adapter.go:550.3,553.18 3 1
cogni-cash/internal/adapter/bank/enablebanking/adapter.go:553.18,555.4 1 1
cogni-cash/internal/adapter/bank/enablebanking/adapter.go:556.3,557.18 2 1
cogni-cash/internal/adapter/bank/enablebanking/adapter.go:557.18,559.4 1 1
cogni-cash/internal/adapter/bank/enablebanking/adapter.go:561.3,562.17 2 1
cogni-cash/internal/adapter/bank/enablebanking/adapter.go:562.17,563.26 1 1
cogni-cash/internal/adapter/bank/enablebanking/adapter.go:563.26,565.5 1 1
cogni-cash/internal/adapter/bank/enablebanking/adapter.go:565.10,567.5 1 1
cogni-cash/internal/adapter/bank/enablebanking/adapter.go:573.3,575.25 3 1
cogni-cash/internal/adapter/bank/enablebanking/adapter.go:575.25,576.32 1 1
cogni-cash/internal/adapter/bank/enablebanking/adapter.go:576.32,578.31 2 1
cogni-cash/internal/adapter/bank/enablebanking/adapter.go:578.31,580.6 1 0
cogni-cash/internal/adapter/bank/enablebanking/adapter.go:582.9,584.30 2 1
cogni-cash/internal/adapter/bank/enablebanking/adapter.go:584.30,586.31 2 1
cogni-cash/internal/adapter/bank/enablebanking/adapter.go:586.31,588.6 1 0
cogni-cash/internal/adapter/bank/enablebanking/adapter.go:592.3,593.35 2 1
cogni-cash/internal/adapter/bank/enablebanking/adapter.go:593.35,595.4 1 1
cogni-cash/internal/adapter/bank/enablebanking/adapter.go:598.3,599.16 2 1
cogni-cash/internal/adapter/bank/enablebanking/adapter.go:599.16,601.17 2 1
cogni-cash/internal/adapter/bank/enablebanking/adapter.go:601.17,603.5 1 1
cogni-cash/internal/adapter/bank/enablebanking/adapter.go:606.3,619.5 1 1
cogni-cash/internal/adapter/bank/enablebanking/adapter.go:622.2,622.35 1 1
cogni-cash/internal/adapter/email/smtp/adapter.go:19.85,24.2 1 0
cogni-cash/internal/adapter/email/smtp/adapter.go:26.95,33.16 6 0
cogni-cash/internal/adapter/email/smtp/adapter.go:33.16,36.3 2 0
cogni-cash/internal/adapter/email/smtp/adapter.go:38.2,49.27 10 0
cogni-cash/internal/adapter/email/smtp/adapter.go:49.27,51.3 1 0
cogni-cash/internal/adapter/email/smtp/adapter.go:52.2,56.16 4 0
cogni-cash/internal/adapter/email/smtp/adapter.go:56.16,58.3 1 0
cogni-cash/internal/adapter/email/smtp/adapter.go:60.2,61.12 2 0
cogni-cash/internal/adapter/currency/frankfurter_adapter.go:18.74,23.2 1 0
cogni-cash/internal/adapter/currency/frankfurter_adapter.go:34.121,35.16 1 0
cogni-cash/internal/adapter/currency/frankfurter_adapter.go:35.16,37.3 1 0
cogni-cash/internal/adapter/currency/frankfurter_adapter.go:39.2,43.16 4 0
cogni-cash/internal/adapter/currency/frankfurter_adapter.go:43.16,45.3 1 0
cogni-cash/internal/adapter/currency/frankfurter_adapter.go:47.2,48.16 2 0
cogni-cash/internal/adapter/currency/frankfurter_adapter.go:48.16,50.3 1 0
cogni-cash/internal/adapter/currency/frankfurter_adapter.go:51.2,53.38 2 0
cogni-cash/internal/adapter/currency/frankfurter_adapter.go:53.38,55.3 1 0
cogni-cash/internal/adapter/currency/frankfurter_adapter.go:57.2,58.64 2 0
cogni-cash/internal/adapter/currency/frankfurter_adapter.go:58.64,60.3 1 0
cogni-cash/internal/adapter/currency/frankfurter_adapter.go:62.2,63.9 2 0
cogni-cash/internal/adapter/currency/frankfurter_adapter.go:63.9,65.3 1 0
cogni-cash/internal/adapter/currency/frankfurter_adapter.go:67.2,67.18 1 0
cogni-cash/internal/adapter/bank/mock/provider.go:16.46,18.2 1 0
cogni-cash/internal/adapter/bank/mock/provider.go:20.153,25.2 1 0
cogni-cash/internal/adapter/bank/mock/provider.go:27.236,39.2 1 0
cogni-cash/internal/adapter/bank/mock/provider.go:41.119,43.2 1 0
cogni-cash/internal/adapter/bank/mock/provider.go:45.143,47.2 1 0
cogni-cash/internal/adapter/bank/mock/provider.go:49.133,61.2 1 0
cogni-cash/internal/adapter/bank/mock/provider.go:63.190,80.2 3 0
cogni-cash/internal/adapter/bank/dynamic/adapter.go:34.115,42.2 1 0
cogni-cash/internal/adapter/bank/dynamic/adapter.go:44.97,47.24 2 0
cogni-cash/internal/adapter/bank/dynamic/adapter.go:47.24,49.3 1 0
cogni-cash/internal/adapter/bank/dynamic/adapter.go:51.2,51.37 1 0
cogni-cash/internal/adapter/bank/dynamic/adapter.go:51.37,54.18 2 0
cogni-cash/internal/adapter/bank/dynamic/adapter.go:54.18,57.4 1 0
cogni-cash/internal/adapter/bank/dynamic/adapter.go:59.3,59.18 1 0
cogni-cash/internal/adapter/bank/dynamic/adapter.go:59.18,61.4 1 0
cogni-cash/internal/adapter/bank/dynamic/adapter.go:64.3,64.28 1 0
cogni-cash/internal/adapter/bank/dynamic/adapter.go:64.28,66.4 1 0
cogni-cash/internal/adapter/bank/dynamic/adapter.go:68.3,71.45 3 0
cogni-cash/internal/adapter/bank/dynamic/adapter.go:71.45,73.4 1 0
cogni-cash/internal/adapter/bank/dynamic/adapter.go:76.3,78.22 3 0
cogni-cash/internal/adapter/bank/dynamic/adapter.go:81.2,81.71 1 0
cogni-cash/internal/adapter/bank/dynamic/adapter.go:84.144,86.16 2 0
cogni-cash/internal/adapter/bank/dynamic/adapter.go:86.16,88.3 1 0
cogni-cash/internal/adapter/bank/dynamic/adapter.go:89.2,89.63 1 0
cogni-cash/internal/adapter/bank/dynamic/adapter.go:92.227,94.16 2 0
cogni-cash/internal/adapter/bank/dynamic/adapter.go:94.16,96.3 1 0
cogni-cash/internal/adapter/bank/dynamic/adapter.go:97.2,97.134 1 0
cogni-cash/internal/adapter/bank/dynamic/adapter.go:100.110,102.16 2 0
cogni-cash/internal/adapter/bank/dynamic/adapter.go:102.16,104.3 1 0
cogni-cash/internal/adapter/bank/dynamic/adapter.go:105.2,105.52 1 0
cogni-cash/internal/adapter/bank/dynamic/adapter.go:108.134,109.63 1 0
cogni-cash/internal/adapter/bank/dynamic/adapter.go:109.63,111.3 1 0
cogni-cash/internal/adapter/bank/dynamic/adapter.go:113.2,114.16 2 0
cogni-cash/internal/adapter/bank/dynamic/adapter.go:114.16,116.3 1 0
cogni-cash/internal/adapter/bank/dynamic/adapter.go:117.2,117.59 1 0
cogni-cash/internal/adapter/bank/dynamic/adapter.go:120.124,121.63 1 0
cogni-cash/internal/adapter/bank/dynamic/adapter.go:121.63,123.3 1 0
cogni-cash/internal/adapter/bank/dynamic/adapter.go:125.2,126.16 2 0
cogni-cash/internal/adapter/bank/dynamic/adapter.go:126.16,128.3 1 0
cogni-cash/internal/adapter/bank/dynamic/adapter.go:129.2,129.52 1 0
cogni-cash/internal/adapter/bank/dynamic/adapter.go:132.181,133.108 1 0
cogni-cash/internal/adapter/bank/dynamic/adapter.go:133.108,135.3 1 0
cogni-cash/internal/adapter/bank/dynamic/adapter.go:137.2,138.16 2 0
cogni-cash/internal/adapter/bank/dynamic/adapter.go:138.16,140.3 1 0
cogni-cash/internal/adapter/bank/dynamic/adapter.go:141.2,141.78 1 0
cogni-cash/internal/adapter/parser/invoice/parser.go:28.26,28.46 1 0
cogni-cash/internal/adapter/parser/invoice/parser.go:34.109,38.53 2 0
cogni-cash/internal/adapter/parser/invoice/parser.go:38.53,40.3 1 0
cogni-cash/internal/adapter/parser/invoice/parser.go:43.2,43.41 1 0
cogni-cash/internal/adapter/parser/invoice/parser.go:43.41,45.3 1 0
cogni-cash/internal/adapter/parser/invoice/parser.go:47.2,47.77 1 0
cogni-cash/internal/adapter/parser/pdfutil/pdf.go:13.13,18.2 1 0
cogni-cash/internal/adapter/parser/pdfutil/pdf.go:23.52,26.16 2 0
cogni-cash/internal/adapter/parser/pdfutil/pdf.go:26.16,28.3 1 0
cogni-cash/internal/adapter/parser/pdfutil/pdf.go:30.2,32.16 3 0
cogni-cash/internal/adapter/parser/pdfutil/pdf.go:32.16,34.3 1 0
cogni-cash/internal/adapter/parser/pdfutil/pdf.go:36.2,38.58 3 0
cogni-cash/internal/adapter/parser/pdfutil/pdf.go:38.58,40.19 2 0
cogni-cash/internal/adapter/parser/pdfutil/pdf.go:40.19,41.12 1 0
cogni-cash/internal/adapter/parser/pdfutil/pdf.go:43.3,44.17 2 0
cogni-cash/internal/adapter/parser/pdfutil/pdf.go:44.17,45.12 1 0
cogni-cash/internal/adapter/parser/pdfutil/pdf.go:47.3,48.22 2 0
cogni-cash/internal/adapter/parser/pdfutil/pdf.go:50.2,50.45 1 0
cogni-cash/internal/adapter/parser/pdfutil/pdf.go:55.51,61.16 5 0
cogni-cash/internal/adapter/parser/pdfutil/pdf.go:61.16,63.3 1 0
cogni-cash/internal/adapter/parser/pdfutil/pdf.go:64.2,64.31 1 0
cogni-cash/internal/adapter/parser/bank_statement/amazonvisa/parser.go:57.45,57.79 1 0
cogni-cash/internal/adapter/parser/bank_statement/amazonvisa/parser.go:60.104,65.16 4 0
cogni-cash/internal/adapter/parser/bank_statement/amazonvisa/parser.go:65.16,69.3 2 0
cogni-cash/internal/adapter/parser/bank_statement/amazonvisa/parser.go:71.2,72.18 2 0
cogni-cash/internal/adapter/parser/bank_statement/amazonvisa/parser.go:72.18,74.3 1 0
cogni-cash/internal/adapter/parser/bank_statement/amazonvisa/parser.go:78.2,80.84 3 0
cogni-cash/internal/adapter/parser/bank_statement/amazonvisa/parser.go:80.84,82.3 1 0
cogni-cash/internal/adapter/parser/bank_statement/amazonvisa/parser.go:84.2,90.41 2 0
cogni-cash/internal/adapter/parser/bank_statement/amazonvisa/parser.go:90.41,92.17 2 0
cogni-cash/internal/adapter/parser/bank_statement/amazonvisa/parser.go:92.17,93.12 1 0
cogni-cash/internal/adapter/parser/bank_statement/amazonvisa/parser.go:95.3,98.10 3 0
cogni-cash/internal/adapter/parser/bank_statement/amazonvisa/parser.go:99.48,100.38 1 0
cogni-cash/internal/adapter/parser/bank_statement/amazonvisa/parser.go:101.48,102.58 1 0
cogni-cash/internal/adapter/parser/bank_statement/amazonvisa/parser.go:103.43,107.23 2 0
cogni-cash/internal/adapter/parser/bank_statement/amazonvisa/parser.go:107.23,108.84 1 0
cogni-cash/internal/adapter/parser/bank_statement/amazonvisa/parser.go:108.84,110.6 1 0
cogni-cash/internal/adapter/parser/bank_statement/amazonvisa/parser.go:112.45,114.62 1 0
cogni-cash/internal/adapter/parser/bank_statement/amazonvisa/parser.go:114.62,116.5 1 0
cogni-cash/internal/adapter/parser/bank_statement/amazonvisa/parser.go:120.2,125.47 3 0
cogni-cash/internal/adapter/parser/bank_statement/amazonvisa/parser.go:125.47,127.17 2 0
cogni-cash/internal/adapter/parser/bank_statement/amazonvisa/parser.go:127.17,128.12 1 0
cogni-cash/internal/adapter/parser/bank_statement/amazonvisa/parser.go:131.3,132.20 2 0
cogni-cash/internal/adapter/parser/bank_statement/amazonvisa/parser.go:132.20,133.12 1 0
cogni-cash/internal/adapter/parser/bank_statement/amazonvisa/parser.go:137.3,138.17 2 0
cogni-cash/internal/adapter/parser/bank_statement/amazonvisa/parser.go:138.17,139.12 1 0
cogni-cash/internal/adapter/parser/bank_statement/amazonvisa/parser.go:141.3,144.39 2 0
cogni-cash/internal/adapter/parser/bank_statement/amazonvisa/parser.go:144.39,146.4 1 0
cogni-cash/internal/adapter/parser/bank_statement/amazonvisa/parser.go:150.2,150.57 1 0
cogni-cash/internal/adapter/parser/bank_statement/amazonvisa/parser.go:150.57,152.3 1 0
cogni-cash/internal/adapter/parser/bank_statement/amazonvisa/parser.go:156.2,157.39 2 0
cogni-cash/internal/adapter/parser/bank_statement/amazonvisa/parser.go:157.39,159.3 1 0
cogni-cash/internal/adapter/parser/bank_statement/amazonvisa/parser.go:160.2,164.18 3 0
cogni-cash/internal/adapter/parser/bank_statement/amazonvisa/parser.go:167.99,170.16 3 0
cogni-cash/internal/adapter/parser/bank_statement/amazonvisa/parser.go:170.16,172.3 1 0
cogni-cash/internal/adapter/parser/bank_statement/amazonvisa/parser.go:174.2,179.16 5 0
cogni-cash/internal/adapter/parser/bank_statement/amazonvisa/parser.go:179.16,181.3 1 0
cogni-cash/internal/adapter/parser/bank_statement/amazonvisa/parser.go:183.2,184.16 2 0
cogni-cash/internal/adapter/parser/bank_statement/amazonvisa/parser.go:184.16,186.3 1 0
cogni-cash/internal/adapter/parser/bank_statement/amazonvisa/parser.go:188.2,198.8 1 0
cogni-cash/internal/adapter/parser/bank_statement/amazonvisa/parser.go:203.44,204.16 1 0
cogni-cash/internal/adapter/parser/bank_statement/amazonvisa/parser.go:204.16,206.3 1 0
cogni-cash/internal/adapter/parser/bank_statement/amazonvisa/parser.go:207.2,207.21 1 0
cogni-cash/internal/adapter/parser/bank_statement/amazonvisa/parser.go:212.49,222.2 6 0
cogni-cash/internal/adapter/parser/bank_statement/amazonvisa/parser.go:227.32,230.2 2 0
cogni-cash/internal/adapter/parser/bank_statement/amazonvisa/parser.go:243.43,244.50 1 0
cogni-cash/internal/adapter/parser/bank_statement/amazonvisa/parser.go:244.50,246.3 1 0
cogni-cash/internal/adapter/parser/bank_statement/amazonvisa/parser.go:247.2,247.12 1 0
cogni-cash/internal/adapter/parser/bank_statement/vw/parser.go:22.26,24.2 1 0
cogni-cash/internal/adapter/parser/bank_statement/vw/parser.go:26.106,29.16 2 0
cogni-cash/internal/adapter/parser/bank_statement/vw/parser.go:29.16,31.54 1 0
cogni-cash/internal/adapter/parser/bank_statement/vw/parser.go:31.54,33.4 1 0
cogni-cash/internal/adapter/parser/bank_statement/vw/parser.go:34.3,34.86 1 0
cogni-cash/internal/adapter/parser/bank_statement/vw/parser.go:37.2,38.91 2 0
cogni-cash/internal/adapter/parser/bank_statement/vw/parser.go:38.91,40.3 1 0
cogni-cash/internal/adapter/parser/bank_statement/vw/parser.go:42.2,47.52 2 0
cogni-cash/internal/adapter/parser/bank_statement/vw/parser.go:47.52,49.3 1 0
cogni-cash/internal/adapter/parser/bank_statement/vw/parser.go:51.2,52.68 2 0
cogni-cash/internal/adapter/parser/bank_statement/vw/parser.go:52.68,54.3 1 0
cogni-cash/internal/adapter/parser/bank_statement/vw/parser.go:56.2,57.68 2 0
cogni-cash/internal/adapter/parser/bank_statement/vw/parser.go:57.68,59.3 1 0
cogni-cash/internal/adapter/parser/bank_statement/vw/parser.go:61.2,62.74 2 0
cogni-cash/internal/adapter/parser/bank_statement/vw/parser.go:62.74,64.3 1 0
cogni-cash/internal/adapter/parser/bank_statement/vw/parser.go:66.2,68.18 2 0
cogni-cash/internal/adapter/parser/bank_statement/vw/parser.go:71.58,73.17 2 0
cogni-cash/internal/adapter/parser/bank_statement/vw/parser.go:73.17,75.3 1 0
cogni-cash/internal/adapter/parser/bank_statement/vw/parser.go:77.2,78.15 2 0
cogni-cash/internal/adapter/parser/bank_statement/vw/parser.go:78.15,80.3 1 0
cogni-cash/internal/adapter/parser/bank_statement/vw/parser.go:81.2,81.15 1 0
cogni-cash/internal/adapter/parser/bank_statement/vw/parser.go:81.15,83.3 1 0
cogni-cash/internal/adapter/parser/bank_statement/vw/parser.go:85.2,95.29 8 0
cogni-cash/internal/adapter/parser/bank_statement/vw/parser.go:95.29,96.33 1 0
cogni-cash/internal/adapter/parser/bank_statement/vw/parser.go:96.33,100.4 3 0
cogni-cash/internal/adapter/parser/bank_statement/vw/parser.go:100.9,100.42 1 0
cogni-cash/internal/adapter/parser/bank_statement/vw/parser.go:100.42,103.55 2 0
cogni-cash/internal/adapter/parser/bank_statement/vw/parser.go:103.55,105.39 2 0
cogni-cash/internal/adapter/parser/bank_statement/vw/parser.go:105.39,107.6 1 0
cogni-cash/internal/adapter/parser/bank_statement/vw/parser.go:110.4,110.18 1 0
cogni-cash/internal/adapter/parser/bank_statement/vw/parser.go:110.18,130.5 8 0
cogni-cash/internal/adapter/parser/bank_statement/vw/parser.go:130.10,133.5 1 0
cogni-cash/internal/adapter/parser/bank_statement/vw/parser.go:134.9,136.4 1 0
cogni-cash/internal/adapter/parser/bank_statement/vw/parser.go:139.2,139.13 1 0
cogni-cash/internal/adapter/parser/bank_statement/vw/parser.go:143.46,158.30 3 0
cogni-cash/internal/adapter/parser/bank_statement/vw/parser.go:158.30,159.33 1 0
cogni-cash/internal/adapter/parser/bank_statement/vw/parser.go:159.33,161.4 1 0
cogni-cash/internal/adapter/parser/bank_statement/vw/parser.go:165.2,167.27 3 0
cogni-cash/internal/adapter/parser/bank_statement/vw/parser.go:167.27,168.51 1 0
cogni-cash/internal/adapter/parser/bank_statement/vw/parser.go:168.51,170.4 1 0
cogni-cash/internal/adapter/parser/bank_statement/vw/parser.go:172.2,172.52 1 0
cogni-cash/internal/adapter/parser/bank_statement/vw/parser.go:175.33,178.2 2 0
cogni-cash/internal/adapter/parser/bank_statement/vw/parser.go:180.50,184.2 3 0
cogni-cash/internal/adapter/parser/payslip/cariad/parser.go:31.45,33.2 1 0
cogni-cash/internal/adapter/parser/payslip/cariad/parser.go:35.98,38.16 3 0
cogni-cash/internal/adapter/parser/payslip/cariad/parser.go:38.16,41.3 2 0
cogni-cash/internal/adapter/parser/payslip/cariad/parser.go:43.2,48.56 2 0
cogni-cash/internal/adapter/parser/payslip/cariad/parser.go:48.56,51.3 2 0
cogni-cash/internal/adapter/parser/payslip/cariad/parser.go:52.2,52.58 1 0
cogni-cash/internal/adapter/parser/payslip/cariad/parser.go:52.58,54.3 1 0
cogni-cash/internal/adapter/parser/payslip/cariad/parser.go:58.2,76.21 7 0
cogni-cash/internal/adapter/parser/payslip/cariad/parser.go:81.73,86.32 4 0
cogni-cash/internal/adapter/parser/payslip/cariad/parser.go:86.32,89.21 3 0
cogni-cash/internal/adapter/parser/payslip/cariad/parser.go:89.21,91.4 1 0
cogni-cash/internal/adapter/parser/payslip/cariad/parser.go:92.3,94.66 2 0
cogni-cash/internal/adapter/parser/payslip/cariad/parser.go:94.66,96.20 2 0
cogni-cash/internal/adapter/parser/payslip/cariad/parser.go:96.20,98.5 1 0
cogni-cash/internal/adapter/parser/payslip/cariad/parser.go:101.2,101.15 1 0
cogni-cash/internal/adapter/parser/payslip/cariad/parser.go:104.51,106.15 2 0
cogni-cash/internal/adapter/parser/payslip/cariad/parser.go:106.15,108.3 1 0
cogni-cash/internal/adapter/parser/payslip/cariad/parser.go:111.2,115.18 4 0
cogni-cash/internal/adapter/parser/payslip/cariad/parser.go:115.18,117.3 1 0
cogni-cash/internal/adapter/parser/payslip/cariad/parser.go:117.8,119.23 2 0
cogni-cash/internal/adapter/parser/payslip/cariad/parser.go:119.23,121.4 1 0
cogni-cash/internal/adapter/parser/payslip/cariad/parser.go:124.2,125.65 2 0
cogni-cash/internal/adapter/parser/payslip/cariad/parser.go:125.65,127.14 2 0
cogni-cash/internal/adapter/parser/payslip/cariad/parser.go:127.14,129.4 1 0
cogni-cash/internal/adapter/parser/payslip/cariad/parser.go:131.2,131.16 1 0
cogni-cash/internal/adapter/parser/payslip/cariad/parser.go:134.79,136.15 2 0
cogni-cash/internal/adapter/parser/payslip/cariad/parser.go:136.15,138.3 1 0
cogni-cash/internal/adapter/parser/payslip/cariad/parser.go:140.2,141.20 2 0
cogni-cash/internal/adapter/parser/payslip/cariad/parser.go:141.20,143.3 1 0
cogni-cash/internal/adapter/parser/payslip/cariad/parser.go:144.2,146.65 2 0
cogni-cash/internal/adapter/parser/payslip/cariad/parser.go:146.65,148.14 2 0
cogni-cash/internal/adapter/parser/payslip/cariad/parser.go:148.14,150.4 1 0
cogni-cash/internal/adapter/parser/payslip/cariad/parser.go:152.2,152.10 1 0
cogni-cash/internal/adapter/parser/payslip/cariad/parser.go:155.56,167.30 4 0
cogni-cash/internal/adapter/parser/payslip/cariad/parser.go:167.30,171.33 3 0
cogni-cash/internal/adapter/parser/payslip/cariad/parser.go:171.33,174.17 2 0
cogni-cash/internal/adapter/parser/payslip/cariad/parser.go:174.17,176.5 1 0
cogni-cash/internal/adapter/parser/payslip/cariad/parser.go:177.4,178.22 2 0
cogni-cash/internal/adapter/parser/payslip/cariad/parser.go:178.22,180.5 1 0
cogni-cash/internal/adapter/parser/payslip/cariad/parser.go:182.4,183.67 2 0
cogni-cash/internal/adapter/parser/payslip/cariad/parser.go:183.67,187.34 2 0
cogni-cash/internal/adapter/parser/payslip/cariad/parser.go:187.34,189.60 2 0
cogni-cash/internal/adapter/parser/payslip/cariad/parser.go:189.60,191.7 1 0
cogni-cash/internal/adapter/parser/payslip/cariad/parser.go:192.6,196.22 2 0
cogni-cash/internal/adapter/parser/payslip/cariad/parser.go:201.2,201.11 1 0
cogni-cash/internal/adapter/parser/payslip/cariad/parser.go:206.50,216.16 8 0
cogni-cash/internal/adapter/parser/payslip/cariad/parser.go:216.16,218.3 1 0
cogni-cash/internal/adapter/parser/payslip/cariad/parser.go:219.2,219.16 1 0
cogni-cash/internal/adapter/parser/payslip/cariad/parser.go:219.16,221.3 1 0
cogni-cash/internal/adapter/parser/payslip/cariad/parser.go:222.2,222.17 1 0
cogni-cash/internal/adapter/parser/payslip/cariad/parser.go:225.47,227.18 2 0
cogni-cash/internal/adapter/parser/payslip/cariad/parser.go:228.34,229.11 1 0
cogni-cash/internal/adapter/parser/payslip/cariad/parser.go:230.36,231.11 1 0
cogni-cash/internal/adapter/parser/payslip/cariad/parser.go:232.40,233.11 1 0
cogni-cash/internal/adapter/parser/payslip/cariad/parser.go:234.22,235.11 1 0
cogni-cash/internal/adapter/parser/payslip/cariad/parser.go:236.20,237.11 1 0
cogni-cash/internal/adapter/parser/payslip/cariad/parser.go:238.29,239.11 1 0
cogni-cash/internal/adapter/parser/payslip/cariad/parser.go:240.29,241.11 1 0
cogni-cash/internal/adapter/parser/payslip/cariad/parser.go:242.23,243.11 1 0
cogni-cash/internal/adapter/parser/payslip/cariad/parser.go:244.26,245.11 1 0
cogni-cash/internal/adapter/parser/payslip/cariad/parser.go:246.42,247.12 1 0
cogni-cash/internal/adapter/parser/payslip/cariad/parser.go:248.25,249.12 1 0
cogni-cash/internal/adapter/parser/payslip/cariad/parser.go:250.44,251.12 1 0
cogni-cash/internal/adapter/parser/payslip/cariad/parser.go:252.10,253.11 1 0
cogni-cash/internal/adapter/parser/bank_statement/ingcsv/parser.go:63.45,63.79 1 1
cogni-cash/internal/adapter/parser/bank_statement/ingcsv/parser.go:66.104,80.16 9 1
cogni-cash/internal/adapter/parser/bank_statement/ingcsv/parser.go:80.16,82.3 1 0
cogni-cash/internal/adapter/parser/bank_statement/ingcsv/parser.go:86.2,86.100 1 1
cogni-cash/internal/adapter/parser/bank_statement/ingcsv/parser.go:86.100,88.3 1 0
cogni-cash/internal/adapter/parser/bank_statement/ingcsv/parser.go:90.2,97.30 2 1
cogni-cash/internal/adapter/parser/bank_statement/ingcsv/parser.go:97.30,98.19 1 1
cogni-cash/internal/adapter/parser/bank_statement/ingcsv/parser.go:98.19,99.12 1 1
cogni-cash/internal/adapter/parser/bank_statement/ingcsv/parser.go:101.3,104.14 3 1
cogni-cash/internal/adapter/parser/bank_statement/ingcsv/parser.go:105.15,106.48 1 1
cogni-cash/internal/adapter/parser/bank_statement/ingcsv/parser.go:107.16,110.47 1 1
cogni-cash/internal/adapter/parser/bank_statement/ingcsv/parser.go:111.19,111.19 0 1
cogni-cash/internal/adapter/parser/bank_statement/ingcsv/parser.go:114.16,115.21 1 1
cogni-cash/internal/adapter/parser/bank_statement/ingcsv/parser.go:115.21,118.5 2 1
cogni-cash/internal/adapter/parser/bank_statement/ingcsv/parser.go:119.18,121.22 1 1
cogni-cash/internal/adapter/parser/bank_statement/ingcsv/parser.go:126.2,131.30 3 1
cogni-cash/internal/adapter/parser/bank_statement/ingcsv/parser.go:131.30,132.62 1 1
cogni-cash/internal/adapter/parser/bank_statement/ingcsv/parser.go:132.62,134.9 2 1
cogni-cash/internal/adapter/parser/bank_statement/ingcsv/parser.go:138.2,138.19 1 1
cogni-cash/internal/adapter/parser/bank_statement/ingcsv/parser.go:138.19,139.41 1 1
cogni-cash/internal/adapter/parser/bank_statement/ingcsv/parser.go:139.41,140.20 1 1
cogni-cash/internal/adapter/parser/bank_statement/ingcsv/parser.go:140.20,141.13 1 0
cogni-cash/internal/adapter/parser/bank_statement/ingcsv/parser.go:143.4,144.18 2 1
cogni-cash/internal/adapter/parser/bank_statement/ingcsv/parser.go:144.18,145.13 1 0
cogni-cash/internal/adapter/parser/bank_statement/ingcsv/parser.go:147.4,150.40 2 1
cogni-cash/internal/adapter/parser/bank_statement/ingcsv/parser.go:150.40,152.5 1 1
cogni-cash/internal/adapter/parser/bank_statement/ingcsv/parser.go:157.2,157.26 1 1
cogni-cash/internal/adapter/parser/bank_statement/ingcsv/parser.go:157.26,159.3 1 1
cogni-cash/internal/adapter/parser/bank_statement/ingcsv/parser.go:162.2,163.39 2 1
cogni-cash/internal/adapter/parser/bank_statement/ingcsv/parser.go:163.39,165.3 1 1
cogni-cash/internal/adapter/parser/bank_statement/ingcsv/parser.go:166.2,170.18 3 1
cogni-cash/internal/adapter/parser/bank_statement/ingcsv/parser.go:184.88,186.16 2 1
cogni-cash/internal/adapter/parser/bank_statement/ingcsv/parser.go:186.16,188.3 1 0
cogni-cash/internal/adapter/parser/bank_statement/ingcsv/parser.go:189.2,190.16 2 1
cogni-cash/internal/adapter/parser/bank_statement/ingcsv/parser.go:190.16,192.3 1 0
cogni-cash/internal/adapter/parser/bank_statement/ingcsv/parser.go:194.2,198.20 5 1
cogni-cash/internal/adapter/parser/bank_statement/ingcsv/parser.go:198.20,200.3 1 0
cogni-cash/internal/adapter/parser/bank_statement/ingcsv/parser.go:202.2,203.16 2 1
cogni-cash/internal/adapter/parser/bank_statement/ingcsv/parser.go:203.16,205.3 1 0
cogni-cash/internal/adapter/parser/bank_statement/ingcsv/parser.go:211.2,212.54 2 1
cogni-cash/internal/adapter/parser/bank_statement/ingcsv/parser.go:212.54,214.3 1 1
cogni-cash/internal/adapter/parser/bank_statement/ingcsv/parser.go:215.2,218.16 3 1
cogni-cash/internal/adapter/parser/bank_statement/ingcsv/parser.go:218.16,220.3 1 1
cogni-cash/internal/adapter/parser/bank_statement/ingcsv/parser.go:222.2,234.8 1 1
cogni-cash/internal/adapter/parser/bank_statement/ingcsv/parser.go:239.50,244.2 4 1
cogni-cash/internal/adapter/parser/bank_statement/ingcsv/parser.go:246.51,248.2 1 1
cogni-cash/internal/adapter/parser/bank_statement/ai/parser.go:40.69,42.2 1 0
cogni-cash/internal/adapter/parser/bank_statement/ai/parser.go:47.111,51.55 2 0
cogni-cash/internal/adapter/parser/bank_statement/ai/parser.go:51.55,53.3 1 0
cogni-cash/internal/adapter/parser/bank_statement/ai/parser.go:55.2,55.30 1 0
cogni-cash/internal/adapter/parser/bank_statement/ai/parser.go:55.30,59.3 2 0
cogni-cash/internal/adapter/parser/bank_statement/ai/parser.go:62.2,63.35 2 0
cogni-cash/internal/adapter/parser/bank_statement/ai/parser.go:63.35,64.62 1 0
cogni-cash/internal/adapter/parser/bank_statement/ai/parser.go:64.62,66.4 1 0
cogni-cash/internal/adapter/parser/bank_statement/ai/parser.go:68.2,68.19 1 0
cogni-cash/internal/adapter/parser/bank_statement/ai/parser.go:68.19,70.3 1 0
cogni-cash/internal/adapter/parser/bank_statement/ai/parser.go:72.2,72.26 1 0
cogni-cash/internal/adapter/parser/bank_statement/ai/parser.go:72.26,74.3 1 0
cogni-cash/internal/adapter/parser/bank_statement/ai/parser.go:76.2,77.98 2 0
cogni-cash/internal/adapter/ollama/adapter.go:85.115,86.19 1 1
cogni-cash/internal/adapter/ollama/adapter.go:86.19,88.3 1 0
cogni-cash/internal/adapter/ollama/adapter.go:89.2,96.3 1 1
cogni-cash/internal/adapter/ollama/adapter.go:99.113,101.16 2 1
cogni-cash/internal/adapter/ollama/adapter.go:101.16,103.3 1 0
cogni-cash/internal/adapter/ollama/adapter.go:104.2,104.19 1 1
cogni-cash/internal/adapter/ollama/adapter.go:104.19,106.3 1 0
cogni-cash/internal/adapter/ollama/adapter.go:108.2,109.16 2 1
cogni-cash/internal/adapter/ollama/adapter.go:109.16,111.3 1 0
cogni-cash/internal/adapter/ollama/adapter.go:113.2,114.17 2 1
cogni-cash/internal/adapter/ollama/adapter.go:114.17,116.3 1 1
cogni-cash/internal/adapter/ollama/adapter.go:118.2,118.59 1 1
cogni-cash/internal/adapter/ollama/adapter.go:125.173,135.36 5 1
cogni-cash/internal/adapter/ollama/adapter.go:135.36,141.15 5 1
cogni-cash/internal/adapter/ollama/adapter.go:141.15,143.4 1 1
cogni-cash/internal/adapter/ollama/adapter.go:144.3,144.125 1 0
cogni-cash/internal/adapter/ollama/adapter.go:148.2,151.11 3 0
cogni-cash/internal/adapter/ollama/adapter.go:151.11,152.25 1 0
cogni-cash/internal/adapter/ollama/adapter.go:152.25,154.4 1 0
cogni-cash/internal/adapter/ollama/adapter.go:155.3,156.36 2 0
cogni-cash/internal/adapter/ollama/adapter.go:156.36,158.4 1 0
cogni-cash/internal/adapter/ollama/adapter.go:159.3,159.22 1 0
cogni-cash/internal/adapter/ollama/adapter.go:160.8,163.3 1 0
cogni-cash/internal/adapter/ollama/adapter.go:165.2,166.69 2 0
cogni-cash/internal/adapter/ollama/adapter.go:169.112,170.49 1 1
cogni-cash/internal/adapter/ollama/adapter.go:170.49,172.3 1 1
cogni-cash/internal/adapter/ollama/adapter.go:173.2,173.67 1 0
cogni-cash/internal/adapter/ollama/adapter.go:178.159,182.16 3 1
cogni-cash/internal/adapter/ollama/adapter.go:182.16,184.3 1 0
cogni-cash/internal/adapter/ollama/adapter.go:186.2,187.45 2 1
cogni-cash/internal/adapter/ollama/adapter.go:187.45,189.3 1 1
cogni-cash/internal/adapter/ollama/adapter.go:191.2,192.47 2 1
cogni-cash/internal/adapter/ollama/adapter.go:192.47,194.3 1 1
cogni-cash/internal/adapter/ollama/adapter.go:196.2,199.16 3 1
cogni-cash/internal/adapter/ollama/adapter.go:199.16,201.3 1 0
cogni-cash/internal/adapter/ollama/adapter.go:203.2,203.60 1 1
cogni-cash/internal/adapter/ollama/adapter.go:206.113,230.62 4 1
cogni-cash/internal/adapter/ollama/adapter.go:230.62,233.3 2 0
cogni-cash/internal/adapter/ollama/adapter.go:235.2,236.23 2 1
cogni-cash/internal/adapter/ollama/adapter.go:236.23,238.3 1 0
cogni-cash/internal/adapter/ollama/adapter.go:240.2,249.38 2 1
cogni-cash/internal/adapter/ollama/adapter.go:249.38,251.21 2 1
cogni-cash/internal/adapter/ollama/adapter.go:251.21,253.4 1 0
cogni-cash/internal/adapter/ollama/adapter.go:254.3,264.5 1 1
cogni-cash/internal/adapter/ollama/adapter.go:267.2,267.18 1 1
cogni-cash/internal/adapter/ollama/adapter.go:272.147,276.16 3 1
cogni-cash/internal/adapter/ollama/adapter.go:276.16,278.3 1 0
cogni-cash/internal/adapter/ollama/adapter.go:280.2,281.45 2 1
cogni-cash/internal/adapter/ollama/adapter.go:281.45,283.3 1 1
cogni-cash/internal/adapter/ollama/adapter.go:285.2,286.16 2 1
cogni-cash/internal/adapter/ollama/adapter.go:286.16,288.3 1 0
cogni-cash/internal/adapter/ollama/adapter.go:290.2,290.36 1 1
cogni-cash/internal/adapter/ollama/adapter.go:293.76,312.62 3 1
cogni-cash/internal/adapter/ollama/adapter.go:312.62,315.3 2 0
cogni-cash/internal/adapter/ollama/adapter.go:317.2,329.32 2 1
cogni-cash/internal/adapter/ollama/adapter.go:329.32,334.3 1 0
cogni-cash/internal/adapter/ollama/adapter.go:336.2,336.21 1 1
cogni-cash/internal/adapter/ollama/adapter.go:341.150,343.45 2 1
cogni-cash/internal/adapter/ollama/adapter.go:343.45,345.3 1 1
cogni-cash/internal/adapter/ollama/adapter.go:347.2,348.47 2 1
cogni-cash/internal/adapter/ollama/adapter.go:348.47,350.3 1 1
cogni-cash/internal/adapter/ollama/adapter.go:352.2,357.16 5 1
cogni-cash/internal/adapter/ollama/adapter.go:357.16,359.3 1 0
cogni-cash/internal/adapter/ollama/adapter.go:361.2,362.16 2 1
cogni-cash/internal/adapter/ollama/adapter.go:362.16,365.3 2 0
cogni-cash/internal/adapter/ollama/adapter.go:367.2,370.62 3 1
cogni-cash/internal/adapter/ollama/adapter.go:370.62,373.3 2 0
cogni-cash/internal/adapter/ollama/adapter.go:375.2,382.8 1 1
cogni-cash/internal/adapter/ollama/adapter.go:385.72,387.25 2 1
cogni-cash/internal/adapter/ollama/adapter.go:387.25,389.3 1 1
cogni-cash/internal/adapter/ollama/adapter.go:390.2,390.34 1 1
cogni-cash/internal/adapter/ollama/adapter.go:393.197,395.16 2 1
cogni-cash/internal/adapter/ollama/adapter.go:395.16,397.3 1 0
cogni-cash/internal/adapter/ollama/adapter.go:399.2,400.45 2 1
cogni-cash/internal/adapter/ollama/adapter.go:400.45,402.3 1 1
cogni-cash/internal/adapter/ollama/adapter.go:404.2,405.47 2 1
cogni-cash/internal/adapter/ollama/adapter.go:405.47,407.3 1 1
cogni-cash/internal/adapter/ollama/adapter.go:409.2,419.14 9 1
cogni-cash/internal/adapter/ollama/adapter.go:419.14,421.3 1 1
cogni-cash/internal/adapter/ollama/adapter.go:421.8,424.3 2 1
cogni-cash/internal/adapter/ollama/adapter.go:426.2,426.16 1 1
cogni-cash/internal/adapter/ollama/adapter.go:426.16,428.3 1 0
cogni-cash/internal/adapter/ollama/adapter.go:430.2,433.62 3 1
cogni-cash/internal/adapter/ollama/adapter.go:433.62,435.3 1 0
cogni-cash/internal/adapter/ollama/adapter.go:437.2,444.8 1 1
cogni-cash/internal/adapter/ollama/adapter.go:447.224,450.45 3 0
cogni-cash/internal/adapter/ollama/adapter.go:450.45,452.3 1 0
cogni-cash/internal/adapter/ollama/adapter.go:454.2,462.16 7 0
cogni-cash/internal/adapter/ollama/adapter.go:462.16,464.3 1 0
cogni-cash/internal/adapter/ollama/adapter.go:466.2,467.16 2 0
cogni-cash/internal/adapter/ollama/adapter.go:467.16,470.3 2 0
cogni-cash/internal/adapter/ollama/adapter.go:472.2,475.66 3 0
cogni-cash/internal/adapter/ollama/adapter.go:475.66,482.67 2 0
cogni-cash/internal/adapter/ollama/adapter.go:482.67,485.4 2 0
cogni-cash/internal/adapter/ollama/adapter.go:487.3,487.36 1 0
cogni-cash/internal/adapter/ollama/adapter.go:487.36,489.4 1 0
cogni-cash/internal/adapter/ollama/adapter.go:489.9,489.35 1 0
cogni-cash/internal/adapter/ollama/adapter.go:489.35,491.4 1 0
cogni-cash/internal/adapter/ollama/adapter.go:491.9,491.38 1 0
cogni-cash/internal/adapter/ollama/adapter.go:491.38,493.4 1 0
cogni-cash/internal/adapter/ollama/adapter.go:493.9,495.4 1 0
cogni-cash/internal/adapter/ollama/adapter.go:498.2,498.25 1 0
cogni-cash/internal/adapter/ollama/adapter.go:498.25,500.3 1 0
cogni-cash/internal/adapter/ollama/adapter.go:502.2,502.21 1 0
cogni-cash/internal/adapter/ollama/adapter.go:507.190,511.16 3 0
cogni-cash/internal/adapter/ollama/adapter.go:511.16,513.3 1 0
cogni-cash/internal/adapter/ollama/adapter.go:515.2,516.45 2 0
cogni-cash/internal/adapter/ollama/adapter.go:516.45,518.3 1 0
cogni-cash/internal/adapter/ollama/adapter.go:521.2,522.24 2 0
cogni-cash/internal/adapter/ollama/adapter.go:522.24,525.3 1 0
cogni-cash/internal/adapter/ollama/adapter.go:527.2,530.47 3 0
cogni-cash/internal/adapter/ollama/adapter.go:530.47,532.3 1 0
cogni-cash/internal/adapter/ollama/adapter.go:535.2,536.16 2 0
cogni-cash/internal/adapter/ollama/adapter.go:536.16,538.3 1 0
cogni-cash/internal/adapter/ollama/adapter.go:540.2,540.66 1 0
cogni-cash/internal/adapter/ollama/adapter.go:543.176,547.16 3 0
cogni-cash/internal/adapter/ollama/adapter.go:547.16,549.3 1 0
cogni-cash/internal/adapter/ollama/adapter.go:551.2,558.16 7 0
cogni-cash/internal/adapter/ollama/adapter.go:558.16,560.3 1 0
cogni-cash/internal/adapter/ollama/adapter.go:562.2,567.62 3 0
cogni-cash/internal/adapter/ollama/adapter.go:567.62,572.3 2 0
cogni-cash/internal/adapter/ollama/adapter.go:574.2,574.32 1 0
cogni-cash/internal/adapter/ollama/adapter.go:577.192,581.16 3 0
cogni-cash/internal/adapter/ollama/adapter.go:581.16,583.3 1 0
cogni-cash/internal/adapter/ollama/adapter.go:585.2,586.45 2 0
cogni-cash/internal/adapter/ollama/adapter.go:586.45,588.3 1 0
cogni-cash/internal/adapter/ollama/adapter.go:591.2,592.39 2 0
cogni-cash/internal/adapter/ollama/adapter.go:592.39,594.3 1 0
cogni-cash/internal/adapter/ollama/adapter.go:594.8,594.46 1 0
cogni-cash/internal/adapter/ollama/adapter.go:594.46,596.3 1 0
cogni-cash/internal/adapter/ollama/adapter.go:596.8,596.46 1 0
cogni-cash/internal/adapter/ollama/adapter.go:596.46,598.3 1 0
cogni-cash/internal/adapter/ollama/adapter.go:598.8,598.46 1 0
cogni-cash/internal/adapter/ollama/adapter.go:598.46,600.3 1 0
cogni-cash/internal/adapter/ollama/adapter.go:602.2,608.16 6 0
cogni-cash/internal/adapter/ollama/adapter.go:608.16,610.3 1 0
cogni-cash/internal/adapter/ollama/adapter.go:612.2,615.62 3 0
cogni-cash/internal/adapter/ollama/adapter.go:615.62,618.3 2 0
cogni-cash/internal/adapter/ollama/adapter.go:620.2,620.17 1 0
cogni-cash/internal/adapter/ollama/adapter.go:623.160,627.16 3 0
cogni-cash/internal/adapter/ollama/adapter.go:627.16,629.3 1 0
cogni-cash/internal/adapter/ollama/adapter.go:631.2,632.45 2 0
cogni-cash/internal/adapter/ollama/adapter.go:632.45,634.3 1 0
cogni-cash/internal/adapter/ollama/adapter.go:636.2,645.16 9 0
cogni-cash/internal/adapter/ollama/adapter.go:645.16,647.3 1 0
cogni-cash/internal/adapter/ollama/adapter.go:649.2,652.62 3 0
cogni-cash/internal/adapter/ollama/adapter.go:652.62,655.3 2 0
cogni-cash/internal/adapter/ollama/adapter.go:657.2,657.17 1 0
cogni-cash/internal/adapter/ollama/adapter.go:660.150,669.62 3 0
cogni-cash/internal/adapter/ollama/adapter.go:669.62,672.3 2 0
cogni-cash/internal/adapter/ollama/adapter.go:674.2,675.17 2 0
cogni-cash/internal/adapter/ollama/adapter.go:676.104,676.104 0 0
cogni-cash/internal/adapter/ollama/adapter.go:678.10,679.32 1 0
cogni-cash/internal/adapter/ollama/adapter.go:682.2,682.25 1 0
cogni-cash/internal/adapter/ollama/adapter.go:682.25,684.3 1 0
cogni-cash/internal/adapter/ollama/adapter.go:685.2,685.23 1 0
cogni-cash/internal/adapter/ollama/adapter.go:685.23,687.3 1 0
cogni-cash/internal/adapter/ollama/adapter.go:689.2,689.50 1 0
cogni-cash/internal/adapter/ollama/adapter.go:694.144,707.16 3 1
cogni-cash/internal/adapter/ollama/adapter.go:707.16,709.3 1 0
cogni-cash/internal/adapter/ollama/adapter.go:711.2,712.16 2 1
cogni-cash/internal/adapter/ollama/adapter.go:712.16,714.3 1 0
cogni-cash/internal/adapter/ollama/adapter.go:715.2,718.16 3 1
cogni-cash/internal/adapter/ollama/adapter.go:718.16,720.3 1 0
cogni-cash/internal/adapter/ollama/adapter.go:721.2,724.38 3 1
cogni-cash/internal/adapter/ollama/adapter.go:724.38,726.3 1 0
cogni-cash/internal/adapter/ollama/adapter.go:728.2,729.58 2 1
cogni-cash/internal/adapter/ollama/adapter.go:729.58,731.3 1 0
cogni-cash/internal/adapter/ollama/adapter.go:732.2,732.77 1 1
cogni-cash/internal/adapter/ollama/adapter.go:732.77,734.3 1 1
cogni-cash/internal/adapter/ollama/adapter.go:735.2,735.53 1 0
cogni-cash/internal/adapter/ollama/adapter.go:738.102,743.16 3 1
cogni-cash/internal/adapter/ollama/adapter.go:743.16,745.3 1 0
cogni-cash/internal/adapter/ollama/adapter.go:747.2,748.16 2 1
cogni-cash/internal/adapter/ollama/adapter.go:748.16,750.3 1 0
cogni-cash/internal/adapter/ollama/adapter.go:751.2,754.16 3 1
cogni-cash/internal/adapter/ollama/adapter.go:754.16,756.3 1 0
cogni-cash/internal/adapter/ollama/adapter.go:757.2,760.38 3 1
cogni-cash/internal/adapter/ollama/adapter.go:760.38,762.3 1 0
cogni-cash/internal/adapter/ollama/adapter.go:764.2,765.58 2 1
cogni-cash/internal/adapter/ollama/adapter.go:765.58,767.3 1 0
cogni-cash/internal/adapter/ollama/adapter.go:769.2,769.77 1 1
cogni-cash/internal/adapter/ollama/adapter.go:769.77,771.3 1 1
cogni-cash/internal/adapter/ollama/adapter.go:772.2,772.53 1 0
cogni-cash/internal/adapter/ollama/adapter.go:775.123,783.16 2 1
cogni-cash/internal/adapter/ollama/adapter.go:783.16,785.3 1 0
cogni-cash/internal/adapter/ollama/adapter.go:787.2,789.16 3 1
cogni-cash/internal/adapter/ollama/adapter.go:789.16,791.3 1 0
cogni-cash/internal/adapter/ollama/adapter.go:792.2,793.17 2 1
cogni-cash/internal/adapter/ollama/adapter.go:793.17,795.3 1 1
cogni-cash/internal/adapter/ollama/adapter.go:797.2,798.16 2 1
cogni-cash/internal/adapter/ollama/adapter.go:798.16,800.3 1 0
cogni-cash/internal/adapter/ollama/adapter.go:801.2,804.38 3 1
cogni-cash/internal/adapter/ollama/adapter.go:804.38,806.3 1 0
cogni-cash/internal/adapter/ollama/adapter.go:808.2,809.58 2 1
cogni-cash/internal/adapter/ollama/adapter.go:809.58,811.3 1 0
cogni-cash/internal/adapter/ollama/adapter.go:812.2,812.28 1 1
cogni-cash/internal/adapter/ollama/adapter.go:815.45,821.2 5 1
cogni-cash/internal/adapter/http/auth_handler.go:23.153,30.2 1 1
cogni-cash/internal/adapter/http/auth_handler.go:62.69,64.61 2 1
cogni-cash/internal/adapter/http/auth_handler.go:64.61,68.3 3 0
cogni-cash/internal/adapter/http/auth_handler.go:70.2,70.54 1 1
cogni-cash/internal/adapter/http/auth_handler.go:70.54,73.3 2 0
cogni-cash/internal/adapter/http/auth_handler.go:74.2,74.72 1 1
cogni-cash/internal/adapter/http/auth_handler.go:74.72,77.3 2 0
cogni-cash/internal/adapter/http/auth_handler.go:79.2,80.16 2 1
cogni-cash/internal/adapter/http/auth_handler.go:80.16,83.3 2 0
cogni-cash/internal/adapter/http/auth_handler.go:86.2,108.43 4 1
cogni-cash/internal/adapter/http/auth_handler.go:111.71,113.61 2 0
cogni-cash/internal/adapter/http/auth_handler.go:113.61,116.3 2 0
cogni-cash/internal/adapter/http/auth_handler.go:118.2,118.28 1 0
cogni-cash/internal/adapter/http/auth_handler.go:118.28,121.3 2 0
cogni-cash/internal/adapter/http/auth_handler.go:123.2,124.16 2 0
cogni-cash/internal/adapter/http/auth_handler.go:124.16,127.3 2 0
cogni-cash/internal/adapter/http/auth_handler.go:130.2,151.43 3 0
cogni-cash/internal/adapter/http/auth_handler.go:154.70,157.87 2 0
cogni-cash/internal/adapter/http/auth_handler.go:157.87,159.3 1 0
cogni-cash/internal/adapter/http/auth_handler.go:161.2,181.37 3 0
cogni-cash/internal/adapter/http/auth_handler.go:184.78,186.61 2 1
cogni-cash/internal/adapter/http/auth_handler.go:186.61,189.3 2 0
cogni-cash/internal/adapter/http/auth_handler.go:191.2,191.60 1 1
cogni-cash/internal/adapter/http/auth_handler.go:191.60,194.3 2 0
cogni-cash/internal/adapter/http/auth_handler.go:195.2,195.78 1 1
cogni-cash/internal/adapter/http/auth_handler.go:195.78,198.3 2 0
cogni-cash/internal/adapter/http/auth_handler.go:200.2,201.24 2 1
cogni-cash/internal/adapter/http/auth_handler.go:201.24,204.3 2 0
cogni-cash/internal/adapter/http/auth_handler.go:206.2,206.113 1 1
cogni-cash/internal/adapter/http/auth_handler.go:206.113,209.3 2 0
cogni-cash/internal/adapter/http/auth_handler.go:211.2,211.37 1 1
cogni-cash/internal/adapter/http/auth_handler.go:214.78,216.61 2 0
cogni-cash/internal/adapter/http/auth_handler.go:216.61,219.3 2 0
cogni-cash/internal/adapter/http/auth_handler.go:221.2,221.25 1 0
cogni-cash/internal/adapter/http/auth_handler.go:221.25,224.3 2 0
cogni-cash/internal/adapter/http/auth_handler.go:226.2,226.79 1 0
cogni-cash/internal/adapter/http/auth_handler.go:226.79,229.3 1 0
cogni-cash/internal/adapter/http/auth_handler.go:231.2,231.128 1 0
cogni-cash/internal/adapter/http/auth_handler.go:234.82,236.17 2 0
cogni-cash/internal/adapter/http/auth_handler.go:236.17,239.3 2 0
cogni-cash/internal/adapter/http/auth_handler.go:241.2,242.16 2 0
cogni-cash/internal/adapter/http/auth_handler.go:242.16,245.3 2 0
cogni-cash/internal/adapter/http/auth_handler.go:247.2,247.64 1 0
cogni-cash/internal/adapter/http/auth_handler.go:250.84,252.61 2 0
cogni-cash/internal/adapter/http/auth_handler.go:252.61,255.3 2 0
cogni-cash/internal/adapter/http/auth_handler.go:257.2,257.54 1 0
cogni-cash/internal/adapter/http/auth_handler.go:257.54,260.3 2 0
cogni-cash/internal/adapter/http/auth_handler.go:262.2,262.96 1 0
cogni-cash/internal/adapter/http/auth_handler.go:262.96,265.3 2 0
cogni-cash/internal/adapter/http/auth_handler.go:267.2,267.92 1 0
cogni-cash/internal/adapter/http/auth_handler.go:270.70,271.71 1 0
cogni-cash/internal/adapter/http/auth_handler.go:271.71,274.51 2 0
cogni-cash/internal/adapter/http/auth_handler.go:274.51,276.18 2 0
cogni-cash/internal/adapter/http/auth_handler.go:276.18,280.5 3 0
cogni-cash/internal/adapter/http/auth_handler.go:281.4,281.84 1 0
cogni-cash/internal/adapter/http/auth_handler.go:285.3,288.47 3 0
cogni-cash/internal/adapter/http/auth_handler.go:288.47,290.4 1 0
cogni-cash/internal/adapter/http/auth_handler.go:290.9,293.18 2 0
cogni-cash/internal/adapter/http/auth_handler.go:293.18,295.5 1 0
cogni-cash/internal/adapter/http/auth_handler.go:298.3,298.21 1 0
cogni-cash/internal/adapter/http/auth_handler.go:298.21,301.4 2 0
cogni-cash/internal/adapter/http/auth_handler.go:303.3,304.17 2 0
cogni-cash/internal/adapter/http/auth_handler.go:304.17,307.4 2 0
cogni-cash/internal/adapter/http/auth_handler.go:309.3,310.40 2 0
cogni-cash/internal/adapter/http/auth_handler.go:314.71,315.71 1 0
cogni-cash/internal/adapter/http/auth_handler.go:315.71,317.25 2 0
cogni-cash/internal/adapter/http/auth_handler.go:317.25,320.4 2 0
cogni-cash/internal/adapter/http/auth_handler.go:322.3,323.17 2 0
cogni-cash/internal/adapter/http/auth_handler.go:323.17,326.4 2 0
cogni-cash/internal/adapter/http/auth_handler.go:328.3,328.27 1 0
cogni-cash/internal/adapter/http/auth_handler.go:328.27,332.4 3 0
cogni-cash/internal/adapter/http/auth_handler.go:334.3,334.23 1 0
cogni-cash/internal/adapter/http/bank_handler.go:24.132,31.2 1 1
cogni-cash/internal/adapter/http/bank_handler.go:33.84,35.19 2 1
cogni-cash/internal/adapter/http/bank_handler.go:35.19,37.3 1 1
cogni-cash/internal/adapter/http/bank_handler.go:39.2,42.24 3 1
cogni-cash/internal/adapter/http/bank_handler.go:42.24,45.3 2 0
cogni-cash/internal/adapter/http/bank_handler.go:46.2,47.16 2 1
cogni-cash/internal/adapter/http/bank_handler.go:47.16,51.3 3 0
cogni-cash/internal/adapter/http/bank_handler.go:53.2,53.36 1 1
cogni-cash/internal/adapter/http/bank_handler.go:56.84,64.61 2 0
cogni-cash/internal/adapter/http/bank_handler.go:64.61,67.3 2 0
cogni-cash/internal/adapter/http/bank_handler.go:69.2,70.24 2 0
cogni-cash/internal/adapter/http/bank_handler.go:70.24,73.3 2 0
cogni-cash/internal/adapter/http/bank_handler.go:75.2,79.16 4 0
cogni-cash/internal/adapter/http/bank_handler.go:79.16,83.3 3 0
cogni-cash/internal/adapter/http/bank_handler.go:85.2,85.40 1 0
cogni-cash/internal/adapter/http/bank_handler.go:88.84,93.61 2 0
cogni-cash/internal/adapter/http/bank_handler.go:93.61,96.3 2 0
cogni-cash/internal/adapter/http/bank_handler.go:98.2,99.24 2 0
cogni-cash/internal/adapter/http/bank_handler.go:99.24,102.3 2 0
cogni-cash/internal/adapter/http/bank_handler.go:103.2,103.101 1 0
cogni-cash/internal/adapter/http/bank_handler.go:103.101,107.3 3 0
cogni-cash/internal/adapter/http/bank_handler.go:110.2,110.24 1 0
cogni-cash/internal/adapter/http/bank_handler.go:110.24,112.13 2 0
cogni-cash/internal/adapter/http/bank_handler.go:112.13,114.70 2 0
cogni-cash/internal/adapter/http/bank_handler.go:114.70,116.5 1 0
cogni-cash/internal/adapter/http/bank_handler.go:120.2,120.69 1 0
cogni-cash/internal/adapter/http/bank_handler.go:123.88,131.61 2 0
cogni-cash/internal/adapter/http/bank_handler.go:131.61,134.3 2 0
cogni-cash/internal/adapter/http/bank_handler.go:136.2,137.24 2 0
cogni-cash/internal/adapter/http/bank_handler.go:137.24,140.3 2 0
cogni-cash/internal/adapter/http/bank_handler.go:142.2,151.73 2 0
cogni-cash/internal/adapter/http/bank_handler.go:151.73,155.3 3 0
cogni-cash/internal/adapter/http/bank_handler.go:157.2,157.39 1 0
cogni-cash/internal/adapter/http/bank_handler.go:160.83,162.24 2 1
cogni-cash/internal/adapter/http/bank_handler.go:162.24,165.3 2 0
cogni-cash/internal/adapter/http/bank_handler.go:166.2,167.16 2 1
cogni-cash/internal/adapter/http/bank_handler.go:167.16,171.3 3 0
cogni-cash/internal/adapter/http/bank_handler.go:173.2,173.36 1 1
cogni-cash/internal/adapter/http/bank_handler.go:176.84,179.16 3 0
cogni-cash/internal/adapter/http/bank_handler.go:179.16,182.3 2 0
cogni-cash/internal/adapter/http/bank_handler.go:184.2,185.24 2 0
cogni-cash/internal/adapter/http/bank_handler.go:185.24,188.3 2 0
cogni-cash/internal/adapter/http/bank_handler.go:189.2,189.76 1 0
cogni-cash/internal/adapter/http/bank_handler.go:189.76,193.3 3 0
cogni-cash/internal/adapter/http/bank_handler.go:195.2,195.37 1 0
cogni-cash/internal/adapter/http/bank_handler.go:198.83,200.24 2 1
cogni-cash/internal/adapter/http/bank_handler.go:200.24,203.3 2 0
cogni-cash/internal/adapter/http/bank_handler.go:205.2,205.24 1 1
cogni-cash/internal/adapter/http/bank_handler.go:205.24,207.13 2 0
cogni-cash/internal/adapter/http/bank_handler.go:207.13,209.70 2 0
cogni-cash/internal/adapter/http/bank_handler.go:209.70,211.5 1 0
cogni-cash/internal/adapter/http/bank_handler.go:215.2,215.95 1 1
cogni-cash/internal/adapter/http/bank_handler.go:218.85,221.16 3 0
cogni-cash/internal/adapter/http/bank_handler.go:221.16,224.3 2 0
cogni-cash/internal/adapter/http/bank_handler.go:226.2,229.61 2 0
cogni-cash/internal/adapter/http/bank_handler.go:229.61,232.3 2 0
cogni-cash/internal/adapter/http/bank_handler.go:234.2,235.24 2 0
cogni-cash/internal/adapter/http/bank_handler.go:235.24,238.3 2 0
cogni-cash/internal/adapter/http/bank_handler.go:239.2,239.116 1 0
cogni-cash/internal/adapter/http/bank_handler.go:239.116,243.3 3 0
cogni-cash/internal/adapter/http/bank_handler.go:245.2,245.69 1 0
cogni-cash/internal/adapter/http/bank_handler.go:248.80,251.16 3 0
cogni-cash/internal/adapter/http/bank_handler.go:251.16,254.3 2 0
cogni-cash/internal/adapter/http/bank_handler.go:256.2,260.61 2 0
cogni-cash/internal/adapter/http/bank_handler.go:260.61,263.3 2 0
cogni-cash/internal/adapter/http/bank_handler.go:265.2,266.113 2 0
cogni-cash/internal/adapter/http/bank_handler.go:266.113,270.3 3 0
cogni-cash/internal/adapter/http/bank_handler.go:272.2,272.68 1 0
cogni-cash/internal/adapter/http/bank_handler.go:275.86,278.16 3 0
cogni-cash/internal/adapter/http/bank_handler.go:278.16,281.3 2 0
cogni-cash/internal/adapter/http/bank_handler.go:283.2,285.16 3 0
cogni-cash/internal/adapter/http/bank_handler.go:285.16,288.3 2 0
cogni-cash/internal/adapter/http/bank_handler.go:290.2,291.92 2 0
cogni-cash/internal/adapter/http/bank_handler.go:291.92,295.3 3 0
cogni-cash/internal/adapter/http/bank_handler.go:297.2,297.37 1 0
cogni-cash/internal/adapter/http/bank_handler.go:300.85,303.16 3 0
cogni-cash/internal/adapter/http/bank_handler.go:303.16,306.3 2 0
cogni-cash/internal/adapter/http/bank_handler.go:308.2,310.16 3 0
cogni-cash/internal/adapter/http/bank_handler.go:310.16,314.3 3 0
cogni-cash/internal/adapter/http/bank_handler.go:316.2,316.37 1 0
cogni-cash/internal/adapter/http/bank_statement_handler.go:33.274,42.2 1 1
cogni-cash/internal/adapter/http/bank_statement_handler.go:63.91,64.27 1 0
cogni-cash/internal/adapter/http/bank_statement_handler.go:64.27,67.3 2 0
cogni-cash/internal/adapter/http/bank_statement_handler.go:68.2,69.24 2 0
cogni-cash/internal/adapter/http/bank_statement_handler.go:69.24,72.3 2 0
cogni-cash/internal/adapter/http/bank_statement_handler.go:73.2,74.16 2 0
cogni-cash/internal/adapter/http/bank_statement_handler.go:74.16,77.3 2 0
cogni-cash/internal/adapter/http/bank_statement_handler.go:78.2,78.22 1 0
cogni-cash/internal/adapter/http/bank_statement_handler.go:78.22,81.3 2 0
cogni-cash/internal/adapter/http/bank_statement_handler.go:82.2,82.40 1 0
cogni-cash/internal/adapter/http/bank_statement_handler.go:85.89,86.27 1 0
cogni-cash/internal/adapter/http/bank_statement_handler.go:86.27,89.3 2 0
cogni-cash/internal/adapter/http/bank_statement_handler.go:90.2,92.16 3 0
cogni-cash/internal/adapter/http/bank_statement_handler.go:92.16,95.3 2 0
cogni-cash/internal/adapter/http/bank_statement_handler.go:96.2,97.24 2 0
cogni-cash/internal/adapter/http/bank_statement_handler.go:97.24,100.3 2 0
cogni-cash/internal/adapter/http/bank_statement_handler.go:101.2,102.16 2 0
cogni-cash/internal/adapter/http/bank_statement_handler.go:102.16,105.3 2 0
cogni-cash/internal/adapter/http/bank_statement_handler.go:106.2,106.35 1 0
cogni-cash/internal/adapter/http/bank_statement_handler.go:109.92,112.56 3 0
cogni-cash/internal/adapter/http/bank_statement_handler.go:112.56,115.3 2 0
cogni-cash/internal/adapter/http/bank_statement_handler.go:117.2,118.21 2 0
cogni-cash/internal/adapter/http/bank_statement_handler.go:118.21,120.3 1 0
cogni-cash/internal/adapter/http/bank_statement_handler.go:122.2,122.21 1 0
cogni-cash/internal/adapter/http/bank_statement_handler.go:122.21,125.3 2 0
cogni-cash/internal/adapter/http/bank_statement_handler.go:127.2,128.24 2 0
cogni-cash/internal/adapter/http/bank_statement_handler.go:128.24,131.3 2 0
cogni-cash/internal/adapter/http/bank_statement_handler.go:132.2,147.35 6 0
cogni-cash/internal/adapter/http/bank_statement_handler.go:147.35,149.17 2 0
cogni-cash/internal/adapter/http/bank_statement_handler.go:149.17,151.12 2 0
cogni-cash/internal/adapter/http/bank_statement_handler.go:154.3,156.17 3 0
cogni-cash/internal/adapter/http/bank_statement_handler.go:156.17,158.12 2 0
cogni-cash/internal/adapter/http/bank_statement_handler.go:161.3,162.47 2 0
cogni-cash/internal/adapter/http/bank_statement_handler.go:162.47,168.12 2 0
cogni-cash/internal/adapter/http/bank_statement_handler.go:172.3,177.17 3 0
cogni-cash/internal/adapter/http/bank_statement_handler.go:177.17,178.43 1 0
cogni-cash/internal/adapter/http/bank_statement_handler.go:178.43,180.5 1 0
cogni-cash/internal/adapter/http/bank_statement_handler.go:180.10,186.5 1 0
cogni-cash/internal/adapter/http/bank_statement_handler.go:187.4,187.12 1 0
cogni-cash/internal/adapter/http/bank_statement_handler.go:190.3,191.115 2 0
cogni-cash/internal/adapter/http/bank_statement_handler.go:194.2,195.24 2 0
cogni-cash/internal/adapter/http/bank_statement_handler.go:195.24,197.31 2 0
cogni-cash/internal/adapter/http/bank_statement_handler.go:197.31,198.33 1 0
cogni-cash/internal/adapter/http/bank_statement_handler.go:198.33,200.10 2 0
cogni-cash/internal/adapter/http/bank_statement_handler.go:203.3,203.20 1 0
cogni-cash/internal/adapter/http/bank_statement_handler.go:203.20,205.4 1 0
cogni-cash/internal/adapter/http/bank_statement_handler.go:205.9,207.4 1 0
cogni-cash/internal/adapter/http/bank_statement_handler.go:208.8,208.39 1 0
cogni-cash/internal/adapter/http/bank_statement_handler.go:208.39,210.3 1 0
cogni-cash/internal/adapter/http/bank_statement_handler.go:212.2,218.4 1 0
cogni-cash/internal/adapter/http/bank_statement_handler.go:221.92,222.31 1 1
cogni-cash/internal/adapter/http/bank_statement_handler.go:222.31,225.3 2 0
cogni-cash/internal/adapter/http/bank_statement_handler.go:227.2,229.16 3 1
cogni-cash/internal/adapter/http/bank_statement_handler.go:229.16,232.3 2 0
cogni-cash/internal/adapter/http/bank_statement_handler.go:234.2,235.24 2 1
cogni-cash/internal/adapter/http/bank_statement_handler.go:235.24,238.3 2 0
cogni-cash/internal/adapter/http/bank_statement_handler.go:239.2,239.84 1 1
cogni-cash/internal/adapter/http/bank_statement_handler.go:239.84,243.3 3 0
cogni-cash/internal/adapter/http/bank_statement_handler.go:245.2,245.37 1 1
cogni-cash/internal/adapter/http/bank_statement_handler.go:248.98,249.27 1 0
cogni-cash/internal/adapter/http/bank_statement_handler.go:249.27,252.3 2 0
cogni-cash/internal/adapter/http/bank_statement_handler.go:254.2,256.16 3 0
cogni-cash/internal/adapter/http/bank_statement_handler.go:256.16,259.3 2 0
cogni-cash/internal/adapter/http/bank_statement_handler.go:261.2,262.24 2 0
cogni-cash/internal/adapter/http/bank_statement_handler.go:262.24,265.3 2 0
cogni-cash/internal/adapter/http/bank_statement_handler.go:266.2,267.16 2 0
cogni-cash/internal/adapter/http/bank_statement_handler.go:267.16,270.3 2 0
cogni-cash/internal/adapter/http/bank_statement_handler.go:272.2,272.33 1 0
cogni-cash/internal/adapter/http/bank_statement_handler.go:272.33,275.3 2 0
cogni-cash/internal/adapter/http/bank_statement_handler.go:277.2,281.127 2 0
cogni-cash/internal/adapter/http/bank_statement_handler.go:281.127,283.3 1 0
cogni-cash/internal/adapter/http/bank_statement_handler.go:283.8,283.75 1 0
cogni-cash/internal/adapter/http/bank_statement_handler.go:283.75,286.3 1 0
cogni-cash/internal/adapter/http/bank_statement_handler.go:287.2,294.54 6 0
cogni-cash/internal/adapter/http/bank_statement_handler.go:294.54,296.3 1 0
cogni-cash/internal/adapter/http/bank_statement_handler.go:299.96,300.29 1 1
cogni-cash/internal/adapter/http/bank_statement_handler.go:300.29,303.3 2 0
cogni-cash/internal/adapter/http/bank_statement_handler.go:305.2,307.16 3 1
cogni-cash/internal/adapter/http/bank_statement_handler.go:307.16,310.3 2 0
cogni-cash/internal/adapter/http/bank_statement_handler.go:312.2,312.40 1 1
cogni-cash/internal/adapter/http/bank_statement_handler.go:315.89,316.29 1 1
cogni-cash/internal/adapter/http/bank_statement_handler.go:316.29,319.3 2 0
cogni-cash/internal/adapter/http/bank_statement_handler.go:321.2,323.16 3 1
cogni-cash/internal/adapter/http/bank_statement_handler.go:323.16,327.3 3 0
cogni-cash/internal/adapter/http/bank_statement_handler.go:329.2,329.58 1 1
cogni-cash/internal/adapter/http/bank_statement_handler.go:329.58,331.60 2 0
cogni-cash/internal/adapter/http/bank_statement_handler.go:331.60,333.4 1 0
cogni-cash/internal/adapter/http/bank_statement_handler.go:334.3,335.27 2 0
cogni-cash/internal/adapter/http/bank_statement_handler.go:335.27,337.4 1 0
cogni-cash/internal/adapter/http/bank_statement_handler.go:339.3,340.17 2 0
cogni-cash/internal/adapter/http/bank_statement_handler.go:340.17,341.43 1 0
cogni-cash/internal/adapter/http/bank_statement_handler.go:341.43,344.5 2 0
cogni-cash/internal/adapter/http/bank_statement_handler.go:346.4,346.41 1 0
cogni-cash/internal/adapter/http/bank_statement_handler.go:346.41,348.5 1 0
cogni-cash/internal/adapter/http/bank_statement_handler.go:352.2,352.17 1 1
cogni-cash/internal/adapter/http/bank_statement_handler.go:352.17,355.3 2 0
cogni-cash/internal/adapter/http/bank_statement_handler.go:356.2,356.35 1 1
cogni-cash/internal/adapter/http/bank_statement_handler.go:359.98,360.29 1 1
cogni-cash/internal/adapter/http/bank_statement_handler.go:360.29,363.3 2 0
cogni-cash/internal/adapter/http/bank_statement_handler.go:365.2,366.23 2 1
cogni-cash/internal/adapter/http/bank_statement_handler.go:366.23,369.3 2 0
cogni-cash/internal/adapter/http/bank_statement_handler.go:371.2,372.61 2 1
cogni-cash/internal/adapter/http/bank_statement_handler.go:372.61,375.3 2 0
cogni-cash/internal/adapter/http/bank_statement_handler.go:377.2,378.26 2 1
cogni-cash/internal/adapter/http/bank_statement_handler.go:378.26,380.17 2 1
cogni-cash/internal/adapter/http/bank_statement_handler.go:380.17,383.4 2 0
cogni-cash/internal/adapter/http/bank_statement_handler.go:384.3,384.23 1 1
cogni-cash/internal/adapter/http/bank_statement_handler.go:387.2,388.24 2 1
cogni-cash/internal/adapter/http/bank_statement_handler.go:388.24,391.3 2 0
cogni-cash/internal/adapter/http/bank_statement_handler.go:392.2,392.100 1 1
cogni-cash/internal/adapter/http/bank_statement_handler.go:392.100,395.3 2 0
cogni-cash/internal/adapter/http/bank_statement_handler.go:397.2,397.37 1 1
cogni-cash/internal/adapter/http/bank_statement_handler.go:400.96,401.29 1 0
cogni-cash/internal/adapter/http/bank_statement_handler.go:401.29,404.3 2 0
cogni-cash/internal/adapter/http/bank_statement_handler.go:406.2,407.23 2 0
cogni-cash/internal/adapter/http/bank_statement_handler.go:407.23,410.3 2 0
cogni-cash/internal/adapter/http/bank_statement_handler.go:412.2,413.24 2 0
cogni-cash/internal/adapter/http/bank_statement_handler.go:413.24,416.3 2 0
cogni-cash/internal/adapter/http/bank_statement_handler.go:418.2,418.90 1 0
cogni-cash/internal/adapter/http/bank_statement_handler.go:418.90,421.3 2 0
cogni-cash/internal/adapter/http/bank_statement_handler.go:423.2,423.37 1 0
cogni-cash/internal/adapter/http/bank_statement_handler.go:426.101,427.29 1 0
cogni-cash/internal/adapter/http/bank_statement_handler.go:427.29,430.3 2 0
cogni-cash/internal/adapter/http/bank_statement_handler.go:432.2,436.65 2 0
cogni-cash/internal/adapter/http/bank_statement_handler.go:436.65,439.3 2 0
cogni-cash/internal/adapter/http/bank_statement_handler.go:441.2,442.24 2 0
cogni-cash/internal/adapter/http/bank_statement_handler.go:442.24,445.3 2 0
cogni-cash/internal/adapter/http/bank_statement_handler.go:447.2,447.97 1 0
cogni-cash/internal/adapter/http/bank_statement_handler.go:447.97,450.3 2 0
cogni-cash/internal/adapter/http/bank_statement_handler.go:452.2,452.37 1 0
cogni-cash/internal/adapter/http/bank_statement_handler.go:456.92,457.29 1 0
cogni-cash/internal/adapter/http/bank_statement_handler.go:457.29,460.3 2 0
cogni-cash/internal/adapter/http/bank_statement_handler.go:462.2,463.24 2 0
cogni-cash/internal/adapter/http/bank_statement_handler.go:463.24,466.3 2 0
cogni-cash/internal/adapter/http/bank_statement_handler.go:468.2,469.26 2 0
cogni-cash/internal/adapter/http/bank_statement_handler.go:469.26,470.77 1 0
cogni-cash/internal/adapter/http/bank_statement_handler.go:470.77,471.67 1 0
cogni-cash/internal/adapter/http/bank_statement_handler.go:471.67,472.61 1 0
cogni-cash/internal/adapter/http/bank_statement_handler.go:472.61,474.6 1 0
cogni-cash/internal/adapter/http/bank_statement_handler.go:479.2,480.16 2 0
cogni-cash/internal/adapter/http/bank_statement_handler.go:480.16,481.50 1 0
cogni-cash/internal/adapter/http/bank_statement_handler.go:481.50,484.4 2 0
cogni-cash/internal/adapter/http/bank_statement_handler.go:485.3,485.52 1 0
cogni-cash/internal/adapter/http/bank_statement_handler.go:485.52,488.4 2 0
cogni-cash/internal/adapter/http/bank_statement_handler.go:489.3,491.9 3 0
cogni-cash/internal/adapter/http/bank_statement_handler.go:494.2,494.97 1 0
cogni-cash/internal/adapter/http/bank_statement_handler.go:497.96,498.29 1 0
cogni-cash/internal/adapter/http/bank_statement_handler.go:498.29,501.3 2 0
cogni-cash/internal/adapter/http/bank_statement_handler.go:502.2,503.37 2 0
cogni-cash/internal/adapter/http/bank_statement_handler.go:506.93,507.29 1 0
cogni-cash/internal/adapter/http/bank_statement_handler.go:507.29,510.3 2 0
cogni-cash/internal/adapter/http/bank_statement_handler.go:511.2,512.85 2 0
cogni-cash/internal/adapter/http/bank_statement_handler.go:515.97,524.64 4 1
cogni-cash/internal/adapter/http/bank_statement_handler.go:524.64,526.3 1 0
cogni-cash/internal/adapter/http/bank_statement_handler.go:527.2,527.63 1 1
cogni-cash/internal/adapter/http/bank_statement_handler.go:527.63,529.3 1 0
cogni-cash/internal/adapter/http/bank_statement_handler.go:530.2,530.70 1 1
cogni-cash/internal/adapter/http/bank_statement_handler.go:530.70,532.3 1 0
cogni-cash/internal/adapter/http/bank_statement_handler.go:533.2,533.66 1 1
cogni-cash/internal/adapter/http/bank_statement_handler.go:533.66,535.3 1 0
cogni-cash/internal/adapter/http/bank_statement_handler.go:536.2,536.76 1 1
cogni-cash/internal/adapter/http/bank_statement_handler.go:536.76,538.3 1 0
cogni-cash/internal/adapter/http/bank_statement_handler.go:539.2,539.76 1 1
cogni-cash/internal/adapter/http/bank_statement_handler.go:539.76,541.3 1 0
cogni-cash/internal/adapter/http/bank_statement_handler.go:542.2,542.40 1 1
cogni-cash/internal/adapter/http/bank_statement_handler.go:542.40,545.3 2 0
cogni-cash/internal/adapter/http/bank_statement_handler.go:545.8,545.48 1 1
cogni-cash/internal/adapter/http/bank_statement_handler.go:545.48,549.3 1 0
cogni-cash/internal/adapter/http/bank_statement_handler.go:551.2,551.33 1 1
cogni-cash/internal/adapter/http/bank_statement_handler.go:551.33,554.3 2 0
cogni-cash/internal/adapter/http/bank_statement_handler.go:554.8,554.41 1 1
cogni-cash/internal/adapter/http/bank_statement_handler.go:554.41,557.3 2 0
cogni-cash/internal/adapter/http/bank_statement_handler.go:559.2,559.44 1 1
cogni-cash/internal/adapter/http/bank_statement_handler.go:559.44,561.3 1 0
cogni-cash/internal/adapter/http/bank_statement_handler.go:563.2,563.39 1 1
cogni-cash/internal/adapter/http/bank_statement_handler.go:563.39,565.3 1 0
cogni-cash/internal/adapter/http/bank_statement_handler.go:568.2,568.45 1 1
cogni-cash/internal/adapter/http/bank_statement_handler.go:568.45,571.3 2 0
cogni-cash/internal/adapter/http/bank_statement_handler.go:573.2,573.68 1 1
cogni-cash/internal/adapter/http/bank_statement_handler.go:573.68,575.3 1 0
cogni-cash/internal/adapter/http/bank_statement_handler.go:577.2,577.60 1 1
cogni-cash/internal/adapter/http/bank_statement_handler.go:577.60,579.3 1 0
cogni-cash/internal/adapter/http/bank_statement_handler.go:580.2,580.62 1 1
cogni-cash/internal/adapter/http/bank_statement_handler.go:580.62,582.3 1 0
cogni-cash/internal/adapter/http/bank_statement_handler.go:584.2,584.10 1 1
cogni-cash/internal/adapter/http/bank_statement_handler.go:587.39,589.9 2 0
cogni-cash/internal/adapter/http/bank_statement_handler.go:590.54,591.30 1 0
cogni-cash/internal/adapter/http/bank_statement_handler.go:592.54,593.27 1 0
cogni-cash/internal/adapter/http/bank_statement_handler.go:594.86,595.24 1 0
cogni-cash/internal/adapter/http/bank_statement_handler.go:596.96,597.24 1 0
cogni-cash/internal/adapter/http/bank_statement_handler.go:598.91,599.27 1 0
cogni-cash/internal/adapter/http/bank_statement_handler.go:600.91,601.26 1 0
cogni-cash/internal/adapter/http/bank_statement_handler.go:602.10,603.26 1 0
cogni-cash/internal/adapter/http/bank_statement_handler.go:607.92,610.16 3 0
cogni-cash/internal/adapter/http/bank_statement_handler.go:610.16,613.3 2 0
cogni-cash/internal/adapter/http/bank_statement_handler.go:615.2,618.61 2 0
cogni-cash/internal/adapter/http/bank_statement_handler.go:618.61,621.3 2 0
cogni-cash/internal/adapter/http/bank_statement_handler.go:623.2,624.24 2 0
cogni-cash/internal/adapter/http/bank_statement_handler.go:624.24,627.3 2 0
cogni-cash/internal/adapter/http/bank_statement_handler.go:629.2,629.110 1 0
cogni-cash/internal/adapter/http/bank_statement_handler.go:629.110,633.3 3 0
cogni-cash/internal/adapter/http/bank_statement_handler.go:635.2,635.69 1 0
cogni-cash/internal/adapter/http/bridge_token_handler.go:19.115,24.2 1 0
cogni-cash/internal/adapter/http/bridge_token_handler.go:30.87,32.24 2 0
cogni-cash/internal/adapter/http/bridge_token_handler.go:32.24,35.3 2 0
cogni-cash/internal/adapter/http/bridge_token_handler.go:36.2,37.16 2 0
cogni-cash/internal/adapter/http/bridge_token_handler.go:37.16,41.3 3 0
cogni-cash/internal/adapter/http/bridge_token_handler.go:42.2,42.37 1 0
cogni-cash/internal/adapter/http/bridge_token_handler.go:45.88,47.61 2 0
cogni-cash/internal/adapter/http/bridge_token_handler.go:47.61,50.3 2 0
cogni-cash/internal/adapter/http/bridge_token_handler.go:52.2,52.20 1 0
cogni-cash/internal/adapter/http/bridge_token_handler.go:52.20,55.3 2 0
cogni-cash/internal/adapter/http/bridge_token_handler.go:57.2,58.24 2 0
cogni-cash/internal/adapter/http/bridge_token_handler.go:58.24,61.3 2 0
cogni-cash/internal/adapter/http/bridge_token_handler.go:62.2,63.16 2 0
cogni-cash/internal/adapter/http/bridge_token_handler.go:63.16,67.3 3 0
cogni-cash/internal/adapter/http/bridge_token_handler.go:69.2,69.44 1 0
cogni-cash/internal/adapter/http/bridge_token_handler.go:72.88,75.16 3 0
cogni-cash/internal/adapter/http/bridge_token_handler.go:75.16,78.3 2 0
cogni-cash/internal/adapter/http/bridge_token_handler.go:80.2,81.24 2 0
cogni-cash/internal/adapter/http/bridge_token_handler.go:81.24,84.3 2 0
cogni-cash/internal/adapter/http/bridge_token_handler.go:85.2,85.78 1 0
cogni-cash/internal/adapter/http/bridge_token_handler.go:85.78,89.3 3 0
cogni-cash/internal/adapter/http/bridge_token_handler.go:91.2,91.37 1 0
cogni-cash/internal/adapter/http/category_handler.go:20.116,25.2 1 1
cogni-cash/internal/adapter/http/category_handler.go:39.82,40.26 1 1
cogni-cash/internal/adapter/http/category_handler.go:40.26,43.3 2 0
cogni-cash/internal/adapter/http/category_handler.go:44.2,45.24 2 1
cogni-cash/internal/adapter/http/category_handler.go:45.24,48.3 2 0
cogni-cash/internal/adapter/http/category_handler.go:50.2,51.16 2 1
cogni-cash/internal/adapter/http/category_handler.go:51.16,54.3 2 0
cogni-cash/internal/adapter/http/category_handler.go:55.2,55.17 1 1
cogni-cash/internal/adapter/http/category_handler.go:55.17,57.3 1 1
cogni-cash/internal/adapter/http/category_handler.go:58.2,58.35 1 1
cogni-cash/internal/adapter/http/category_handler.go:61.82,62.26 1 1
cogni-cash/internal/adapter/http/category_handler.go:62.26,65.3 2 0
cogni-cash/internal/adapter/http/category_handler.go:66.2,67.24 2 1
cogni-cash/internal/adapter/http/category_handler.go:67.24,70.3 2 0
cogni-cash/internal/adapter/http/category_handler.go:72.2,73.79 2 1
cogni-cash/internal/adapter/http/category_handler.go:73.79,76.3 2 0
cogni-cash/internal/adapter/http/category_handler.go:77.2,77.21 1 1
cogni-cash/internal/adapter/http/category_handler.go:77.21,79.3 1 0
cogni-cash/internal/adapter/http/category_handler.go:80.2,87.16 2 1
cogni-cash/internal/adapter/http/category_handler.go:87.16,90.3 2 0
cogni-cash/internal/adapter/http/category_handler.go:91.2,91.39 1 1
cogni-cash/internal/adapter/http/category_handler.go:94.82,95.26 1 0
cogni-cash/internal/adapter/http/category_handler.go:95.26,98.3 2 0
cogni-cash/internal/adapter/http/category_handler.go:99.2,100.24 2 0
cogni-cash/internal/adapter/http/category_handler.go:100.24,103.3 2 0
cogni-cash/internal/adapter/http/category_handler.go:105.2,106.16 2 0
cogni-cash/internal/adapter/http/category_handler.go:106.16,109.3 2 0
cogni-cash/internal/adapter/http/category_handler.go:110.2,111.79 2 0
cogni-cash/internal/adapter/http/category_handler.go:111.79,114.3 2 0
cogni-cash/internal/adapter/http/category_handler.go:115.2,115.21 1 0
cogni-cash/internal/adapter/http/category_handler.go:115.21,117.3 1 0
cogni-cash/internal/adapter/http/category_handler.go:118.2,126.16 2 0
cogni-cash/internal/adapter/http/category_handler.go:126.16,129.3 2 0
cogni-cash/internal/adapter/http/category_handler.go:130.2,130.34 1 0
cogni-cash/internal/adapter/http/category_handler.go:133.86,134.29 1 0
cogni-cash/internal/adapter/http/category_handler.go:134.29,137.3 2 0
cogni-cash/internal/adapter/http/category_handler.go:138.2,139.24 2 0
cogni-cash/internal/adapter/http/category_handler.go:139.24,142.3 2 0
cogni-cash/internal/adapter/http/category_handler.go:144.2,145.16 2 0
cogni-cash/internal/adapter/http/category_handler.go:145.16,148.3 2 0
cogni-cash/internal/adapter/http/category_handler.go:150.2,151.20 2 0
cogni-cash/internal/adapter/http/category_handler.go:151.20,153.3 1 0
cogni-cash/internal/adapter/http/category_handler.go:155.2,156.16 2 0
cogni-cash/internal/adapter/http/category_handler.go:156.16,159.3 2 0
cogni-cash/internal/adapter/http/category_handler.go:161.2,161.65 1 0
cogni-cash/internal/adapter/http/category_handler.go:164.82,165.26 1 0
cogni-cash/internal/adapter/http/category_handler.go:165.26,168.3 2 0
cogni-cash/internal/adapter/http/category_handler.go:169.2,170.24 2 0
cogni-cash/internal/adapter/http/category_handler.go:170.24,173.3 2 0
cogni-cash/internal/adapter/http/category_handler.go:175.2,176.16 2 0
cogni-cash/internal/adapter/http/category_handler.go:176.16,179.3 2 0
cogni-cash/internal/adapter/http/category_handler.go:180.2,180.70 1 0
cogni-cash/internal/adapter/http/category_handler.go:180.70,183.3 2 0
cogni-cash/internal/adapter/http/category_handler.go:184.2,184.37 1 0
cogni-cash/internal/adapter/http/category_handler.go:187.83,188.26 1 0
cogni-cash/internal/adapter/http/category_handler.go:188.26,191.3 2 0
cogni-cash/internal/adapter/http/category_handler.go:192.2,193.24 2 0
cogni-cash/internal/adapter/http/category_handler.go:193.24,196.3 2 0
cogni-cash/internal/adapter/http/category_handler.go:198.2,199.16 2 0
cogni-cash/internal/adapter/http/category_handler.go:199.16,202.3 2 0
cogni-cash/internal/adapter/http/category_handler.go:205.2,206.16 2 0
cogni-cash/internal/adapter/http/category_handler.go:206.16,209.3 2 0
cogni-cash/internal/adapter/http/category_handler.go:211.2,213.16 3 0
cogni-cash/internal/adapter/http/category_handler.go:213.16,216.3 2 0
cogni-cash/internal/adapter/http/category_handler.go:217.2,217.39 1 0
cogni-cash/internal/adapter/http/category_handler.go:220.81,221.26 1 0
cogni-cash/internal/adapter/http/category_handler.go:221.26,224.3 2 0
cogni-cash/internal/adapter/http/category_handler.go:225.2,226.24 2 0
cogni-cash/internal/adapter/http/category_handler.go:226.24,229.3 2 0
cogni-cash/internal/adapter/http/category_handler.go:231.2,232.16 2 0
cogni-cash/internal/adapter/http/category_handler.go:232.16,235.3 2 0
cogni-cash/internal/adapter/http/category_handler.go:237.2,238.61 2 0
cogni-cash/internal/adapter/http/category_handler.go:238.61,241.3 2 0
cogni-cash/internal/adapter/http/category_handler.go:242.2,242.26 1 0
cogni-cash/internal/adapter/http/category_handler.go:242.26,244.3 1 0
cogni-cash/internal/adapter/http/category_handler.go:246.2,247.16 2 0
cogni-cash/internal/adapter/http/category_handler.go:247.16,250.3 2 0
cogni-cash/internal/adapter/http/category_handler.go:251.2,251.35 1 0
cogni-cash/internal/adapter/http/category_handler.go:254.87,255.26 1 0
cogni-cash/internal/adapter/http/category_handler.go:255.26,258.3 2 0
cogni-cash/internal/adapter/http/category_handler.go:259.2,260.24 2 0
cogni-cash/internal/adapter/http/category_handler.go:260.24,263.3 2 0
cogni-cash/internal/adapter/http/category_handler.go:265.2,266.16 2 0
cogni-cash/internal/adapter/http/category_handler.go:266.16,269.3 2 0
cogni-cash/internal/adapter/http/category_handler.go:271.2,272.16 2 0
cogni-cash/internal/adapter/http/category_handler.go:272.16,275.3 2 0
cogni-cash/internal/adapter/http/category_handler.go:277.2,278.16 2 0
cogni-cash/internal/adapter/http/category_handler.go:278.16,281.3 2 0
cogni-cash/internal/adapter/http/category_handler.go:282.2,282.37 1 0
cogni-cash/internal/adapter/http/category_handler.go:285.86,286.26 1 0
cogni-cash/internal/adapter/http/category_handler.go:286.26,289.3 2 0
cogni-cash/internal/adapter/http/category_handler.go:290.2,291.24 2 0
[...]
cogni-cash/internal/adapter/repository/postgres/reconciliation_repository.go:157.24,159.4 1 1
cogni-cash/internal/adapter/repository/postgres/reconciliation_repository.go:160.3,160.24 1 1
cogni-cash/internal/adapter/repository/postgres/reconciliation_repository.go:160.24,162.4 1 1
cogni-cash/internal/adapter/repository/postgres/reconciliation_repository.go:163.3,163.24 1 1
cogni-cash/internal/adapter/repository/postgres/reconciliation_repository.go:163.24,165.4 1 1
cogni-cash/internal/adapter/repository/postgres/reconciliation_repository.go:166.3,166.28 1 1
cogni-cash/internal/adapter/repository/postgres/reconciliation_repository.go:166.28,168.4 1 1
cogni-cash/internal/adapter/repository/postgres/reconciliation_repository.go:169.3,169.28 1 1
cogni-cash/internal/adapter/repository/postgres/reconciliation_repository.go:169.28,171.4 1 1
cogni-cash/internal/adapter/repository/postgres/reconciliation_repository.go:173.3,173.33 1 1
cogni-cash/internal/adapter/repository/postgres/reconciliation_repository.go:175.2,175.28 1 1
cogni-cash/internal/adapter/repository/postgres/reconciliation_repository.go:182.83,193.2 3 1
cogni-cash/internal/adapter/repository/postgres/reconciliation_repository.go:195.102,197.16 2 1
cogni-cash/internal/adapter/repository/postgres/reconciliation_repository.go:197.16,199.3 1 0
cogni-cash/internal/adapter/repository/postgres/reconciliation_repository.go:200.2,207.16 3 1
cogni-cash/internal/adapter/repository/postgres/reconciliation_repository.go:207.16,209.3 1 0
cogni-cash/internal/adapter/repository/postgres/reconciliation_repository.go:212.2,213.16 2 1
cogni-cash/internal/adapter/repository/postgres/reconciliation_repository.go:213.16,215.3 1 0
cogni-cash/internal/adapter/repository/postgres/reconciliation_repository.go:216.2,216.29 1 1
cogni-cash/internal/adapter/repository/postgres/reconciliation_repository.go:216.29,218.3 1 0
cogni-cash/internal/adapter/repository/postgres/reconciliation_repository.go:220.2,220.23 1 1
cogni-cash/internal/adapter/repository/postgres/settings_repository.go:22.136,29.2 1 1
cogni-cash/internal/adapter/repository/postgres/settings_repository.go:31.101,37.16 5 1
cogni-cash/internal/adapter/repository/postgres/settings_repository.go:37.16,38.36 1 1
cogni-cash/internal/adapter/repository/postgres/settings_repository.go:38.36,41.39 2 1
cogni-cash/internal/adapter/repository/postgres/settings_repository.go:41.39,43.5 1 1
cogni-cash/internal/adapter/repository/postgres/settings_repository.go:44.4,45.18 2 1
cogni-cash/internal/adapter/repository/postgres/settings_repository.go:45.18,47.5 1 0
cogni-cash/internal/adapter/repository/postgres/settings_repository.go:48.9,50.4 1 0
cogni-cash/internal/adapter/repository/postgres/settings_repository.go:53.2,53.18 1 1
cogni-cash/internal/adapter/repository/postgres/settings_repository.go:53.18,55.3 1 1
cogni-cash/internal/adapter/repository/postgres/settings_repository.go:58.2,60.16 3 1
cogni-cash/internal/adapter/repository/postgres/settings_repository.go:60.16,62.3 1 1
cogni-cash/internal/adapter/repository/postgres/settings_repository.go:63.2,63.23 1 1
cogni-cash/internal/adapter/repository/postgres/settings_repository.go:66.103,68.16 2 1
cogni-cash/internal/adapter/repository/postgres/settings_repository.go:68.16,70.3 1 0
cogni-cash/internal/adapter/repository/postgres/settings_repository.go:71.2,74.18 3 1
cogni-cash/internal/adapter/repository/postgres/settings_repository.go:74.18,78.66 4 1
cogni-cash/internal/adapter/repository/postgres/settings_repository.go:78.66,80.4 1 0
cogni-cash/internal/adapter/repository/postgres/settings_repository.go:82.3,82.19 1 1
cogni-cash/internal/adapter/repository/postgres/settings_repository.go:82.19,84.12 2 1
cogni-cash/internal/adapter/repository/postgres/settings_repository.go:88.3,90.17 3 1
cogni-cash/internal/adapter/repository/postgres/settings_repository.go:90.17,93.4 1 1
cogni-cash/internal/adapter/repository/postgres/settings_repository.go:93.9,95.4 1 1
cogni-cash/internal/adapter/repository/postgres/settings_repository.go:97.2,97.29 1 1
cogni-cash/internal/adapter/repository/postgres/settings_repository.go:100.123,104.17 3 1
cogni-cash/internal/adapter/repository/postgres/settings_repository.go:104.17,111.3 2 1
cogni-cash/internal/adapter/repository/postgres/settings_repository.go:111.8,118.3 2 1
cogni-cash/internal/adapter/repository/postgres/settings_repository.go:120.2,121.12 2 1
cogni-cash/internal/adapter/repository/postgres/sharing_repository.go:19.87,21.2 1 1
cogni-cash/internal/adapter/repository/postgres/sharing_repository.go:23.134,31.16 3 1
cogni-cash/internal/adapter/repository/postgres/sharing_repository.go:31.16,33.3 1 0
cogni-cash/internal/adapter/repository/postgres/sharing_repository.go:34.2,34.12 1 1
cogni-cash/internal/adapter/repository/postgres/sharing_repository.go:37.113,44.16 3 1
cogni-cash/internal/adapter/repository/postgres/sharing_repository.go:44.16,46.3 1 0
cogni-cash/internal/adapter/repository/postgres/sharing_repository.go:49.2,49.12 1 1
cogni-cash/internal/adapter/repository/postgres/sharing_repository.go:52.113,59.16 3 1
cogni-cash/internal/adapter/repository/postgres/sharing_repository.go:59.16,61.3 1 0
cogni-cash/internal/adapter/repository/postgres/sharing_repository.go:62.2,65.18 3 1
cogni-cash/internal/adapter/repository/postgres/sharing_repository.go:65.18,67.40 2 1
cogni-cash/internal/adapter/repository/postgres/sharing_repository.go:67.40,69.4 1 0
cogni-cash/internal/adapter/repository/postgres/sharing_repository.go:70.3,70.32 1 1
cogni-cash/internal/adapter/repository/postgres/sharing_repository.go:72.2,72.28 1 1
cogni-cash/internal/adapter/repository/postgres/sharing_repository.go:75.132,83.16 3 1
cogni-cash/internal/adapter/repository/postgres/sharing_repository.go:83.16,85.3 1 0
cogni-cash/internal/adapter/repository/postgres/sharing_repository.go:86.2,86.12 1 1
cogni-cash/internal/adapter/repository/postgres/sharing_repository.go:89.119,96.16 3 1
cogni-cash/internal/adapter/repository/postgres/sharing_repository.go:96.16,98.3 1 0
cogni-cash/internal/adapter/repository/postgres/sharing_repository.go:100.2,100.12 1 1
cogni-cash/internal/adapter/repository/postgres/sharing_repository.go:103.119,110.16 3 1
cogni-cash/internal/adapter/repository/postgres/sharing_repository.go:110.16,112.3 1 0
cogni-cash/internal/adapter/repository/postgres/sharing_repository.go:113.2,116.18 3 1
cogni-cash/internal/adapter/repository/postgres/sharing_repository.go:116.18,118.40 2 1
cogni-cash/internal/adapter/repository/postgres/sharing_repository.go:118.40,120.4 1 0
cogni-cash/internal/adapter/repository/postgres/sharing_repository.go:121.3,121.32 1 1
cogni-cash/internal/adapter/repository/postgres/sharing_repository.go:123.2,123.28 1 1
cogni-cash/internal/adapter/repository/postgres/sharing_repository.go:126.140,134.16 3 1
cogni-cash/internal/adapter/repository/postgres/sharing_repository.go:134.16,136.3 1 0
cogni-cash/internal/adapter/repository/postgres/sharing_repository.go:137.2,137.12 1 1
cogni-cash/internal/adapter/repository/postgres/sharing_repository.go:140.127,147.16 3 1
cogni-cash/internal/adapter/repository/postgres/sharing_repository.go:147.16,149.3 1 0
cogni-cash/internal/adapter/repository/postgres/sharing_repository.go:150.2,150.12 1 1
cogni-cash/internal/adapter/repository/postgres/sharing_repository.go:153.127,160.16 3 1
cogni-cash/internal/adapter/repository/postgres/sharing_repository.go:160.16,162.3 1 0
cogni-cash/internal/adapter/repository/postgres/sharing_repository.go:163.2,166.18 3 1
cogni-cash/internal/adapter/repository/postgres/sharing_repository.go:166.18,168.40 2 1
cogni-cash/internal/adapter/repository/postgres/sharing_repository.go:168.40,170.4 1 0
cogni-cash/internal/adapter/repository/postgres/sharing_repository.go:171.3,171.32 1 1
cogni-cash/internal/adapter/repository/postgres/sharing_repository.go:173.2,173.28 1 1
cogni-cash/internal/adapter/repository/postgres/subscription_repository.go:22.97,23.19 1 1
cogni-cash/internal/adapter/repository/postgres/subscription_repository.go:23.19,25.3 1 0
cogni-cash/internal/adapter/repository/postgres/subscription_repository.go:26.2,26.60 1 1
cogni-cash/internal/adapter/repository/postgres/subscription_repository.go:29.124,51.16 3 0
cogni-cash/internal/adapter/repository/postgres/subscription_repository.go:51.16,53.3 1 0
cogni-cash/internal/adapter/repository/postgres/subscription_repository.go:54.2,54.15 1 0
cogni-cash/internal/adapter/repository/postgres/subscription_repository.go:57.117,71.16 2 1
cogni-cash/internal/adapter/repository/postgres/subscription_repository.go:71.16,73.3 1 0
cogni-cash/internal/adapter/repository/postgres/subscription_repository.go:74.2,77.18 3 1
cogni-cash/internal/adapter/repository/postgres/subscription_repository.go:77.18,86.17 2 1
cogni-cash/internal/adapter/repository/postgres/subscription_repository.go:86.17,88.4 1 0
cogni-cash/internal/adapter/repository/postgres/subscription_repository.go:89.3,89.25 1 1
cogni-cash/internal/adapter/repository/postgres/subscription_repository.go:91.2,91.18 1 1
cogni-cash/internal/adapter/repository/postgres/subscription_repository.go:94.114,95.22 1 1
cogni-cash/internal/adapter/repository/postgres/subscription_repository.go:95.22,97.3 1 0
cogni-cash/internal/adapter/repository/postgres/subscription_repository.go:98.2,99.26 2 1
cogni-cash/internal/adapter/repository/postgres/subscription_repository.go:99.26,101.3 1 1
cogni-cash/internal/adapter/repository/postgres/subscription_repository.go:102.2,102.26 1 1
cogni-cash/internal/adapter/repository/postgres/subscription_repository.go:102.26,104.3 1 1
cogni-cash/internal/adapter/repository/postgres/subscription_repository.go:106.2,106.29 1 1
cogni-cash/internal/adapter/repository/postgres/subscription_repository.go:106.29,108.3 1 1
cogni-cash/internal/adapter/repository/postgres/subscription_repository.go:109.2,109.28 1 1
cogni-cash/internal/adapter/repository/postgres/subscription_repository.go:109.28,111.3 1 1
cogni-cash/internal/adapter/repository/postgres/subscription_repository.go:112.2,112.29 1 1
cogni-cash/internal/adapter/repository/postgres/subscription_repository.go:112.29,114.3 1 1
cogni-cash/internal/adapter/repository/postgres/subscription_repository.go:115.2,115.26 1 1
cogni-cash/internal/adapter/repository/postgres/subscription_repository.go:115.26,117.3 1 1
cogni-cash/internal/adapter/repository/postgres/subscription_repository.go:119.2,138.16 2 1
cogni-cash/internal/adapter/repository/postgres/subscription_repository.go:138.16,140.3 1 0
cogni-cash/internal/adapter/repository/postgres/subscription_repository.go:141.2,141.15 1 1
cogni-cash/internal/adapter/repository/postgres/subscription_repository.go:144.153,146.16 2 0
cogni-cash/internal/adapter/repository/postgres/subscription_repository.go:146.16,148.3 1 0
cogni-cash/internal/adapter/repository/postgres/subscription_repository.go:149.2,151.24 2 0
cogni-cash/internal/adapter/repository/postgres/subscription_repository.go:151.24,153.3 1 0
cogni-cash/internal/adapter/repository/postgres/subscription_repository.go:154.2,159.31 5 0
cogni-cash/internal/adapter/repository/postgres/subscription_repository.go:159.31,161.3 1 0
cogni-cash/internal/adapter/repository/postgres/subscription_repository.go:162.2,162.30 1 0
cogni-cash/internal/adapter/repository/postgres/subscription_repository.go:162.30,164.3 1 0
cogni-cash/internal/adapter/repository/postgres/subscription_repository.go:165.2,165.31 1 0
cogni-cash/internal/adapter/repository/postgres/subscription_repository.go:165.31,167.3 1 0
cogni-cash/internal/adapter/repository/postgres/subscription_repository.go:168.2,168.28 1 0
cogni-cash/internal/adapter/repository/postgres/subscription_repository.go:168.28,170.3 1 0
cogni-cash/internal/adapter/repository/postgres/subscription_repository.go:172.2,190.16 2 0
cogni-cash/internal/adapter/repository/postgres/subscription_repository.go:190.16,192.3 1 0
cogni-cash/internal/adapter/repository/postgres/subscription_repository.go:194.2,194.29 1 0
cogni-cash/internal/adapter/repository/postgres/subscription_repository.go:194.29,201.17 2 0
cogni-cash/internal/adapter/repository/postgres/subscription_repository.go:201.17,203.4 1 0
cogni-cash/internal/adapter/repository/postgres/subscription_repository.go:206.2,206.39 1 0
cogni-cash/internal/adapter/repository/postgres/subscription_repository.go:206.39,208.3 1 0
cogni-cash/internal/adapter/repository/postgres/subscription_repository.go:210.2,210.17 1 0
cogni-cash/internal/adapter/repository/postgres/subscription_repository.go:213.114,215.29 2 0
cogni-cash/internal/adapter/repository/postgres/subscription_repository.go:215.29,217.3 1 0
cogni-cash/internal/adapter/repository/postgres/subscription_repository.go:218.2,218.28 1 0
cogni-cash/internal/adapter/repository/postgres/subscription_repository.go:218.28,220.3 1 0
cogni-cash/internal/adapter/repository/postgres/subscription_repository.go:221.2,221.29 1 0
cogni-cash/internal/adapter/repository/postgres/subscription_repository.go:221.29,223.3 1 0
cogni-cash/internal/adapter/repository/postgres/subscription_repository.go:224.2,224.26 1 0
cogni-cash/internal/adapter/repository/postgres/subscription_repository.go:224.26,226.3 1 0
cogni-cash/internal/adapter/repository/postgres/subscription_repository.go:228.2,244.16 2 0
cogni-cash/internal/adapter/repository/postgres/subscription_repository.go:244.16,246.3 1 0
cogni-cash/internal/adapter/repository/postgres/subscription_repository.go:247.2,247.15 1 0
cogni-cash/internal/adapter/repository/postgres/subscription_repository.go:250.100,252.16 2 0
cogni-cash/internal/adapter/repository/postgres/subscription_repository.go:252.16,254.3 1 0
cogni-cash/internal/adapter/repository/postgres/subscription_repository.go:255.2,255.29 1 0
cogni-cash/internal/adapter/repository/postgres/subscription_repository.go:255.29,257.3 1 0
cogni-cash/internal/adapter/repository/postgres/subscription_repository.go:258.2,258.12 1 0
cogni-cash/internal/adapter/repository/postgres/subscription_repository.go:261.102,262.26 1 1
cogni-cash/internal/adapter/repository/postgres/subscription_repository.go:262.26,264.3 1 1
cogni-cash/internal/adapter/repository/postgres/subscription_repository.go:265.2,265.30 1 1
cogni-cash/internal/adapter/repository/postgres/subscription_repository.go:265.30,267.3 1 1
cogni-cash/internal/adapter/repository/postgres/subscription_repository.go:269.2,274.16 2 1
cogni-cash/internal/adapter/repository/postgres/subscription_repository.go:274.16,276.3 1 0
cogni-cash/internal/adapter/repository/postgres/subscription_repository.go:277.2,277.12 1 1
cogni-cash/internal/adapter/repository/postgres/subscription_repository.go:280.136,286.16 2 1
cogni-cash/internal/adapter/repository/postgres/subscription_repository.go:286.16,288.3 1 0
cogni-cash/internal/adapter/repository/postgres/subscription_repository.go:289.2,292.18 3 1
cogni-cash/internal/adapter/repository/postgres/subscription_repository.go:292.18,294.122 2 1
cogni-cash/internal/adapter/repository/postgres/subscription_repository.go:294.122,296.4 1 0
cogni-cash/internal/adapter/repository/postgres/subscription_repository.go:297.3,297.29 1 1
cogni-cash/internal/adapter/repository/postgres/subscription_repository.go:299.2,299.20 1 1
cogni-cash/internal/adapter/repository/postgres/subscription_repository.go:302.175,309.16 2 0
cogni-cash/internal/adapter/repository/postgres/subscription_repository.go:309.16,311.3 1 0
cogni-cash/internal/adapter/repository/postgres/subscription_repository.go:312.2,312.12 1 0
cogni-cash/internal/adapter/repository/postgres/subscription_repository.go:315.130,320.16 2 0
cogni-cash/internal/adapter/repository/postgres/subscription_repository.go:320.16,322.3 1 0
cogni-cash/internal/adapter/repository/postgres/subscription_repository.go:323.2,326.18 3 0
cogni-cash/internal/adapter/repository/postgres/subscription_repository.go:326.18,329.111 3 0
cogni-cash/internal/adapter/repository/postgres/subscription_repository.go:329.111,331.4 1 0
cogni-cash/internal/adapter/repository/postgres/subscription_repository.go:332.3,333.33 2 0
cogni-cash/internal/adapter/repository/postgres/subscription_repository.go:335.2,335.22 1 0
cogni-cash/internal/adapter/repository/postgres/subscription_repository.go:338.124,342.16 2 0
cogni-cash/internal/adapter/repository/postgres/subscription_repository.go:342.16,344.3 1 0
cogni-cash/internal/adapter/repository/postgres/subscription_repository.go:345.2,345.12 1 0
cogni-cash/internal/adapter/repository/postgres/user_repository.go:20.81,22.2 1 1
cogni-cash/internal/adapter/repository/postgres/user_repository.go:24.100,30.16 4 1
cogni-cash/internal/adapter/repository/postgres/user_repository.go:30.16,31.36 1 0
cogni-cash/internal/adapter/repository/postgres/user_repository.go:31.36,33.4 1 0
cogni-cash/internal/adapter/repository/postgres/user_repository.go:34.3,34.28 1 0
cogni-cash/internal/adapter/repository/postgres/user_repository.go:36.2,36.18 1 1
cogni-cash/internal/adapter/repository/postgres/user_repository.go:39.91,45.16 4 1
cogni-cash/internal/adapter/repository/postgres/user_repository.go:45.16,46.36 1 0
cogni-cash/internal/adapter/repository/postgres/user_repository.go:46.36,48.4 1 0
cogni-cash/internal/adapter/repository/postgres/user_repository.go:49.3,49.28 1 0
cogni-cash/internal/adapter/repository/postgres/user_repository.go:51.2,51.18 1 1
cogni-cash/internal/adapter/repository/postgres/user_repository.go:54.77,57.16 3 1
cogni-cash/internal/adapter/repository/postgres/user_repository.go:57.16,58.36 1 1
cogni-cash/internal/adapter/repository/postgres/user_repository.go:58.36,60.4 1 1
cogni-cash/internal/adapter/repository/postgres/user_repository.go:61.3,61.23 1 0
cogni-cash/internal/adapter/repository/postgres/user_repository.go:63.2,63.16 1 1
cogni-cash/internal/adapter/repository/postgres/user_repository.go:66.93,70.18 3 0
cogni-cash/internal/adapter/repository/postgres/user_repository.go:70.18,77.3 2 0
cogni-cash/internal/adapter/repository/postgres/user_repository.go:77.8,80.3 2 0
cogni-cash/internal/adapter/repository/postgres/user_repository.go:82.2,82.16 1 0
cogni-cash/internal/adapter/repository/postgres/user_repository.go:82.16,84.3 1 0
cogni-cash/internal/adapter/repository/postgres/user_repository.go:85.2,88.18 3 0
cogni-cash/internal/adapter/repository/postgres/user_repository.go:88.18,90.117 2 0
cogni-cash/internal/adapter/repository/postgres/user_repository.go:90.117,92.4 1 0
cogni-cash/internal/adapter/repository/postgres/user_repository.go:93.3,93.30 1 0
cogni-cash/internal/adapter/repository/postgres/user_repository.go:95.2,95.26 1 0
cogni-cash/internal/adapter/repository/postgres/user_repository.go:98.78,106.2 3 0
cogni-cash/internal/adapter/repository/postgres/user_repository.go:108.78,116.16 3 0
cogni-cash/internal/adapter/repository/postgres/user_repository.go:116.16,118.3 1 0
cogni-cash/internal/adapter/repository/postgres/user_repository.go:119.2,119.32 1 0
cogni-cash/internal/adapter/repository/postgres/user_repository.go:119.32,121.3 1 0
cogni-cash/internal/adapter/repository/postgres/user_repository.go:122.2,122.12 1 0
cogni-cash/internal/adapter/repository/postgres/user_repository.go:125.78,142.2 3 1
cogni-cash/internal/adapter/repository/postgres/user_repository.go:144.102,147.16 3 1
cogni-cash/internal/adapter/repository/postgres/user_repository.go:147.16,149.3 1 0
cogni-cash/internal/adapter/repository/postgres/user_repository.go:150.2,150.32 1 1
cogni-cash/internal/adapter/repository/postgres/user_repository.go:150.32,152.3 1 0
cogni-cash/internal/adapter/repository/postgres/user_repository.go:153.2,153.12 1 1
cogni-cash/internal/adapter/repository/postgres/user_repository.go:156.74,159.16 3 0
cogni-cash/internal/adapter/repository/postgres/user_repository.go:159.16,161.3 1 0
cogni-cash/internal/adapter/repository/postgres/user_repository.go:162.2,162.32 1 0
cogni-cash/internal/adapter/repository/postgres/user_repository.go:162.32,164.3 1 0
cogni-cash/internal/adapter/repository/postgres/user_repository.go:165.2,165.12 1 0
