mode: set
cogni-cash/internal/adapter/repository/postgres/auth_repository.go:21.81,23.2 1 0
cogni-cash/internal/adapter/repository/postgres/auth_repository.go:25.97,31.16 3 0
cogni-cash/internal/adapter/repository/postgres/auth_repository.go:31.16,33.3 1 0
cogni-cash/internal/adapter/repository/postgres/auth_repository.go:34.2,34.12 1 0
cogni-cash/internal/adapter/repository/postgres/auth_repository.go:37.111,45.16 4 0
cogni-cash/internal/adapter/repository/postgres/auth_repository.go:45.16,47.3 1 0
cogni-cash/internal/adapter/repository/postgres/auth_repository.go:48.2,48.15 1 0
cogni-cash/internal/adapter/repository/postgres/auth_repository.go:51.86,54.16 3 0
cogni-cash/internal/adapter/repository/postgres/auth_repository.go:54.16,56.3 1 0
cogni-cash/internal/adapter/repository/postgres/auth_repository.go:57.2,57.12 1 0
cogni-cash/internal/adapter/repository/postgres/auth_repository.go:60.94,63.16 3 0
cogni-cash/internal/adapter/repository/postgres/auth_repository.go:63.16,65.3 1 0
cogni-cash/internal/adapter/repository/postgres/auth_repository.go:66.2,66.12 1 0
cogni-cash/internal/adapter/repository/postgres/auth_repository.go:69.81,72.16 3 0
cogni-cash/internal/adapter/repository/postgres/auth_repository.go:72.16,74.3 1 0
cogni-cash/internal/adapter/repository/postgres/auth_repository.go:75.2,75.12 1 0
cogni-cash/internal/adapter/repository/postgres/bank_repository.go:23.81,25.2 1 0
cogni-cash/internal/adapter/repository/postgres/bank_repository.go:29.99,30.25 1 0
cogni-cash/internal/adapter/repository/postgres/bank_repository.go:30.25,32.3 1 0
cogni-cash/internal/adapter/repository/postgres/bank_repository.go:33.2,33.29 1 0
cogni-cash/internal/adapter/repository/postgres/bank_repository.go:33.29,35.3 1 0
cogni-cash/internal/adapter/repository/postgres/bank_repository.go:37.2,42.16 2 0
cogni-cash/internal/adapter/repository/postgres/bank_repository.go:42.16,44.3 1 0
cogni-cash/internal/adapter/repository/postgres/bank_repository.go:45.2,45.12 1 0
cogni-cash/internal/adapter/repository/postgres/bank_repository.go:48.125,57.16 5 0
cogni-cash/internal/adapter/repository/postgres/bank_repository.go:57.16,58.36 1 0
cogni-cash/internal/adapter/repository/postgres/bank_repository.go:58.36,60.4 1 0
cogni-cash/internal/adapter/repository/postgres/bank_repository.go:61.3,61.63 1 0
cogni-cash/internal/adapter/repository/postgres/bank_repository.go:63.2,64.19 2 0
cogni-cash/internal/adapter/repository/postgres/bank_repository.go:67.146,76.16 5 0
cogni-cash/internal/adapter/repository/postgres/bank_repository.go:76.16,77.36 1 0
cogni-cash/internal/adapter/repository/postgres/bank_repository.go:77.36,79.4 1 0
cogni-cash/internal/adapter/repository/postgres/bank_repository.go:80.3,80.70 1 0
cogni-cash/internal/adapter/repository/postgres/bank_repository.go:82.2,83.19 2 0
cogni-cash/internal/adapter/repository/postgres/bank_repository.go:86.121,92.16 2 0
cogni-cash/internal/adapter/repository/postgres/bank_repository.go:92.16,94.3 1 0
cogni-cash/internal/adapter/repository/postgres/bank_repository.go:95.2,98.18 3 0
cogni-cash/internal/adapter/repository/postgres/bank_repository.go:98.18,101.202 3 0
cogni-cash/internal/adapter/repository/postgres/bank_repository.go:101.202,103.4 1 0
cogni-cash/internal/adapter/repository/postgres/bank_repository.go:104.3,105.30 2 0
cogni-cash/internal/adapter/repository/postgres/bank_repository.go:107.2,107.19 1 0
cogni-cash/internal/adapter/repository/postgres/bank_repository.go:110.140,112.16 2 0
cogni-cash/internal/adapter/repository/postgres/bank_repository.go:112.16,114.3 1 0
cogni-cash/internal/adapter/repository/postgres/bank_repository.go:115.2,115.12 1 0
cogni-cash/internal/adapter/repository/postgres/bank_repository.go:118.127,120.16 2 0
cogni-cash/internal/adapter/repository/postgres/bank_repository.go:120.16,122.3 1 0
cogni-cash/internal/adapter/repository/postgres/bank_repository.go:123.2,123.12 1 0
cogni-cash/internal/adapter/repository/postgres/bank_repository.go:126.102,128.16 2 0
cogni-cash/internal/adapter/repository/postgres/bank_repository.go:128.16,130.3 1 0
cogni-cash/internal/adapter/repository/postgres/bank_repository.go:131.2,131.12 1 0
cogni-cash/internal/adapter/repository/postgres/bank_repository.go:136.117,138.31 2 0
cogni-cash/internal/adapter/repository/postgres/bank_repository.go:138.31,139.25 1 0
cogni-cash/internal/adapter/repository/postgres/bank_repository.go:139.25,141.4 1 0
cogni-cash/internal/adapter/repository/postgres/bank_repository.go:142.3,153.152 1 0
cogni-cash/internal/adapter/repository/postgres/bank_repository.go:156.2,159.21 3 0
cogni-cash/internal/adapter/repository/postgres/bank_repository.go:159.21,160.38 1 0
cogni-cash/internal/adapter/repository/postgres/bank_repository.go:160.38,162.4 1 0
cogni-cash/internal/adapter/repository/postgres/bank_repository.go:164.2,164.12 1 0
cogni-cash/internal/adapter/repository/postgres/bank_repository.go:167.123,178.16 5 0
cogni-cash/internal/adapter/repository/postgres/bank_repository.go:178.16,179.36 1 0
cogni-cash/internal/adapter/repository/postgres/bank_repository.go:179.36,181.4 1 0
cogni-cash/internal/adapter/repository/postgres/bank_repository.go:182.3,182.66 1 0
cogni-cash/internal/adapter/repository/postgres/bank_repository.go:184.2,185.18 2 0
cogni-cash/internal/adapter/repository/postgres/bank_repository.go:188.115,195.16 2 0
cogni-cash/internal/adapter/repository/postgres/bank_repository.go:195.16,197.3 1 0
cogni-cash/internal/adapter/repository/postgres/bank_repository.go:198.2,201.18 3 0
cogni-cash/internal/adapter/repository/postgres/bank_repository.go:201.18,204.187 3 0
cogni-cash/internal/adapter/repository/postgres/bank_repository.go:204.187,206.4 1 0
cogni-cash/internal/adapter/repository/postgres/bank_repository.go:207.3,208.27 2 0
cogni-cash/internal/adapter/repository/postgres/bank_repository.go:210.2,210.18 1 0
cogni-cash/internal/adapter/repository/postgres/bank_repository.go:213.145,220.16 2 0
cogni-cash/internal/adapter/repository/postgres/bank_repository.go:220.16,222.3 1 0
cogni-cash/internal/adapter/repository/postgres/bank_repository.go:223.2,226.18 3 0
cogni-cash/internal/adapter/repository/postgres/bank_repository.go:226.18,229.187 3 0
cogni-cash/internal/adapter/repository/postgres/bank_repository.go:229.187,231.4 1 0
cogni-cash/internal/adapter/repository/postgres/bank_repository.go:232.3,233.27 2 0
cogni-cash/internal/adapter/repository/postgres/bank_repository.go:235.2,235.18 1 0
cogni-cash/internal/adapter/repository/postgres/bank_repository.go:238.143,252.16 5 0
cogni-cash/internal/adapter/repository/postgres/bank_repository.go:252.16,253.36 1 0
cogni-cash/internal/adapter/repository/postgres/bank_repository.go:253.36,255.4 1 0
cogni-cash/internal/adapter/repository/postgres/bank_repository.go:256.3,256.75 1 0
cogni-cash/internal/adapter/repository/postgres/bank_repository.go:258.2,259.18 2 0
cogni-cash/internal/adapter/repository/postgres/bank_repository.go:262.163,271.16 2 0
cogni-cash/internal/adapter/repository/postgres/bank_repository.go:271.16,273.3 1 0
cogni-cash/internal/adapter/repository/postgres/bank_repository.go:274.2,274.12 1 0
cogni-cash/internal/adapter/repository/postgres/bank_repository.go:277.133,286.16 2 0
cogni-cash/internal/adapter/repository/postgres/bank_repository.go:286.16,288.3 1 0
cogni-cash/internal/adapter/repository/postgres/bank_repository.go:289.2,289.12 1 0
cogni-cash/internal/adapter/repository/postgres/bank_statement_repository.go:27.99,29.2 1 0
cogni-cash/internal/adapter/repository/postgres/bank_statement_repository.go:31.94,34.16 3 0
cogni-cash/internal/adapter/repository/postgres/bank_statement_repository.go:34.16,36.3 1 0
cogni-cash/internal/adapter/repository/postgres/bank_statement_repository.go:37.2,40.24 3 0
cogni-cash/internal/adapter/repository/postgres/bank_statement_repository.go:40.24,42.3 1 0
cogni-cash/internal/adapter/repository/postgres/bank_statement_repository.go:44.2,45.34 2 0
cogni-cash/internal/adapter/repository/postgres/bank_statement_repository.go:45.34,47.3 1 0
cogni-cash/internal/adapter/repository/postgres/bank_statement_repository.go:49.2,60.16 2 0
cogni-cash/internal/adapter/repository/postgres/bank_statement_repository.go:60.16,61.32 1 0
cogni-cash/internal/adapter/repository/postgres/bank_statement_repository.go:61.32,64.4 2 0
cogni-cash/internal/adapter/repository/postgres/bank_statement_repository.go:65.3,65.70 1 0
cogni-cash/internal/adapter/repository/postgres/bank_statement_repository.go:68.2,69.38 2 0
cogni-cash/internal/adapter/repository/postgres/bank_statement_repository.go:69.38,71.23 2 0
cogni-cash/internal/adapter/repository/postgres/bank_statement_repository.go:71.23,73.4 1 0
cogni-cash/internal/adapter/repository/postgres/bank_statement_repository.go:75.3,103.4 1 0
cogni-cash/internal/adapter/repository/postgres/bank_statement_repository.go:106.2,107.30 2 0
cogni-cash/internal/adapter/repository/postgres/bank_statement_repository.go:107.30,108.38 1 0
cogni-cash/internal/adapter/repository/postgres/bank_statement_repository.go:108.38,111.4 2 0
cogni-cash/internal/adapter/repository/postgres/bank_statement_repository.go:113.2,113.35 1 0
cogni-cash/internal/adapter/repository/postgres/bank_statement_repository.go:113.35,115.3 1 0
cogni-cash/internal/adapter/repository/postgres/bank_statement_repository.go:117.2,118.23 2 0
cogni-cash/internal/adapter/repository/postgres/bank_statement_repository.go:121.108,123.25 2 0
cogni-cash/internal/adapter/repository/postgres/bank_statement_repository.go:123.25,124.23 1 0
cogni-cash/internal/adapter/repository/postgres/bank_statement_repository.go:124.23,126.4 1 0
cogni-cash/internal/adapter/repository/postgres/bank_statement_repository.go:128.3,129.23 2 0
cogni-cash/internal/adapter/repository/postgres/bank_statement_repository.go:129.23,131.4 1 0
cogni-cash/internal/adapter/repository/postgres/bank_statement_repository.go:133.3,161.4 1 0
cogni-cash/internal/adapter/repository/postgres/bank_statement_repository.go:164.2,167.17 3 0
cogni-cash/internal/adapter/repository/postgres/bank_statement_repository.go:167.17,168.38 1 0
cogni-cash/internal/adapter/repository/postgres/bank_statement_repository.go:168.38,170.4 1 0
cogni-cash/internal/adapter/repository/postgres/bank_statement_repository.go:172.2,172.12 1 0
cogni-cash/internal/adapter/repository/postgres/bank_statement_repository.go:175.136,188.26 3 0
cogni-cash/internal/adapter/repository/postgres/bank_statement_repository.go:188.26,191.3 1 0
cogni-cash/internal/adapter/repository/postgres/bank_statement_repository.go:191.8,194.3 1 0
cogni-cash/internal/adapter/repository/postgres/bank_statement_repository.go:197.2,199.50 2 0
cogni-cash/internal/adapter/repository/postgres/bank_statement_repository.go:199.50,202.3 2 0
cogni-cash/internal/adapter/repository/postgres/bank_statement_repository.go:204.2,204.31 1 0
cogni-cash/internal/adapter/repository/postgres/bank_statement_repository.go:204.31,209.3 1 0
cogni-cash/internal/adapter/repository/postgres/bank_statement_repository.go:210.2,210.30 1 0
cogni-cash/internal/adapter/repository/postgres/bank_statement_repository.go:210.30,212.3 1 0
cogni-cash/internal/adapter/repository/postgres/bank_statement_repository.go:213.2,213.29 1 0
cogni-cash/internal/adapter/repository/postgres/bank_statement_repository.go:213.29,215.3 1 0
cogni-cash/internal/adapter/repository/postgres/bank_statement_repository.go:215.8,215.35 1 0
cogni-cash/internal/adapter/repository/postgres/bank_statement_repository.go:215.35,217.3 1 0
cogni-cash/internal/adapter/repository/postgres/bank_statement_repository.go:218.2,218.25 1 0
cogni-cash/internal/adapter/repository/postgres/bank_statement_repository.go:218.25,222.3 3 0
cogni-cash/internal/adapter/repository/postgres/bank_statement_repository.go:223.2,223.28 1 0
cogni-cash/internal/adapter/repository/postgres/bank_statement_repository.go:223.28,225.3 1 0
cogni-cash/internal/adapter/repository/postgres/bank_statement_repository.go:226.2,226.26 1 0
cogni-cash/internal/adapter/repository/postgres/bank_statement_repository.go:226.26,228.3 1 0
cogni-cash/internal/adapter/repository/postgres/bank_statement_repository.go:229.2,229.29 1 0
cogni-cash/internal/adapter/repository/postgres/bank_statement_repository.go:229.29,231.3 1 0
cogni-cash/internal/adapter/repository/postgres/bank_statement_repository.go:232.2,232.29 1 0
cogni-cash/internal/adapter/repository/postgres/bank_statement_repository.go:232.29,234.3 1 0
cogni-cash/internal/adapter/repository/postgres/bank_statement_repository.go:236.2,236.32 1 0
cogni-cash/internal/adapter/repository/postgres/bank_statement_repository.go:236.32,237.28 1 0
cogni-cash/internal/adapter/repository/postgres/bank_statement_repository.go:237.28,239.4 1 0
cogni-cash/internal/adapter/repository/postgres/bank_statement_repository.go:239.9,241.4 1 0
cogni-cash/internal/adapter/repository/postgres/bank_statement_repository.go:243.2,243.28 1 0
cogni-cash/internal/adapter/repository/postgres/bank_statement_repository.go:243.28,244.24 1 0
cogni-cash/internal/adapter/repository/postgres/bank_statement_repository.go:244.24,246.4 1 0
cogni-cash/internal/adapter/repository/postgres/bank_statement_repository.go:246.9,248.4 1 0
cogni-cash/internal/adapter/repository/postgres/bank_statement_repository.go:250.2,250.33 1 0
cogni-cash/internal/adapter/repository/postgres/bank_statement_repository.go:250.33,252.3 1 0
cogni-cash/internal/adapter/repository/postgres/bank_statement_repository.go:254.2,256.22 2 0
cogni-cash/internal/adapter/repository/postgres/bank_statement_repository.go:256.22,259.3 2 0
cogni-cash/internal/adapter/repository/postgres/bank_statement_repository.go:260.2,260.23 1 0
cogni-cash/internal/adapter/repository/postgres/bank_statement_repository.go:260.23,263.3 2 0
cogni-cash/internal/adapter/repository/postgres/bank_statement_repository.go:265.2,268.16 3 0
cogni-cash/internal/adapter/repository/postgres/bank_statement_repository.go:268.16,270.3 1 0
cogni-cash/internal/adapter/repository/postgres/bank_statement_repository.go:271.2,274.18 3 0
cogni-cash/internal/adapter/repository/postgres/bank_statement_repository.go:274.18,276.17 2 0
cogni-cash/internal/adapter/repository/postgres/bank_statement_repository.go:276.17,278.4 1 0
cogni-cash/internal/adapter/repository/postgres/bank_statement_repository.go:279.3,279.25 1 0
cogni-cash/internal/adapter/repository/postgres/bank_statement_repository.go:282.2,284.25 2 0
cogni-cash/internal/adapter/repository/postgres/bank_statement_repository.go:287.139,299.16 2 0
cogni-cash/internal/adapter/repository/postgres/bank_statement_repository.go:299.16,301.3 1 0
cogni-cash/internal/adapter/repository/postgres/bank_statement_repository.go:302.2,305.18 3 0
cogni-cash/internal/adapter/repository/postgres/bank_statement_repository.go:305.18,307.17 2 0
cogni-cash/internal/adapter/repository/postgres/bank_statement_repository.go:307.17,309.4 1 0
cogni-cash/internal/adapter/repository/postgres/bank_statement_repository.go:310.3,310.25 1 0
cogni-cash/internal/adapter/repository/postgres/bank_statement_repository.go:312.2,312.25 1 0
cogni-cash/internal/adapter/repository/postgres/bank_statement_repository.go:317.63,347.16 4 0
cogni-cash/internal/adapter/repository/postgres/bank_statement_repository.go:347.16,349.3 1 0
cogni-cash/internal/adapter/repository/postgres/bank_statement_repository.go:351.2,351.17 1 0
cogni-cash/internal/adapter/repository/postgres/bank_statement_repository.go:351.17,353.3 1 0
cogni-cash/internal/adapter/repository/postgres/bank_statement_repository.go:354.2,354.16 1 0
cogni-cash/internal/adapter/repository/postgres/bank_statement_repository.go:354.16,356.3 1 0
cogni-cash/internal/adapter/repository/postgres/bank_statement_repository.go:357.2,357.21 1 0
cogni-cash/internal/adapter/repository/postgres/bank_statement_repository.go:357.21,359.3 1 0
cogni-cash/internal/adapter/repository/postgres/bank_statement_repository.go:360.2,360.16 1 0
cogni-cash/internal/adapter/repository/postgres/bank_statement_repository.go:360.16,362.3 1 0
cogni-cash/internal/adapter/repository/postgres/bank_statement_repository.go:363.2,363.19 1 0
cogni-cash/internal/adapter/repository/postgres/bank_statement_repository.go:363.19,365.3 1 0
cogni-cash/internal/adapter/repository/postgres/bank_statement_repository.go:366.2,366.21 1 0
cogni-cash/internal/adapter/repository/postgres/bank_statement_repository.go:366.21,368.3 1 0
cogni-cash/internal/adapter/repository/postgres/bank_statement_repository.go:369.2,369.19 1 0
cogni-cash/internal/adapter/repository/postgres/bank_statement_repository.go:369.19,371.3 1 0
cogni-cash/internal/adapter/repository/postgres/bank_statement_repository.go:372.2,372.19 1 0
cogni-cash/internal/adapter/repository/postgres/bank_statement_repository.go:372.19,374.3 1 0
cogni-cash/internal/adapter/repository/postgres/bank_statement_repository.go:375.2,375.23 1 0
cogni-cash/internal/adapter/repository/postgres/bank_statement_repository.go:375.23,377.3 1 0
cogni-cash/internal/adapter/repository/postgres/bank_statement_repository.go:378.2,378.23 1 0
cogni-cash/internal/adapter/repository/postgres/bank_statement_repository.go:378.23,380.3 1 0
cogni-cash/internal/adapter/repository/postgres/bank_statement_repository.go:381.2,381.15 1 0
cogni-cash/internal/adapter/repository/postgres/bank_statement_repository.go:384.43,386.28 2 0
cogni-cash/internal/adapter/repository/postgres/bank_statement_repository.go:386.28,388.3 1 0
cogni-cash/internal/adapter/repository/postgres/bank_statement_repository.go:389.2,389.14 1 0
cogni-cash/internal/adapter/repository/postgres/bank_statement_repository.go:392.127,400.16 3 0
cogni-cash/internal/adapter/repository/postgres/bank_statement_repository.go:400.16,402.3 1 0
cogni-cash/internal/adapter/repository/postgres/bank_statement_repository.go:404.2,405.16 2 0
cogni-cash/internal/adapter/repository/postgres/bank_statement_repository.go:405.16,407.3 1 0
cogni-cash/internal/adapter/repository/postgres/bank_statement_repository.go:408.2,408.18 1 0
cogni-cash/internal/adapter/repository/postgres/bank_statement_repository.go:411.114,419.16 2 0
cogni-cash/internal/adapter/repository/postgres/bank_statement_repository.go:419.16,421.3 1 0
cogni-cash/internal/adapter/repository/postgres/bank_statement_repository.go:422.2,425.18 3 0
cogni-cash/internal/adapter/repository/postgres/bank_statement_repository.go:425.18,427.17 2 0
cogni-cash/internal/adapter/repository/postgres/bank_statement_repository.go:427.17,429.4 1 0
cogni-cash/internal/adapter/repository/postgres/bank_statement_repository.go:430.3,430.27 1 0
cogni-cash/internal/adapter/repository/postgres/bank_statement_repository.go:432.2,432.35 1 0
cogni-cash/internal/adapter/repository/postgres/bank_statement_repository.go:432.35,434.3 1 0
cogni-cash/internal/adapter/repository/postgres/bank_statement_repository.go:436.2,436.23 1 0
cogni-cash/internal/adapter/repository/postgres/bank_statement_repository.go:436.23,438.17 2 0
cogni-cash/internal/adapter/repository/postgres/bank_statement_repository.go:438.17,440.4 1 0
cogni-cash/internal/adapter/repository/postgres/bank_statement_repository.go:442.2,442.19 1 0
cogni-cash/internal/adapter/repository/postgres/bank_statement_repository.go:445.127,465.16 2 0
cogni-cash/internal/adapter/repository/postgres/bank_statement_repository.go:465.16,467.3 1 0
cogni-cash/internal/adapter/repository/postgres/bank_statement_repository.go:468.2,471.18 3 0
cogni-cash/internal/adapter/repository/postgres/bank_statement_repository.go:471.18,489.17 4 0
cogni-cash/internal/adapter/repository/postgres/bank_statement_repository.go:489.17,491.4 1 0
cogni-cash/internal/adapter/repository/postgres/bank_statement_repository.go:493.3,493.18 1 0
cogni-cash/internal/adapter/repository/postgres/bank_statement_repository.go:493.18,495.4 1 0
cogni-cash/internal/adapter/repository/postgres/bank_statement_repository.go:496.3,496.22 1 0
cogni-cash/internal/adapter/repository/postgres/bank_statement_repository.go:496.22,498.4 1 0
cogni-cash/internal/adapter/repository/postgres/bank_statement_repository.go:499.3,499.22 1 0
cogni-cash/internal/adapter/repository/postgres/bank_statement_repository.go:499.22,501.4 1 0
cogni-cash/internal/adapter/repository/postgres/bank_statement_repository.go:503.3,503.22 1 0
cogni-cash/internal/adapter/repository/postgres/bank_statement_repository.go:503.22,506.4 2 0
cogni-cash/internal/adapter/repository/postgres/bank_statement_repository.go:507.3,507.23 1 0
cogni-cash/internal/adapter/repository/postgres/bank_statement_repository.go:507.23,509.4 1 0
cogni-cash/internal/adapter/repository/postgres/bank_statement_repository.go:510.3,510.21 1 0
cogni-cash/internal/adapter/repository/postgres/bank_statement_repository.go:510.21,512.4 1 0
cogni-cash/internal/adapter/repository/postgres/bank_statement_repository.go:514.3,515.89 2 0
cogni-cash/internal/adapter/repository/postgres/bank_statement_repository.go:515.89,517.4 1 0
cogni-cash/internal/adapter/repository/postgres/bank_statement_repository.go:519.3,519.35 1 0
cogni-cash/internal/adapter/repository/postgres/bank_statement_repository.go:522.2,522.30 1 0
cogni-cash/internal/adapter/repository/postgres/bank_statement_repository.go:525.138,527.2 1 0
cogni-cash/internal/adapter/repository/postgres/bank_statement_repository.go:529.159,561.16 3 0
cogni-cash/internal/adapter/repository/postgres/bank_statement_repository.go:561.16,563.3 1 0
cogni-cash/internal/adapter/repository/postgres/bank_statement_repository.go:564.2,567.18 3 0
cogni-cash/internal/adapter/repository/postgres/bank_statement_repository.go:567.18,578.17 3 0
cogni-cash/internal/adapter/repository/postgres/bank_statement_repository.go:578.17,580.4 1 0
cogni-cash/internal/adapter/repository/postgres/bank_statement_repository.go:581.3,581.20 1 0
cogni-cash/internal/adapter/repository/postgres/bank_statement_repository.go:581.20,583.4 1 0
cogni-cash/internal/adapter/repository/postgres/bank_statement_repository.go:584.3,584.20 1 0
cogni-cash/internal/adapter/repository/postgres/bank_statement_repository.go:584.20,586.4 1 0
cogni-cash/internal/adapter/repository/postgres/bank_statement_repository.go:587.3,587.24 1 0
cogni-cash/internal/adapter/repository/postgres/bank_statement_repository.go:587.24,589.4 1 0
cogni-cash/internal/adapter/repository/postgres/bank_statement_repository.go:590.3,590.24 1 0
cogni-cash/internal/adapter/repository/postgres/bank_statement_repository.go:590.24,592.4 1 0
cogni-cash/internal/adapter/repository/postgres/bank_statement_repository.go:593.3,593.34 1 0
cogni-cash/internal/adapter/repository/postgres/bank_statement_repository.go:595.2,595.29 1 0
cogni-cash/internal/adapter/repository/postgres/bank_statement_repository.go:598.149,610.16 4 0
cogni-cash/internal/adapter/repository/postgres/bank_statement_repository.go:610.16,612.3 1 0
cogni-cash/internal/adapter/repository/postgres/bank_statement_repository.go:616.2,628.16 3 0
cogni-cash/internal/adapter/repository/postgres/bank_statement_repository.go:628.16,630.3 1 0
cogni-cash/internal/adapter/repository/postgres/bank_statement_repository.go:632.2,632.17 1 0
cogni-cash/internal/adapter/repository/postgres/bank_statement_repository.go:635.142,642.16 2 0
cogni-cash/internal/adapter/repository/postgres/bank_statement_repository.go:642.16,644.3 1 0
cogni-cash/internal/adapter/repository/postgres/bank_statement_repository.go:645.2,645.29 1 0
cogni-cash/internal/adapter/repository/postgres/bank_statement_repository.go:645.29,647.3 1 0
cogni-cash/internal/adapter/repository/postgres/bank_statement_repository.go:648.2,648.12 1 0
cogni-cash/internal/adapter/repository/postgres/bank_statement_repository.go:651.124,657.16 2 0
cogni-cash/internal/adapter/repository/postgres/bank_statement_repository.go:657.16,659.3 1 0
cogni-cash/internal/adapter/repository/postgres/bank_statement_repository.go:660.2,660.29 1 0
cogni-cash/internal/adapter/repository/postgres/bank_statement_repository.go:660.29,662.3 1 0
cogni-cash/internal/adapter/repository/postgres/bank_statement_repository.go:663.2,663.12 1 0
cogni-cash/internal/adapter/repository/postgres/bank_statement_repository.go:666.154,672.16 2 0
cogni-cash/internal/adapter/repository/postgres/bank_statement_repository.go:672.16,674.3 1 0
cogni-cash/internal/adapter/repository/postgres/bank_statement_repository.go:675.2,675.29 1 0
cogni-cash/internal/adapter/repository/postgres/bank_statement_repository.go:675.29,677.3 1 0
cogni-cash/internal/adapter/repository/postgres/bank_statement_repository.go:678.2,678.12 1 0
cogni-cash/internal/adapter/repository/postgres/bank_statement_repository.go:681.137,686.2 2 0
cogni-cash/internal/adapter/repository/postgres/bank_statement_repository.go:688.144,695.16 2 0
cogni-cash/internal/adapter/repository/postgres/bank_statement_repository.go:695.16,697.3 1 0
cogni-cash/internal/adapter/repository/postgres/bank_statement_repository.go:698.2,698.29 1 0
cogni-cash/internal/adapter/repository/postgres/bank_statement_repository.go:698.29,700.3 1 0
cogni-cash/internal/adapter/repository/postgres/bank_statement_repository.go:701.2,701.12 1 0
cogni-cash/internal/adapter/repository/postgres/bank_statement_repository.go:704.101,706.16 2 0
cogni-cash/internal/adapter/repository/postgres/bank_statement_repository.go:706.16,708.3 1 0
cogni-cash/internal/adapter/repository/postgres/bank_statement_repository.go:709.2,709.29 1 0
cogni-cash/internal/adapter/repository/postgres/bank_statement_repository.go:709.29,711.3 1 0
cogni-cash/internal/adapter/repository/postgres/bank_statement_repository.go:713.2,714.12 2 0
cogni-cash/internal/adapter/repository/postgres/bank_statement_repository.go:721.63,744.16 3 0
cogni-cash/internal/adapter/repository/postgres/bank_statement_repository.go:744.16,746.3 1 0
cogni-cash/internal/adapter/repository/postgres/bank_statement_repository.go:748.2,748.22 1 0
cogni-cash/internal/adapter/repository/postgres/bank_statement_repository.go:748.22,750.3 1 0
cogni-cash/internal/adapter/repository/postgres/bank_statement_repository.go:751.2,751.17 1 0
cogni-cash/internal/adapter/repository/postgres/bank_statement_repository.go:751.17,753.3 1 0
cogni-cash/internal/adapter/repository/postgres/bank_statement_repository.go:754.2,754.21 1 0
cogni-cash/internal/adapter/repository/postgres/bank_statement_repository.go:754.21,756.3 1 0
cogni-cash/internal/adapter/repository/postgres/bank_statement_repository.go:757.2,757.21 1 0
cogni-cash/internal/adapter/repository/postgres/bank_statement_repository.go:757.21,759.3 1 0
cogni-cash/internal/adapter/repository/postgres/bank_statement_repository.go:760.2,760.26 1 0
cogni-cash/internal/adapter/repository/postgres/bank_statement_repository.go:760.26,762.3 1 0
cogni-cash/internal/adapter/repository/postgres/bank_statement_repository.go:763.2,765.15 2 0
cogni-cash/internal/adapter/repository/postgres/bridge_token_repository.go:19.107,20.19 1 0
cogni-cash/internal/adapter/repository/postgres/bridge_token_repository.go:20.19,22.3 1 0
cogni-cash/internal/adapter/repository/postgres/bridge_token_repository.go:23.2,23.65 1 0
cogni-cash/internal/adapter/repository/postgres/bridge_token_repository.go:26.103,32.16 3 0
cogni-cash/internal/adapter/repository/postgres/bridge_token_repository.go:32.16,34.3 1 0
cogni-cash/internal/adapter/repository/postgres/bridge_token_repository.go:35.2,35.12 1 0
cogni-cash/internal/adapter/repository/postgres/bridge_token_repository.go:38.122,45.16 3 0
cogni-cash/internal/adapter/repository/postgres/bridge_token_repository.go:45.16,47.3 1 0
cogni-cash/internal/adapter/repository/postgres/bridge_token_repository.go:48.2,51.18 3 0
cogni-cash/internal/adapter/repository/postgres/bridge_token_repository.go:51.18,54.17 3 0
cogni-cash/internal/adapter/repository/postgres/bridge_token_repository.go:54.17,56.4 1 0
cogni-cash/internal/adapter/repository/postgres/bridge_token_repository.go:57.3,57.29 1 0
cogni-cash/internal/adapter/repository/postgres/bridge_token_repository.go:59.2,59.20 1 0
cogni-cash/internal/adapter/repository/postgres/bridge_token_repository.go:62.135,70.16 4 0
cogni-cash/internal/adapter/repository/postgres/bridge_token_repository.go:70.16,72.3 1 0
cogni-cash/internal/adapter/repository/postgres/bridge_token_repository.go:73.2,73.15 1 0
cogni-cash/internal/adapter/repository/postgres/bridge_token_repository.go:76.118,84.16 4 0
cogni-cash/internal/adapter/repository/postgres/bridge_token_repository.go:84.16,86.3 1 0
cogni-cash/internal/adapter/repository/postgres/bridge_token_repository.go:87.2,87.15 1 0
cogni-cash/internal/adapter/repository/postgres/bridge_token_repository.go:90.113,96.16 3 0
cogni-cash/internal/adapter/repository/postgres/bridge_token_repository.go:96.16,98.3 1 0
cogni-cash/internal/adapter/repository/postgres/bridge_token_repository.go:99.2,99.12 1 0
cogni-cash/internal/adapter/repository/postgres/bridge_token_repository.go:102.105,107.16 3 0
cogni-cash/internal/adapter/repository/postgres/bridge_token_repository.go:107.16,109.3 1 0
cogni-cash/internal/adapter/repository/postgres/bridge_token_repository.go:110.2,110.29 1 0
cogni-cash/internal/adapter/repository/postgres/bridge_token_repository.go:110.29,112.3 1 0
cogni-cash/internal/adapter/repository/postgres/bridge_token_repository.go:113.2,113.12 1 0
cogni-cash/internal/adapter/repository/postgres/category_repository.go:21.89,23.2 1 0
cogni-cash/internal/adapter/repository/postgres/category_repository.go:25.104,37.16 3 0
cogni-cash/internal/adapter/repository/postgres/category_repository.go:37.16,39.3 1 0
cogni-cash/internal/adapter/repository/postgres/category_repository.go:40.2,43.18 3 0
cogni-cash/internal/adapter/repository/postgres/category_repository.go:43.18,45.184 2 0
cogni-cash/internal/adapter/repository/postgres/category_repository.go:45.184,47.4 1 0
cogni-cash/internal/adapter/repository/postgres/category_repository.go:48.3,48.25 1 0
cogni-cash/internal/adapter/repository/postgres/category_repository.go:50.2,50.25 1 0
cogni-cash/internal/adapter/repository/postgres/category_repository.go:53.117,65.16 4 0
cogni-cash/internal/adapter/repository/postgres/category_repository.go:65.16,67.3 1 0
cogni-cash/internal/adapter/repository/postgres/category_repository.go:68.2,68.15 1 0
cogni-cash/internal/adapter/repository/postgres/category_repository.go:71.102,73.24 2 0
cogni-cash/internal/adapter/repository/postgres/category_repository.go:73.24,75.3 1 0
cogni-cash/internal/adapter/repository/postgres/category_repository.go:76.2,76.21 1 0
cogni-cash/internal/adapter/repository/postgres/category_repository.go:76.21,78.3 1 0
cogni-cash/internal/adapter/repository/postgres/category_repository.go:80.2,80.32 1 0
cogni-cash/internal/adapter/repository/postgres/category_repository.go:80.32,82.3 1 0
cogni-cash/internal/adapter/repository/postgres/category_repository.go:84.2,91.16 2 0
cogni-cash/internal/adapter/repository/postgres/category_repository.go:91.16,93.3 1 0
cogni-cash/internal/adapter/repository/postgres/category_repository.go:94.2,94.17 1 0
cogni-cash/internal/adapter/repository/postgres/category_repository.go:97.104,99.32 2 0
cogni-cash/internal/adapter/repository/postgres/category_repository.go:99.32,101.3 1 0
cogni-cash/internal/adapter/repository/postgres/category_repository.go:102.2,108.16 2 0
cogni-cash/internal/adapter/repository/postgres/category_repository.go:108.16,110.3 1 0
cogni-cash/internal/adapter/repository/postgres/category_repository.go:111.2,111.17 1 0
cogni-cash/internal/adapter/repository/postgres/category_repository.go:114.96,117.16 3 0
cogni-cash/internal/adapter/repository/postgres/category_repository.go:117.16,119.3 1 0
cogni-cash/internal/adapter/repository/postgres/category_repository.go:120.2,120.29 1 0
cogni-cash/internal/adapter/repository/postgres/category_repository.go:120.29,123.3 2 0
cogni-cash/internal/adapter/repository/postgres/category_repository.go:124.2,124.12 1 0
cogni-cash/internal/adapter/repository/postgres/document_repository.go:21.78,23.2 1 1
cogni-cash/internal/adapter/repository/postgres/document_repository.go:25.102,40.16 3 1
cogni-cash/internal/adapter/repository/postgres/document_repository.go:40.16,42.54 2 1
cogni-cash/internal/adapter/repository/postgres/document_repository.go:42.54,44.4 1 1
cogni-cash/internal/adapter/repository/postgres/document_repository.go:45.3,45.70 1 0
cogni-cash/internal/adapter/repository/postgres/document_repository.go:48.2,48.17 1 1
cogni-cash/internal/adapter/repository/postgres/document_repository.go:51.116,61.23 3 1
cogni-cash/internal/adapter/repository/postgres/document_repository.go:61.23,64.3 2 1
cogni-cash/internal/adapter/repository/postgres/document_repository.go:66.2,66.25 1 1
cogni-cash/internal/adapter/repository/postgres/document_repository.go:66.25,70.3 2 1
cogni-cash/internal/adapter/repository/postgres/document_repository.go:72.2,75.16 3 1
cogni-cash/internal/adapter/repository/postgres/document_repository.go:75.16,77.3 1 0
cogni-cash/internal/adapter/repository/postgres/document_repository.go:78.2,81.18 3 1
cogni-cash/internal/adapter/repository/postgres/document_repository.go:81.18,87.17 3 1
cogni-cash/internal/adapter/repository/postgres/document_repository.go:87.17,89.4 1 0
cogni-cash/internal/adapter/repository/postgres/document_repository.go:90.3,90.37 1 1
cogni-cash/internal/adapter/repository/postgres/document_repository.go:92.2,92.23 1 1
cogni-cash/internal/adapter/repository/postgres/document_repository.go:95.107,107.16 4 1
cogni-cash/internal/adapter/repository/postgres/document_repository.go:107.16,108.36 1 1
cogni-cash/internal/adapter/repository/postgres/document_repository.go:108.36,110.4 1 1
cogni-cash/internal/adapter/repository/postgres/document_repository.go:111.3,111.76 1 0
cogni-cash/internal/adapter/repository/postgres/document_repository.go:113.2,113.17 1 1
cogni-cash/internal/adapter/repository/postgres/document_repository.go:116.104,127.16 3 1
cogni-cash/internal/adapter/repository/postgres/document_repository.go:127.16,128.36 1 1
cogni-cash/internal/adapter/repository/postgres/document_repository.go:128.36,130.4 1 1
cogni-cash/internal/adapter/repository/postgres/document_repository.go:131.3,131.72 1 0
cogni-cash/internal/adapter/repository/postgres/document_repository.go:134.2,134.17 1 1
cogni-cash/internal/adapter/repository/postgres/document_repository.go:137.86,139.16 2 1
cogni-cash/internal/adapter/repository/postgres/document_repository.go:139.16,141.3 1 0
cogni-cash/internal/adapter/repository/postgres/document_repository.go:142.2,142.29 1 1
cogni-cash/internal/adapter/repository/postgres/document_repository.go:142.29,144.3 1 1
cogni-cash/internal/adapter/repository/postgres/document_repository.go:145.2,145.12 1 1
cogni-cash/internal/adapter/repository/postgres/document_repository.go:148.116,152.16 4 1
cogni-cash/internal/adapter/repository/postgres/document_repository.go:152.16,154.3 1 0
cogni-cash/internal/adapter/repository/postgres/document_repository.go:155.2,155.20 1 1
cogni-cash/internal/adapter/repository/postgres/forecasting_repository.go:18.74,20.2 1 0
cogni-cash/internal/adapter/repository/postgres/forecasting_repository.go:22.109,23.30 1 0
cogni-cash/internal/adapter/repository/postgres/forecasting_repository.go:23.30,25.3 1 0
cogni-cash/internal/adapter/repository/postgres/forecasting_repository.go:27.2,36.12 2 0
cogni-cash/internal/adapter/repository/postgres/forecasting_repository.go:39.122,45.16 2 0
cogni-cash/internal/adapter/repository/postgres/forecasting_repository.go:45.16,47.3 1 0
cogni-cash/internal/adapter/repository/postgres/forecasting_repository.go:48.2,51.18 3 0
cogni-cash/internal/adapter/repository/postgres/forecasting_repository.go:51.18,53.82 2 0
cogni-cash/internal/adapter/repository/postgres/forecasting_repository.go:53.82,55.4 1 0
cogni-cash/internal/adapter/repository/postgres/forecasting_repository.go:56.3,56.37 1 0
cogni-cash/internal/adapter/repository/postgres/forecasting_repository.go:58.2,58.31 1 0
cogni-cash/internal/adapter/repository/postgres/forecasting_repository.go:61.116,66.2 2 0
cogni-cash/internal/adapter/repository/postgres/forecasting_repository.go:68.116,69.30 1 0
cogni-cash/internal/adapter/repository/postgres/forecasting_repository.go:69.30,71.3 1 0
cogni-cash/internal/adapter/repository/postgres/forecasting_repository.go:73.2,82.12 2 0
cogni-cash/internal/adapter/repository/postgres/forecasting_repository.go:85.129,91.16 2 0
cogni-cash/internal/adapter/repository/postgres/forecasting_repository.go:91.16,93.3 1 0
cogni-cash/internal/adapter/repository/postgres/forecasting_repository.go:94.2,97.18 3 0
cogni-cash/internal/adapter/repository/postgres/forecasting_repository.go:97.18,99.81 2 0
cogni-cash/internal/adapter/repository/postgres/forecasting_repository.go:99.81,101.4 1 0
cogni-cash/internal/adapter/repository/postgres/forecasting_repository.go:102.3,102.37 1 0
cogni-cash/internal/adapter/repository/postgres/forecasting_repository.go:104.2,104.31 1 0
cogni-cash/internal/adapter/repository/postgres/forecasting_repository.go:107.119,112.2 2 0
cogni-cash/internal/adapter/repository/postgres/invoice_repository.go:27.87,29.2 1 0
cogni-cash/internal/adapter/repository/postgres/invoice_repository.go:32.81,34.28 2 0
cogni-cash/internal/adapter/repository/postgres/invoice_repository.go:34.28,36.3 1 0
cogni-cash/internal/adapter/repository/postgres/invoice_repository.go:37.2,38.27 2 0
cogni-cash/internal/adapter/repository/postgres/invoice_repository.go:38.27,40.3 1 0
cogni-cash/internal/adapter/repository/postgres/invoice_repository.go:41.2,42.32 2 0
cogni-cash/internal/adapter/repository/postgres/invoice_repository.go:42.32,44.3 1 0
cogni-cash/internal/adapter/repository/postgres/invoice_repository.go:45.2,46.38 2 0
cogni-cash/internal/adapter/repository/postgres/invoice_repository.go:46.38,48.3 1 0
cogni-cash/internal/adapter/repository/postgres/invoice_repository.go:50.2,72.16 3 0
cogni-cash/internal/adapter/repository/postgres/invoice_repository.go:72.16,75.3 2 0
cogni-cash/internal/adapter/repository/postgres/invoice_repository.go:76.2,77.12 2 0
cogni-cash/internal/adapter/repository/postgres/invoice_repository.go:82.83,84.28 2 0
cogni-cash/internal/adapter/repository/postgres/invoice_repository.go:84.28,86.3 1 0
cogni-cash/internal/adapter/repository/postgres/invoice_repository.go:87.2,104.16 3 0
cogni-cash/internal/adapter/repository/postgres/invoice_repository.go:104.16,106.3 1 0
cogni-cash/internal/adapter/repository/postgres/invoice_repository.go:107.2,107.29 1 0
cogni-cash/internal/adapter/repository/postgres/invoice_repository.go:107.29,109.3 1 0
cogni-cash/internal/adapter/repository/postgres/invoice_repository.go:110.2,110.12 1 0
cogni-cash/internal/adapter/repository/postgres/invoice_repository.go:114.115,131.16 4 0
cogni-cash/internal/adapter/repository/postgres/invoice_repository.go:131.16,132.36 1 0
cogni-cash/internal/adapter/repository/postgres/invoice_repository.go:132.36,134.4 1 0
cogni-cash/internal/adapter/repository/postgres/invoice_repository.go:135.3,135.75 1 0
cogni-cash/internal/adapter/repository/postgres/invoice_repository.go:137.2,137.17 1 0
cogni-cash/internal/adapter/repository/postgres/invoice_repository.go:141.113,157.52 5 0
cogni-cash/internal/adapter/repository/postgres/invoice_repository.go:157.52,159.3 1 0
cogni-cash/internal/adapter/repository/postgres/invoice_repository.go:159.8,159.38 1 0
cogni-cash/internal/adapter/repository/postgres/invoice_repository.go:159.38,161.3 1 0
cogni-cash/internal/adapter/repository/postgres/invoice_repository.go:161.8,164.3 1 0
cogni-cash/internal/adapter/repository/postgres/invoice_repository.go:166.2,166.21 1 0
cogni-cash/internal/adapter/repository/postgres/invoice_repository.go:166.21,169.3 2 0
cogni-cash/internal/adapter/repository/postgres/invoice_repository.go:171.2,173.22 2 0
cogni-cash/internal/adapter/repository/postgres/invoice_repository.go:173.22,176.3 2 0
cogni-cash/internal/adapter/repository/postgres/invoice_repository.go:177.2,177.23 1 0
cogni-cash/internal/adapter/repository/postgres/invoice_repository.go:177.23,180.3 2 0
cogni-cash/internal/adapter/repository/postgres/invoice_repository.go:182.2,183.16 2 0
cogni-cash/internal/adapter/repository/postgres/invoice_repository.go:183.16,185.3 1 0
cogni-cash/internal/adapter/repository/postgres/invoice_repository.go:186.2,189.18 3 0
cogni-cash/internal/adapter/repository/postgres/invoice_repository.go:189.18,191.17 2 0
cogni-cash/internal/adapter/repository/postgres/invoice_repository.go:191.17,193.4 1 0
cogni-cash/internal/adapter/repository/postgres/invoice_repository.go:194.3,194.35 1 0
cogni-cash/internal/adapter/repository/postgres/invoice_repository.go:196.2,196.29 1 0
cogni-cash/internal/adapter/repository/postgres/invoice_repository.go:200.95,203.16 3 0
cogni-cash/internal/adapter/repository/postgres/invoice_repository.go:203.16,205.3 1 0
cogni-cash/internal/adapter/repository/postgres/invoice_repository.go:206.2,206.29 1 0
cogni-cash/internal/adapter/repository/postgres/invoice_repository.go:206.29,208.3 1 0
cogni-cash/internal/adapter/repository/postgres/invoice_repository.go:209.2,209.12 1 0
cogni-cash/internal/adapter/repository/postgres/invoice_repository.go:214.115,218.16 3 0
cogni-cash/internal/adapter/repository/postgres/invoice_repository.go:218.16,220.3 1 0
cogni-cash/internal/adapter/repository/postgres/invoice_repository.go:221.2,221.20 1 0
cogni-cash/internal/adapter/repository/postgres/invoice_repository.go:226.130,238.16 4 0
cogni-cash/internal/adapter/repository/postgres/invoice_repository.go:238.16,239.36 1 0
cogni-cash/internal/adapter/repository/postgres/invoice_repository.go:239.36,241.4 1 0
cogni-cash/internal/adapter/repository/postgres/invoice_repository.go:242.3,242.77 1 0
cogni-cash/internal/adapter/repository/postgres/invoice_repository.go:244.2,244.23 1 0
cogni-cash/internal/adapter/repository/postgres/invoice_repository.go:244.23,246.3 1 0
cogni-cash/internal/adapter/repository/postgres/invoice_repository.go:247.2,248.17 2 0
cogni-cash/internal/adapter/repository/postgres/invoice_repository.go:248.17,250.3 1 0
cogni-cash/internal/adapter/repository/postgres/invoice_repository.go:252.2,253.55 2 0
cogni-cash/internal/adapter/repository/postgres/invoice_repository.go:253.55,255.3 1 0
cogni-cash/internal/adapter/repository/postgres/invoice_repository.go:257.2,257.40 1 0
cogni-cash/internal/adapter/repository/postgres/invoice_repository.go:262.66,287.16 3 0
cogni-cash/internal/adapter/repository/postgres/invoice_repository.go:287.16,289.3 1 0
cogni-cash/internal/adapter/repository/postgres/invoice_repository.go:291.2,294.21 4 0
cogni-cash/internal/adapter/repository/postgres/invoice_repository.go:294.21,296.3 1 0
cogni-cash/internal/adapter/repository/postgres/invoice_repository.go:297.2,297.24 1 0
cogni-cash/internal/adapter/repository/postgres/invoice_repository.go:297.24,299.3 1 0
cogni-cash/internal/adapter/repository/postgres/invoice_repository.go:300.2,300.21 1 0
cogni-cash/internal/adapter/repository/postgres/invoice_repository.go:300.21,302.3 1 0
cogni-cash/internal/adapter/repository/postgres/invoice_repository.go:303.2,303.17 1 0
cogni-cash/internal/adapter/repository/postgres/password_reset_repository.go:19.99,24.2 1 0
cogni-cash/internal/adapter/repository/postgres/password_reset_repository.go:26.102,33.2 3 0
cogni-cash/internal/adapter/repository/postgres/password_reset_repository.go:35.120,43.16 4 0
cogni-cash/internal/adapter/repository/postgres/password_reset_repository.go:43.16,44.36 1 0
cogni-cash/internal/adapter/repository/postgres/password_reset_repository.go:44.36,46.4 1 0
cogni-cash/internal/adapter/repository/postgres/password_reset_repository.go:47.3,47.42 1 0
cogni-cash/internal/adapter/repository/postgres/password_reset_repository.go:49.2,49.15 1 0
cogni-cash/internal/adapter/repository/postgres/password_reset_repository.go:52.95,56.2 3 0
cogni-cash/internal/adapter/repository/postgres/password_reset_repository.go:58.83,62.2 3 0
cogni-cash/internal/adapter/repository/postgres/password_reset_repository.go:64.77,68.2 3 0
cogni-cash/internal/adapter/repository/postgres/payslip_repository.go:18.64,20.2 1 0
cogni-cash/internal/adapter/repository/postgres/payslip_repository.go:23.80,25.16 2 0
cogni-cash/internal/adapter/repository/postgres/payslip_repository.go:25.16,27.3 1 0
cogni-cash/internal/adapter/repository/postgres/payslip_repository.go:28.2,44.36 4 0
cogni-cash/internal/adapter/repository/postgres/payslip_repository.go:44.36,46.3 1 0
cogni-cash/internal/adapter/repository/postgres/payslip_repository.go:48.2,55.16 3 0
cogni-cash/internal/adapter/repository/postgres/payslip_repository.go:55.16,57.3 1 0
cogni-cash/internal/adapter/repository/postgres/payslip_repository.go:58.2,61.24 2 0
cogni-cash/internal/adapter/repository/postgres/payslip_repository.go:61.24,66.31 2 0
cogni-cash/internal/adapter/repository/postgres/payslip_repository.go:66.31,68.18 2 0
cogni-cash/internal/adapter/repository/postgres/payslip_repository.go:68.18,70.5 1 0
cogni-cash/internal/adapter/repository/postgres/payslip_repository.go:74.2,74.23 1 0
cogni-cash/internal/adapter/repository/postgres/payslip_repository.go:77.108,82.2 4 0
cogni-cash/internal/adapter/repository/postgres/payslip_repository.go:84.132,89.2 4 0
cogni-cash/internal/adapter/repository/postgres/payslip_repository.go:91.113,101.27 3 0
cogni-cash/internal/adapter/repository/postgres/payslip_repository.go:101.27,104.3 2 0
cogni-cash/internal/adapter/repository/postgres/payslip_repository.go:106.2,106.21 1 0
cogni-cash/internal/adapter/repository/postgres/payslip_repository.go:106.21,109.3 2 0
cogni-cash/internal/adapter/repository/postgres/payslip_repository.go:111.2,113.22 2 0
cogni-cash/internal/adapter/repository/postgres/payslip_repository.go:113.22,116.3 2 0
cogni-cash/internal/adapter/repository/postgres/payslip_repository.go:117.2,117.23 1 0
cogni-cash/internal/adapter/repository/postgres/payslip_repository.go:117.23,120.3 2 0
cogni-cash/internal/adapter/repository/postgres/payslip_repository.go:122.2,123.16 2 0
cogni-cash/internal/adapter/repository/postgres/payslip_repository.go:123.16,125.3 1 0
cogni-cash/internal/adapter/repository/postgres/payslip_repository.go:126.2,129.18 3 0
cogni-cash/internal/adapter/repository/postgres/payslip_repository.go:129.18,136.17 3 0
cogni-cash/internal/adapter/repository/postgres/payslip_repository.go:136.17,138.4 1 0
cogni-cash/internal/adapter/repository/postgres/payslip_repository.go:139.3,140.17 2 0
cogni-cash/internal/adapter/repository/postgres/payslip_repository.go:140.17,142.4 1 0
cogni-cash/internal/adapter/repository/postgres/payslip_repository.go:143.3,143.33 1 0
cogni-cash/internal/adapter/repository/postgres/payslip_repository.go:145.2,145.22 1 0
cogni-cash/internal/adapter/repository/postgres/payslip_repository.go:148.122,153.16 2 0
cogni-cash/internal/adapter/repository/postgres/payslip_repository.go:153.16,155.3 1 0
cogni-cash/internal/adapter/repository/postgres/payslip_repository.go:156.2,159.18 3 0
cogni-cash/internal/adapter/repository/postgres/payslip_repository.go:159.18,161.62 2 0
cogni-cash/internal/adapter/repository/postgres/payslip_repository.go:161.62,163.4 1 0
cogni-cash/internal/adapter/repository/postgres/payslip_repository.go:164.3,164.29 1 0
cogni-cash/internal/adapter/repository/postgres/payslip_repository.go:166.2,166.20 1 0
cogni-cash/internal/adapter/repository/postgres/payslip_repository.go:169.112,182.16 4 0
cogni-cash/internal/adapter/repository/postgres/payslip_repository.go:182.16,184.3 1 0
cogni-cash/internal/adapter/repository/postgres/payslip_repository.go:186.2,187.15 2 0
cogni-cash/internal/adapter/repository/postgres/payslip_repository.go:190.82,192.16 2 0
cogni-cash/internal/adapter/repository/postgres/payslip_repository.go:192.16,194.3 1 0
cogni-cash/internal/adapter/repository/postgres/payslip_repository.go:195.2,206.16 3 0
cogni-cash/internal/adapter/repository/postgres/payslip_repository.go:206.16,208.3 1 0
cogni-cash/internal/adapter/repository/postgres/payslip_repository.go:210.2,210.36 1 0
cogni-cash/internal/adapter/repository/postgres/payslip_repository.go:210.36,218.17 2 0
cogni-cash/internal/adapter/repository/postgres/payslip_repository.go:218.17,220.4 1 0
cogni-cash/internal/adapter/repository/postgres/payslip_repository.go:223.2,223.183 1 0
cogni-cash/internal/adapter/repository/postgres/payslip_repository.go:223.183,225.3 1 0
cogni-cash/internal/adapter/repository/postgres/payslip_repository.go:226.2,226.30 1 0
cogni-cash/internal/adapter/repository/postgres/payslip_repository.go:226.30,231.17 2 0
cogni-cash/internal/adapter/repository/postgres/payslip_repository.go:231.17,233.4 1 0
cogni-cash/internal/adapter/repository/postgres/payslip_repository.go:236.2,236.23 1 0
cogni-cash/internal/adapter/repository/postgres/payslip_repository.go:239.92,242.2 2 0
cogni-cash/internal/adapter/repository/postgres/payslip_repository.go:244.127,252.36 6 0
cogni-cash/internal/adapter/repository/postgres/payslip_repository.go:252.36,254.56 2 0
cogni-cash/internal/adapter/repository/postgres/payslip_repository.go:254.56,256.4 1 0
cogni-cash/internal/adapter/repository/postgres/payslip_repository.go:259.2,259.41 1 0
cogni-cash/internal/adapter/repository/postgres/payslip_repository.go:262.110,278.16 4 0
cogni-cash/internal/adapter/repository/postgres/payslip_repository.go:278.16,280.3 1 0
cogni-cash/internal/adapter/repository/postgres/payslip_repository.go:282.2,282.31 1 0
cogni-cash/internal/adapter/repository/postgres/payslip_repository.go:282.31,285.3 2 0
cogni-cash/internal/adapter/repository/postgres/payslip_repository.go:288.2,295.16 3 0
cogni-cash/internal/adapter/repository/postgres/payslip_repository.go:295.16,297.3 1 0
cogni-cash/internal/adapter/repository/postgres/payslip_repository.go:300.2,308.16 3 0
cogni-cash/internal/adapter/repository/postgres/payslip_repository.go:308.16,310.3 1 0
cogni-cash/internal/adapter/repository/postgres/payslip_repository.go:311.2,315.17 4 0
cogni-cash/internal/adapter/repository/postgres/payslip_repository.go:315.17,321.3 5 0
cogni-cash/internal/adapter/repository/postgres/payslip_repository.go:322.2,322.17 1 0
cogni-cash/internal/adapter/repository/postgres/payslip_repository.go:322.17,327.3 4 0
cogni-cash/internal/adapter/repository/postgres/payslip_repository.go:329.2,329.45 1 0
cogni-cash/internal/adapter/repository/postgres/payslip_repository.go:329.45,331.3 1 0
cogni-cash/internal/adapter/repository/postgres/payslip_repository.go:334.2,342.16 3 0
cogni-cash/internal/adapter/repository/postgres/payslip_repository.go:342.16,344.3 1 0
cogni-cash/internal/adapter/repository/postgres/payslip_repository.go:345.2,348.19 3 0
cogni-cash/internal/adapter/repository/postgres/payslip_repository.go:348.19,351.52 3 0
cogni-cash/internal/adapter/repository/postgres/payslip_repository.go:351.52,353.4 1 0
cogni-cash/internal/adapter/repository/postgres/payslip_repository.go:355.3,359.25 1 0
cogni-cash/internal/adapter/repository/postgres/payslip_repository.go:362.2,362.21 1 0
cogni-cash/internal/adapter/repository/postgres/planned_transaction_repository.go:19.109,21.2 1 0
cogni-cash/internal/adapter/repository/postgres/planned_transaction_repository.go:23.105,25.23 2 0
cogni-cash/internal/adapter/repository/postgres/planned_transaction_repository.go:25.23,27.3 1 0
cogni-cash/internal/adapter/repository/postgres/planned_transaction_repository.go:28.2,28.21 1 0
cogni-cash/internal/adapter/repository/postgres/planned_transaction_repository.go:28.21,30.3 1 0
cogni-cash/internal/adapter/repository/postgres/planned_transaction_repository.go:32.2,38.16 2 0
cogni-cash/internal/adapter/repository/postgres/planned_transaction_repository.go:38.16,40.3 1 0
cogni-cash/internal/adapter/repository/postgres/planned_transaction_repository.go:41.2,41.12 1 0
cogni-cash/internal/adapter/repository/postgres/planned_transaction_repository.go:44.137,52.16 4 0
cogni-cash/internal/adapter/repository/postgres/planned_transaction_repository.go:52.16,54.3 1 0
cogni-cash/internal/adapter/repository/postgres/planned_transaction_repository.go:55.2,55.17 1 0
cogni-cash/internal/adapter/repository/postgres/planned_transaction_repository.go:58.105,65.16 3 0
cogni-cash/internal/adapter/repository/postgres/planned_transaction_repository.go:65.16,67.3 1 0
cogni-cash/internal/adapter/repository/postgres/planned_transaction_repository.go:68.2,68.29 1 0
cogni-cash/internal/adapter/repository/postgres/planned_transaction_repository.go:68.29,70.3 1 0
cogni-cash/internal/adapter/repository/postgres/planned_transaction_repository.go:71.2,71.12 1 0
cogni-cash/internal/adapter/repository/postgres/planned_transaction_repository.go:74.106,77.16 3 0
cogni-cash/internal/adapter/repository/postgres/planned_transaction_repository.go:77.16,79.3 1 0
cogni-cash/internal/adapter/repository/postgres/planned_transaction_repository.go:80.2,80.29 1 0
cogni-cash/internal/adapter/repository/postgres/planned_transaction_repository.go:80.29,82.3 1 0
cogni-cash/internal/adapter/repository/postgres/planned_transaction_repository.go:83.2,83.12 1 0
cogni-cash/internal/adapter/repository/postgres/planned_transaction_repository.go:86.129,93.16 3 0
cogni-cash/internal/adapter/repository/postgres/planned_transaction_repository.go:93.16,95.3 1 0
cogni-cash/internal/adapter/repository/postgres/planned_transaction_repository.go:96.2,99.18 3 0
cogni-cash/internal/adapter/repository/postgres/planned_transaction_repository.go:99.18,101.214 2 0
cogni-cash/internal/adapter/repository/postgres/planned_transaction_repository.go:101.214,103.4 1 0
cogni-cash/internal/adapter/repository/postgres/planned_transaction_repository.go:104.3,104.24 1 0
cogni-cash/internal/adapter/repository/postgres/planned_transaction_repository.go:106.2,106.24 1 0
cogni-cash/internal/adapter/repository/postgres/planned_transaction_repository.go:109.136,116.16 3 0
cogni-cash/internal/adapter/repository/postgres/planned_transaction_repository.go:116.16,118.3 1 0
cogni-cash/internal/adapter/repository/postgres/planned_transaction_repository.go:119.2,122.18 3 0
cogni-cash/internal/adapter/repository/postgres/planned_transaction_repository.go:122.18,124.214 2 0
cogni-cash/internal/adapter/repository/postgres/planned_transaction_repository.go:124.214,126.4 1 0
cogni-cash/internal/adapter/repository/postgres/planned_transaction_repository.go:127.3,127.24 1 0
cogni-cash/internal/adapter/repository/postgres/planned_transaction_repository.go:129.2,129.24 1 0
cogni-cash/internal/adapter/repository/postgres/pool.go:15.70,18.16 3 0
cogni-cash/internal/adapter/repository/postgres/pool.go:18.16,21.3 2 0
cogni-cash/internal/adapter/repository/postgres/pool.go:22.2,22.39 1 0
cogni-cash/internal/adapter/repository/postgres/pool.go:22.39,26.3 3 0
cogni-cash/internal/adapter/repository/postgres/pool.go:27.2,28.18 2 0
cogni-cash/internal/adapter/repository/postgres/reconciliation_repository.go:23.140,25.2 1 0
cogni-cash/internal/adapter/repository/postgres/reconciliation_repository.go:27.120,30.24 2 0
cogni-cash/internal/adapter/repository/postgres/reconciliation_repository.go:30.24,32.3 1 0
cogni-cash/internal/adapter/repository/postgres/reconciliation_repository.go:33.2,33.31 1 0
cogni-cash/internal/adapter/repository/postgres/reconciliation_repository.go:33.31,35.3 1 0
cogni-cash/internal/adapter/repository/postgres/reconciliation_repository.go:37.2,38.16 2 0
cogni-cash/internal/adapter/repository/postgres/reconciliation_repository.go:38.16,40.3 1 0
cogni-cash/internal/adapter/repository/postgres/reconciliation_repository.go:41.2,54.16 3 0
cogni-cash/internal/adapter/repository/postgres/reconciliation_repository.go:54.16,56.3 1 0
cogni-cash/internal/adapter/repository/postgres/reconciliation_repository.go:58.2,64.16 2 0
cogni-cash/internal/adapter/repository/postgres/reconciliation_repository.go:64.16,66.3 1 0
cogni-cash/internal/adapter/repository/postgres/reconciliation_repository.go:68.2,68.39 1 0
cogni-cash/internal/adapter/repository/postgres/reconciliation_repository.go:68.39,70.3 1 0
cogni-cash/internal/adapter/repository/postgres/reconciliation_repository.go:72.2,72.17 1 0
cogni-cash/internal/adapter/repository/postgres/reconciliation_repository.go:75.138,82.2 2 0
cogni-cash/internal/adapter/repository/postgres/reconciliation_repository.go:84.134,91.2 2 0
cogni-cash/internal/adapter/repository/postgres/reconciliation_repository.go:93.116,115.16 2 0
cogni-cash/internal/adapter/repository/postgres/reconciliation_repository.go:115.16,117.3 1 0
cogni-cash/internal/adapter/repository/postgres/reconciliation_repository.go:118.2,121.18 3 0
cogni-cash/internal/adapter/repository/postgres/reconciliation_repository.go:121.18,140.17 5 0
cogni-cash/internal/adapter/repository/postgres/reconciliation_repository.go:140.17,142.4 1 0
cogni-cash/internal/adapter/repository/postgres/reconciliation_repository.go:144.3,144.24 1 0
cogni-cash/internal/adapter/repository/postgres/reconciliation_repository.go:144.24,146.4 1 0
cogni-cash/internal/adapter/repository/postgres/reconciliation_repository.go:147.3,147.24 1 0
cogni-cash/internal/adapter/repository/postgres/reconciliation_repository.go:147.24,149.4 1 0
cogni-cash/internal/adapter/repository/postgres/reconciliation_repository.go:150.3,150.24 1 0
cogni-cash/internal/adapter/repository/postgres/reconciliation_repository.go:150.24,152.4 1 0
cogni-cash/internal/adapter/repository/postgres/reconciliation_repository.go:153.3,153.24 1 0
cogni-cash/internal/adapter/repository/postgres/reconciliation_repository.go:153.24,155.4 1 0
cogni-cash/internal/adapter/repository/postgres/reconciliation_repository.go:156.3,156.28 1 0
cogni-cash/internal/adapter/repository/postgres/reconciliation_repository.go:156.28,158.4 1 0
cogni-cash/internal/adapter/repository/postgres/reconciliation_repository.go:159.3,159.28 1 0
cogni-cash/internal/adapter/repository/postgres/reconciliation_repository.go:159.28,161.4 1 0
cogni-cash/internal/adapter/repository/postgres/reconciliation_repository.go:163.3,163.33 1 0
cogni-cash/internal/adapter/repository/postgres/reconciliation_repository.go:165.2,165.28 1 0
cogni-cash/internal/adapter/repository/postgres/reconciliation_repository.go:172.83,183.2 3 0
cogni-cash/internal/adapter/repository/postgres/reconciliation_repository.go:185.102,187.16 2 0
cogni-cash/internal/adapter/repository/postgres/reconciliation_repository.go:187.16,189.3 1 0
cogni-cash/internal/adapter/repository/postgres/reconciliation_repository.go:190.2,197.16 3 0
cogni-cash/internal/adapter/repository/postgres/reconciliation_repository.go:197.16,199.3 1 0
cogni-cash/internal/adapter/repository/postgres/reconciliation_repository.go:202.2,203.16 2 0
cogni-cash/internal/adapter/repository/postgres/reconciliation_repository.go:203.16,205.3 1 0
cogni-cash/internal/adapter/repository/postgres/reconciliation_repository.go:206.2,206.29 1 0
cogni-cash/internal/adapter/repository/postgres/reconciliation_repository.go:206.29,208.3 1 0
cogni-cash/internal/adapter/repository/postgres/reconciliation_repository.go:210.2,210.23 1 0
cogni-cash/internal/adapter/repository/postgres/settings_repository.go:21.119,27.2 1 0
cogni-cash/internal/adapter/repository/postgres/settings_repository.go:29.101,32.16 3 0
cogni-cash/internal/adapter/repository/postgres/settings_repository.go:32.16,33.36 1 0
cogni-cash/internal/adapter/repository/postgres/settings_repository.go:33.36,36.39 2 0
cogni-cash/internal/adapter/repository/postgres/settings_repository.go:36.39,38.5 1 0
cogni-cash/internal/adapter/repository/postgres/settings_repository.go:39.4,40.18 2 0
cogni-cash/internal/adapter/repository/postgres/settings_repository.go:40.18,42.5 1 0
cogni-cash/internal/adapter/repository/postgres/settings_repository.go:43.4,43.21 1 0
cogni-cash/internal/adapter/repository/postgres/settings_repository.go:45.3,45.17 1 0
cogni-cash/internal/adapter/repository/postgres/settings_repository.go:47.2,47.19 1 0
cogni-cash/internal/adapter/repository/postgres/settings_repository.go:50.103,52.16 2 0
cogni-cash/internal/adapter/repository/postgres/settings_repository.go:52.16,54.3 1 0
cogni-cash/internal/adapter/repository/postgres/settings_repository.go:55.2,58.18 3 0
cogni-cash/internal/adapter/repository/postgres/settings_repository.go:58.18,60.49 2 0
cogni-cash/internal/adapter/repository/postgres/settings_repository.go:60.49,62.4 1 0
cogni-cash/internal/adapter/repository/postgres/settings_repository.go:63.3,63.24 1 0
cogni-cash/internal/adapter/repository/postgres/settings_repository.go:65.2,65.29 1 0
cogni-cash/internal/adapter/repository/postgres/settings_repository.go:68.105,76.2 3 0
cogni-cash/internal/adapter/repository/postgres/sharing_repository.go:19.87,21.2 1 0
cogni-cash/internal/adapter/repository/postgres/sharing_repository.go:23.134,31.16 3 0
cogni-cash/internal/adapter/repository/postgres/sharing_repository.go:31.16,33.3 1 0
cogni-cash/internal/adapter/repository/postgres/sharing_repository.go:34.2,34.12 1 0
cogni-cash/internal/adapter/repository/postgres/sharing_repository.go:37.113,44.16 3 0
cogni-cash/internal/adapter/repository/postgres/sharing_repository.go:44.16,46.3 1 0
cogni-cash/internal/adapter/repository/postgres/sharing_repository.go:49.2,49.12 1 0
cogni-cash/internal/adapter/repository/postgres/sharing_repository.go:52.113,59.16 3 0
cogni-cash/internal/adapter/repository/postgres/sharing_repository.go:59.16,61.3 1 0
cogni-cash/internal/adapter/repository/postgres/sharing_repository.go:62.2,65.18 3 0
cogni-cash/internal/adapter/repository/postgres/sharing_repository.go:65.18,67.40 2 0
cogni-cash/internal/adapter/repository/postgres/sharing_repository.go:67.40,69.4 1 0
cogni-cash/internal/adapter/repository/postgres/sharing_repository.go:70.3,70.32 1 0
cogni-cash/internal/adapter/repository/postgres/sharing_repository.go:72.2,72.28 1 0
cogni-cash/internal/adapter/repository/postgres/sharing_repository.go:75.132,83.16 3 0
cogni-cash/internal/adapter/repository/postgres/sharing_repository.go:83.16,85.3 1 0
cogni-cash/internal/adapter/repository/postgres/sharing_repository.go:86.2,86.12 1 0
cogni-cash/internal/adapter/repository/postgres/sharing_repository.go:89.119,96.16 3 0
cogni-cash/internal/adapter/repository/postgres/sharing_repository.go:96.16,98.3 1 0
cogni-cash/internal/adapter/repository/postgres/sharing_repository.go:100.2,100.12 1 0
cogni-cash/internal/adapter/repository/postgres/sharing_repository.go:103.119,110.16 3 0
cogni-cash/internal/adapter/repository/postgres/sharing_repository.go:110.16,112.3 1 0
cogni-cash/internal/adapter/repository/postgres/sharing_repository.go:113.2,116.18 3 0
cogni-cash/internal/adapter/repository/postgres/sharing_repository.go:116.18,118.40 2 0
cogni-cash/internal/adapter/repository/postgres/sharing_repository.go:118.40,120.4 1 0
cogni-cash/internal/adapter/repository/postgres/sharing_repository.go:121.3,121.32 1 0
cogni-cash/internal/adapter/repository/postgres/sharing_repository.go:123.2,123.28 1 0
cogni-cash/internal/adapter/repository/postgres/user_repository.go:20.81,22.2 1 0
cogni-cash/internal/adapter/repository/postgres/user_repository.go:24.100,30.16 4 0
cogni-cash/internal/adapter/repository/postgres/user_repository.go:30.16,31.36 1 0
cogni-cash/internal/adapter/repository/postgres/user_repository.go:31.36,33.4 1 0
cogni-cash/internal/adapter/repository/postgres/user_repository.go:34.3,34.28 1 0
cogni-cash/internal/adapter/repository/postgres/user_repository.go:36.2,36.18 1 0
cogni-cash/internal/adapter/repository/postgres/user_repository.go:39.91,45.16 4 0
cogni-cash/internal/adapter/repository/postgres/user_repository.go:45.16,46.36 1 0
cogni-cash/internal/adapter/repository/postgres/user_repository.go:46.36,48.4 1 0
cogni-cash/internal/adapter/repository/postgres/user_repository.go:49.3,49.28 1 0
cogni-cash/internal/adapter/repository/postgres/user_repository.go:51.2,51.18 1 0
cogni-cash/internal/adapter/repository/postgres/user_repository.go:54.77,57.16 3 0
cogni-cash/internal/adapter/repository/postgres/user_repository.go:57.16,58.36 1 0
cogni-cash/internal/adapter/repository/postgres/user_repository.go:58.36,60.4 1 0
cogni-cash/internal/adapter/repository/postgres/user_repository.go:61.3,61.23 1 0
cogni-cash/internal/adapter/repository/postgres/user_repository.go:63.2,63.16 1 0
cogni-cash/internal/adapter/repository/postgres/user_repository.go:66.93,70.18 3 0
cogni-cash/internal/adapter/repository/postgres/user_repository.go:70.18,77.3 2 0
cogni-cash/internal/adapter/repository/postgres/user_repository.go:77.8,80.3 2 0
cogni-cash/internal/adapter/repository/postgres/user_repository.go:82.2,82.16 1 0
cogni-cash/internal/adapter/repository/postgres/user_repository.go:82.16,84.3 1 0
cogni-cash/internal/adapter/repository/postgres/user_repository.go:85.2,88.18 3 0
cogni-cash/internal/adapter/repository/postgres/user_repository.go:88.18,90.117 2 0
cogni-cash/internal/adapter/repository/postgres/user_repository.go:90.117,92.4 1 0
cogni-cash/internal/adapter/repository/postgres/user_repository.go:93.3,93.30 1 0
cogni-cash/internal/adapter/repository/postgres/user_repository.go:95.2,95.26 1 0
cogni-cash/internal/adapter/repository/postgres/user_repository.go:98.78,106.2 3 0
cogni-cash/internal/adapter/repository/postgres/user_repository.go:108.78,116.16 3 0
cogni-cash/internal/adapter/repository/postgres/user_repository.go:116.16,118.3 1 0
cogni-cash/internal/adapter/repository/postgres/user_repository.go:119.2,119.32 1 0
cogni-cash/internal/adapter/repository/postgres/user_repository.go:119.32,121.3 1 0
cogni-cash/internal/adapter/repository/postgres/user_repository.go:122.2,122.12 1 0
cogni-cash/internal/adapter/repository/postgres/user_repository.go:125.78,142.2 3 0
cogni-cash/internal/adapter/repository/postgres/user_repository.go:144.102,147.16 3 0
cogni-cash/internal/adapter/repository/postgres/user_repository.go:147.16,149.3 1 0
cogni-cash/internal/adapter/repository/postgres/user_repository.go:150.2,150.32 1 0
cogni-cash/internal/adapter/repository/postgres/user_repository.go:150.32,152.3 1 0
cogni-cash/internal/adapter/repository/postgres/user_repository.go:153.2,153.12 1 0
cogni-cash/internal/adapter/repository/postgres/user_repository.go:156.74,159.16 3 0
cogni-cash/internal/adapter/repository/postgres/user_repository.go:159.16,161.3 1 0
cogni-cash/internal/adapter/repository/postgres/user_repository.go:162.2,162.32 1 0
cogni-cash/internal/adapter/repository/postgres/user_repository.go:162.32,164.3 1 0
cogni-cash/internal/adapter/repository/postgres/user_repository.go:165.2,165.12 1 0
