mode: set
cogni-cash/internal/domain/service/auth_service.go:33.246,43.2 1 0
cogni-cash/internal/domain/service/auth_service.go:45.45,47.2 1 0
cogni-cash/internal/domain/service/auth_service.go:50.106,51.19 1 0
cogni-cash/internal/domain/service/auth_service.go:51.19,53.3 1 0
cogni-cash/internal/domain/service/auth_service.go:55.2,56.16 2 0
cogni-cash/internal/domain/service/auth_service.go:56.16,59.3 2 0
cogni-cash/internal/domain/service/auth_service.go:61.2,61.99 1 0
cogni-cash/internal/domain/service/auth_service.go:61.99,64.3 2 0
cogni-cash/internal/domain/service/auth_service.go:67.2,73.16 3 0
cogni-cash/internal/domain/service/auth_service.go:73.16,76.3 2 0
cogni-cash/internal/domain/service/auth_service.go:79.2,80.16 2 0
cogni-cash/internal/domain/service/auth_service.go:80.16,83.3 2 0
cogni-cash/internal/domain/service/auth_service.go:85.2,89.8 2 0
cogni-cash/internal/domain/service/auth_service.go:92.97,95.16 3 0
cogni-cash/internal/domain/service/auth_service.go:95.16,97.3 1 0
cogni-cash/internal/domain/service/auth_service.go:99.2,99.50 1 0
cogni-cash/internal/domain/service/auth_service.go:99.50,101.3 1 0
cogni-cash/internal/domain/service/auth_service.go:104.2,110.16 3 0
cogni-cash/internal/domain/service/auth_service.go:110.16,112.3 1 0
cogni-cash/internal/domain/service/auth_service.go:114.2,119.8 2 0
cogni-cash/internal/domain/service/auth_service.go:122.73,125.16 3 0
cogni-cash/internal/domain/service/auth_service.go:125.16,127.3 1 0
cogni-cash/internal/domain/service/auth_service.go:129.2,129.50 1 0
cogni-cash/internal/domain/service/auth_service.go:132.120,134.54 2 0
cogni-cash/internal/domain/service/auth_service.go:134.54,136.3 1 0
cogni-cash/internal/domain/service/auth_service.go:137.2,149.61 4 0
cogni-cash/internal/domain/service/auth_service.go:149.61,151.3 1 0
cogni-cash/internal/domain/service/auth_service.go:153.2,153.25 1 0
cogni-cash/internal/domain/service/auth_service.go:157.73,158.83 1 0
cogni-cash/internal/domain/service/auth_service.go:158.83,159.58 1 0
cogni-cash/internal/domain/service/auth_service.go:159.58,161.4 1 0
cogni-cash/internal/domain/service/auth_service.go:162.3,162.26 1 0
cogni-cash/internal/domain/service/auth_service.go:165.2,165.32 1 0
cogni-cash/internal/domain/service/auth_service.go:165.32,167.3 1 0
cogni-cash/internal/domain/service/auth_service.go:169.2,170.9 2 0
cogni-cash/internal/domain/service/auth_service.go:170.9,172.3 1 0
cogni-cash/internal/domain/service/auth_service.go:174.2,175.16 2 0
cogni-cash/internal/domain/service/auth_service.go:175.16,177.3 1 0
cogni-cash/internal/domain/service/auth_service.go:179.2,180.17 2 0
cogni-cash/internal/domain/service/auth_service.go:183.116,185.16 2 0
cogni-cash/internal/domain/service/auth_service.go:185.16,187.3 1 0
cogni-cash/internal/domain/service/auth_service.go:190.2,191.16 2 0
cogni-cash/internal/domain/service/auth_service.go:191.16,193.3 1 0
cogni-cash/internal/domain/service/auth_service.go:196.2,196.102 1 0
cogni-cash/internal/domain/service/auth_service.go:196.102,199.3 2 0
cogni-cash/internal/domain/service/auth_service.go:202.2,203.16 2 0
cogni-cash/internal/domain/service/auth_service.go:203.16,206.3 2 0
cogni-cash/internal/domain/service/auth_service.go:209.2,209.76 1 0
cogni-cash/internal/domain/service/auth_service.go:209.76,211.3 1 0
cogni-cash/internal/domain/service/auth_service.go:214.2,217.12 3 0
cogni-cash/internal/domain/service/auth_service.go:224.98,225.43 1 0
cogni-cash/internal/domain/service/auth_service.go:225.43,228.3 2 0
cogni-cash/internal/domain/service/auth_service.go:232.2,233.16 2 0
cogni-cash/internal/domain/service/auth_service.go:233.16,234.97 1 0
cogni-cash/internal/domain/service/auth_service.go:234.97,237.4 2 0
cogni-cash/internal/domain/service/auth_service.go:239.3,240.21 2 0
cogni-cash/internal/domain/service/auth_service.go:240.21,242.4 1 0
cogni-cash/internal/domain/service/auth_service.go:243.3,243.94 1 0
cogni-cash/internal/domain/service/auth_service.go:243.94,245.4 1 0
cogni-cash/internal/domain/service/auth_service.go:246.3,247.13 2 0
cogni-cash/internal/domain/service/auth_service.go:251.2,252.16 2 0
cogni-cash/internal/domain/service/auth_service.go:252.16,254.3 1 0
cogni-cash/internal/domain/service/auth_service.go:256.2,266.49 2 0
cogni-cash/internal/domain/service/auth_service.go:266.49,268.3 1 0
cogni-cash/internal/domain/service/auth_service.go:270.2,271.12 2 0
cogni-cash/internal/domain/service/auth_service.go:275.85,278.16 2 0
cogni-cash/internal/domain/service/auth_service.go:278.16,281.3 2 0
cogni-cash/internal/domain/service/auth_service.go:283.2,284.26 2 0
cogni-cash/internal/domain/service/auth_service.go:284.26,285.23 1 0
cogni-cash/internal/domain/service/auth_service.go:285.23,287.9 2 0
cogni-cash/internal/domain/service/auth_service.go:291.2,291.23 1 0
cogni-cash/internal/domain/service/auth_service.go:291.23,294.3 2 0
cogni-cash/internal/domain/service/auth_service.go:297.2,298.54 2 0
cogni-cash/internal/domain/service/auth_service.go:298.54,300.3 1 0
cogni-cash/internal/domain/service/auth_service.go:301.2,316.60 5 0
cogni-cash/internal/domain/service/auth_service.go:316.60,319.3 2 0
cogni-cash/internal/domain/service/auth_service.go:322.2,326.18 4 0
cogni-cash/internal/domain/service/auth_service.go:326.18,328.3 1 0
cogni-cash/internal/domain/service/auth_service.go:329.2,330.43 2 0
cogni-cash/internal/domain/service/auth_service.go:330.43,332.3 1 0
cogni-cash/internal/domain/service/auth_service.go:334.2,334.93 1 0
cogni-cash/internal/domain/service/auth_service.go:334.93,337.3 1 0
cogni-cash/internal/domain/service/auth_service.go:339.2,340.12 2 0
cogni-cash/internal/domain/service/auth_service.go:343.91,346.16 3 0
cogni-cash/internal/domain/service/auth_service.go:346.16,347.50 1 0
cogni-cash/internal/domain/service/auth_service.go:347.50,349.4 1 0
cogni-cash/internal/domain/service/auth_service.go:350.3,350.20 1 0
cogni-cash/internal/domain/service/auth_service.go:353.2,353.19 1 0
cogni-cash/internal/domain/service/auth_service.go:353.19,356.3 2 0
cogni-cash/internal/domain/service/auth_service.go:358.2,358.18 1 0
cogni-cash/internal/domain/service/auth_service.go:361.105,364.16 3 0
cogni-cash/internal/domain/service/auth_service.go:364.16,366.3 1 0
cogni-cash/internal/domain/service/auth_service.go:368.2,368.19 1 0
cogni-cash/internal/domain/service/auth_service.go:368.19,371.3 2 0
cogni-cash/internal/domain/service/auth_service.go:374.2,375.16 2 0
cogni-cash/internal/domain/service/auth_service.go:375.16,377.3 1 0
cogni-cash/internal/domain/service/auth_service.go:380.2,380.78 1 0
cogni-cash/internal/domain/service/auth_service.go:380.78,382.3 1 0
cogni-cash/internal/domain/service/auth_service.go:385.2,391.12 4 0
cogni-cash/internal/domain/service/auth_service.go:394.54,398.2 3 0
cogni-cash/internal/domain/service/auth_service.go:403.54,405.2 1 0
cogni-cash/internal/domain/service/bank_service.go:27.235,36.2 1 0
cogni-cash/internal/domain/service/bank_service.go:38.148,40.2 1 0
cogni-cash/internal/domain/service/bank_service.go:42.209,46.16 4 0
cogni-cash/internal/domain/service/bank_service.go:46.16,48.3 1 0
cogni-cash/internal/domain/service/bank_service.go:51.2,52.20 2 0
cogni-cash/internal/domain/service/bank_service.go:52.20,54.3 1 0
cogni-cash/internal/domain/service/bank_service.go:55.2,58.59 3 0
cogni-cash/internal/domain/service/bank_service.go:58.59,60.3 1 0
cogni-cash/internal/domain/service/bank_service.go:62.2,63.18 2 0
cogni-cash/internal/domain/service/bank_service.go:66.120,69.16 3 0
cogni-cash/internal/domain/service/bank_service.go:69.16,71.3 1 0
cogni-cash/internal/domain/service/bank_service.go:72.2,72.17 1 0
cogni-cash/internal/domain/service/bank_service.go:72.17,74.3 1 0
cogni-cash/internal/domain/service/bank_service.go:76.2,76.27 1 0
cogni-cash/internal/domain/service/bank_service.go:76.27,78.3 1 0
cogni-cash/internal/domain/service/bank_service.go:80.2,81.16 2 0
cogni-cash/internal/domain/service/bank_service.go:81.16,83.3 1 0
cogni-cash/internal/domain/service/bank_service.go:86.2,87.16 2 0
cogni-cash/internal/domain/service/bank_service.go:87.16,89.3 1 0
cogni-cash/internal/domain/service/bank_service.go:92.2,92.32 1 0
cogni-cash/internal/domain/service/bank_service.go:92.32,94.85 2 0
cogni-cash/internal/domain/service/bank_service.go:94.85,96.4 1 0
cogni-cash/internal/domain/service/bank_service.go:97.3,97.28 1 0
cogni-cash/internal/domain/service/bank_service.go:101.2,103.35 2 0
cogni-cash/internal/domain/service/bank_service.go:103.35,105.17 2 0
cogni-cash/internal/domain/service/bank_service.go:105.17,107.4 1 0
cogni-cash/internal/domain/service/bank_service.go:108.3,109.27 2 0
cogni-cash/internal/domain/service/bank_service.go:109.27,111.4 1 0
cogni-cash/internal/domain/service/bank_service.go:112.3,112.70 1 0
cogni-cash/internal/domain/service/bank_service.go:112.70,114.4 1 0
cogni-cash/internal/domain/service/bank_service.go:117.2,118.68 2 0
cogni-cash/internal/domain/service/bank_service.go:121.110,123.16 2 0
cogni-cash/internal/domain/service/bank_service.go:123.16,125.3 1 0
cogni-cash/internal/domain/service/bank_service.go:127.2,127.23 1 0
cogni-cash/internal/domain/service/bank_service.go:127.23,129.17 2 0
cogni-cash/internal/domain/service/bank_service.go:129.17,131.4 1 0
cogni-cash/internal/domain/service/bank_service.go:134.2,134.19 1 0
cogni-cash/internal/domain/service/bank_service.go:137.99,140.2 2 0
cogni-cash/internal/domain/service/bank_service.go:142.101,145.16 3 0
cogni-cash/internal/domain/service/bank_service.go:145.16,147.3 1 0
cogni-cash/internal/domain/service/bank_service.go:148.2,148.16 1 0
cogni-cash/internal/domain/service/bank_service.go:148.16,150.3 1 0
cogni-cash/internal/domain/service/bank_service.go:152.2,154.26 3 0
cogni-cash/internal/domain/service/bank_service.go:154.26,155.62 1 0
cogni-cash/internal/domain/service/bank_service.go:155.62,157.4 1 0
cogni-cash/internal/domain/service/bank_service.go:159.2,162.16 3 0
cogni-cash/internal/domain/service/bank_service.go:162.16,166.3 3 0
cogni-cash/internal/domain/service/bank_service.go:168.2,168.22 1 0
cogni-cash/internal/domain/service/bank_service.go:168.22,173.3 4 0
cogni-cash/internal/domain/service/bank_service.go:175.2,175.65 1 0
cogni-cash/internal/domain/service/bank_service.go:175.65,179.3 3 0
cogni-cash/internal/domain/service/bank_service.go:181.2,182.83 2 0
cogni-cash/internal/domain/service/bank_service.go:185.84,188.16 3 0
cogni-cash/internal/domain/service/bank_service.go:188.16,190.3 1 0
cogni-cash/internal/domain/service/bank_service.go:192.2,194.26 3 0
cogni-cash/internal/domain/service/bank_service.go:194.26,195.62 1 0
cogni-cash/internal/domain/service/bank_service.go:195.62,197.4 1 0
cogni-cash/internal/domain/service/bank_service.go:199.2,201.29 2 0
cogni-cash/internal/domain/service/bank_service.go:201.29,202.41 1 0
cogni-cash/internal/domain/service/bank_service.go:202.41,203.12 1 0
cogni-cash/internal/domain/service/bank_service.go:206.3,207.17 2 0
cogni-cash/internal/domain/service/bank_service.go:207.17,208.12 1 0
cogni-cash/internal/domain/service/bank_service.go:211.3,211.28 1 0
cogni-cash/internal/domain/service/bank_service.go:211.28,213.18 2 0
cogni-cash/internal/domain/service/bank_service.go:213.18,217.13 4 0
cogni-cash/internal/domain/service/bank_service.go:219.4,222.24 2 0
cogni-cash/internal/domain/service/bank_service.go:222.24,227.5 4 0
cogni-cash/internal/domain/service/bank_service.go:229.4,229.67 1 0
cogni-cash/internal/domain/service/bank_service.go:229.67,233.13 4 0
cogni-cash/internal/domain/service/bank_service.go:236.4,236.101 1 0
cogni-cash/internal/domain/service/bank_service.go:236.101,238.5 1 0
cogni-cash/internal/domain/service/bank_service.go:241.2,241.12 1 0
cogni-cash/internal/domain/service/bank_service.go:244.137,247.2 2 0
cogni-cash/internal/domain/service/bank_statement_service.go:38.108,39.19 1 0
cogni-cash/internal/domain/service/bank_statement_service.go:39.19,41.3 1 0
cogni-cash/internal/domain/service/bank_statement_service.go:42.2,46.3 1 0
cogni-cash/internal/domain/service/bank_statement_service.go:49.120,52.2 2 0
cogni-cash/internal/domain/service/bank_statement_service.go:55.102,58.2 2 0
cogni-cash/internal/domain/service/bank_statement_service.go:60.92,63.2 2 0
cogni-cash/internal/domain/service/bank_statement_service.go:65.198,67.25 2 0
cogni-cash/internal/domain/service/bank_statement_service.go:67.25,69.3 1 0
cogni-cash/internal/domain/service/bank_statement_service.go:71.2,77.55 6 0
cogni-cash/internal/domain/service/bank_statement_service.go:77.55,79.3 1 0
cogni-cash/internal/domain/service/bank_statement_service.go:80.2,80.78 1 0
cogni-cash/internal/domain/service/bank_statement_service.go:80.78,82.3 1 0
cogni-cash/internal/domain/service/bank_statement_service.go:84.2,84.11 1 0
cogni-cash/internal/domain/service/bank_statement_service.go:84.11,85.24 1 0
cogni-cash/internal/domain/service/bank_statement_service.go:85.24,88.23 3 0
cogni-cash/internal/domain/service/bank_statement_service.go:88.23,89.42 1 0
cogni-cash/internal/domain/service/bank_statement_service.go:89.42,91.6 1 0
cogni-cash/internal/domain/service/bank_statement_service.go:91.11,94.6 2 0
cogni-cash/internal/domain/service/bank_statement_service.go:95.10,97.5 1 0
cogni-cash/internal/domain/service/bank_statement_service.go:98.9,100.4 1 0
cogni-cash/internal/domain/service/bank_statement_service.go:101.8,102.43 1 0
cogni-cash/internal/domain/service/bank_statement_service.go:102.43,104.38 2 0
cogni-cash/internal/domain/service/bank_statement_service.go:104.38,106.24 2 0
cogni-cash/internal/domain/service/bank_statement_service.go:106.24,107.43 1 0
cogni-cash/internal/domain/service/bank_statement_service.go:107.43,109.15 2 0
cogni-cash/internal/domain/service/bank_statement_service.go:111.6,112.11 2 0
cogni-cash/internal/domain/service/bank_statement_service.go:115.5,115.159 1 0
cogni-cash/internal/domain/service/bank_statement_service.go:115.159,116.14 1 0
cogni-cash/internal/domain/service/bank_statement_service.go:119.5,120.10 2 0
cogni-cash/internal/domain/service/bank_statement_service.go:123.4,123.27 1 0
cogni-cash/internal/domain/service/bank_statement_service.go:123.27,124.23 1 0
cogni-cash/internal/domain/service/bank_statement_service.go:124.23,126.6 1 0
cogni-cash/internal/domain/service/bank_statement_service.go:126.11,128.6 1 0
cogni-cash/internal/domain/service/bank_statement_service.go:130.9,132.4 1 0
cogni-cash/internal/domain/service/bank_statement_service.go:135.2,135.25 1 0
cogni-cash/internal/domain/service/bank_statement_service.go:135.25,137.3 1 0
cogni-cash/internal/domain/service/bank_statement_service.go:139.2,140.24 2 0
cogni-cash/internal/domain/service/bank_statement_service.go:140.24,142.3 1 0
cogni-cash/internal/domain/service/bank_statement_service.go:142.8,142.37 1 0
cogni-cash/internal/domain/service/bank_statement_service.go:142.37,144.3 1 0
cogni-cash/internal/domain/service/bank_statement_service.go:146.2,146.35 1 0
cogni-cash/internal/domain/service/bank_statement_service.go:146.35,149.3 2 0
cogni-cash/internal/domain/service/bank_statement_service.go:151.2,153.28 2 0
cogni-cash/internal/domain/service/bank_statement_service.go:153.28,157.3 3 0
cogni-cash/internal/domain/service/bank_statement_service.go:159.2,160.35 2 0
cogni-cash/internal/domain/service/bank_statement_service.go:160.35,161.45 1 0
cogni-cash/internal/domain/service/bank_statement_service.go:161.45,169.4 6 0
cogni-cash/internal/domain/service/bank_statement_service.go:172.2,172.49 1 0
cogni-cash/internal/domain/service/bank_statement_service.go:172.49,174.40 2 0
cogni-cash/internal/domain/service/bank_statement_service.go:174.40,175.48 1 0
cogni-cash/internal/domain/service/bank_statement_service.go:175.48,177.5 1 0
cogni-cash/internal/domain/service/bank_statement_service.go:178.4,178.47 1 0
cogni-cash/internal/domain/service/bank_statement_service.go:178.47,180.5 1 0
cogni-cash/internal/domain/service/bank_statement_service.go:183.3,190.42 3 0
cogni-cash/internal/domain/service/bank_statement_service.go:190.42,198.27 6 0
cogni-cash/internal/domain/service/bank_statement_service.go:198.27,200.5 1 0
cogni-cash/internal/domain/service/bank_statement_service.go:202.4,202.41 1 0
cogni-cash/internal/domain/service/bank_statement_service.go:202.41,204.20 2 0
cogni-cash/internal/domain/service/bank_statement_service.go:204.20,207.34 3 0
cogni-cash/internal/domain/service/bank_statement_service.go:207.34,209.7 1 0
cogni-cash/internal/domain/service/bank_statement_service.go:210.6,220.81 4 0
cogni-cash/internal/domain/service/bank_statement_service.go:221.11,223.6 1 0
cogni-cash/internal/domain/service/bank_statement_service.go:226.4,229.58 3 0
cogni-cash/internal/domain/service/bank_statement_service.go:229.58,232.5 2 0
cogni-cash/internal/domain/service/bank_statement_service.go:234.4,234.21 1 0
cogni-cash/internal/domain/service/bank_statement_service.go:234.21,235.50 1 0
cogni-cash/internal/domain/service/bank_statement_service.go:235.50,236.38 1 0
cogni-cash/internal/domain/service/bank_statement_service.go:236.38,239.7 2 0
cogni-cash/internal/domain/service/bank_statement_service.go:240.6,241.91 2 0
cogni-cash/internal/domain/service/bank_statement_service.go:245.5,245.36 1 0
cogni-cash/internal/domain/service/bank_statement_service.go:245.36,246.90 1 0
cogni-cash/internal/domain/service/bank_statement_service.go:246.90,248.7 1 0
cogni-cash/internal/domain/service/bank_statement_service.go:251.9,252.18 1 0
cogni-cash/internal/domain/service/bank_statement_service.go:252.18,254.5 1 0
cogni-cash/internal/domain/service/bank_statement_service.go:255.4,255.21 1 0
cogni-cash/internal/domain/service/bank_statement_service.go:255.21,256.50 1 0
cogni-cash/internal/domain/service/bank_statement_service.go:256.50,257.38 1 0
cogni-cash/internal/domain/service/bank_statement_service.go:257.38,260.7 2 0
cogni-cash/internal/domain/service/bank_statement_service.go:261.6,262.91 2 0
cogni-cash/internal/domain/service/bank_statement_service.go:266.8,267.20 1 0
cogni-cash/internal/domain/service/bank_statement_service.go:267.20,268.49 1 0
cogni-cash/internal/domain/service/bank_statement_service.go:268.49,269.37 1 0
cogni-cash/internal/domain/service/bank_statement_service.go:269.37,272.6 2 0
cogni-cash/internal/domain/service/bank_statement_service.go:273.5,274.90 2 0
cogni-cash/internal/domain/service/bank_statement_service.go:279.2,281.61 2 0
cogni-cash/internal/domain/service/bank_statement_service.go:281.61,282.94 1 0
cogni-cash/internal/domain/service/bank_statement_service.go:282.94,284.4 1 0
cogni-cash/internal/domain/service/bank_statement_service.go:287.2,287.18 1 0
cogni-cash/internal/domain/service/bank_statement_service.go:290.116,294.34 3 0
cogni-cash/internal/domain/service/bank_statement_service.go:294.34,297.39 3 0
cogni-cash/internal/domain/service/bank_statement_service.go:297.39,298.12 1 0
cogni-cash/internal/domain/service/bank_statement_service.go:301.3,301.46 1 0
cogni-cash/internal/domain/service/bank_statement_service.go:301.46,302.12 1 0
cogni-cash/internal/domain/service/bank_statement_service.go:305.3,308.61 3 0
cogni-cash/internal/domain/service/bank_statement_service.go:308.61,310.4 1 0
cogni-cash/internal/domain/service/bank_statement_service.go:312.2,312.11 1 0
cogni-cash/internal/domain/service/bank_statement_service.go:315.48,317.13 2 0
cogni-cash/internal/domain/service/bank_statement_service.go:317.13,319.3 1 0
cogni-cash/internal/domain/service/bank_statement_service.go:320.2,320.51 1 0
cogni-cash/internal/domain/service/bank_statement_service.go:323.73,324.124 1 0
cogni-cash/internal/domain/service/bank_statement_service.go:324.124,326.3 1 0
cogni-cash/internal/domain/service/bank_statement_service.go:328.2,328.132 1 0
cogni-cash/internal/domain/service/bank_statement_service.go:328.132,330.3 1 0
cogni-cash/internal/domain/service/bank_statement_service.go:333.2,333.112 1 0
cogni-cash/internal/domain/service/bank_statement_service.go:333.112,335.3 1 0
cogni-cash/internal/domain/service/bank_statement_service.go:336.2,336.113 1 0
cogni-cash/internal/domain/service/bank_statement_service.go:336.113,338.3 1 0
cogni-cash/internal/domain/service/bank_statement_service.go:340.2,340.14 1 0
cogni-cash/internal/domain/service/bank_statement_service.go:343.107,344.19 1 0
cogni-cash/internal/domain/service/bank_statement_service.go:344.19,346.3 1 0
cogni-cash/internal/domain/service/bank_statement_service.go:347.2,348.39 2 0
cogni-cash/internal/domain/service/bank_statement_service.go:351.122,352.19 1 0
cogni-cash/internal/domain/service/bank_statement_service.go:352.19,354.3 1 0
cogni-cash/internal/domain/service/bank_statement_service.go:356.2,357.16 2 0
cogni-cash/internal/domain/service/bank_statement_service.go:357.16,359.3 1 0
cogni-cash/internal/domain/service/bank_statement_service.go:361.2,364.26 3 0
cogni-cash/internal/domain/service/bank_statement_service.go:364.26,365.16 1 0
cogni-cash/internal/domain/service/bank_statement_service.go:365.16,366.12 1 0
cogni-cash/internal/domain/service/bank_statement_service.go:369.3,371.17 3 0
cogni-cash/internal/domain/service/bank_statement_service.go:371.17,373.12 2 0
cogni-cash/internal/domain/service/bank_statement_service.go:377.3,378.17 2 0
cogni-cash/internal/domain/service/bank_statement_service.go:378.17,379.78 1 0
cogni-cash/internal/domain/service/bank_statement_service.go:379.78,381.5 1 0
cogni-cash/internal/domain/service/bank_statement_service.go:382.4,382.12 1 0
cogni-cash/internal/domain/service/bank_statement_service.go:384.3,384.13 1 0
cogni-cash/internal/domain/service/bank_statement_service.go:387.2,387.23 1 0
cogni-cash/internal/domain/service/bridge_token_service.go:21.99,23.2 1 0
cogni-cash/internal/domain/service/bridge_token_service.go:25.142,27.16 2 0
cogni-cash/internal/domain/service/bridge_token_service.go:27.16,29.3 1 0
cogni-cash/internal/domain/service/bridge_token_service.go:31.2,43.46 5 0
cogni-cash/internal/domain/service/bridge_token_service.go:43.46,45.3 1 0
cogni-cash/internal/domain/service/bridge_token_service.go:47.2,50.8 1 0
cogni-cash/internal/domain/service/bridge_token_service.go:53.122,55.2 1 0
cogni-cash/internal/domain/service/bridge_token_service.go:57.107,59.2 1 0
cogni-cash/internal/domain/service/bridge_token_service.go:61.104,64.16 3 0
cogni-cash/internal/domain/service/bridge_token_service.go:64.16,66.3 1 0
cogni-cash/internal/domain/service/bridge_token_service.go:68.2,68.71 1 0
cogni-cash/internal/domain/service/bridge_token_service.go:68.71,71.3 1 0
cogni-cash/internal/domain/service/bridge_token_service.go:73.2,73.24 1 0
cogni-cash/internal/domain/service/bridge_token_service.go:76.54,78.40 2 0
cogni-cash/internal/domain/service/bridge_token_service.go:78.40,80.3 1 0
cogni-cash/internal/domain/service/bridge_token_service.go:81.2,81.35 1 0
cogni-cash/internal/domain/service/bridge_token_service.go:84.37,88.2 3 0
cogni-cash/internal/domain/service/category_service.go:20.129,26.2 1 0
cogni-cash/internal/domain/service/category_service.go:28.100,30.2 1 0
cogni-cash/internal/domain/service/category_service.go:32.113,34.2 1 0
cogni-cash/internal/domain/service/category_service.go:36.101,38.2 1 0
cogni-cash/internal/domain/service/category_service.go:40.101,42.2 1 0
cogni-cash/internal/domain/service/category_service.go:44.93,46.2 1 0
cogni-cash/internal/domain/service/category_service.go:48.132,49.29 1 0
cogni-cash/internal/domain/service/category_service.go:49.29,51.3 1 0
cogni-cash/internal/domain/service/category_service.go:54.2,55.16 2 0
cogni-cash/internal/domain/service/category_service.go:55.16,57.3 1 0
cogni-cash/internal/domain/service/category_service.go:58.2,58.27 1 0
cogni-cash/internal/domain/service/category_service.go:58.27,60.3 1 0
cogni-cash/internal/domain/service/category_service.go:62.2,62.88 1 0
cogni-cash/internal/domain/service/category_service.go:65.111,68.16 2 0
cogni-cash/internal/domain/service/category_service.go:68.16,70.3 1 0
cogni-cash/internal/domain/service/category_service.go:73.2,73.54 1 0
cogni-cash/internal/domain/service/category_service.go:73.54,75.3 1 0
cogni-cash/internal/domain/service/category_service.go:77.2,77.77 1 0
cogni-cash/internal/domain/service/category_service.go:80.111,83.16 2 0
cogni-cash/internal/domain/service/category_service.go:83.16,85.3 1 0
cogni-cash/internal/domain/service/category_service.go:87.2,87.59 1 0
cogni-cash/internal/domain/service/document_service.go:21.176,28.2 1 1
cogni-cash/internal/domain/service/document_service.go:30.114,37.16 4 1
cogni-cash/internal/domain/service/document_service.go:37.16,39.3 1 0
cogni-cash/internal/domain/service/document_service.go:40.2,40.12 1 1
cogni-cash/internal/domain/service/document_service.go:40.12,42.3 1 1
cogni-cash/internal/domain/service/document_service.go:44.2,48.16 4 1
cogni-cash/internal/domain/service/document_service.go:48.16,52.33 3 1
cogni-cash/internal/domain/service/document_service.go:52.33,55.4 2 1
cogni-cash/internal/domain/service/document_service.go:56.8,59.17 2 1
cogni-cash/internal/domain/service/document_service.go:59.17,62.23 2 1
cogni-cash/internal/domain/service/document_service.go:62.23,64.5 1 1
cogni-cash/internal/domain/service/document_service.go:69.2,81.30 2 1
cogni-cash/internal/domain/service/document_service.go:84.110,86.2 1 1
cogni-cash/internal/domain/service/document_service.go:88.105,90.2 1 1
cogni-cash/internal/domain/service/document_service.go:92.136,94.16 2 1
cogni-cash/internal/domain/service/document_service.go:94.16,96.3 1 0
cogni-cash/internal/domain/service/document_service.go:98.2,98.33 1 1
cogni-cash/internal/domain/service/document_service.go:98.33,100.3 1 1
cogni-cash/internal/domain/service/document_service.go:101.2,101.21 1 1
cogni-cash/internal/domain/service/document_service.go:101.21,103.3 1 1
cogni-cash/internal/domain/service/document_service.go:104.2,104.29 1 1
cogni-cash/internal/domain/service/document_service.go:104.29,105.26 1 1
cogni-cash/internal/domain/service/document_service.go:105.26,107.4 1 1
cogni-cash/internal/domain/service/document_service.go:108.3,109.58 2 1
cogni-cash/internal/domain/service/document_service.go:111.2,111.25 1 1
cogni-cash/internal/domain/service/document_service.go:111.25,112.26 1 1
cogni-cash/internal/domain/service/document_service.go:112.26,114.4 1 0
cogni-cash/internal/domain/service/document_service.go:115.3,115.34 1 1
cogni-cash/internal/domain/service/document_service.go:115.34,117.4 1 1
cogni-cash/internal/domain/service/document_service.go:120.2,120.32 1 1
cogni-cash/internal/domain/service/document_service.go:123.83,125.2 1 1
cogni-cash/internal/domain/service/document_service.go:127.141,129.16 2 1
cogni-cash/internal/domain/service/document_service.go:129.16,131.3 1 1
cogni-cash/internal/domain/service/document_service.go:132.2,132.73 1 1
cogni-cash/internal/domain/service/document_service.go:135.125,138.16 2 1
cogni-cash/internal/domain/service/document_service.go:138.16,140.3 1 0
cogni-cash/internal/domain/service/document_service.go:142.2,147.27 2 1
cogni-cash/internal/domain/service/document_service.go:147.27,150.50 2 1
cogni-cash/internal/domain/service/document_service.go:150.50,152.4 1 1
cogni-cash/internal/domain/service/document_service.go:152.9,152.53 1 1
cogni-cash/internal/domain/service/document_service.go:152.53,154.4 1 1
cogni-cash/internal/domain/service/document_service.go:156.3,156.22 1 1
cogni-cash/internal/domain/service/document_service.go:156.22,157.12 1 1
cogni-cash/internal/domain/service/document_service.go:161.3,164.19 2 1
cogni-cash/internal/domain/service/document_service.go:165.37,167.59 1 1
cogni-cash/internal/domain/service/document_service.go:167.59,169.5 1 1
cogni-cash/internal/domain/service/document_service.go:170.4,170.57 1 1
cogni-cash/internal/domain/service/document_service.go:170.57,172.5 1 1
cogni-cash/internal/domain/service/document_service.go:173.4,173.57 1 1
cogni-cash/internal/domain/service/document_service.go:173.57,175.5 1 1
cogni-cash/internal/domain/service/document_service.go:177.30,180.20 2 1
cogni-cash/internal/domain/service/document_service.go:180.20,181.54 1 1
cogni-cash/internal/domain/service/document_service.go:181.54,183.6 1 1
cogni-cash/internal/domain/service/document_service.go:189.2,190.16 2 1
cogni-cash/internal/domain/service/document_service.go:190.16,191.30 1 1
cogni-cash/internal/domain/service/document_service.go:191.30,196.4 3 1
cogni-cash/internal/domain/service/document_service.go:200.2,201.16 2 1
cogni-cash/internal/domain/service/document_service.go:201.16,202.32 1 1
cogni-cash/internal/domain/service/document_service.go:202.32,204.4 1 1
cogni-cash/internal/domain/service/document_service.go:207.2,207.21 1 1
cogni-cash/internal/domain/service/forecasting_service.go:32.286,33.19 1 0
cogni-cash/internal/domain/service/forecasting_service.go:33.19,35.3 1 0
cogni-cash/internal/domain/service/forecasting_service.go:36.2,44.3 1 0
cogni-cash/internal/domain/service/forecasting_service.go:53.137,54.26 1 0
cogni-cash/internal/domain/service/forecasting_service.go:54.26,56.3 1 0
cogni-cash/internal/domain/service/forecasting_service.go:59.2,60.16 2 0
cogni-cash/internal/domain/service/forecasting_service.go:60.16,63.3 2 0
cogni-cash/internal/domain/service/forecasting_service.go:66.2,67.30 2 0
cogni-cash/internal/domain/service/forecasting_service.go:67.30,70.3 2 0
cogni-cash/internal/domain/service/forecasting_service.go:72.2,73.29 2 0
cogni-cash/internal/domain/service/forecasting_service.go:73.29,75.21 1 0
cogni-cash/internal/domain/service/forecasting_service.go:75.21,77.12 2 0
cogni-cash/internal/domain/service/forecasting_service.go:80.3,82.10 3 0
cogni-cash/internal/domain/service/forecasting_service.go:82.10,84.12 2 0
cogni-cash/internal/domain/service/forecasting_service.go:90.3,90.48 1 0
cogni-cash/internal/domain/service/forecasting_service.go:90.48,92.12 2 0
cogni-cash/internal/domain/service/forecasting_service.go:96.3,96.27 1 0
cogni-cash/internal/domain/service/forecasting_service.go:96.27,100.12 3 0
cogni-cash/internal/domain/service/forecasting_service.go:105.3,108.32 3 0
cogni-cash/internal/domain/service/forecasting_service.go:108.32,119.4 8 0
cogni-cash/internal/domain/service/forecasting_service.go:122.3,125.48 4 0
cogni-cash/internal/domain/service/forecasting_service.go:128.2,128.19 1 0
cogni-cash/internal/domain/service/forecasting_service.go:131.150,135.27 3 0
cogni-cash/internal/domain/service/forecasting_service.go:135.27,137.17 2 0
cogni-cash/internal/domain/service/forecasting_service.go:137.17,139.4 1 0
cogni-cash/internal/domain/service/forecasting_service.go:139.9,141.4 1 0
cogni-cash/internal/domain/service/forecasting_service.go:143.3,144.17 2 0
cogni-cash/internal/domain/service/forecasting_service.go:144.17,146.4 1 0
cogni-cash/internal/domain/service/forecasting_service.go:146.9,148.4 1 0
cogni-cash/internal/domain/service/forecasting_service.go:150.2,151.32 2 0
cogni-cash/internal/domain/service/forecasting_service.go:151.32,153.3 1 0
cogni-cash/internal/domain/service/forecasting_service.go:155.2,156.39 2 0
cogni-cash/internal/domain/service/forecasting_service.go:156.39,158.3 1 0
cogni-cash/internal/domain/service/forecasting_service.go:161.2,166.16 3 0
cogni-cash/internal/domain/service/forecasting_service.go:166.16,168.3 1 0
cogni-cash/internal/domain/service/forecasting_service.go:171.2,172.16 2 0
cogni-cash/internal/domain/service/forecasting_service.go:172.16,174.3 1 0
cogni-cash/internal/domain/service/forecasting_service.go:175.2,176.28 2 0
cogni-cash/internal/domain/service/forecasting_service.go:176.28,177.27 1 0
cogni-cash/internal/domain/service/forecasting_service.go:177.27,179.4 1 0
cogni-cash/internal/domain/service/forecasting_service.go:183.2,195.21 7 0
cogni-cash/internal/domain/service/forecasting_service.go:195.21,197.17 2 0
cogni-cash/internal/domain/service/forecasting_service.go:197.17,199.4 1 0
cogni-cash/internal/domain/service/forecasting_service.go:199.9,200.43 1 0
cogni-cash/internal/domain/service/forecasting_service.go:200.43,203.60 1 0
cogni-cash/internal/domain/service/forecasting_service.go:203.60,204.14 1 0
cogni-cash/internal/domain/service/forecasting_service.go:208.5,209.38 2 0
cogni-cash/internal/domain/service/forecasting_service.go:209.38,211.79 1 0
cogni-cash/internal/domain/service/forecasting_service.go:211.79,212.15 1 0
cogni-cash/internal/domain/service/forecasting_service.go:215.6,215.94 1 0
cogni-cash/internal/domain/service/forecasting_service.go:215.94,220.32 3 0
cogni-cash/internal/domain/service/forecasting_service.go:220.32,224.118 2 0
cogni-cash/internal/domain/service/forecasting_service.go:224.118,226.14 2 0
cogni-cash/internal/domain/service/forecasting_service.go:233.5,234.9 2 0
cogni-cash/internal/domain/service/forecasting_service.go:234.9,235.61 1 0
cogni-cash/internal/domain/service/forecasting_service.go:235.61,240.23 4 0
cogni-cash/internal/domain/service/forecasting_service.go:240.23,242.8 1 0
cogni-cash/internal/domain/service/forecasting_service.go:244.7,257.9 1 0
cogni-cash/internal/domain/service/forecasting_service.go:260.6,260.32 1 0
cogni-cash/internal/domain/service/forecasting_service.go:260.32,261.12 1 0
cogni-cash/internal/domain/service/forecasting_service.go:263.6,264.84 2 0
cogni-cash/internal/domain/service/forecasting_service.go:264.84,265.12 1 0
cogni-cash/internal/domain/service/forecasting_service.go:273.2,273.46 1 0
cogni-cash/internal/domain/service/forecasting_service.go:273.46,275.3 1 0
cogni-cash/internal/domain/service/forecasting_service.go:278.2,278.29 1 0
cogni-cash/internal/domain/service/forecasting_service.go:278.29,279.37 1 0
cogni-cash/internal/domain/service/forecasting_service.go:279.37,281.4 1 0
cogni-cash/internal/domain/service/forecasting_service.go:285.2,286.16 2 0
cogni-cash/internal/domain/service/forecasting_service.go:286.16,288.3 1 0
cogni-cash/internal/domain/service/forecasting_service.go:289.2,290.31 2 0
cogni-cash/internal/domain/service/forecasting_service.go:290.31,292.3 1 0
cogni-cash/internal/domain/service/forecasting_service.go:295.2,301.8 2 0
cogni-cash/internal/domain/service/forecasting_service.go:304.113,305.27 1 0
cogni-cash/internal/domain/service/forecasting_service.go:305.27,307.3 1 0
cogni-cash/internal/domain/service/forecasting_service.go:308.2,312.4 1 0
cogni-cash/internal/domain/service/forecasting_service.go:315.113,316.27 1 0
cogni-cash/internal/domain/service/forecasting_service.go:316.27,318.3 1 0
cogni-cash/internal/domain/service/forecasting_service.go:319.2,319.64 1 0
cogni-cash/internal/domain/service/forecasting_service.go:322.108,323.27 1 0
cogni-cash/internal/domain/service/forecasting_service.go:323.27,325.3 1 0
cogni-cash/internal/domain/service/forecasting_service.go:326.2,330.4 1 0
cogni-cash/internal/domain/service/forecasting_service.go:333.108,334.27 1 0
cogni-cash/internal/domain/service/forecasting_service.go:334.27,336.3 1 0
cogni-cash/internal/domain/service/forecasting_service.go:337.2,337.70 1 0
cogni-cash/internal/domain/service/forecasting_service.go:340.126,341.27 1 0
cogni-cash/internal/domain/service/forecasting_service.go:341.27,343.3 1 0
cogni-cash/internal/domain/service/forecasting_service.go:344.2,344.58 1 0
cogni-cash/internal/domain/service/forecasting_service.go:347.169,350.29 2 0
cogni-cash/internal/domain/service/forecasting_service.go:350.29,351.25 1 0
cogni-cash/internal/domain/service/forecasting_service.go:351.25,352.12 1 0
cogni-cash/internal/domain/service/forecasting_service.go:355.3,358.30 2 0
cogni-cash/internal/domain/service/forecasting_service.go:358.30,359.12 1 0
cogni-cash/internal/domain/service/forecasting_service.go:363.3,363.27 1 0
cogni-cash/internal/domain/service/forecasting_service.go:363.27,364.44 1 0
cogni-cash/internal/domain/service/forecasting_service.go:364.44,365.13 1 0
cogni-cash/internal/domain/service/forecasting_service.go:369.3,369.42 1 0
cogni-cash/internal/domain/service/forecasting_service.go:372.2,373.31 2 0
cogni-cash/internal/domain/service/forecasting_service.go:373.31,375.21 1 0
cogni-cash/internal/domain/service/forecasting_service.go:375.21,376.12 1 0
cogni-cash/internal/domain/service/forecasting_service.go:379.3,379.41 1 0
cogni-cash/internal/domain/service/forecasting_service.go:379.41,381.4 1 0
cogni-cash/internal/domain/service/forecasting_service.go:383.3,385.35 3 0
cogni-cash/internal/domain/service/forecasting_service.go:385.35,386.26 1 0
cogni-cash/internal/domain/service/forecasting_service.go:386.26,388.13 2 0
cogni-cash/internal/domain/service/forecasting_service.go:391.4,398.79 5 0
cogni-cash/internal/domain/service/forecasting_service.go:398.79,402.30 3 0
cogni-cash/internal/domain/service/forecasting_service.go:402.30,405.14 3 0
cogni-cash/internal/domain/service/forecasting_service.go:410.4,411.36 2 0
cogni-cash/internal/domain/service/forecasting_service.go:411.36,413.5 1 0
cogni-cash/internal/domain/service/forecasting_service.go:415.4,415.36 1 0
cogni-cash/internal/domain/service/forecasting_service.go:415.36,416.10 1 0
cogni-cash/internal/domain/service/forecasting_service.go:418.4,419.24 2 0
cogni-cash/internal/domain/service/forecasting_service.go:422.3,423.35 2 0
cogni-cash/internal/domain/service/forecasting_service.go:423.35,425.4 1 0
cogni-cash/internal/domain/service/forecasting_service.go:427.3,427.59 1 0
cogni-cash/internal/domain/service/forecasting_service.go:427.59,432.4 1 0
cogni-cash/internal/domain/service/forecasting_service.go:435.2,435.18 1 0
cogni-cash/internal/domain/service/forecasting_service.go:438.56,439.25 1 0
cogni-cash/internal/domain/service/forecasting_service.go:439.25,440.27 1 0
cogni-cash/internal/domain/service/forecasting_service.go:440.27,442.4 1 0
cogni-cash/internal/domain/service/forecasting_service.go:444.2,444.14 1 0
cogni-cash/internal/domain/service/forecasting_service.go:447.44,448.30 1 0
cogni-cash/internal/domain/service/forecasting_service.go:448.30,450.3 1 0
cogni-cash/internal/domain/service/forecasting_service.go:451.2,451.31 1 0
cogni-cash/internal/domain/service/forecasting_service.go:451.31,453.3 1 0
cogni-cash/internal/domain/service/forecasting_service.go:454.2,454.32 1 0
cogni-cash/internal/domain/service/forecasting_service.go:454.32,456.3 1 0
cogni-cash/internal/domain/service/forecasting_service.go:457.2,457.32 1 0
cogni-cash/internal/domain/service/forecasting_service.go:457.32,459.3 1 0
cogni-cash/internal/domain/service/forecasting_service.go:460.2,460.10 1 0
cogni-cash/internal/domain/service/forecasting_service.go:463.150,471.16 3 0
cogni-cash/internal/domain/service/forecasting_service.go:471.16,473.3 1 0
cogni-cash/internal/domain/service/forecasting_service.go:475.2,479.29 3 0
cogni-cash/internal/domain/service/forecasting_service.go:479.29,480.62 1 0
cogni-cash/internal/domain/service/forecasting_service.go:480.62,481.12 1 0
cogni-cash/internal/domain/service/forecasting_service.go:483.3,484.39 2 0
cogni-cash/internal/domain/service/forecasting_service.go:487.2,487.29 1 0
cogni-cash/internal/domain/service/forecasting_service.go:487.29,489.3 1 0
cogni-cash/internal/domain/service/forecasting_service.go:491.2,492.36 2 0
cogni-cash/internal/domain/service/forecasting_service.go:492.36,494.3 1 0
cogni-cash/internal/domain/service/forecasting_service.go:495.2,495.47 1 0
cogni-cash/internal/domain/service/forecasting_service.go:498.72,499.23 1 0
cogni-cash/internal/domain/service/forecasting_service.go:499.23,501.3 1 0
cogni-cash/internal/domain/service/forecasting_service.go:504.2,504.23 1 0
cogni-cash/internal/domain/service/forecasting_service.go:504.23,508.28 4 0
cogni-cash/internal/domain/service/forecasting_service.go:508.28,509.19 1 0
cogni-cash/internal/domain/service/forecasting_service.go:509.19,511.5 1 0
cogni-cash/internal/domain/service/forecasting_service.go:511.10,511.26 1 0
cogni-cash/internal/domain/service/forecasting_service.go:511.26,513.5 1 0
cogni-cash/internal/domain/service/forecasting_service.go:518.2,518.30 1 0
cogni-cash/internal/domain/service/forecasting_service.go:521.192,523.23 2 0
cogni-cash/internal/domain/service/forecasting_service.go:523.23,525.3 1 0
cogni-cash/internal/domain/service/forecasting_service.go:528.2,530.31 3 0
cogni-cash/internal/domain/service/forecasting_service.go:530.31,532.3 1 0
cogni-cash/internal/domain/service/forecasting_service.go:536.2,537.29 2 0
cogni-cash/internal/domain/service/forecasting_service.go:537.29,538.27 1 0
cogni-cash/internal/domain/service/forecasting_service.go:538.27,539.12 1 0
cogni-cash/internal/domain/service/forecasting_service.go:541.3,541.44 1 0
cogni-cash/internal/domain/service/forecasting_service.go:541.44,542.12 1 0
cogni-cash/internal/domain/service/forecasting_service.go:545.3,547.62 3 0
cogni-cash/internal/domain/service/forecasting_service.go:547.62,548.12 1 0
cogni-cash/internal/domain/service/forecasting_service.go:551.3,552.44 2 0
cogni-cash/internal/domain/service/forecasting_service.go:552.44,554.4 1 0
cogni-cash/internal/domain/service/forecasting_service.go:555.3,555.49 1 0
cogni-cash/internal/domain/service/forecasting_service.go:558.2,559.46 2 0
cogni-cash/internal/domain/service/forecasting_service.go:559.46,561.30 2 0
cogni-cash/internal/domain/service/forecasting_service.go:561.30,563.4 1 0
cogni-cash/internal/domain/service/forecasting_service.go:564.3,564.22 1 0
cogni-cash/internal/domain/service/forecasting_service.go:564.22,566.4 1 0
cogni-cash/internal/domain/service/forecasting_service.go:570.2,571.22 2 0
cogni-cash/internal/domain/service/forecasting_service.go:571.22,576.35 3 0
cogni-cash/internal/domain/service/forecasting_service.go:576.35,578.16 2 0
cogni-cash/internal/domain/service/forecasting_service.go:578.16,579.13 1 0
cogni-cash/internal/domain/service/forecasting_service.go:582.4,585.64 2 0
cogni-cash/internal/domain/service/forecasting_service.go:585.64,593.50 3 0
cogni-cash/internal/domain/service/forecasting_service.go:593.50,595.6 1 0
cogni-cash/internal/domain/service/forecasting_service.go:596.5,599.77 2 0
cogni-cash/internal/domain/service/forecasting_service.go:599.77,601.6 1 0
cogni-cash/internal/domain/service/forecasting_service.go:604.4,604.28 1 0
cogni-cash/internal/domain/service/forecasting_service.go:604.28,605.13 1 0
cogni-cash/internal/domain/service/forecasting_service.go:609.4,610.28 2 0
cogni-cash/internal/domain/service/forecasting_service.go:610.28,612.5 1 0
cogni-cash/internal/domain/service/forecasting_service.go:613.4,613.31 1 0
cogni-cash/internal/domain/service/forecasting_service.go:613.31,615.5 1 0
cogni-cash/internal/domain/service/forecasting_service.go:617.4,632.6 3 0
cogni-cash/internal/domain/service/forecasting_service.go:635.3,635.39 1 0
cogni-cash/internal/domain/service/forecasting_service.go:638.2,638.20 1 0
cogni-cash/internal/domain/service/forecasting_service.go:641.55,642.14 1 0
cogni-cash/internal/domain/service/forecasting_service.go:642.14,644.3 1 0
cogni-cash/internal/domain/service/forecasting_service.go:645.2,645.36 1 0
cogni-cash/internal/domain/service/forecasting_service.go:648.142,651.31 2 0
cogni-cash/internal/domain/service/forecasting_service.go:651.31,652.23 1 0
cogni-cash/internal/domain/service/forecasting_service.go:652.23,653.12 1 0
cogni-cash/internal/domain/service/forecasting_service.go:655.3,657.7 3 0
cogni-cash/internal/domain/service/forecasting_service.go:657.7,659.25 2 0
cogni-cash/internal/domain/service/forecasting_service.go:659.25,660.10 1 0
cogni-cash/internal/domain/service/forecasting_service.go:663.4,663.50 1 0
cogni-cash/internal/domain/service/forecasting_service.go:663.50,679.5 9 0
cogni-cash/internal/domain/service/forecasting_service.go:683.2,683.20 1 0
cogni-cash/internal/domain/service/forecasting_service.go:691.47,699.17 5 0
cogni-cash/internal/domain/service/forecasting_service.go:699.17,701.3 1 0
cogni-cash/internal/domain/service/forecasting_service.go:702.2,702.10 1 0
cogni-cash/internal/domain/service/forecasting_service.go:705.154,710.32 4 0
cogni-cash/internal/domain/service/forecasting_service.go:710.32,713.3 2 0
cogni-cash/internal/domain/service/forecasting_service.go:715.2,716.22 2 0
cogni-cash/internal/domain/service/forecasting_service.go:716.22,722.36 5 0
cogni-cash/internal/domain/service/forecasting_service.go:722.36,723.28 1 0
cogni-cash/internal/domain/service/forecasting_service.go:723.28,725.27 1 0
cogni-cash/internal/domain/service/forecasting_service.go:725.27,726.14 1 0
cogni-cash/internal/domain/service/forecasting_service.go:729.5,729.22 1 0
cogni-cash/internal/domain/service/forecasting_service.go:729.22,731.6 1 0
cogni-cash/internal/domain/service/forecasting_service.go:731.11,733.6 1 0
cogni-cash/internal/domain/service/forecasting_service.go:734.5,735.29 2 0
cogni-cash/internal/domain/service/forecasting_service.go:735.29,737.6 1 0
cogni-cash/internal/domain/service/forecasting_service.go:741.3,749.31 2 0
cogni-cash/internal/domain/service/forecasting_service.go:752.2,752.15 1 0
cogni-cash/internal/domain/service/invoice_service.go:65.19,66.19 1 0
cogni-cash/internal/domain/service/invoice_service.go:66.19,68.3 1 0
cogni-cash/internal/domain/service/invoice_service.go:69.2,78.3 1 0
cogni-cash/internal/domain/service/invoice_service.go:83.129,84.29 1 0
cogni-cash/internal/domain/service/invoice_service.go:84.29,86.3 1 0
cogni-cash/internal/domain/service/invoice_service.go:89.2,90.16 2 0
cogni-cash/internal/domain/service/invoice_service.go:90.16,92.3 1 0
cogni-cash/internal/domain/service/invoice_service.go:93.2,93.27 1 0
cogni-cash/internal/domain/service/invoice_service.go:93.27,95.3 1 0
cogni-cash/internal/domain/service/invoice_service.go:97.2,97.102 1 0
cogni-cash/internal/domain/service/invoice_service.go:97.102,99.3 1 0
cogni-cash/internal/domain/service/invoice_service.go:102.2,102.51 1 0
cogni-cash/internal/domain/service/invoice_service.go:102.51,104.17 2 0
cogni-cash/internal/domain/service/invoice_service.go:104.17,109.4 2 0
cogni-cash/internal/domain/service/invoice_service.go:112.2,112.12 1 0
cogni-cash/internal/domain/service/invoice_service.go:115.116,117.16 2 0
cogni-cash/internal/domain/service/invoice_service.go:117.16,119.3 1 0
cogni-cash/internal/domain/service/invoice_service.go:122.2,122.54 1 0
cogni-cash/internal/domain/service/invoice_service.go:122.54,124.3 1 0
cogni-cash/internal/domain/service/invoice_service.go:126.2,126.83 1 0
cogni-cash/internal/domain/service/invoice_service.go:129.116,131.16 2 0
cogni-cash/internal/domain/service/invoice_service.go:131.16,133.3 1 0
cogni-cash/internal/domain/service/invoice_service.go:135.2,135.65 1 0
cogni-cash/internal/domain/service/invoice_service.go:153.27,160.16 5 0
cogni-cash/internal/domain/service/invoice_service.go:160.16,162.3 1 0
cogni-cash/internal/domain/service/invoice_service.go:163.2,163.12 1 0
cogni-cash/internal/domain/service/invoice_service.go:163.12,165.3 1 0
cogni-cash/internal/domain/service/invoice_service.go:167.2,171.30 3 0
cogni-cash/internal/domain/service/invoice_service.go:171.30,177.17 3 0
cogni-cash/internal/domain/service/invoice_service.go:177.17,179.4 1 0
cogni-cash/internal/domain/service/invoice_service.go:180.3,181.32 2 0
cogni-cash/internal/domain/service/invoice_service.go:181.32,183.4 1 0
cogni-cash/internal/domain/service/invoice_service.go:185.3,186.17 2 0
cogni-cash/internal/domain/service/invoice_service.go:186.17,189.4 2 0
cogni-cash/internal/domain/service/invoice_service.go:191.3,203.4 3 0
cogni-cash/internal/domain/service/invoice_service.go:204.8,207.34 2 0
cogni-cash/internal/domain/service/invoice_service.go:207.34,211.4 2 0
cogni-cash/internal/domain/service/invoice_service.go:214.3,215.17 2 0
cogni-cash/internal/domain/service/invoice_service.go:215.17,217.4 1 0
cogni-cash/internal/domain/service/invoice_service.go:221.2,221.23 1 0
cogni-cash/internal/domain/service/invoice_service.go:221.23,223.3 1 0
cogni-cash/internal/domain/service/invoice_service.go:226.2,232.57 5 0
cogni-cash/internal/domain/service/invoice_service.go:232.57,234.3 1 0
cogni-cash/internal/domain/service/invoice_service.go:236.2,237.21 2 0
cogni-cash/internal/domain/service/invoice_service.go:244.124,245.19 1 0
cogni-cash/internal/domain/service/invoice_service.go:245.19,247.3 1 0
cogni-cash/internal/domain/service/invoice_service.go:248.2,249.16 2 0
cogni-cash/internal/domain/service/invoice_service.go:249.16,251.3 1 0
cogni-cash/internal/domain/service/invoice_service.go:252.2,253.57 2 0
cogni-cash/internal/domain/service/invoice_service.go:253.57,255.3 1 0
cogni-cash/internal/domain/service/invoice_service.go:256.2,257.21 2 0
cogni-cash/internal/domain/service/invoice_service.go:263.109,265.2 1 0
cogni-cash/internal/domain/service/invoice_service.go:268.111,270.16 2 0
cogni-cash/internal/domain/service/invoice_service.go:270.16,272.3 1 0
cogni-cash/internal/domain/service/invoice_service.go:273.2,273.17 1 0
cogni-cash/internal/domain/service/invoice_service.go:277.102,279.59 2 0
cogni-cash/internal/domain/service/invoice_service.go:279.59,281.3 1 0
cogni-cash/internal/domain/service/invoice_service.go:282.2,282.64 1 0
cogni-cash/internal/domain/service/invoice_service.go:286.92,289.2 2 0
cogni-cash/internal/domain/service/invoice_service.go:292.127,294.2 1 0
cogni-cash/internal/domain/service/invoice_service.go:299.116,301.16 2 0
cogni-cash/internal/domain/service/invoice_service.go:301.16,306.3 2 0
cogni-cash/internal/domain/service/invoice_service.go:308.2,309.31 2 0
cogni-cash/internal/domain/service/invoice_service.go:309.31,311.3 1 0
cogni-cash/internal/domain/service/invoice_service.go:313.2,318.16 3 0
cogni-cash/internal/domain/service/invoice_service.go:318.16,321.3 2 0
cogni-cash/internal/domain/service/invoice_service.go:323.2,335.8 3 0
cogni-cash/internal/domain/service/invoice_service.go:340.101,341.31 1 0
cogni-cash/internal/domain/service/invoice_service.go:341.31,342.21 1 0
cogni-cash/internal/domain/service/invoice_service.go:342.21,344.4 1 0
cogni-cash/internal/domain/service/invoice_service.go:346.2,346.63 1 0
cogni-cash/internal/domain/service/job_manager.go:26.34,33.2 1 0
cogni-cash/internal/domain/service/job_manager.go:35.73,39.24 3 0
cogni-cash/internal/domain/service/job_manager.go:39.24,41.3 1 0
cogni-cash/internal/domain/service/job_manager.go:43.2,50.12 7 0
cogni-cash/internal/domain/service/job_manager.go:53.84,59.2 4 0
cogni-cash/internal/domain/service/job_manager.go:61.45,68.2 5 0
cogni-cash/internal/domain/service/job_manager.go:70.32,74.26 3 0
cogni-cash/internal/domain/service/job_manager.go:74.26,77.3 2 0
cogni-cash/internal/domain/service/job_manager.go:80.48,94.2 5 0
cogni-cash/internal/domain/service/notification_service.go:19.135,25.2 1 0
cogni-cash/internal/domain/service/notification_service.go:27.73,29.16 2 0
cogni-cash/internal/domain/service/notification_service.go:29.16,32.3 2 0
cogni-cash/internal/domain/service/notification_service.go:33.2,33.17 1 0
cogni-cash/internal/domain/service/notification_service.go:36.93,37.22 1 0
cogni-cash/internal/domain/service/notification_service.go:37.22,40.3 2 0
cogni-cash/internal/domain/service/notification_service.go:42.2,46.86 4 0
cogni-cash/internal/domain/service/notification_service.go:46.86,49.3 2 0
cogni-cash/internal/domain/service/notification_service.go:51.2,51.12 1 0
cogni-cash/internal/domain/service/notification_service.go:54.116,55.22 1 0
cogni-cash/internal/domain/service/notification_service.go:55.22,58.3 2 0
cogni-cash/internal/domain/service/notification_service.go:60.2,64.86 4 0
cogni-cash/internal/domain/service/notification_service.go:64.86,67.3 2 0
cogni-cash/internal/domain/service/notification_service.go:69.2,69.12 1 0
cogni-cash/internal/domain/service/notification_service.go:72.101,76.77 3 0
cogni-cash/internal/domain/service/notification_service.go:76.77,79.3 2 0
cogni-cash/internal/domain/service/notification_service.go:81.2,81.12 1 0
cogni-cash/internal/domain/service/payslip_service.go:34.19,41.2 1 0
cogni-cash/internal/domain/service/payslip_service.go:43.181,49.16 5 0
cogni-cash/internal/domain/service/payslip_service.go:49.16,51.3 1 0
cogni-cash/internal/domain/service/payslip_service.go:52.2,52.12 1 0
cogni-cash/internal/domain/service/payslip_service.go:52.12,54.3 1 0
cogni-cash/internal/domain/service/payslip_service.go:56.2,59.11 3 0
cogni-cash/internal/domain/service/payslip_service.go:59.11,62.22 3 0
cogni-cash/internal/domain/service/payslip_service.go:62.22,64.4 1 0
cogni-cash/internal/domain/service/payslip_service.go:65.8,68.78 2 0
cogni-cash/internal/domain/service/payslip_service.go:68.78,72.18 2 0
cogni-cash/internal/domain/service/payslip_service.go:72.18,76.21 3 0
cogni-cash/internal/domain/service/payslip_service.go:76.21,78.6 1 0
cogni-cash/internal/domain/service/payslip_service.go:79.5,79.24 1 0
cogni-cash/internal/domain/service/payslip_service.go:80.10,82.5 1 0
cogni-cash/internal/domain/service/payslip_service.go:86.2,86.22 1 0
cogni-cash/internal/domain/service/payslip_service.go:86.22,87.36 1 0
cogni-cash/internal/domain/service/payslip_service.go:87.36,89.4 1 0
cogni-cash/internal/domain/service/payslip_service.go:90.3,90.32 1 0
cogni-cash/internal/domain/service/payslip_service.go:90.32,92.4 1 0
cogni-cash/internal/domain/service/payslip_service.go:93.3,93.35 1 0
cogni-cash/internal/domain/service/payslip_service.go:93.35,95.4 1 0
cogni-cash/internal/domain/service/payslip_service.go:96.3,96.31 1 0
cogni-cash/internal/domain/service/payslip_service.go:96.31,98.4 1 0
cogni-cash/internal/domain/service/payslip_service.go:99.3,99.28 1 0
cogni-cash/internal/domain/service/payslip_service.go:99.28,101.4 1 0
cogni-cash/internal/domain/service/payslip_service.go:102.3,102.30 1 0
cogni-cash/internal/domain/service/payslip_service.go:102.30,104.4 1 0
cogni-cash/internal/domain/service/payslip_service.go:105.3,105.28 1 0
cogni-cash/internal/domain/service/payslip_service.go:105.28,107.4 1 0
cogni-cash/internal/domain/service/payslip_service.go:108.3,108.34 1 0
cogni-cash/internal/domain/service/payslip_service.go:108.34,110.4 1 0
cogni-cash/internal/domain/service/payslip_service.go:111.3,111.38 1 0
cogni-cash/internal/domain/service/payslip_service.go:111.38,113.4 1 0
cogni-cash/internal/domain/service/payslip_service.go:114.3,114.33 1 0
cogni-cash/internal/domain/service/payslip_service.go:114.33,116.4 1 0
cogni-cash/internal/domain/service/payslip_service.go:119.2,124.51 5 0
cogni-cash/internal/domain/service/payslip_service.go:124.51,126.3 1 0
cogni-cash/internal/domain/service/payslip_service.go:128.2,129.22 2 0
cogni-cash/internal/domain/service/payslip_service.go:132.109,134.2 1 0
cogni-cash/internal/domain/service/payslip_service.go:136.108,138.2 1 0
cogni-cash/internal/domain/service/payslip_service.go:140.85,142.42 2 0
cogni-cash/internal/domain/service/payslip_service.go:142.42,148.17 5 0
cogni-cash/internal/domain/service/payslip_service.go:148.17,150.4 1 0
cogni-cash/internal/domain/service/payslip_service.go:151.3,151.13 1 0
cogni-cash/internal/domain/service/payslip_service.go:151.13,153.4 1 0
cogni-cash/internal/domain/service/payslip_service.go:156.2,156.36 1 0
cogni-cash/internal/domain/service/payslip_service.go:159.89,162.2 2 0
cogni-cash/internal/domain/service/payslip_service.go:164.124,166.2 1 0
cogni-cash/internal/domain/service/payslip_service.go:168.107,170.2 1 0
cogni-cash/internal/domain/service/payslip_service.go:186.163,188.16 2 0
cogni-cash/internal/domain/service/payslip_service.go:188.16,189.25 1 0
cogni-cash/internal/domain/service/payslip_service.go:189.25,191.4 1 0
cogni-cash/internal/domain/service/payslip_service.go:192.3,192.74 1 0
cogni-cash/internal/domain/service/payslip_service.go:195.2,196.55 2 0
cogni-cash/internal/domain/service/payslip_service.go:196.55,198.3 1 0
cogni-cash/internal/domain/service/payslip_service.go:200.2,204.32 3 0
cogni-cash/internal/domain/service/payslip_service.go:204.32,205.10 1 0
cogni-cash/internal/domain/service/payslip_service.go:206.21,207.45 1 0
cogni-cash/internal/domain/service/payslip_service.go:208.11,208.11 0 0
cogni-cash/internal/domain/service/payslip_service.go:211.3,211.35 1 0
cogni-cash/internal/domain/service/payslip_service.go:211.35,213.12 2 0
cogni-cash/internal/domain/service/payslip_service.go:216.3,217.22 2 0
cogni-cash/internal/domain/service/payslip_service.go:217.22,219.12 2 0
cogni-cash/internal/domain/service/payslip_service.go:221.3,221.13 1 0
cogni-cash/internal/domain/service/payslip_service.go:221.13,224.12 3 0
cogni-cash/internal/domain/service/payslip_service.go:227.3,232.21 4 0
cogni-cash/internal/domain/service/payslip_service.go:232.21,235.4 2 0
cogni-cash/internal/domain/service/payslip_service.go:235.9,239.4 3 0
cogni-cash/internal/domain/service/payslip_service.go:241.3,242.22 2 0
cogni-cash/internal/domain/service/payslip_service.go:242.22,244.12 2 0
cogni-cash/internal/domain/service/payslip_service.go:246.3,246.17 1 0
cogni-cash/internal/domain/service/payslip_service.go:246.17,248.12 2 0
cogni-cash/internal/domain/service/payslip_service.go:251.3,266.36 2 0
cogni-cash/internal/domain/service/payslip_service.go:266.36,268.4 1 0
cogni-cash/internal/domain/service/payslip_service.go:270.3,270.60 1 0
cogni-cash/internal/domain/service/payslip_service.go:270.60,272.12 2 0
cogni-cash/internal/domain/service/payslip_service.go:275.3,284.25 3 0
cogni-cash/internal/domain/service/payslip_service.go:284.25,285.86 1 0
cogni-cash/internal/domain/service/payslip_service.go:285.86,288.5 1 0
cogni-cash/internal/domain/service/payslip_service.go:288.10,288.31 1 0
cogni-cash/internal/domain/service/payslip_service.go:288.31,290.5 1 0
cogni-cash/internal/domain/service/payslip_service.go:294.2,298.37 2 0
cogni-cash/internal/domain/service/planned_transaction_service.go:19.106,21.2 1 0
cogni-cash/internal/domain/service/planned_transaction_service.go:23.102,24.23 1 0
cogni-cash/internal/domain/service/planned_transaction_service.go:24.23,26.3 1 0
cogni-cash/internal/domain/service/planned_transaction_service.go:27.2,27.27 1 0
cogni-cash/internal/domain/service/planned_transaction_service.go:27.27,29.3 1 0
cogni-cash/internal/domain/service/planned_transaction_service.go:30.2,30.20 1 0
cogni-cash/internal/domain/service/planned_transaction_service.go:30.20,32.3 1 0
cogni-cash/internal/domain/service/planned_transaction_service.go:33.2,33.26 1 0
cogni-cash/internal/domain/service/planned_transaction_service.go:33.26,35.3 1 0
cogni-cash/internal/domain/service/planned_transaction_service.go:36.2,39.31 3 0
cogni-cash/internal/domain/service/planned_transaction_service.go:42.102,44.16 2 0
cogni-cash/internal/domain/service/planned_transaction_service.go:44.16,46.3 1 0
cogni-cash/internal/domain/service/planned_transaction_service.go:49.2,51.31 2 0
cogni-cash/internal/domain/service/planned_transaction_service.go:54.103,56.2 1 0
cogni-cash/internal/domain/service/planned_transaction_service.go:58.126,60.2 1 0
cogni-cash/internal/domain/service/planned_transaction_service.go:62.127,64.16 2 0
cogni-cash/internal/domain/service/planned_transaction_service.go:64.16,66.3 1 0
cogni-cash/internal/domain/service/planned_transaction_service.go:67.2,67.23 1 0
cogni-cash/internal/domain/service/planned_transaction_service.go:67.23,69.3 1 0
cogni-cash/internal/domain/service/planned_transaction_service.go:71.2,71.26 1 0
cogni-cash/internal/domain/service/planned_transaction_service.go:71.26,72.26 1 0
cogni-cash/internal/domain/service/planned_transaction_service.go:72.26,74.59 2 0
cogni-cash/internal/domain/service/planned_transaction_service.go:74.59,75.13 1 0
cogni-cash/internal/domain/service/planned_transaction_service.go:79.4,81.24 3 0
cogni-cash/internal/domain/service/planned_transaction_service.go:81.24,82.13 1 0
cogni-cash/internal/domain/service/planned_transaction_service.go:86.4,87.20 2 0
cogni-cash/internal/domain/service/planned_transaction_service.go:87.20,89.5 1 0
cogni-cash/internal/domain/service/planned_transaction_service.go:90.4,90.33 1 0
cogni-cash/internal/domain/service/planned_transaction_service.go:90.33,91.13 1 0
cogni-cash/internal/domain/service/planned_transaction_service.go:95.4,97.49 3 0
cogni-cash/internal/domain/service/planned_transaction_service.go:97.49,99.5 1 0
cogni-cash/internal/domain/service/planned_transaction_service.go:102.4,102.29 1 0
cogni-cash/internal/domain/service/planned_transaction_service.go:102.29,106.58 2 0
cogni-cash/internal/domain/service/planned_transaction_service.go:106.58,119.55 2 0
cogni-cash/internal/domain/service/planned_transaction_service.go:119.55,121.7 1 0
cogni-cash/internal/domain/service/planned_transaction_service.go:126.4,126.9 1 0
cogni-cash/internal/domain/service/planned_transaction_service.go:129.2,129.12 1 0
cogni-cash/internal/domain/service/reconciliation_service.go:26.151,27.19 1 0
cogni-cash/internal/domain/service/reconciliation_service.go:27.19,29.3 1 0
cogni-cash/internal/domain/service/reconciliation_service.go:30.2,34.3 1 0
cogni-cash/internal/domain/service/reconciliation_service.go:42.34,43.33 1 0
cogni-cash/internal/domain/service/reconciliation_service.go:43.33,45.3 1 0
cogni-cash/internal/domain/service/reconciliation_service.go:47.2,49.16 3 0
cogni-cash/internal/domain/service/reconciliation_service.go:49.16,51.3 1 0
cogni-cash/internal/domain/service/reconciliation_service.go:53.2,54.22 2 0
cogni-cash/internal/domain/service/reconciliation_service.go:54.22,55.46 1 0
cogni-cash/internal/domain/service/reconciliation_service.go:55.46,57.4 1 0
cogni-cash/internal/domain/service/reconciliation_service.go:58.3,58.42 1 0
cogni-cash/internal/domain/service/reconciliation_service.go:58.42,60.4 1 0
cogni-cash/internal/domain/service/reconciliation_service.go:63.2,63.25 1 0
cogni-cash/internal/domain/service/reconciliation_service.go:63.25,65.3 1 0
cogni-cash/internal/domain/service/reconciliation_service.go:66.2,66.21 1 0
cogni-cash/internal/domain/service/reconciliation_service.go:66.21,68.3 1 0
cogni-cash/internal/domain/service/reconciliation_service.go:71.2,71.130 1 0
cogni-cash/internal/domain/service/reconciliation_service.go:71.130,73.3 1 0
cogni-cash/internal/domain/service/reconciliation_service.go:74.2,74.138 1 0
cogni-cash/internal/domain/service/reconciliation_service.go:74.138,76.3 1 0
cogni-cash/internal/domain/service/reconciliation_service.go:78.2,88.16 3 0
cogni-cash/internal/domain/service/reconciliation_service.go:88.16,90.3 1 0
cogni-cash/internal/domain/service/reconciliation_service.go:92.2,98.19 2 0
cogni-cash/internal/domain/service/reconciliation_service.go:101.163,102.26 1 0
cogni-cash/internal/domain/service/reconciliation_service.go:102.26,104.3 1 0
cogni-cash/internal/domain/service/reconciliation_service.go:106.2,111.16 3 0
cogni-cash/internal/domain/service/reconciliation_service.go:111.16,113.3 1 0
cogni-cash/internal/domain/service/reconciliation_service.go:115.2,120.29 5 0
cogni-cash/internal/domain/service/reconciliation_service.go:120.29,121.20 1 0
cogni-cash/internal/domain/service/reconciliation_service.go:121.20,123.4 1 0
cogni-cash/internal/domain/service/reconciliation_service.go:123.9,123.27 1 0
cogni-cash/internal/domain/service/reconciliation_service.go:123.27,125.4 1 0
cogni-cash/internal/domain/service/reconciliation_service.go:128.2,128.31 1 0
cogni-cash/internal/domain/service/reconciliation_service.go:128.31,129.36 1 0
cogni-cash/internal/domain/service/reconciliation_service.go:129.36,130.12 1 0
cogni-cash/internal/domain/service/reconciliation_service.go:133.3,133.34 1 0
cogni-cash/internal/domain/service/reconciliation_service.go:133.34,134.38 1 0
cogni-cash/internal/domain/service/reconciliation_service.go:134.38,135.13 1 0
cogni-cash/internal/domain/service/reconciliation_service.go:139.4,139.114 1 0
cogni-cash/internal/domain/service/reconciliation_service.go:139.114,140.13 1 0
cogni-cash/internal/domain/service/reconciliation_service.go:142.4,142.122 1 0
cogni-cash/internal/domain/service/reconciliation_service.go:142.122,143.13 1 0
cogni-cash/internal/domain/service/reconciliation_service.go:148.4,148.52 1 0
cogni-cash/internal/domain/service/reconciliation_service.go:148.52,149.13 1 0
cogni-cash/internal/domain/service/reconciliation_service.go:152.4,152.51 1 0
cogni-cash/internal/domain/service/reconciliation_service.go:152.51,155.49 2 0
cogni-cash/internal/domain/service/reconciliation_service.go:155.49,164.11 4 0
cogni-cash/internal/domain/service/reconciliation_service.go:170.2,170.25 1 0
cogni-cash/internal/domain/service/reconciliation_service.go:173.113,174.33 1 0
cogni-cash/internal/domain/service/reconciliation_service.go:174.33,176.3 1 0
cogni-cash/internal/domain/service/reconciliation_service.go:178.2,179.16 2 0
cogni-cash/internal/domain/service/reconciliation_service.go:179.16,181.3 1 0
cogni-cash/internal/domain/service/reconciliation_service.go:183.2,184.12 2 0
cogni-cash/internal/domain/service/settings_service.go:17.93,18.19 1 0
cogni-cash/internal/domain/service/settings_service.go:18.19,20.3 1 0
cogni-cash/internal/domain/service/settings_service.go:21.2,24.3 1 0
cogni-cash/internal/domain/service/settings_service.go:27.100,29.2 1 0
cogni-cash/internal/domain/service/settings_service.go:31.98,33.2 1 0
cogni-cash/internal/domain/service/settings_service.go:35.115,36.35 1 0
cogni-cash/internal/domain/service/settings_service.go:36.35,38.61 2 0
cogni-cash/internal/domain/service/settings_service.go:38.61,41.4 2 0
cogni-cash/internal/domain/service/settings_service.go:43.2,43.12 1 0
cogni-cash/internal/domain/service/sharing_service.go:30.19,31.19 1 0
cogni-cash/internal/domain/service/sharing_service.go:31.19,33.3 1 0
cogni-cash/internal/domain/service/sharing_service.go:34.2,41.3 1 0
cogni-cash/internal/domain/service/sharing_service.go:44.111,49.16 3 0
cogni-cash/internal/domain/service/sharing_service.go:49.16,51.3 1 0
cogni-cash/internal/domain/service/sharing_service.go:53.2,54.25 2 0
cogni-cash/internal/domain/service/sharing_service.go:54.25,55.39 1 0
cogni-cash/internal/domain/service/sharing_service.go:55.39,57.26 2 0
cogni-cash/internal/domain/service/sharing_service.go:57.26,59.5 1 0
cogni-cash/internal/domain/service/sharing_service.go:61.4,64.6 1 0
cogni-cash/internal/domain/service/sharing_service.go:69.2,73.16 2 0
cogni-cash/internal/domain/service/sharing_service.go:73.16,75.3 1 0
cogni-cash/internal/domain/service/sharing_service.go:77.2,78.31 2 0
cogni-cash/internal/domain/service/sharing_service.go:78.31,80.28 2 0
cogni-cash/internal/domain/service/sharing_service.go:80.28,81.34 1 0
cogni-cash/internal/domain/service/sharing_service.go:81.34,82.42 1 0
cogni-cash/internal/domain/service/sharing_service.go:82.42,84.11 2 0
cogni-cash/internal/domain/service/sharing_service.go:92.3,92.69 1 0
cogni-cash/internal/domain/service/sharing_service.go:92.69,94.4 1 0
cogni-cash/internal/domain/service/sharing_service.go:98.2,99.25 2 0
cogni-cash/internal/domain/service/sharing_service.go:99.25,100.40 1 0
cogni-cash/internal/domain/service/sharing_service.go:100.40,101.12 1 0
cogni-cash/internal/domain/service/sharing_service.go:105.3,111.17 3 0
cogni-cash/internal/domain/service/sharing_service.go:111.17,113.12 2 0
cogni-cash/internal/domain/service/sharing_service.go:116.3,116.21 1 0
cogni-cash/internal/domain/service/sharing_service.go:116.21,117.12 1 0
cogni-cash/internal/domain/service/sharing_service.go:120.3,127.27 3 0
cogni-cash/internal/domain/service/sharing_service.go:127.27,130.4 2 0
cogni-cash/internal/domain/service/sharing_service.go:132.3,132.41 1 0
cogni-cash/internal/domain/service/sharing_service.go:132.41,134.62 2 0
cogni-cash/internal/domain/service/sharing_service.go:134.62,136.5 1 0
cogni-cash/internal/domain/service/sharing_service.go:137.4,141.6 1 0
cogni-cash/internal/domain/service/sharing_service.go:143.3,143.39 1 0
cogni-cash/internal/domain/service/sharing_service.go:146.2,150.8 1 0
cogni-cash/internal/domain/service/transaction_service.go:29.208,30.19 1 0
cogni-cash/internal/domain/service/transaction_service.go:30.19,32.3 1 0
cogni-cash/internal/domain/service/transaction_service.go:33.2,40.3 1 0
cogni-cash/internal/domain/service/transaction_service.go:43.131,45.2 1 0
cogni-cash/internal/domain/service/transaction_service.go:47.126,49.2 1 0
cogni-cash/internal/domain/service/transaction_service.go:51.103,53.2 1 0
cogni-cash/internal/domain/service/transaction_service.go:55.121,57.2 1 0
cogni-cash/internal/domain/service/transaction_service.go:59.145,60.19 1 0
cogni-cash/internal/domain/service/transaction_service.go:60.19,62.3 1 0
cogni-cash/internal/domain/service/transaction_service.go:64.2,65.16 2 0
cogni-cash/internal/domain/service/transaction_service.go:65.16,67.3 1 0
cogni-cash/internal/domain/service/transaction_service.go:69.2,70.27 2 0
cogni-cash/internal/domain/service/transaction_service.go:70.27,72.3 1 0
cogni-cash/internal/domain/service/transaction_service.go:73.2,75.25 3 0
cogni-cash/internal/domain/service/transaction_service.go:75.25,79.3 3 0
cogni-cash/internal/domain/service/transaction_service.go:81.2,87.20 2 0
cogni-cash/internal/domain/service/transaction_service.go:87.20,89.3 1 0
cogni-cash/internal/domain/service/transaction_service.go:91.2,97.26 5 0
cogni-cash/internal/domain/service/transaction_service.go:97.26,100.58 1 0
cogni-cash/internal/domain/service/transaction_service.go:100.58,101.12 1 0
cogni-cash/internal/domain/service/transaction_service.go:104.3,105.43 2 0
cogni-cash/internal/domain/service/transaction_service.go:105.43,110.4 1 0
cogni-cash/internal/domain/service/transaction_service.go:112.3,113.27 2 0
cogni-cash/internal/domain/service/transaction_service.go:113.27,115.4 1 0
cogni-cash/internal/domain/service/transaction_service.go:117.3,117.21 1 0
cogni-cash/internal/domain/service/transaction_service.go:117.21,120.4 2 0
cogni-cash/internal/domain/service/transaction_service.go:120.9,124.4 3 0
cogni-cash/internal/domain/service/transaction_service.go:127.3,131.21 4 0
cogni-cash/internal/domain/service/transaction_service.go:131.21,133.4 1 0
cogni-cash/internal/domain/service/transaction_service.go:134.3,134.21 1 0
cogni-cash/internal/domain/service/transaction_service.go:134.21,136.4 1 0
cogni-cash/internal/domain/service/transaction_service.go:136.9,136.32 1 0
cogni-cash/internal/domain/service/transaction_service.go:136.32,138.4 1 0
cogni-cash/internal/domain/service/transaction_service.go:139.3,139.40 1 0
cogni-cash/internal/domain/service/transaction_service.go:142.2,145.39 2 0
cogni-cash/internal/domain/service/transaction_service.go:145.39,148.28 3 0
cogni-cash/internal/domain/service/transaction_service.go:148.28,151.4 2 0
cogni-cash/internal/domain/service/transaction_service.go:154.3,154.20 1 0
cogni-cash/internal/domain/service/transaction_service.go:154.20,162.4 1 0
cogni-cash/internal/domain/service/transaction_service.go:162.9,162.27 1 0
cogni-cash/internal/domain/service/transaction_service.go:162.27,170.4 1 0
cogni-cash/internal/domain/service/transaction_service.go:173.2,173.56 1 0
cogni-cash/internal/domain/service/transaction_service.go:173.56,175.3 1 0
cogni-cash/internal/domain/service/transaction_service.go:177.2,177.35 1 0
cogni-cash/internal/domain/service/transaction_service.go:177.35,179.3 1 0
cogni-cash/internal/domain/service/transaction_service.go:181.2,181.52 1 0
cogni-cash/internal/domain/service/transaction_service.go:181.52,183.3 1 0
cogni-cash/internal/domain/service/transaction_service.go:185.2,185.50 1 0
cogni-cash/internal/domain/service/transaction_service.go:185.50,187.20 1 0
cogni-cash/internal/domain/service/transaction_service.go:187.20,192.4 1 0
cogni-cash/internal/domain/service/transaction_service.go:195.2,195.54 1 0
cogni-cash/internal/domain/service/transaction_service.go:195.54,197.3 1 0
cogni-cash/internal/domain/service/transaction_service.go:198.2,198.34 1 0
cogni-cash/internal/domain/service/transaction_service.go:198.34,200.3 1 0
cogni-cash/internal/domain/service/transaction_service.go:202.2,202.20 1 0
cogni-cash/internal/domain/service/transaction_service.go:205.115,206.18 1 0
cogni-cash/internal/domain/service/transaction_service.go:206.18,208.3 1 0
cogni-cash/internal/domain/service/transaction_service.go:210.2,211.16 2 0
cogni-cash/internal/domain/service/transaction_service.go:211.16,213.3 1 0
cogni-cash/internal/domain/service/transaction_service.go:215.2,216.29 2 0
cogni-cash/internal/domain/service/transaction_service.go:216.29,217.27 1 0
cogni-cash/internal/domain/service/transaction_service.go:217.27,227.4 1 0
cogni-cash/internal/domain/service/transaction_service.go:230.2,230.28 1 0
cogni-cash/internal/domain/service/transaction_service.go:230.28,232.3 1 0
cogni-cash/internal/domain/service/transaction_service.go:234.2,235.16 2 0
cogni-cash/internal/domain/service/transaction_service.go:235.16,237.3 1 0
cogni-cash/internal/domain/service/transaction_service.go:240.2,241.27 2 0
cogni-cash/internal/domain/service/transaction_service.go:241.27,242.120 1 0
cogni-cash/internal/domain/service/transaction_service.go:242.120,244.4 1 0
cogni-cash/internal/domain/service/transaction_service.go:247.2,248.16 2 0
cogni-cash/internal/domain/service/transaction_service.go:248.16,250.3 1 0
cogni-cash/internal/domain/service/transaction_service.go:252.2,254.74 2 0
cogni-cash/internal/domain/service/transaction_service.go:254.74,257.3 2 0
cogni-cash/internal/domain/service/transaction_service.go:259.2,261.12 2 0
cogni-cash/internal/domain/service/transaction_service.go:264.210,266.15 2 0
cogni-cash/internal/domain/service/transaction_service.go:266.15,267.50 1 0
cogni-cash/internal/domain/service/transaction_service.go:267.50,269.4 1 0
cogni-cash/internal/domain/service/transaction_service.go:272.2,273.31 2 0
cogni-cash/internal/domain/service/transaction_service.go:273.31,275.3 1 0
cogni-cash/internal/domain/service/transaction_service.go:277.2,277.20 1 0
cogni-cash/internal/domain/service/transaction_service.go:277.20,279.3 1 0
cogni-cash/internal/domain/service/transaction_service.go:281.2,281.44 1 0
cogni-cash/internal/domain/service/transaction_service.go:281.44,282.10 1 0
cogni-cash/internal/domain/service/transaction_service.go:283.21,285.10 2 0
cogni-cash/internal/domain/service/transaction_service.go:286.11,286.11 0 0
cogni-cash/internal/domain/service/transaction_service.go:289.3,290.22 2 0
cogni-cash/internal/domain/service/transaction_service.go:290.22,292.4 1 0
cogni-cash/internal/domain/service/transaction_service.go:293.3,299.28 4 0
cogni-cash/internal/domain/service/transaction_service.go:299.28,300.102 1 0
cogni-cash/internal/domain/service/transaction_service.go:300.102,302.93 1 0
cogni-cash/internal/domain/service/transaction_service.go:302.93,305.35 2 0
cogni-cash/internal/domain/service/transaction_service.go:305.35,306.29 1 0
cogni-cash/internal/domain/service/transaction_service.go:306.29,308.13 2 0
cogni-cash/internal/domain/service/transaction_service.go:311.6,315.14 2 0
cogni-cash/internal/domain/service/transaction_service.go:318.4,318.55 1 0
cogni-cash/internal/domain/service/transaction_service.go:322.3,322.34 1 0
cogni-cash/internal/domain/service/transaction_service.go:322.34,324.18 2 0
cogni-cash/internal/domain/service/transaction_service.go:324.18,325.25 1 0
cogni-cash/internal/domain/service/transaction_service.go:325.25,327.6 1 0
cogni-cash/internal/domain/service/transaction_service.go:327.11,331.14 3 0
cogni-cash/internal/domain/service/transaction_service.go:333.5,333.11 1 0
cogni-cash/internal/domain/service/transaction_service.go:336.4,336.32 1 0
cogni-cash/internal/domain/service/transaction_service.go:336.32,338.41 2 0
cogni-cash/internal/domain/service/transaction_service.go:338.41,339.39 1 0
cogni-cash/internal/domain/service/transaction_service.go:339.39,341.12 2 0
cogni-cash/internal/domain/service/transaction_service.go:345.5,345.31 1 0
cogni-cash/internal/domain/service/transaction_service.go:345.31,346.101 1 0
cogni-cash/internal/domain/service/transaction_service.go:346.101,348.7 1 0
cogni-cash/internal/domain/service/transaction_service.go:348.12,350.7 1 0
cogni-cash/internal/domain/service/transaction_service.go:355.3,355.57 1 0
cogni-cash/internal/domain/service/transaction_service.go:359.59,361.2 1 0
cogni-cash/internal/domain/service/transaction_service.go:363.42,365.2 1 0
cogni-cash/internal/domain/service/user_service.go:20.81,21.19 1 0
cogni-cash/internal/domain/service/user_service.go:21.19,23.3 1 0
cogni-cash/internal/domain/service/user_service.go:24.2,27.3 1 0
cogni-cash/internal/domain/service/user_service.go:30.92,32.2 1 0
cogni-cash/internal/domain/service/user_service.go:34.87,36.16 2 0
cogni-cash/internal/domain/service/user_service.go:36.16,38.3 1 0
cogni-cash/internal/domain/service/user_service.go:39.2,39.33 1 0
cogni-cash/internal/domain/service/user_service.go:42.115,43.25 1 0
cogni-cash/internal/domain/service/user_service.go:43.25,45.3 1 0
cogni-cash/internal/domain/service/user_service.go:47.2,48.16 2 0
cogni-cash/internal/domain/service/user_service.go:48.16,50.3 1 0
cogni-cash/internal/domain/service/user_service.go:52.2,56.20 3 0
cogni-cash/internal/domain/service/user_service.go:56.20,58.3 1 0
cogni-cash/internal/domain/service/user_service.go:60.2,60.48 1 0
cogni-cash/internal/domain/service/user_service.go:60.48,62.3 1 0
cogni-cash/internal/domain/service/user_service.go:64.2,65.17 2 0
cogni-cash/internal/domain/service/user_service.go:69.111,71.16 2 0
cogni-cash/internal/domain/service/user_service.go:71.16,73.3 1 0
cogni-cash/internal/domain/service/user_service.go:75.2,76.16 2 0
cogni-cash/internal/domain/service/user_service.go:76.16,78.3 1 0
cogni-cash/internal/domain/service/user_service.go:81.2,87.57 6 0
cogni-cash/internal/domain/service/user_service.go:87.57,89.3 1 0
cogni-cash/internal/domain/service/user_service.go:91.2,92.26 2 0
cogni-cash/internal/domain/service/user_service.go:95.75,97.16 2 0
cogni-cash/internal/domain/service/user_service.go:97.16,99.3 1 0
cogni-cash/internal/domain/service/user_service.go:100.2,101.31 2 0
